#
# There is insufficient memory for the Java Runtime Environment to continue.
# Native memory allocation (mmap) failed to map 333447168 bytes for Failed to commit area from 0x0000000091900000 to 0x00000000a5700000 of length 333447168.
# Possible reasons:
#   The system is out of physical RAM or swap space
#   The process is running with CompressedOops enabled, and the Java Heap may be blocking the growth of the native heap
# Possible solutions:
#   Reduce memory load on the system
#   Increase physical memory or swap space
#   Check if swap backing store is full
#   Decrease Java heap size (-Xmx/-Xms)
#   Decrease number of Java threads
#   Decrease Java thread stack sizes (-Xss)
#   Set larger code cache with -XX:ReservedCodeCacheSize=
#   JVM is running with Unscaled Compressed Oops mode in which the Java heap is
#     placed in the first 4GB address space. The Java Heap base address is the
#     maximum limit for the native heap growth. Please use -XX:HeapBaseMinAddress
#     to set the Java Heap base and to place the Java Heap above 4GB virtual address.
# This output file may be truncated or incomplete.
#
#  Out of Memory Error (./src/hotspot/os/windows/os_windows.cpp:3301), pid=5668, tid=2592
#
# JRE version: OpenJDK Runtime Environment (11.0.11+9) (build 11.0.11+9-b60-7590822)
# Java VM: OpenJDK 64-Bit Server VM (11.0.11+9-b60-7590822, mixed mode, tiered, compressed oops, g1 gc, windows-amd64)
# No core dump will be written. Minidumps are not enabled by default on client versions of Windows
#

---------------  S U M M A R Y ------------

Command Line: --add-opens=java.base/java.util=ALL-UNNAMED --add-opens=java.base/java.lang=ALL-UNNAMED --add-opens=java.base/java.lang.invoke=ALL-UNNAMED --add-opens=java.base/java.util=ALL-UNNAMED --add-opens=java.prefs/java.util.prefs=ALL-UNNAMED --add-opens=java.prefs/java.util.prefs=ALL-UNNAMED --add-opens=java.base/java.nio.charset=ALL-UNNAMED --add-opens=java.base/java.net=ALL-UNNAMED --add-opens=java.base/java.util.concurrent.atomic=ALL-UNNAMED -Xmx2048m -Dfile.encoding=UTF-8 -Duser.country=US -Duser.language=en -Duser.variant org.gradle.launcher.daemon.bootstrap.GradleDaemon 7.0.2

Host: AMD Ryzen 7 5800H with Radeon Graphics         , 8 cores, 7G,  Windows 10 , 64 bit Build 19041 (10.0.19041.1566)
Time: Wed Mar 30 03:26:40 2022 Pacific Daylight Time elapsed time: 20.155982 seconds (0d 0h 0m 20s)

---------------  T H R E A D  ---------------

Current thread (0x000002c2d3c01000):  VMThread "VM Thread" [stack: 0x000000e262c00000,0x000000e262d00000] [id=2592]

Stack: [0x000000e262c00000,0x000000e262d00000]
[error occurred during error reporting (printing stack bounds), id 0xc0000005, EXCEPTION_ACCESS_VIOLATION (0xc0000005) at pc=0x000002c2bcab0f2d]

Native frames: (J=compiled Java code, j=interpreted, Vv=VM code, C=native code)
V  [jvm.dll+0x5f214a]
V  [jvm.dll+0x726fb5]
V  [jvm.dll+0x7285cd]
V  [jvm.dll+0x728be5]
V  [jvm.dll+0x728b9b]
V  [jvm.dll+0x5f14e8]
V  [jvm.dll+0x5f1c78]
C  [ntdll.dll+0xa20cf]
C  [ntdll.dll+0x51454]
C  [ntdll.dll+0xa0bfe]
C  0x000002c2bcab0f2d

VM_Operation (0x000000e2660f84e0): G1CollectForAllocation, mode: safepoint, requested by thread 0x000002c2d7acb800


---------------  P R O C E S S  ---------------

Threads class SMR info:
_java_thread_list=0x000002c2db5445b0, length=67, elements={
0x000002c2b77dd800, 0x000002c2d3c03000, 0x000002c2d3c08800, 0x000002c2d4593800,
0x000002c2d4594800, 0x000002c2d4597000, 0x000002c2d459a000, 0x000002c2d459d000,
0x000002c2d3c25800, 0x000002c2d46ed800, 0x000002c2d60c1800, 0x000002c2d5d0a000,
0x000002c2d5c3d000, 0x000002c2d5a72000, 0x000002c2d59c8800, 0x000002c2d72e4000,
0x000002c2d5743000, 0x000002c2d633a800, 0x000002c2d6009000, 0x000002c2d5462000,
0x000002c2d5463000, 0x000002c2d545e000, 0x000002c2d5461800, 0x000002c2d5460000,
0x000002c2d545d800, 0x000002c2d5464000, 0x000002c2d545f000, 0x000002c2d5460800,
0x000002c2d7ac1800, 0x000002c2d7ac0800, 0x000002c2d7ac2800, 0x000002c2d7ac0000,
0x000002c2d7ac3000, 0x000002c2d7ac5000, 0x000002c2d7ac5800, 0x000002c2d7ac9000,
0x000002c2d7ac9800, 0x000002c2d7ac6800, 0x000002c2d7ac7800, 0x000002c2d7ac8000,
0x000002c2d7ac4000, 0x000002c2d7aca800, 0x000002c2d7acb800, 0x000002c2d7acc000,
0x000002c2d9cb1000, 0x000002c2d9cb1800, 0x000002c2d9cb2800, 0x000002c2d9cb3000,
0x000002c2d9cb4000, 0x000002c2d9cb5000, 0x000002c2d9caf000, 0x000002c2d9cb5800,
0x000002c2d9cb0000, 0x000002c2d9cbc000, 0x000002c2d9cbb800, 0x000002c2d9cb8000,
0x000002c2d9cb9000, 0x000002c2d9cbd000, 0x000002c2d9cb7800, 0x000002c2d9cbe000,
0x000002c2d9cba000, 0x000002c2d9cba800, 0x000002c2dda88000, 0x000002c2d9beb000,
0x000002c2dda85000, 0x000002c2dda8a000, 0x000002c2dda89000
}

Java Threads: ( => current thread )
  0x000002c2b77dd800 JavaThread "main" [_thread_blocked, id=12332, stack(0x000000e262600000,0x000000e262700000)]
  0x000002c2d3c03000 JavaThread "Reference Handler" daemon [_thread_blocked, id=15220, stack(0x000000e262d00000,0x000000e262e00000)]
  0x000002c2d3c08800 JavaThread "Finalizer" daemon [_thread_blocked, id=6880, stack(0x000000e262e00000,0x000000e262f00000)]
  0x000002c2d4593800 JavaThread "Signal Dispatcher" daemon [_thread_blocked, id=12108, stack(0x000000e262f00000,0x000000e263000000)]
  0x000002c2d4594800 JavaThread "Attach Listener" daemon [_thread_blocked, id=3272, stack(0x000000e263000000,0x000000e263100000)]
  0x000002c2d4597000 JavaThread "Service Thread" daemon [_thread_blocked, id=7964, stack(0x000000e263100000,0x000000e263200000)]
  0x000002c2d459a000 JavaThread "C2 CompilerThread0" daemon [_thread_blocked, id=11692, stack(0x000000e263200000,0x000000e263300000)]
  0x000002c2d459d000 JavaThread "C1 CompilerThread0" daemon [_thread_blocked, id=4824, stack(0x000000e263300000,0x000000e263400000)]
  0x000002c2d3c25800 JavaThread "Sweeper thread" daemon [_thread_blocked, id=8580, stack(0x000000e263400000,0x000000e263500000)]
  0x000002c2d46ed800 JavaThread "Common-Cleaner" daemon [_thread_blocked, id=13840, stack(0x000000e263500000,0x000000e263600000)]
  0x000002c2d60c1800 JavaThread "Daemon health stats" [_thread_blocked, id=11536, stack(0x000000e263a00000,0x000000e263b00000)]
  0x000002c2d5d0a000 JavaThread "Incoming local TCP Connector on port 58883" [_thread_in_native, id=6136, stack(0x000000e263b00000,0x000000e263c00000)]
  0x000002c2d5c3d000 JavaThread "Daemon periodic checks" [_thread_blocked, id=11984, stack(0x000000e263c00000,0x000000e263d00000)]
  0x000002c2d5a72000 JavaThread "Daemon" [_thread_blocked, id=6912, stack(0x000000e263d00000,0x000000e263e00000)]
  0x000002c2d59c8800 JavaThread "Handler for socket connection from /127.0.0.1:58883 to /127.0.0.1:58884" [_thread_in_native, id=11516, stack(0x000000e263e00000,0x000000e263f00000)]
  0x000002c2d72e4000 JavaThread "Cancel handler" [_thread_blocked, id=14732, stack(0x000000e263f00000,0x000000e264000000)]
  0x000002c2d5743000 JavaThread "Daemon worker" [_thread_blocked, id=16012, stack(0x000000e264000000,0x000000e264100000)]
  0x000002c2d633a800 JavaThread "Asynchronous log dispatcher for DefaultDaemonConnection: socket connection from /127.0.0.1:58883 to /127.0.0.1:58884" [_thread_blocked, id=8660, stack(0x000000e264100000,0x000000e264200000)]
  0x000002c2d6009000 JavaThread "Stdin handler" [_thread_blocked, id=14772, stack(0x000000e264200000,0x000000e264300000)]
  0x000002c2d5462000 JavaThread "Daemon client event forwarder" [_thread_blocked, id=15528, stack(0x000000e264300000,0x000000e264400000)]
  0x000002c2d5463000 JavaThread "Cache worker for file hash cache (C:\Users\Hello World\.gradle\caches\7.0.2\fileHashes)" [_thread_blocked, id=14428, stack(0x000000e263700000,0x000000e263800000)]
  0x000002c2d545e000 JavaThread "File lock request listener" [_thread_in_native, id=3452, stack(0x000000e264900000,0x000000e264a00000)]
  0x000002c2d5461800 JavaThread "Cache worker for journal cache (C:\Users\Hello World\.gradle\caches\journal-1)" [_thread_blocked, id=10084, stack(0x000000e264b00000,0x000000e264c00000)]
  0x000002c2d5460000 JavaThread "Cache worker for file hash cache (C:\Users\Hello World\Downloads\New folder\AndroidLibrary\.gradle\7.0.2\fileHashes)" [_thread_blocked, id=6844, stack(0x000000e264d00000,0x000000e264e00000)]
  0x000002c2d545d800 JavaThread "File watcher server" daemon [_thread_blocked, id=11672, stack(0x000000e264e00000,0x000000e264f00000)]
  0x000002c2d5464000 JavaThread "File watcher consumer" daemon [_thread_blocked, id=14408, stack(0x000000e264f00000,0x000000e265000000)]
  0x000002c2d545f000 JavaThread "Cache worker for checksums cache (C:\Users\Hello World\Downloads\New folder\AndroidLibrary\.gradle\checksums)" [_thread_blocked, id=4448, stack(0x000000e265000000,0x000000e265100000)]
  0x000002c2d5460800 JavaThread "Cache worker for cache directory md-supplier (C:\Users\Hello World\.gradle\caches\7.0.2\md-supplier)" [_thread_blocked, id=10820, stack(0x000000e265100000,0x000000e265200000)]
  0x000002c2d7ac1800 JavaThread "Cache worker for cache directory md-rule (C:\Users\Hello World\.gradle\caches\7.0.2\md-rule)" [_thread_blocked, id=9776, stack(0x000000e265200000,0x000000e265300000)]
  0x000002c2d7ac0800 JavaThread "Cache worker for execution history cache (C:\Users\Hello World\.gradle\caches\7.0.2\executionHistory)" [_thread_blocked, id=8428, stack(0x000000e265300000,0x000000e265400000)]
  0x000002c2d7ac2800 JavaThread "jar transforms" [_thread_blocked, id=8, stack(0x000000e265400000,0x000000e265500000)]
  0x000002c2d7ac0000 JavaThread "jar transforms Thread 2" [_thread_blocked, id=3796, stack(0x000000e265500000,0x000000e265600000)]
  0x000002c2d7ac3000 JavaThread "Cache worker for file content cache (C:\Users\Hello World\.gradle\caches\7.0.2\fileContent)" [_thread_blocked, id=14020, stack(0x000000e265600000,0x000000e265700000)]
  0x000002c2d7ac5000 JavaThread "Cache worker for dependencies-accessors (C:\Users\Hello World\Downloads\New folder\AndroidLibrary\.gradle\7.0.2\dependencies-accessors)" [_thread_blocked, id=11928, stack(0x000000e265700000,0x000000e265800000)]
  0x000002c2d7ac5800 JavaThread "jar transforms Thread 3" [_thread_blocked, id=12508, stack(0x000000e265800000,0x000000e265900000)]
  0x000002c2d7ac9000 JavaThread "Exec process" [_thread_blocked, id=13896, stack(0x000000e265900000,0x000000e265a00000)]
  0x000002c2d7ac9800 JavaThread "Exec process Thread 2" [_thread_blocked, id=5020, stack(0x000000e265a00000,0x000000e265b00000)]
  0x000002c2d7ac6800 JavaThread "Exec process Thread 3" [_thread_blocked, id=4236, stack(0x000000e265b00000,0x000000e265c00000)]
  0x000002c2d7ac7800 JavaThread "Cache worker for Build Output Cleanup Cache (C:\Users\Hello World\Downloads\New folder\AndroidLibrary\.gradle\buildOutputCleanup)" [_thread_blocked, id=12576, stack(0x000000e265c00000,0x000000e265d00000)]
  0x000002c2d7ac8000 JavaThread "Build operations" [_thread_blocked, id=2124, stack(0x000000e265d00000,0x000000e265e00000)]
  0x000002c2d7ac4000 JavaThread "Build operations Thread 2" [_thread_blocked, id=11800, stack(0x000000e265e00000,0x000000e265f00000)]
  0x000002c2d7aca800 JavaThread "Build operations Thread 3" [_thread_blocked, id=12308, stack(0x000000e265f00000,0x000000e266000000)]
  0x000002c2d7acb800 JavaThread "Build operations Thread 4" [_thread_blocked, id=7960, stack(0x000000e266000000,0x000000e266100000)]
  0x000002c2d7acc000 JavaThread "Build operations Thread 5" [_thread_blocked, id=11920, stack(0x000000e266100000,0x000000e266200000)]
  0x000002c2d9cb1000 JavaThread "Build operations Thread 6" [_thread_blocked, id=14876, stack(0x000000e266200000,0x000000e266300000)]
  0x000002c2d9cb1800 JavaThread "Build operations Thread 7" [_thread_blocked, id=3632, stack(0x000000e266300000,0x000000e266400000)]
  0x000002c2d9cb2800 JavaThread "Build operations Thread 8" [_thread_blocked, id=13304, stack(0x000000e266400000,0x000000e266500000)]
  0x000002c2d9cb3000 JavaThread "jar transforms Thread 4" [_thread_blocked, id=4988, stack(0x000000e266500000,0x000000e266600000)]
  0x000002c2d9cb4000 JavaThread "jar transforms Thread 5" [_thread_blocked, id=15380, stack(0x000000e266600000,0x000000e266700000)]
  0x000002c2d9cb5000 JavaThread "jar transforms Thread 6" [_thread_blocked, id=14084, stack(0x000000e266700000,0x000000e266800000)]
  0x000002c2d9caf000 JavaThread "jar transforms Thread 7" [_thread_blocked, id=7736, stack(0x000000e266800000,0x000000e266900000)]
  0x000002c2d9cb5800 JavaThread "jar transforms Thread 8" [_thread_blocked, id=1544, stack(0x000000e266900000,0x000000e266a00000)]
  0x000002c2d9cb0000 JavaThread "Memory manager" [_thread_blocked, id=8712, stack(0x000000e266a00000,0x000000e266b00000)]
  0x000002c2d9cbc000 JavaThread "build event listener" [_thread_blocked, id=5904, stack(0x000000e266b00000,0x000000e266c00000)]
  0x000002c2d9cbb800 JavaThread "Execution worker for ':'" [_thread_blocked, id=14132, stack(0x000000e266c00000,0x000000e266d00000)]
  0x000002c2d9cb8000 JavaThread "Execution worker for ':' Thread 2" [_thread_blocked, id=10192, stack(0x000000e266d00000,0x000000e266e00000)]
  0x000002c2d9cb9000 JavaThread "Execution worker for ':' Thread 3" [_thread_blocked, id=9116, stack(0x000000e266e00000,0x000000e266f00000)]
  0x000002c2d9cbd000 JavaThread "Execution worker for ':' Thread 4" [_thread_blocked, id=8124, stack(0x000000e266f00000,0x000000e267000000)]
  0x000002c2d9cb7800 JavaThread "Execution worker for ':' Thread 5" [_thread_blocked, id=7880, stack(0x000000e267000000,0x000000e267100000)]
  0x000002c2d9cbe000 JavaThread "Execution worker for ':' Thread 6" [_thread_blocked, id=9972, stack(0x000000e267100000,0x000000e267200000)]
  0x000002c2d9cba000 JavaThread "Execution worker for ':' Thread 7" [_thread_blocked, id=9012, stack(0x000000e267200000,0x000000e267300000)]
  0x000002c2d9cba800 JavaThread "Cache worker for execution history cache (C:\Users\Hello World\Downloads\New folder\AndroidLibrary\.gradle\7.0.2\executionHistory)" [_thread_blocked, id=12728, stack(0x000000e267300000,0x000000e267400000)]
  0x000002c2dda88000 JavaThread "WorkerExecutor Queue Thread 3" [_thread_blocked, id=14708, stack(0x000000e267600000,0x000000e267700000)]
  0x000002c2d9beb000 JavaThread "C2 CompilerThread1" daemon [_thread_blocked, id=15080, stack(0x000000e264c00000,0x000000e264d00000)]
  0x000002c2dda85000 JavaThread "WorkerExecutor Queue Thread 9" [_thread_blocked, id=6068, stack(0x000000e267400000,0x000000e267500000)]
  0x000002c2dda8a000 JavaThread "WorkerExecutor Queue Thread 10" [_thread_blocked, id=15488, stack(0x000000e267500000,0x000000e267600000)]
  0x000002c2dda89000 JavaThread "WorkerExecutor Queue Thread 11" [_thread_blocked, id=8628, stack(0x000000e267700000,0x000000e267800000)]

Other Threads:
=>0x000002c2d3c01000 VMThread "VM Thread" [stack: 0x000000e262c00000,0x000000e262d00000] [id=2592]
  0x000002c2d472a800 WatcherThread [stack: 0x000000e263600000,0x000000e263700000] [id=12416]
  0x000002c2b77f5000 GCTaskThread "GC Thread#0" [stack: 0x000000e262700000,0x000000e262800000] [id=5820]
  0x000002c2d5193800 GCTaskThread "GC Thread#1" [stack: 0x000000e263800000,0x000000e263900000] [id=6156]
  0x000002c2d5194000 GCTaskThread "GC Thread#2" [stack: 0x000000e263900000,0x000000e263a00000] [id=10392]
  0x000002c2d56f9000 GCTaskThread "GC Thread#3" [stack: 0x000000e264400000,0x000000e264500000] [id=14680]
  0x000002c2d5c67000 GCTaskThread "GC Thread#4" [stack: 0x000000e264500000,0x000000e264600000] [id=15672]
  0x000002c2d5e54800 GCTaskThread "GC Thread#5" [stack: 0x000000e264600000,0x000000e264700000] [id=15564]
  0x000002c2d59b3800 GCTaskThread "GC Thread#6" [stack: 0x000000e264700000,0x000000e264800000] [id=15712]
  0x000002c2d59d5000 GCTaskThread "GC Thread#7" [stack: 0x000000e264800000,0x000000e264900000] [id=3376]
  0x000002c2b7828800 ConcurrentGCThread "G1 Main Marker" [stack: 0x000000e262800000,0x000000e262900000] [id=1180]
  0x000002c2b782a800 ConcurrentGCThread "G1 Conc#0" [stack: 0x000000e262900000,0x000000e262a00000] [id=8420]
  0x000002c2d6108000 ConcurrentGCThread "G1 Conc#1" [stack: 0x000000e264a00000,0x000000e264b00000] [id=15752]
  0x000002c2d3a50800 ConcurrentGCThread "G1 Refine#0" [stack: 0x000000e262a00000,0x000000e262b00000] [id=12864]
  0x000002c2d3a51000 ConcurrentGCThread "G1 Young RemSet Sampling" [stack: 0x000000e262b00000,0x000000e262c00000] [id=9416]

Threads with active compile tasks:
C2 CompilerThread0  20175 17927       4       com.android.tools.r8.internal.Lv::a (455 bytes)
C1 CompilerThread0  20175 17788       3       com.android.tools.r8.internal.Kv::a (406 bytes)
C2 CompilerThread1  20175 17935       4       com.android.tools.r8.graph.j0$m::b (336 bytes)

VM state:at safepoint (normal execution)

VM Mutex/Monitor currently owned by a thread:  ([mutex/lock_event])
[0x000002c2b77da400] Threads_lock - owner thread: 0x000002c2d3c01000
[0x000002c2b77da880] Heap_lock - owner thread: 0x000002c2d7acb800

Heap address: 0x0000000080000000, size: 2048 MB, Compressed Oops mode: 32-bit
Narrow klass base: 0x0000000000000000, Narrow klass shift: 3
Compressed class space size: 1073741824 Address: 0x0000000100000000

Heap:
 garbage-first heap   total 613376K, used 152858K [0x0000000080000000, 0x0000000100000000)
  region size 1024K, 7 young (7168K), 7 survivors (7168K)
 Metaspace       used 118636K, capacity 121411K, committed 122112K, reserved 1155072K
  class space    used 15098K, capacity 16220K, committed 16460K, reserved 1048576K
Heap Regions: E=young(eden), S=young(survivor), O=old, HS=humongous(starts), HC=humongous(continues), CS=collection set, F=free, A=archive, TAMS=top-at-mark-start (previous, next)
|   0|0x0000000080000000, 0x0000000080100000, 0x0000000080100000|100%| O|  |TAMS 0x0000000080100000, 0x0000000080000000| Untracked 
|   1|0x0000000080100000, 0x0000000080200000, 0x0000000080200000|100%| O|  |TAMS 0x0000000080200000, 0x0000000080100000| Untracked 
|   2|0x0000000080200000, 0x0000000080300000, 0x0000000080300000|100%| O|  |TAMS 0x0000000080300000, 0x0000000080200000| Untracked 
|   3|0x0000000080300000, 0x0000000080400000, 0x0000000080400000|100%|HS|  |TAMS 0x0000000080400000, 0x0000000080300000| Complete 
|   4|0x0000000080400000, 0x0000000080500000, 0x0000000080500000|100%|HC|  |TAMS 0x0000000080500000, 0x0000000080400000| Complete 
|   5|0x0000000080500000, 0x0000000080600000, 0x0000000080600000|100%|HC|  |TAMS 0x0000000080600000, 0x0000000080500000| Complete 
|   6|0x0000000080600000, 0x0000000080700000, 0x0000000080700000|100%| O|  |TAMS 0x0000000080700000, 0x0000000080600000| Untracked 
|   7|0x0000000080700000, 0x0000000080800000, 0x0000000080800000|100%| O|  |TAMS 0x0000000080800000, 0x0000000080700000| Untracked 
|   8|0x0000000080800000, 0x0000000080900000, 0x0000000080900000|100%| O|  |TAMS 0x0000000080900000, 0x0000000080800000| Untracked 
|   9|0x0000000080900000, 0x0000000080a00000, 0x0000000080a00000|100%| O|  |TAMS 0x0000000080a00000, 0x0000000080900000| Untracked 
|  10|0x0000000080a00000, 0x0000000080b00000, 0x0000000080b00000|100%| O|  |TAMS 0x0000000080b00000, 0x0000000080a00000| Untracked 
|  11|0x0000000080b00000, 0x0000000080c00000, 0x0000000080c00000|100%| O|  |TAMS 0x0000000080c00000, 0x0000000080b00000| Untracked 
|  12|0x0000000080c00000, 0x0000000080d00000, 0x0000000080d00000|100%| O|  |TAMS 0x0000000080d00000, 0x0000000080c00000| Untracked 
|  13|0x0000000080d00000, 0x0000000080e00000, 0x0000000080e00000|100%| O|  |TAMS 0x0000000080e00000, 0x0000000080d00000| Untracked 
|  14|0x0000000080e00000, 0x0000000080f00000, 0x0000000080f00000|100%| O|  |TAMS 0x0000000080f00000, 0x0000000080e00000| Untracked 
|  15|0x0000000080f00000, 0x0000000081000000, 0x0000000081000000|100%| O|  |TAMS 0x0000000081000000, 0x0000000080f00000| Untracked 
|  16|0x0000000081000000, 0x0000000081100000, 0x0000000081100000|100%|HS|  |TAMS 0x0000000081100000, 0x0000000081000000| Complete 
|  17|0x0000000081100000, 0x0000000081200000, 0x0000000081200000|100%| O|  |TAMS 0x0000000081200000, 0x0000000081100000| Untracked 
|  18|0x0000000081200000, 0x0000000081300000, 0x0000000081300000|100%| O|  |TAMS 0x0000000081300000, 0x0000000081200000| Untracked 
|  19|0x0000000081300000, 0x0000000081400000, 0x0000000081400000|100%| O|  |TAMS 0x0000000081400000, 0x0000000081300000| Untracked 
|  20|0x0000000081400000, 0x0000000081500000, 0x0000000081500000|100%| O|  |TAMS 0x0000000081500000, 0x0000000081400000| Untracked 
|  21|0x0000000081500000, 0x0000000081600000, 0x0000000081600000|100%| O|  |TAMS 0x0000000081600000, 0x0000000081500000| Untracked 
|  22|0x0000000081600000, 0x0000000081700000, 0x0000000081700000|100%| O|  |TAMS 0x0000000081700000, 0x0000000081600000| Untracked 
|  23|0x0000000081700000, 0x0000000081800000, 0x0000000081800000|100%| O|  |TAMS 0x0000000081800000, 0x0000000081700000| Untracked 
|  24|0x0000000081800000, 0x0000000081900000, 0x0000000081900000|100%| O|  |TAMS 0x0000000081900000, 0x0000000081800000| Untracked 
|  25|0x0000000081900000, 0x0000000081a00000, 0x0000000081a00000|100%| O|  |TAMS 0x0000000081a00000, 0x0000000081900000| Untracked 
|  26|0x0000000081a00000, 0x0000000081b00000, 0x0000000081b00000|100%| O|  |TAMS 0x0000000081b00000, 0x0000000081a00000| Untracked 
|  27|0x0000000081b00000, 0x0000000081c00000, 0x0000000081c00000|100%|HS|  |TAMS 0x0000000081c00000, 0x0000000081b00000| Complete 
|  28|0x0000000081c00000, 0x0000000081d00000, 0x0000000081d00000|100%|HS|  |TAMS 0x0000000081d00000, 0x0000000081c00000| Complete 
|  29|0x0000000081d00000, 0x0000000081e00000, 0x0000000081e00000|100%|HS|  |TAMS 0x0000000081e00000, 0x0000000081d00000| Complete 
|  30|0x0000000081e00000, 0x0000000081f00000, 0x0000000081f00000|100%|HC|  |TAMS 0x0000000081f00000, 0x0000000081e00000| Complete 
|  31|0x0000000081f00000, 0x0000000082000000, 0x0000000082000000|100%|HC|  |TAMS 0x0000000082000000, 0x0000000081f00000| Complete 
|  32|0x0000000082000000, 0x0000000082100000, 0x0000000082100000|100%|HS|  |TAMS 0x0000000082100000, 0x0000000082000000| Complete 
|  33|0x0000000082100000, 0x0000000082200000, 0x0000000082200000|100%|HC|  |TAMS 0x0000000082200000, 0x0000000082100000| Complete 
|  34|0x0000000082200000, 0x0000000082300000, 0x0000000082300000|100%| O|  |TAMS 0x0000000082300000, 0x0000000082200000| Untracked 
|  35|0x0000000082300000, 0x0000000082400000, 0x0000000082400000|100%| O|  |TAMS 0x0000000082400000, 0x0000000082300000| Untracked 
|  36|0x0000000082400000, 0x0000000082500000, 0x0000000082500000|100%| O|  |TAMS 0x0000000082500000, 0x0000000082400000| Untracked 
|  37|0x0000000082500000, 0x0000000082600000, 0x0000000082600000|100%| O|  |TAMS 0x0000000082600000, 0x0000000082500000| Untracked 
|  38|0x0000000082600000, 0x0000000082700000, 0x0000000082700000|100%| O|  |TAMS 0x0000000082700000, 0x0000000082600000| Untracked 
|  39|0x0000000082700000, 0x0000000082800000, 0x0000000082800000|100%| O|  |TAMS 0x0000000082800000, 0x0000000082700000| Untracked 
|  40|0x0000000082800000, 0x0000000082900000, 0x0000000082900000|100%| O|  |TAMS 0x0000000082900000, 0x0000000082800000| Untracked 
|  41|0x0000000082900000, 0x0000000082a00000, 0x0000000082a00000|100%| O|  |TAMS 0x0000000082a00000, 0x0000000082900000| Untracked 
|  42|0x0000000082a00000, 0x0000000082b00000, 0x0000000082b00000|100%| O|  |TAMS 0x0000000082b00000, 0x0000000082a00000| Untracked 
|  43|0x0000000082b00000, 0x0000000082c00000, 0x0000000082c00000|100%| O|  |TAMS 0x0000000082c00000, 0x0000000082b00000| Untracked 
|  44|0x0000000082c00000, 0x0000000082d00000, 0x0000000082d00000|100%| O|  |TAMS 0x0000000082d00000, 0x0000000082c00000| Untracked 
|  45|0x0000000082d00000, 0x0000000082e00000, 0x0000000082e00000|100%| O|  |TAMS 0x0000000082e00000, 0x0000000082d00000| Untracked 
|  46|0x0000000082e00000, 0x0000000082f00000, 0x0000000082f00000|100%| O|  |TAMS 0x0000000082f00000, 0x0000000082e00000| Untracked 
|  47|0x0000000082f00000, 0x0000000083000000, 0x0000000083000000|100%| O|  |TAMS 0x0000000083000000, 0x0000000082f00000| Untracked 
|  48|0x0000000083000000, 0x0000000083100000, 0x0000000083100000|100%| O|  |TAMS 0x0000000083100000, 0x0000000083000000| Untracked 
|  49|0x0000000083100000, 0x0000000083200000, 0x0000000083200000|100%| O|  |TAMS 0x0000000083200000, 0x0000000083100000| Untracked 
|  50|0x0000000083200000, 0x0000000083300000, 0x0000000083300000|100%| O|  |TAMS 0x0000000083300000, 0x0000000083200000| Untracked 
|  51|0x0000000083300000, 0x0000000083400000, 0x0000000083400000|100%| O|  |TAMS 0x0000000083400000, 0x0000000083300000| Untracked 
|  52|0x0000000083400000, 0x0000000083500000, 0x0000000083500000|100%| O|  |TAMS 0x0000000083500000, 0x0000000083400000| Untracked 
|  53|0x0000000083500000, 0x0000000083600000, 0x0000000083600000|100%| O|  |TAMS 0x0000000083600000, 0x0000000083500000| Untracked 
|  54|0x0000000083600000, 0x0000000083700000, 0x0000000083700000|100%| O|  |TAMS 0x0000000083700000, 0x0000000083600000| Untracked 
|  55|0x0000000083700000, 0x0000000083800000, 0x0000000083800000|100%| O|  |TAMS 0x0000000083800000, 0x0000000083700000| Untracked 
|  56|0x0000000083800000, 0x0000000083900000, 0x0000000083900000|100%| O|  |TAMS 0x0000000083900000, 0x0000000083800000| Untracked 
|  57|0x0000000083900000, 0x0000000083a00000, 0x0000000083a00000|100%| O|  |TAMS 0x0000000083a00000, 0x0000000083900000| Untracked 
|  58|0x0000000083a00000, 0x0000000083b00000, 0x0000000083b00000|100%| O|  |TAMS 0x0000000083b00000, 0x0000000083a00000| Untracked 
|  59|0x0000000083b00000, 0x0000000083c00000, 0x0000000083c00000|100%| O|  |TAMS 0x0000000083c00000, 0x0000000083b00000| Untracked 
|  60|0x0000000083c00000, 0x0000000083d00000, 0x0000000083d00000|100%| O|  |TAMS 0x0000000083d00000, 0x0000000083c00000| Untracked 
|  61|0x0000000083d00000, 0x0000000083e00000, 0x0000000083e00000|100%| O|  |TAMS 0x0000000083e00000, 0x0000000083d00000| Untracked 
|  62|0x0000000083e00000, 0x0000000083f00000, 0x0000000083f00000|100%| O|  |TAMS 0x0000000083f00000, 0x0000000083e00000| Untracked 
|  63|0x0000000083f00000, 0x0000000084000000, 0x0000000084000000|100%| O|  |TAMS 0x0000000084000000, 0x0000000083f00000| Untracked 
|  64|0x0000000084000000, 0x0000000084100000, 0x0000000084100000|100%| O|  |TAMS 0x0000000084100000, 0x0000000084000000| Untracked 
|  65|0x0000000084100000, 0x0000000084200000, 0x0000000084200000|100%| O|  |TAMS 0x0000000084200000, 0x0000000084100000| Untracked 
|  66|0x0000000084200000, 0x0000000084300000, 0x0000000084300000|100%| O|  |TAMS 0x0000000084300000, 0x0000000084200000| Untracked 
|  67|0x0000000084300000, 0x0000000084400000, 0x0000000084400000|100%| O|  |TAMS 0x0000000084400000, 0x0000000084300000| Untracked 
|  68|0x0000000084400000, 0x0000000084500000, 0x0000000084500000|100%| O|  |TAMS 0x0000000084500000, 0x0000000084400000| Untracked 
|  69|0x0000000084500000, 0x0000000084600000, 0x0000000084600000|100%| O|  |TAMS 0x0000000084600000, 0x0000000084500000| Untracked 
|  70|0x0000000084600000, 0x0000000084700000, 0x0000000084700000|100%| O|  |TAMS 0x0000000084700000, 0x0000000084600000| Untracked 
|  71|0x0000000084700000, 0x0000000084800000, 0x0000000084800000|100%| O|  |TAMS 0x0000000084800000, 0x0000000084700000| Untracked 
|  72|0x0000000084800000, 0x0000000084900000, 0x0000000084900000|100%| O|  |TAMS 0x0000000084900000, 0x0000000084800000| Untracked 
|  73|0x0000000084900000, 0x0000000084a00000, 0x0000000084a00000|100%| O|  |TAMS 0x0000000084a00000, 0x0000000084900000| Untracked 
|  74|0x0000000084a00000, 0x0000000084b00000, 0x0000000084b00000|100%| O|  |TAMS 0x0000000084b00000, 0x0000000084a00000| Untracked 
|  75|0x0000000084b00000, 0x0000000084c00000, 0x0000000084c00000|100%| O|  |TAMS 0x0000000084c00000, 0x0000000084b00000| Untracked 
|  76|0x0000000084c00000, 0x0000000084d00000, 0x0000000084d00000|100%| O|  |TAMS 0x0000000084d00000, 0x0000000084c00000| Untracked 
|  77|0x0000000084d00000, 0x0000000084e00000, 0x0000000084e00000|100%| O|  |TAMS 0x0000000084e00000, 0x0000000084d00000| Untracked 
|  78|0x0000000084e00000, 0x0000000084f00000, 0x0000000084f00000|100%| O|  |TAMS 0x0000000084f00000, 0x0000000084e00000| Untracked 
|  79|0x0000000084f00000, 0x0000000085000000, 0x0000000085000000|100%| O|  |TAMS 0x0000000085000000, 0x0000000084f00000| Untracked 
|  80|0x0000000085000000, 0x0000000085100000, 0x0000000085100000|100%| O|  |TAMS 0x0000000085100000, 0x0000000085000000| Untracked 
|  81|0x0000000085100000, 0x0000000085200000, 0x0000000085200000|100%| O|  |TAMS 0x0000000085200000, 0x0000000085100000| Untracked 
|  82|0x0000000085200000, 0x0000000085300000, 0x0000000085300000|100%| O|  |TAMS 0x0000000085300000, 0x0000000085200000| Untracked 
|  83|0x0000000085300000, 0x0000000085400000, 0x0000000085400000|100%| O|  |TAMS 0x0000000085400000, 0x0000000085300000| Untracked 
|  84|0x0000000085400000, 0x0000000085500000, 0x0000000085500000|100%| O|  |TAMS 0x0000000085500000, 0x0000000085400000| Untracked 
|  85|0x0000000085500000, 0x0000000085600000, 0x0000000085600000|100%| O|  |TAMS 0x0000000085600000, 0x0000000085500000| Untracked 
|  86|0x0000000085600000, 0x0000000085700000, 0x0000000085700000|100%| O|  |TAMS 0x0000000085600000, 0x0000000085600000| Untracked 
|  87|0x0000000085700000, 0x0000000085800000, 0x0000000085800000|100%| O|  |TAMS 0x0000000085800000, 0x0000000085700000| Untracked 
|  88|0x0000000085800000, 0x0000000085900000, 0x0000000085900000|100%| O|  |TAMS 0x0000000085900000, 0x0000000085800000| Untracked 
|  89|0x0000000085900000, 0x0000000085a00000, 0x0000000085a00000|100%| O|  |TAMS 0x0000000085a00000, 0x0000000085900000| Untracked 
|  90|0x0000000085a00000, 0x0000000085b00000, 0x0000000085b00000|100%| O|  |TAMS 0x0000000085b00000, 0x0000000085a00000| Untracked 
|  91|0x0000000085b00000, 0x0000000085c00000, 0x0000000085c00000|100%| O|  |TAMS 0x0000000085c00000, 0x0000000085b00000| Untracked 
|  92|0x0000000085c00000, 0x0000000085d00000, 0x0000000085d00000|100%| O|  |TAMS 0x0000000085d00000, 0x0000000085c00000| Untracked 
|  93|0x0000000085d00000, 0x0000000085e00000, 0x0000000085e00000|100%| O|  |TAMS 0x0000000085e00000, 0x0000000085d00000| Untracked 
|  94|0x0000000085e00000, 0x0000000085f00000, 0x0000000085f00000|100%| O|  |TAMS 0x0000000085f00000, 0x0000000085e00000| Untracked 
|  95|0x0000000085f00000, 0x0000000086000000, 0x0000000086000000|100%| O|  |TAMS 0x0000000086000000, 0x0000000085f00000| Untracked 
|  96|0x0000000086000000, 0x0000000086100000, 0x0000000086100000|100%| O|  |TAMS 0x0000000086100000, 0x0000000086000000| Untracked 
|  97|0x0000000086100000, 0x0000000086200000, 0x0000000086200000|100%| O|  |TAMS 0x0000000086200000, 0x0000000086100000| Untracked 
|  98|0x0000000086200000, 0x0000000086300000, 0x0000000086300000|100%| O|  |TAMS 0x0000000086300000, 0x0000000086200000| Untracked 
|  99|0x0000000086300000, 0x0000000086400000, 0x0000000086400000|100%| O|  |TAMS 0x0000000086400000, 0x0000000086300000| Untracked 
| 100|0x0000000086400000, 0x0000000086500000, 0x0000000086500000|100%| O|  |TAMS 0x0000000086500000, 0x0000000086400000| Untracked 
| 101|0x0000000086500000, 0x0000000086600000, 0x0000000086600000|100%| O|  |TAMS 0x0000000086600000, 0x0000000086500000| Untracked 
| 102|0x0000000086600000, 0x0000000086700000, 0x0000000086700000|100%| O|  |TAMS 0x0000000086700000, 0x0000000086600000| Untracked 
| 103|0x0000000086700000, 0x0000000086800000, 0x0000000086800000|100%| O|  |TAMS 0x0000000086800000, 0x0000000086700000| Untracked 
| 104|0x0000000086800000, 0x0000000086900000, 0x0000000086900000|100%| O|  |TAMS 0x0000000086900000, 0x0000000086800000| Untracked 
| 105|0x0000000086900000, 0x0000000086a00000, 0x0000000086a00000|100%| O|  |TAMS 0x0000000086a00000, 0x0000000086900000| Untracked 
| 106|0x0000000086a00000, 0x0000000086b00000, 0x0000000086b00000|100%| O|  |TAMS 0x0000000086b00000, 0x0000000086a00000| Untracked 
| 107|0x0000000086b00000, 0x0000000086c00000, 0x0000000086c00000|100%| O|  |TAMS 0x0000000086c00000, 0x0000000086b00000| Untracked 
| 108|0x0000000086c00000, 0x0000000086d00000, 0x0000000086d00000|100%| O|  |TAMS 0x0000000086d00000, 0x0000000086c00000| Untracked 
| 109|0x0000000086d00000, 0x0000000086e00000, 0x0000000086e00000|100%| O|  |TAMS 0x0000000086e00000, 0x0000000086d00000| Untracked 
| 110|0x0000000086e00000, 0x0000000086f00000, 0x0000000086f00000|100%| O|  |TAMS 0x0000000086f00000, 0x0000000086e00000| Untracked 
| 111|0x0000000086f00000, 0x0000000087000000, 0x0000000087000000|100%| O|  |TAMS 0x0000000087000000, 0x0000000086f00000| Untracked 
| 112|0x0000000087000000, 0x0000000087100000, 0x0000000087100000|100%| O|  |TAMS 0x0000000087100000, 0x0000000087000000| Untracked 
| 113|0x0000000087100000, 0x0000000087200000, 0x0000000087200000|100%| O|  |TAMS 0x0000000087200000, 0x0000000087100000| Untracked 
| 114|0x0000000087200000, 0x0000000087300000, 0x0000000087300000|100%| O|  |TAMS 0x0000000087300000, 0x0000000087200000| Untracked 
| 115|0x0000000087300000, 0x0000000087400000, 0x0000000087400000|100%| O|  |TAMS 0x0000000087400000, 0x0000000087300000| Untracked 
| 116|0x0000000087400000, 0x0000000087500000, 0x0000000087500000|100%| O|  |TAMS 0x0000000087500000, 0x0000000087400000| Untracked 
| 117|0x0000000087500000, 0x0000000087600000, 0x0000000087600000|100%| O|  |TAMS 0x0000000087600000, 0x0000000087500000| Untracked 
| 118|0x0000000087600000, 0x0000000087700000, 0x0000000087700000|100%| O|  |TAMS 0x0000000087700000, 0x0000000087600000| Untracked 
| 119|0x0000000087700000, 0x0000000087800000, 0x0000000087800000|100%| O|  |TAMS 0x0000000087800000, 0x0000000087700000| Untracked 
| 120|0x0000000087800000, 0x0000000087900000, 0x0000000087900000|100%| O|  |TAMS 0x0000000087900000, 0x0000000087800000| Untracked 
| 121|0x0000000087900000, 0x0000000087a00000, 0x0000000087a00000|100%| O|  |TAMS 0x0000000087a00000, 0x0000000087900000| Untracked 
| 122|0x0000000087a00000, 0x0000000087b00000, 0x0000000087b00000|100%| O|  |TAMS 0x0000000087b00000, 0x0000000087a00000| Untracked 
| 123|0x0000000087b00000, 0x0000000087c00000, 0x0000000087c00000|100%| O|  |TAMS 0x0000000087c00000, 0x0000000087b00000| Untracked 
| 124|0x0000000087c00000, 0x0000000087d00000, 0x0000000087d00000|100%| O|  |TAMS 0x0000000087d00000, 0x0000000087c00000| Untracked 
| 125|0x0000000087d00000, 0x0000000087e00000, 0x0000000087e00000|100%| O|  |TAMS 0x0000000087e00000, 0x0000000087d00000| Untracked 
| 126|0x0000000087e00000, 0x0000000087f00000, 0x0000000087f00000|100%| O|  |TAMS 0x0000000087f00000, 0x0000000087e00000| Untracked 
| 127|0x0000000087f00000, 0x0000000088000000, 0x0000000088000000|100%| O|  |TAMS 0x0000000087f00000, 0x0000000087f00000| Untracked 
| 128|0x0000000088000000, 0x0000000088100000, 0x0000000088100000|100%| O|  |TAMS 0x0000000088000000, 0x0000000088000000| Untracked 
| 129|0x0000000088100000, 0x0000000088200000, 0x0000000088200000|100%| O|  |TAMS 0x0000000088100000, 0x0000000088100000| Untracked 
| 130|0x0000000088200000, 0x0000000088300000, 0x0000000088300000|100%| O|  |TAMS 0x0000000088200000, 0x0000000088200000| Untracked 
| 131|0x0000000088300000, 0x0000000088400000, 0x0000000088400000|100%| O|  |TAMS 0x0000000088300000, 0x0000000088300000| Untracked 
| 132|0x0000000088400000, 0x0000000088500000, 0x0000000088500000|100%| O|  |TAMS 0x0000000088400000, 0x0000000088400000| Untracked 
| 133|0x0000000088500000, 0x0000000088600000, 0x0000000088600000|100%| O|  |TAMS 0x0000000088500000, 0x0000000088500000| Untracked 
| 134|0x0000000088600000, 0x0000000088700000, 0x0000000088700000|100%| O|  |TAMS 0x0000000088600000, 0x0000000088600000| Untracked 
| 135|0x0000000088700000, 0x0000000088800000, 0x0000000088800000|100%| O|  |TAMS 0x0000000088700000, 0x0000000088700000| Untracked 
| 136|0x0000000088800000, 0x0000000088900000, 0x0000000088900000|100%| O|  |TAMS 0x0000000088800000, 0x0000000088800000| Untracked 
| 137|0x0000000088900000, 0x0000000088a00000, 0x0000000088a00000|100%| O|  |TAMS 0x0000000088900000, 0x0000000088900000| Untracked 
| 138|0x0000000088a00000, 0x0000000088b00000, 0x0000000088b00000|100%| O|  |TAMS 0x0000000088a00000, 0x0000000088a00000| Untracked 
| 139|0x0000000088b00000, 0x0000000088c00000, 0x0000000088c00000|100%| O|  |TAMS 0x0000000088b00000, 0x0000000088b00000| Untracked 
| 140|0x0000000088c00000, 0x0000000088d00000, 0x0000000088d00000|100%| O|  |TAMS 0x0000000088c00000, 0x0000000088c00000| Untracked 
| 141|0x0000000088d00000, 0x0000000088e00000, 0x0000000088e00000|100%| O|  |TAMS 0x0000000088d00000, 0x0000000088d00000| Untracked 
| 142|0x0000000088e00000, 0x0000000088eb8000, 0x0000000088f00000| 71%| O|  |TAMS 0x0000000088e00000, 0x0000000088e00000| Untracked 
| 143|0x0000000088f00000, 0x0000000088f00000, 0x0000000089000000|  0%| F|  |TAMS 0x0000000088f00000, 0x0000000088f00000| Untracked 
| 144|0x0000000089000000, 0x0000000089000000, 0x0000000089100000|  0%| F|  |TAMS 0x0000000089000000, 0x0000000089000000| Untracked 
| 145|0x0000000089100000, 0x0000000089100000, 0x0000000089200000|  0%| F|  |TAMS 0x0000000089100000, 0x0000000089100000| Untracked 
| 146|0x0000000089200000, 0x0000000089200000, 0x0000000089300000|  0%| F|  |TAMS 0x0000000089200000, 0x0000000089200000| Untracked 
| 147|0x0000000089300000, 0x0000000089300000, 0x0000000089400000|  0%| F|  |TAMS 0x0000000089300000, 0x0000000089300000| Untracked 
| 148|0x0000000089400000, 0x0000000089400000, 0x0000000089500000|  0%| F|  |TAMS 0x0000000089400000, 0x0000000089400000| Untracked 
| 149|0x0000000089500000, 0x0000000089500000, 0x0000000089600000|  0%| F|  |TAMS 0x0000000089500000, 0x0000000089500000| Untracked 
| 150|0x0000000089600000, 0x0000000089600000, 0x0000000089700000|  0%| F|  |TAMS 0x0000000089600000, 0x0000000089600000| Untracked 
| 151|0x0000000089700000, 0x0000000089700000, 0x0000000089800000|  0%| F|  |TAMS 0x0000000089700000, 0x0000000089700000| Untracked 
| 152|0x0000000089800000, 0x0000000089800000, 0x0000000089900000|  0%| F|  |TAMS 0x0000000089800000, 0x0000000089800000| Untracked 
| 153|0x0000000089900000, 0x0000000089900000, 0x0000000089a00000|  0%| F|  |TAMS 0x0000000089900000, 0x0000000089900000| Untracked 
| 154|0x0000000089a00000, 0x0000000089a00000, 0x0000000089b00000|  0%| F|  |TAMS 0x0000000089a00000, 0x0000000089a00000| Untracked 
| 155|0x0000000089b00000, 0x0000000089b00000, 0x0000000089c00000|  0%| F|  |TAMS 0x0000000089b00000, 0x0000000089b00000| Untracked 
| 156|0x0000000089c00000, 0x0000000089c00000, 0x0000000089d00000|  0%| F|  |TAMS 0x0000000089c00000, 0x0000000089c00000| Untracked 
| 157|0x0000000089d00000, 0x0000000089d00000, 0x0000000089e00000|  0%| F|  |TAMS 0x0000000089d00000, 0x0000000089d00000| Untracked 
| 158|0x0000000089e00000, 0x0000000089e00000, 0x0000000089f00000|  0%| F|  |TAMS 0x0000000089e00000, 0x0000000089e00000| Untracked 
| 159|0x0000000089f00000, 0x0000000089f00000, 0x000000008a000000|  0%| F|  |TAMS 0x0000000089f00000, 0x0000000089f00000| Untracked 
| 160|0x000000008a000000, 0x000000008a000000, 0x000000008a100000|  0%| F|  |TAMS 0x000000008a000000, 0x000000008a000000| Untracked 
| 161|0x000000008a100000, 0x000000008a100000, 0x000000008a200000|  0%| F|  |TAMS 0x000000008a100000, 0x000000008a100000| Untracked 
| 162|0x000000008a200000, 0x000000008a200000, 0x000000008a300000|  0%| F|  |TAMS 0x000000008a200000, 0x000000008a200000| Untracked 
| 163|0x000000008a300000, 0x000000008a300000, 0x000000008a400000|  0%| F|  |TAMS 0x000000008a300000, 0x000000008a300000| Untracked 
| 164|0x000000008a400000, 0x000000008a400000, 0x000000008a500000|  0%| F|  |TAMS 0x000000008a400000, 0x000000008a400000| Untracked 
| 165|0x000000008a500000, 0x000000008a500000, 0x000000008a600000|  0%| F|  |TAMS 0x000000008a500000, 0x000000008a500000| Untracked 
| 166|0x000000008a600000, 0x000000008a600000, 0x000000008a700000|  0%| F|  |TAMS 0x000000008a600000, 0x000000008a600000| Untracked 
| 167|0x000000008a700000, 0x000000008a700000, 0x000000008a800000|  0%| F|  |TAMS 0x000000008a700000, 0x000000008a700000| Untracked 
| 168|0x000000008a800000, 0x000000008a800000, 0x000000008a900000|  0%| F|  |TAMS 0x000000008a800000, 0x000000008a800000| Untracked 
| 169|0x000000008a900000, 0x000000008a900000, 0x000000008aa00000|  0%| F|  |TAMS 0x000000008a900000, 0x000000008a900000| Untracked 
| 170|0x000000008aa00000, 0x000000008aa00000, 0x000000008ab00000|  0%| F|  |TAMS 0x000000008aa00000, 0x000000008aa00000| Untracked 
| 171|0x000000008ab00000, 0x000000008ab00000, 0x000000008ac00000|  0%| F|  |TAMS 0x000000008ab00000, 0x000000008ab00000| Untracked 
| 172|0x000000008ac00000, 0x000000008ac00000, 0x000000008ad00000|  0%| F|  |TAMS 0x000000008ac00000, 0x000000008ac00000| Untracked 
| 173|0x000000008ad00000, 0x000000008ad00000, 0x000000008ae00000|  0%| F|  |TAMS 0x000000008ad00000, 0x000000008ad00000| Untracked 
| 174|0x000000008ae00000, 0x000000008ae00000, 0x000000008af00000|  0%| F|  |TAMS 0x000000008ae00000, 0x000000008ae00000| Untracked 
| 175|0x000000008af00000, 0x000000008af00000, 0x000000008b000000|  0%| F|  |TAMS 0x000000008af00000, 0x000000008af00000| Untracked 
| 176|0x000000008b000000, 0x000000008b000000, 0x000000008b100000|  0%| F|  |TAMS 0x000000008b000000, 0x000000008b000000| Untracked 
| 177|0x000000008b100000, 0x000000008b100000, 0x000000008b200000|  0%| F|  |TAMS 0x000000008b100000, 0x000000008b100000| Untracked 
| 178|0x000000008b200000, 0x000000008b200000, 0x000000008b300000|  0%| F|  |TAMS 0x000000008b200000, 0x000000008b200000| Untracked 
| 179|0x000000008b300000, 0x000000008b300000, 0x000000008b400000|  0%| F|  |TAMS 0x000000008b300000, 0x000000008b300000| Untracked 
| 180|0x000000008b400000, 0x000000008b400000, 0x000000008b500000|  0%| F|  |TAMS 0x000000008b400000, 0x000000008b400000| Untracked 
| 181|0x000000008b500000, 0x000000008b500000, 0x000000008b600000|  0%| F|  |TAMS 0x000000008b500000, 0x000000008b500000| Untracked 
| 182|0x000000008b600000, 0x000000008b600000, 0x000000008b700000|  0%| F|  |TAMS 0x000000008b600000, 0x000000008b600000| Untracked 
| 183|0x000000008b700000, 0x000000008b700000, 0x000000008b800000|  0%| F|  |TAMS 0x000000008b700000, 0x000000008b700000| Untracked 
| 184|0x000000008b800000, 0x000000008b800000, 0x000000008b900000|  0%| F|  |TAMS 0x000000008b800000, 0x000000008b800000| Untracked 
| 185|0x000000008b900000, 0x000000008b900000, 0x000000008ba00000|  0%| F|  |TAMS 0x000000008b900000, 0x000000008b900000| Untracked 
| 186|0x000000008ba00000, 0x000000008ba00000, 0x000000008bb00000|  0%| F|  |TAMS 0x000000008ba00000, 0x000000008ba00000| Untracked 
| 187|0x000000008bb00000, 0x000000008bb00000, 0x000000008bc00000|  0%| F|  |TAMS 0x000000008bb00000, 0x000000008bb00000| Untracked 
| 188|0x000000008bc00000, 0x000000008bc8ebc8, 0x000000008bd00000| 55%| S|CS|TAMS 0x000000008bc00000, 0x000000008bc00000| Complete 
| 189|0x000000008bd00000, 0x000000008be00000, 0x000000008be00000|100%| S|CS|TAMS 0x000000008bd00000, 0x000000008bd00000| Complete 
| 190|0x000000008be00000, 0x000000008bf00000, 0x000000008bf00000|100%| S|CS|TAMS 0x000000008be00000, 0x000000008be00000| Complete 
| 191|0x000000008bf00000, 0x000000008c000000, 0x000000008c000000|100%| S|CS|TAMS 0x000000008bf00000, 0x000000008bf00000| Complete 
| 192|0x000000008c000000, 0x000000008c100000, 0x000000008c100000|100%| S|CS|TAMS 0x000000008c000000, 0x000000008c000000| Complete 
| 193|0x000000008c100000, 0x000000008c200000, 0x000000008c200000|100%| S|CS|TAMS 0x000000008c100000, 0x000000008c100000| Complete 
| 194|0x000000008c200000, 0x000000008c200000, 0x000000008c300000|  0%| F|  |TAMS 0x000000008c200000, 0x000000008c200000| Untracked 
| 195|0x000000008c300000, 0x000000008c300000, 0x000000008c400000|  0%| F|  |TAMS 0x000000008c300000, 0x000000008c300000| Untracked 
| 196|0x000000008c400000, 0x000000008c400000, 0x000000008c500000|  0%| F|  |TAMS 0x000000008c400000, 0x000000008c400000| Untracked 
| 197|0x000000008c500000, 0x000000008c500000, 0x000000008c600000|  0%| F|  |TAMS 0x000000008c500000, 0x000000008c500000| Untracked 
| 198|0x000000008c600000, 0x000000008c600000, 0x000000008c700000|  0%| F|  |TAMS 0x000000008c600000, 0x000000008c600000| Untracked 
| 199|0x000000008c700000, 0x000000008c700000, 0x000000008c800000|  0%| F|  |TAMS 0x000000008c700000, 0x000000008c700000| Untracked 
| 200|0x000000008c800000, 0x000000008c800000, 0x000000008c900000|  0%| F|  |TAMS 0x000000008c800000, 0x000000008c800000| Untracked 
| 201|0x000000008c900000, 0x000000008ca00000, 0x000000008ca00000|100%| S|CS|TAMS 0x000000008c900000, 0x000000008c900000| Complete 
| 202|0x000000008ca00000, 0x000000008ca00000, 0x000000008cb00000|  0%| F|  |TAMS 0x000000008ca00000, 0x000000008ca00000| Untracked 
| 203|0x000000008cb00000, 0x000000008cb00000, 0x000000008cc00000|  0%| F|  |TAMS 0x000000008cb00000, 0x000000008cb00000| Untracked 
| 204|0x000000008cc00000, 0x000000008cc00000, 0x000000008cd00000|  0%| F|  |TAMS 0x000000008cc00000, 0x000000008cc00000| Untracked 
| 205|0x000000008cd00000, 0x000000008cd00000, 0x000000008ce00000|  0%| F|  |TAMS 0x000000008cd00000, 0x000000008cd00000| Untracked 
| 206|0x000000008ce00000, 0x000000008ce00000, 0x000000008cf00000|  0%| F|  |TAMS 0x000000008ce00000, 0x000000008ce00000| Untracked 
| 207|0x000000008cf00000, 0x000000008cf00000, 0x000000008d000000|  0%| F|  |TAMS 0x000000008cf00000, 0x000000008cf00000| Untracked 
| 208|0x000000008d000000, 0x000000008d000000, 0x000000008d100000|  0%| F|  |TAMS 0x000000008d000000, 0x000000008d000000| Untracked 
| 209|0x000000008d100000, 0x000000008d100000, 0x000000008d200000|  0%| F|  |TAMS 0x000000008d100000, 0x000000008d100000| Untracked 
| 210|0x000000008d200000, 0x000000008d200000, 0x000000008d300000|  0%| F|  |TAMS 0x000000008d200000, 0x000000008d200000| Untracked 
| 211|0x000000008d300000, 0x000000008d300000, 0x000000008d400000|  0%| F|  |TAMS 0x000000008d300000, 0x000000008d300000| Untracked 
| 212|0x000000008d400000, 0x000000008d400000, 0x000000008d500000|  0%| F|  |TAMS 0x000000008d400000, 0x000000008d400000| Untracked 
| 213|0x000000008d500000, 0x000000008d500000, 0x000000008d600000|  0%| F|  |TAMS 0x000000008d500000, 0x000000008d500000| Untracked 
| 214|0x000000008d600000, 0x000000008d600000, 0x000000008d700000|  0%| F|  |TAMS 0x000000008d600000, 0x000000008d600000| Untracked 
| 215|0x000000008d700000, 0x000000008d700000, 0x000000008d800000|  0%| F|  |TAMS 0x000000008d700000, 0x000000008d700000| Untracked 
| 216|0x000000008d800000, 0x000000008d800000, 0x000000008d900000|  0%| F|  |TAMS 0x000000008d800000, 0x000000008d800000| Untracked 
| 217|0x000000008d900000, 0x000000008d900000, 0x000000008da00000|  0%| F|  |TAMS 0x000000008d900000, 0x000000008d900000| Untracked 
| 218|0x000000008da00000, 0x000000008da00000, 0x000000008db00000|  0%| F|  |TAMS 0x000000008da00000, 0x000000008da00000| Untracked 
| 219|0x000000008db00000, 0x000000008db00000, 0x000000008dc00000|  0%| F|  |TAMS 0x000000008db00000, 0x000000008db00000| Untracked 
| 220|0x000000008dc00000, 0x000000008dc00000, 0x000000008dd00000|  0%| F|  |TAMS 0x000000008dc00000, 0x000000008dc00000| Untracked 
| 221|0x000000008dd00000, 0x000000008dd00000, 0x000000008de00000|  0%| F|  |TAMS 0x000000008dd00000, 0x000000008dd00000| Untracked 
| 222|0x000000008de00000, 0x000000008de00000, 0x000000008df00000|  0%| F|  |TAMS 0x000000008de00000, 0x000000008de00000| Untracked 
| 223|0x000000008df00000, 0x000000008df00000, 0x000000008e000000|  0%| F|  |TAMS 0x000000008df00000, 0x000000008df00000| Untracked 
| 224|0x000000008e000000, 0x000000008e000000, 0x000000008e100000|  0%| F|  |TAMS 0x000000008e000000, 0x000000008e000000| Untracked 
| 225|0x000000008e100000, 0x000000008e100000, 0x000000008e200000|  0%| F|  |TAMS 0x000000008e100000, 0x000000008e100000| Untracked 
| 226|0x000000008e200000, 0x000000008e200000, 0x000000008e300000|  0%| F|  |TAMS 0x000000008e200000, 0x000000008e200000| Untracked 
| 227|0x000000008e300000, 0x000000008e300000, 0x000000008e400000|  0%| F|  |TAMS 0x000000008e300000, 0x000000008e300000| Untracked 
| 228|0x000000008e400000, 0x000000008e400000, 0x000000008e500000|  0%| F|  |TAMS 0x000000008e400000, 0x000000008e400000| Untracked 
| 229|0x000000008e500000, 0x000000008e500000, 0x000000008e600000|  0%| F|  |TAMS 0x000000008e500000, 0x000000008e500000| Untracked 
| 230|0x000000008e600000, 0x000000008e600000, 0x000000008e700000|  0%| F|  |TAMS 0x000000008e600000, 0x000000008e600000| Untracked 
| 231|0x000000008e700000, 0x000000008e700000, 0x000000008e800000|  0%| F|  |TAMS 0x000000008e700000, 0x000000008e700000| Untracked 
| 232|0x000000008e800000, 0x000000008e800000, 0x000000008e900000|  0%| F|  |TAMS 0x000000008e800000, 0x000000008e800000| Untracked 
| 233|0x000000008e900000, 0x000000008e900000, 0x000000008ea00000|  0%| F|  |TAMS 0x000000008e900000, 0x000000008e900000| Untracked 
| 234|0x000000008ea00000, 0x000000008ea00000, 0x000000008eb00000|  0%| F|  |TAMS 0x000000008ea00000, 0x000000008ea00000| Untracked 
| 235|0x000000008eb00000, 0x000000008eb00000, 0x000000008ec00000|  0%| F|  |TAMS 0x000000008eb00000, 0x000000008eb00000| Untracked 
| 236|0x000000008ec00000, 0x000000008ec00000, 0x000000008ed00000|  0%| F|  |TAMS 0x000000008ec00000, 0x000000008ec00000| Untracked 
| 237|0x000000008ed00000, 0x000000008ed00000, 0x000000008ee00000|  0%| F|  |TAMS 0x000000008ed00000, 0x000000008ed00000| Untracked 
| 238|0x000000008ee00000, 0x000000008ee00000, 0x000000008ef00000|  0%| F|  |TAMS 0x000000008ee00000, 0x000000008ee00000| Untracked 
| 239|0x000000008ef00000, 0x000000008ef00000, 0x000000008f000000|  0%| F|  |TAMS 0x000000008ef00000, 0x000000008ef00000| Untracked 
| 240|0x000000008f000000, 0x000000008f000000, 0x000000008f100000|  0%| F|  |TAMS 0x000000008f000000, 0x000000008f000000| Untracked 
| 241|0x000000008f100000, 0x000000008f100000, 0x000000008f200000|  0%| F|  |TAMS 0x000000008f100000, 0x000000008f100000| Untracked 
| 242|0x000000008f200000, 0x000000008f200000, 0x000000008f300000|  0%| F|  |TAMS 0x000000008f200000, 0x000000008f200000| Untracked 
| 243|0x000000008f300000, 0x000000008f300000, 0x000000008f400000|  0%| F|  |TAMS 0x000000008f300000, 0x000000008f300000| Untracked 
| 244|0x000000008f400000, 0x000000008f400000, 0x000000008f500000|  0%| F|  |TAMS 0x000000008f400000, 0x000000008f400000| Untracked 
| 245|0x000000008f500000, 0x000000008f500000, 0x000000008f600000|  0%| F|  |TAMS 0x000000008f500000, 0x000000008f500000| Untracked 
| 246|0x000000008f600000, 0x000000008f600000, 0x000000008f700000|  0%| F|  |TAMS 0x000000008f600000, 0x000000008f600000| Untracked 
| 247|0x000000008f700000, 0x000000008f700000, 0x000000008f800000|  0%| F|  |TAMS 0x000000008f700000, 0x000000008f700000| Untracked 
| 248|0x000000008f800000, 0x000000008f800000, 0x000000008f900000|  0%| F|  |TAMS 0x000000008f800000, 0x000000008f800000| Untracked 
| 249|0x000000008f900000, 0x000000008f900000, 0x000000008fa00000|  0%| F|  |TAMS 0x000000008f900000, 0x000000008f900000| Untracked 
| 250|0x000000008fa00000, 0x000000008fa00000, 0x000000008fb00000|  0%| F|  |TAMS 0x000000008fa00000, 0x000000008fa00000| Untracked 
| 251|0x000000008fb00000, 0x000000008fb00000, 0x000000008fc00000|  0%| F|  |TAMS 0x000000008fb00000, 0x000000008fb00000| Untracked 
| 252|0x000000008fc00000, 0x000000008fc00000, 0x000000008fd00000|  0%| F|  |TAMS 0x000000008fc00000, 0x000000008fc00000| Untracked 
| 253|0x000000008fd00000, 0x000000008fd00000, 0x000000008fe00000|  0%| F|  |TAMS 0x000000008fd00000, 0x000000008fd00000| Untracked 
| 254|0x000000008fe00000, 0x000000008fe00000, 0x000000008ff00000|  0%| F|  |TAMS 0x000000008fe00000, 0x000000008fe00000| Untracked 
| 255|0x000000008ff00000, 0x000000008ff00000, 0x0000000090000000|  0%| F|  |TAMS 0x000000008ff00000, 0x000000008ff00000| Untracked 
| 256|0x0000000090000000, 0x0000000090000000, 0x0000000090100000|  0%| F|  |TAMS 0x0000000090000000, 0x0000000090000000| Untracked 
| 257|0x0000000090100000, 0x0000000090100000, 0x0000000090200000|  0%| F|  |TAMS 0x0000000090100000, 0x0000000090100000| Untracked 
| 258|0x0000000090200000, 0x0000000090200000, 0x0000000090300000|  0%| F|  |TAMS 0x0000000090200000, 0x0000000090200000| Untracked 
| 259|0x0000000090300000, 0x0000000090300000, 0x0000000090400000|  0%| F|  |TAMS 0x0000000090300000, 0x0000000090300000| Untracked 
| 260|0x0000000090400000, 0x0000000090400000, 0x0000000090500000|  0%| F|  |TAMS 0x0000000090400000, 0x0000000090400000| Untracked 
| 261|0x0000000090500000, 0x0000000090500000, 0x0000000090600000|  0%| F|  |TAMS 0x0000000090500000, 0x0000000090500000| Untracked 
| 262|0x0000000090600000, 0x0000000090600000, 0x0000000090700000|  0%| F|  |TAMS 0x0000000090600000, 0x0000000090600000| Untracked 
| 263|0x0000000090700000, 0x0000000090700000, 0x0000000090800000|  0%| F|  |TAMS 0x0000000090700000, 0x0000000090700000| Untracked 
| 264|0x0000000090800000, 0x0000000090800000, 0x0000000090900000|  0%| F|  |TAMS 0x0000000090800000, 0x0000000090800000| Untracked 
| 265|0x0000000090900000, 0x0000000090900000, 0x0000000090a00000|  0%| F|  |TAMS 0x0000000090900000, 0x0000000090900000| Untracked 
| 266|0x0000000090a00000, 0x0000000090a00000, 0x0000000090b00000|  0%| F|  |TAMS 0x0000000090a00000, 0x0000000090a00000| Untracked 
| 267|0x0000000090b00000, 0x0000000090b00000, 0x0000000090c00000|  0%| F|  |TAMS 0x0000000090b00000, 0x0000000090b00000| Untracked 
| 268|0x0000000090c00000, 0x0000000090c00000, 0x0000000090d00000|  0%| F|  |TAMS 0x0000000090c00000, 0x0000000090c00000| Untracked 
| 269|0x0000000090d00000, 0x0000000090d00000, 0x0000000090e00000|  0%| F|  |TAMS 0x0000000090d00000, 0x0000000090d00000| Untracked 
| 270|0x0000000090e00000, 0x0000000090e00000, 0x0000000090f00000|  0%| F|  |TAMS 0x0000000090e00000, 0x0000000090e00000| Untracked 
| 271|0x0000000090f00000, 0x0000000090f00000, 0x0000000091000000|  0%| F|  |TAMS 0x0000000090f00000, 0x0000000090f00000| Untracked 
| 272|0x0000000091000000, 0x0000000091000000, 0x0000000091100000|  0%| F|  |TAMS 0x0000000091000000, 0x0000000091000000| Untracked 
| 273|0x0000000091100000, 0x0000000091100000, 0x0000000091200000|  0%| F|  |TAMS 0x0000000091100000, 0x0000000091100000| Untracked 
| 274|0x0000000091200000, 0x0000000091200000, 0x0000000091300000|  0%| F|  |TAMS 0x0000000091200000, 0x0000000091200000| Untracked 
| 275|0x0000000091300000, 0x0000000091300000, 0x0000000091400000|  0%| F|  |TAMS 0x0000000091300000, 0x0000000091300000| Untracked 
| 276|0x0000000091400000, 0x0000000091400000, 0x0000000091500000|  0%| F|  |TAMS 0x0000000091400000, 0x0000000091400000| Untracked 
| 277|0x0000000091500000, 0x0000000091500000, 0x0000000091600000|  0%| F|  |TAMS 0x0000000091500000, 0x0000000091500000| Untracked 
| 278|0x0000000091600000, 0x0000000091600000, 0x0000000091700000|  0%| F|  |TAMS 0x0000000091600000, 0x0000000091600000| Untracked 
| 279|0x0000000091700000, 0x0000000091700000, 0x0000000091800000|  0%| F|  |TAMS 0x0000000091700000, 0x0000000091700000| Untracked 
| 280|0x0000000091800000, 0x0000000091800000, 0x0000000091900000|  0%| F|  |TAMS 0x0000000091800000, 0x0000000091800000| Untracked 

Card table byte_map: [0x000002c2cc920000,0x000002c2ccd20000] _byte_map_base: 0x000002c2cc520000

Marking Bits (Prev, Next): (CMBitMap*) 0x000002c2b781fcf0, (CMBitMap*) 0x000002c2b781fcb8
 Prev Bits: [0x000002c2cf120000, 0x000002c2d1120000)
 Next Bits: [0x000002c2cd120000, 0x000002c2cf120000)

Polling page: 0x000002c2b78c0000

Metaspace:

Usage:
  Non-class:    102.73 MB capacity,   101.11 MB ( 98%) used,     1.27 MB (  1%) free+waste,   350.44 KB ( <1%) overhead. 
      Class:     15.84 MB capacity,    14.74 MB ( 93%) used,   966.40 KB (  6%) free+waste,   155.19 KB ( <1%) overhead. 
       Both:    118.57 MB capacity,   115.86 MB ( 98%) used,     2.22 MB (  2%) free+waste,   505.63 KB ( <1%) overhead. 

Virtual space:
  Non-class space:      104.00 MB reserved,     103.18 MB (>99%) committed 
      Class space:        1.00 GB reserved,      16.07 MB (  2%) committed 
             Both:        1.10 GB reserved,     119.25 MB ( 11%) committed 

Chunk freelists:
   Non-Class:  269.00 KB
       Class:  164.00 KB
        Both:  433.00 KB

MaxMetaspaceSize: 17179869184.00 GB
CompressedClassSpaceSize: 1.00 GB

CodeHeap 'non-profiled nmethods': size=120000Kb used=10104Kb max_used=10104Kb free=109895Kb
 bounds [0x000002c2c4580000, 0x000002c2c4f60000, 0x000002c2cbab0000]
CodeHeap 'profiled nmethods': size=120000Kb used=39495Kb max_used=39495Kb free=80504Kb
 bounds [0x000002c2bd050000, 0x000002c2bf6f0000, 0x000002c2c4580000]
CodeHeap 'non-nmethods': size=5760Kb used=2344Kb max_used=2393Kb free=3415Kb
 bounds [0x000002c2bcab0000, 0x000002c2bcd20000, 0x000002c2bd050000]
 total_blobs=18303 nmethods=17334 adapters=878
 compilation: enabled
              stopped_count=0, restarted_count=0
 full_count=0

Compilation events (20 events):
Event: 20.001 Thread 0x000002c2d9beb000 nmethod 17350% 0x000002c2c4f51410 code [0x000002c2c4f51c40, 0x000002c2c4f58808]
Event: 20.002 Thread 0x000002c2d9beb000 17935       4       com.android.tools.r8.graph.j0$m::b (336 bytes)
Event: 20.021 Thread 0x000002c2d459d000 nmethod 17861% 0x000002c2bf685710 code [0x000002c2bf686b40, 0x000002c2bf696598]
Event: 20.021 Thread 0x000002c2d459d000 17934 %     3       com.android.tools.r8.internal.E7::b @ 120 (455 bytes)
Event: 20.036 Thread 0x000002c2d459d000 nmethod 17934% 0x000002c2bf69c090 code [0x000002c2bf69c7c0, 0x000002c2bf6a14c8]
Event: 20.036 Thread 0x000002c2d459d000 17968       2       com.android.tools.r8.graph.j0$m::f (293 bytes)
Event: 20.039 Thread 0x000002c2d459d000 nmethod 17968 0x000002c2bf6a2f10 code [0x000002c2bf6a3160, 0x000002c2bf6a38f8]
Event: 20.039 Thread 0x000002c2d459d000 17969       3       com.android.tools.r8.internal.E7::u (845 bytes)
Event: 20.050 Thread 0x000002c2d459d000 nmethod 17969 0x000002c2bf6a3c90 code [0x000002c2bf6a4900, 0x000002c2bf6ae528]
Event: 20.050 Thread 0x000002c2d459d000 17869 %     3       com.android.tools.r8.internal.Me::c @ 660 (1174 bytes)
Event: 20.064 Thread 0x000002c2d459d000 nmethod 17869% 0x000002c2bf6b1210 code [0x000002c2bf6b1d20, 0x000002c2bf6ba3a8]
Event: 20.064 Thread 0x000002c2d459d000 17976 %     3       com.android.tools.r8.graph.j0$m::f @ 112 (293 bytes)
Event: 20.080 Thread 0x000002c2d459d000 nmethod 17976% 0x000002c2bf6bcd90 code [0x000002c2bf6bd0a0, 0x000002c2bf6be358]
Event: 20.080 Thread 0x000002c2d459d000 17973       3       com.android.tools.r8.ir.regalloc.a::a (946 bytes)
Event: 20.095 Thread 0x000002c2d459d000 nmethod 17973 0x000002c2bf6be910 code [0x000002c2bf6bf420, 0x000002c2bf6c7988]
Event: 20.095 Thread 0x000002c2d459d000 17868 %     3       com.android.tools.r8.ir.regalloc.a::a @ 855 (1373 bytes)
Event: 20.109 Thread 0x000002c2d459d000 nmethod 17868% 0x000002c2bf6ca090 code [0x000002c2bf6cae20, 0x000002c2bf6d4fc8]
Event: 20.109 Thread 0x000002c2d459d000 17881 %     3       com.android.tools.r8.ir.regalloc.e::b @ 130 (207 bytes)
Event: 20.112 Thread 0x000002c2d459d000 nmethod 17881% 0x000002c2bf6d7d10 code [0x000002c2bf6d80e0, 0x000002c2bf6d9f68]
Event: 20.112 Thread 0x000002c2d459d000 17788       3       com.android.tools.r8.internal.Kv::a (406 bytes)

GC Heap History (20 events):
Event: 18.584 GC heap after
{Heap after GC invocations=51 (full 0):
 garbage-first heap   total 189440K, used 130130K [0x0000000080000000, 0x0000000100000000)
  region size 1024K, 5 young (5120K), 5 survivors (5120K)
 Metaspace       used 115988K, capacity 118933K, committed 119296K, reserved 1153024K
  class space    used 14911K, capacity 16096K, committed 16204K, reserved 1048576K
}
Event: 18.596 GC heap before
{Heap before GC invocations=51 (full 0):
 garbage-first heap   total 189440K, used 134226K [0x0000000080000000, 0x0000000100000000)
  region size 1024K, 9 young (9216K), 5 survivors (5120K)
 Metaspace       used 116162K, capacity 119095K, committed 119296K, reserved 1153024K
  class space    used 14941K, capacity 16128K, committed 16204K, reserved 1048576K
}
Event: 18.600 GC heap after
{Heap after GC invocations=52 (full 0):
 garbage-first heap   total 189440K, used 129976K [0x0000000080000000, 0x0000000100000000)
  region size 1024K, 1 young (1024K), 1 survivors (1024K)
 Metaspace       used 116162K, capacity 119095K, committed 119296K, reserved 1153024K
  class space    used 14941K, capacity 16128K, committed 16204K, reserved 1048576K
}
Event: 18.665 GC heap before
{Heap before GC invocations=52 (full 0):
 garbage-first heap   total 189440K, used 158648K [0x0000000080000000, 0x0000000100000000)
  region size 1024K, 29 young (29696K), 1 survivors (1024K)
 Metaspace       used 116670K, capacity 119675K, committed 119936K, reserved 1153024K
  class space    used 15033K, capacity 16214K, committed 16332K, reserved 1048576K
}
Event: 18.673 GC heap after
{Heap after GC invocations=53 (full 0):
 garbage-first heap   total 227328K, used 130745K [0x0000000080000000, 0x0000000100000000)
  region size 1024K, 2 young (2048K), 2 survivors (2048K)
 Metaspace       used 116670K, capacity 119675K, committed 119936K, reserved 1153024K
  class space    used 15033K, capacity 16214K, committed 16332K, reserved 1048576K
}
Event: 18.904 GC heap before
{Heap before GC invocations=54 (full 0):
 garbage-first heap   total 227328K, used 174777K [0x0000000080000000, 0x0000000100000000)
  region size 1024K, 45 young (46080K), 2 survivors (2048K)
 Metaspace       used 116551K, capacity 119130K, committed 120192K, reserved 1153024K
  class space    used 14875K, capacity 15912K, committed 16332K, reserved 1048576K
}
Event: 18.912 GC heap after
{Heap after GC invocations=55 (full 0):
 garbage-first heap   total 227328K, used 130968K [0x0000000080000000, 0x0000000100000000)
  region size 1024K, 2 young (2048K), 2 survivors (2048K)
 Metaspace       used 116551K, capacity 119130K, committed 120192K, reserved 1153024K
  class space    used 14875K, capacity 15912K, committed 16332K, reserved 1048576K
}
Event: 19.009 GC heap before
{Heap before GC invocations=55 (full 0):
 garbage-first heap   total 227328K, used 178072K [0x0000000080000000, 0x0000000100000000)
  region size 1024K, 48 young (49152K), 2 survivors (2048K)
 Metaspace       used 116887K, capacity 119520K, committed 120704K, reserved 1153024K
  class space    used 14917K, capacity 15957K, committed 16332K, reserved 1048576K
}
Event: 19.014 GC heap after
{Heap after GC invocations=56 (full 0):
 garbage-first heap   total 227328K, used 131680K [0x0000000080000000, 0x0000000100000000)
  region size 1024K, 3 young (3072K), 3 survivors (3072K)
 Metaspace       used 116887K, capacity 119520K, committed 120704K, reserved 1153024K
  class space    used 14917K, capacity 15957K, committed 16332K, reserved 1048576K
}
Event: 19.093 GC heap before
{Heap before GC invocations=56 (full 0):
 garbage-first heap   total 227328K, used 179808K [0x0000000080000000, 0x0000000100000000)
  region size 1024K, 51 young (52224K), 3 survivors (3072K)
 Metaspace       used 117406K, capacity 120070K, committed 120960K, reserved 1155072K
  class space    used 14969K, capacity 16033K, committed 16332K, reserved 1048576K
}
Event: 19.096 GC heap after
{Heap after GC invocations=57 (full 0):
 garbage-first heap   total 227328K, used 131858K [0x0000000080000000, 0x0000000100000000)
  region size 1024K, 3 young (3072K), 3 survivors (3072K)
 Metaspace       used 117406K, capacity 120070K, committed 120960K, reserved 1155072K
  class space    used 14969K, capacity 16033K, committed 16332K, reserved 1048576K
}
Event: 19.212 GC heap before
{Heap before GC invocations=57 (full 0):
 garbage-first heap   total 227328K, used 182034K [0x0000000080000000, 0x0000000100000000)
  region size 1024K, 53 young (54272K), 3 survivors (3072K)
 Metaspace       used 117917K, capacity 120572K, committed 121344K, reserved 1155072K
  class space    used 15034K, capacity 16117K, committed 16460K, reserved 1048576K
}
Event: 19.220 GC heap after
{Heap after GC invocations=58 (full 0):
 garbage-first heap   total 287744K, used 133543K [0x0000000080000000, 0x0000000100000000)
  region size 1024K, 5 young (5120K), 5 survivors (5120K)
 Metaspace       used 117917K, capacity 120572K, committed 121344K, reserved 1155072K
  class space    used 15034K, capacity 16117K, committed 16460K, reserved 1048576K
}
Event: 19.572 GC heap before
{Heap before GC invocations=58 (full 0):
 garbage-first heap   total 287744K, used 212391K [0x0000000080000000, 0x0000000100000000)
  region size 1024K, 83 young (84992K), 5 survivors (5120K)
 Metaspace       used 118600K, capacity 121390K, committed 122112K, reserved 1155072K
  class space    used 15090K, capacity 16213K, committed 16460K, reserved 1048576K
}
Event: 19.577 GC heap after
{Heap after GC invocations=59 (full 0):
 garbage-first heap   total 287744K, used 135831K [0x0000000080000000, 0x0000000100000000)
  region size 1024K, 7 young (7168K), 7 survivors (7168K)
 Metaspace       used 118600K, capacity 121390K, committed 122112K, reserved 1155072K
  class space    used 15090K, capacity 16213K, committed 16460K, reserved 1048576K
}
Event: 19.663 GC heap before
{Heap before GC invocations=59 (full 0):
 garbage-first heap   total 287744K, used 217751K [0x0000000080000000, 0x0000000100000000)
  region size 1024K, 88 young (90112K), 7 survivors (7168K)
 Metaspace       used 118611K, capacity 121402K, committed 122112K, reserved 1155072K
  class space    used 15092K, capacity 16217K, committed 16460K, reserved 1048576K
}
Event: 19.682 GC heap after
{Heap after GC invocations=60 (full 0):
 garbage-first heap   total 287744K, used 143245K [0x0000000080000000, 0x0000000100000000)
  region size 1024K, 11 young (11264K), 11 survivors (11264K)
 Metaspace       used 118611K, capacity 121402K, committed 122112K, reserved 1155072K
  class space    used 15092K, capacity 16217K, committed 16460K, reserved 1048576K
}
Event: 19.895 GC heap before
{Heap before GC invocations=60 (full 0):
 garbage-first heap   total 287744K, used 225165K [0x0000000080000000, 0x0000000100000000)
  region size 1024K, 91 young (93184K), 11 survivors (11264K)
 Metaspace       used 118630K, capacity 121408K, committed 122112K, reserved 1155072K
  class space    used 15096K, capacity 16219K, committed 16460K, reserved 1048576K
}
Event: 19.955 GC heap after
{Heap after GC invocations=61 (full 0):
 garbage-first heap   total 287744K, used 148016K [0x0000000080000000, 0x0000000100000000)
  region size 1024K, 7 young (7168K), 7 survivors (7168K)
 Metaspace       used 118630K, capacity 121408K, committed 122112K, reserved 1155072K
  class space    used 15096K, capacity 16219K, committed 16460K, reserved 1048576K
}
Event: 20.133 GC heap before
{Heap before GC invocations=61 (full 0):
 garbage-first heap   total 287744K, used 227888K [0x0000000080000000, 0x0000000100000000)
  region size 1024K, 86 young (88064K), 7 survivors (7168K)
 Metaspace       used 118636K, capacity 121411K, committed 122112K, reserved 1155072K
  class space    used 15098K, capacity 16220K, committed 16460K, reserved 1048576K
}

Deoptimization events (20 events):
Event: 19.807 Thread 0x000002c2d7aca800 DEOPT PACKING pc=0x000002c2c4f4b604 sp=0x000000e265ff8780
Event: 19.807 Thread 0x000002c2d7aca800 DEOPT UNPACKING pc=0x000002c2bcad662f sp=0x000000e265ff87b8 mode 2
Event: 19.855 Thread 0x000002c2d9cb1800 DEOPT PACKING pc=0x000002c2bf0440d1 sp=0x000000e2663f9fc0
Event: 19.855 Thread 0x000002c2d9cb1800 DEOPT UNPACKING pc=0x000002c2bcad6dde sp=0x000000e2663f9498 mode 0
Event: 19.856 Thread 0x000002c2d7ac4000 DEOPT PACKING pc=0x000002c2bf51c023 sp=0x000000e265ef9660
Event: 19.856 Thread 0x000002c2d7ac4000 DEOPT UNPACKING pc=0x000002c2bcad6dde sp=0x000000e265ef8df0 mode 0
Event: 19.886 Thread 0x000002c2d7ac4000 DEOPT PACKING pc=0x000002c2bf446db7 sp=0x000000e265ef99e0
Event: 19.886 Thread 0x000002c2d7ac4000 DEOPT UNPACKING pc=0x000002c2bcad6dde sp=0x000000e265ef8fb8 mode 0
Event: 20.027 Thread 0x000002c2d9cb1800 Uncommon trap: trap_request=0xffffff4d fr.pc=0x000002c2c4e8c934 relative=0x0000000000000854
Event: 20.027 Thread 0x000002c2d9cb1800 Uncommon trap: reason=unstable_if action=reinterpret pc=0x000002c2c4e8c934 method=com.android.tools.r8.graph.j0$m.f()V @ 146 c2
Event: 20.027 Thread 0x000002c2d9cb1800 DEOPT PACKING pc=0x000002c2c4e8c934 sp=0x000000e2663f9680
Event: 20.027 Thread 0x000002c2d9cb1800 DEOPT UNPACKING pc=0x000002c2bcad662f sp=0x000000e2663f9660 mode 2
Event: 20.036 Thread 0x000002c2d7acc000 DEOPT PACKING pc=0x000002c2bf45d687 sp=0x000000e2661f9700
Event: 20.036 Thread 0x000002c2d7acc000 DEOPT UNPACKING pc=0x000002c2bcad6dde sp=0x000000e2661f8e00 mode 0
Event: 20.050 Thread 0x000002c2d7acc000 DEOPT PACKING pc=0x000002c2bf463d75 sp=0x000000e2661f93b0
Event: 20.050 Thread 0x000002c2d7acc000 DEOPT UNPACKING pc=0x000002c2bcad6dde sp=0x000000e2661f8a28 mode 0
Event: 20.074 Thread 0x000002c2d9cb1800 DEOPT PACKING pc=0x000002c2bf0ea75b sp=0x000000e2663f9790
Event: 20.074 Thread 0x000002c2d9cb1800 DEOPT UNPACKING pc=0x000002c2bcad6dde sp=0x000000e2663f8f20 mode 0
Event: 20.084 Thread 0x000002c2d9cb1800 DEOPT PACKING pc=0x000002c2bf0ea73a sp=0x000000e2663f9790
Event: 20.084 Thread 0x000002c2d9cb1800 DEOPT UNPACKING pc=0x000002c2bcad6dde sp=0x000000e2663f8f20 mode 0

Classes redefined (0 events):
No events

Internal exceptions (20 events):
Event: 18.650 Thread 0x000002c2d7acb800 Exception <a 'java/lang/NoSuchMethodError'{0x000000008a48cf30}: 'java.lang.Object java.lang.invoke.DirectMethodHandle$Holder.invokeInterface(java.lang.Object, java.lang.Object, int)'> (0x000000008a48cf30) thrown at [./src/hotspot/share/interpreter/linkResolver.cpp, line 773]
Event: 19.007 Thread 0x000002c2d9cb1800 Exception <a 'java/lang/NoSuchMethodError'{0x000000008b796f70}: 'void java.lang.invoke.DirectMethodHandle$Holder.invokeSpecial(java.lang.Object, java.lang.Object, int, java.lang.Object, java.lang.Object, java.lang.Object, java.lang.Object)'> (0x000000008b796f70) thrown at [./src/hotspot/share/interpreter/linkResolver.cpp, line 773]
Event: 19.021 Thread 0x000002c2d9cb1800 Exception <a 'java/lang/NoSuchMethodError'{0x000000008dd98350}: 'java.lang.Object java.lang.invoke.Invokers$Holder.linkToTargetMethod(java.lang.Object, int, java.lang.Object, java.lang.Object, java.lang.Object, java.lang.Object)'> (0x000000008dd98350) thrown at [./src/hotspot/share/interpreter/linkResolver.cpp, line 773]
Event: 19.022 Thread 0x000002c2d9cb1800 Exception <a 'java/lang/NoSuchMethodError'{0x000000008dd9c690}: 'void java.lang.invoke.DirectMethodHandle$Holder.invokeSpecial(java.lang.Object, java.lang.Object, java.lang.Object, java.lang.Object, java.lang.Object, java.lang.Object, java.lang.Object, java.lang.Object, java.lang.Object)'> (0x000000008dd9c690) thrown at [./src/hotspot/share/interpreter/linkResolver.cpp, line 773]
Event: 19.027 Thread 0x000002c2d9cb1800 Exception <a 'java/lang/NoSuchMethodError'{0x000000008daaed50}: 'void java.lang.invoke.DirectMethodHandle$Holder.invokeStatic(java.lang.Object, java.lang.Object, java.lang.Object, java.lang.Object, java.lang.Object, java.lang.Object, java.lang.Object, java.lang.Object)'> (0x000000008daaed50) thrown at [./src/hotspot/share/interpreter/linkResolver.cpp, line 773]
Event: 19.097 Thread 0x000002c2d7acb800 Implicit null exception at 0x000002c2c4f1bcc0 to 0x000002c2c4f1c74c
Event: 19.112 Thread 0x000002c2d7ac8000 Exception <a 'java/lang/IncompatibleClassChangeError'{0x000000008d686788}: Found class java.lang.Object, but interface was expected> (0x000000008d686788) thrown at [./src/hotspot/share/interpreter/linkResolver.cpp, line 839]
Event: 19.258 Thread 0x000002c2d9cb1800 Exception <a 'java/lang/NoSuchMethodError'{0x00000000911a7220}: 'void java.lang.invoke.DirectMethodHandle$Holder.invokeVirtual(java.lang.Object, java.lang.Object, int)'> (0x00000000911a7220) thrown at [./src/hotspot/share/interpreter/linkResolver.cpp, line 773]
Event: 19.304 Thread 0x000002c2d9cb1800 Exception <a 'sun/nio/fs/WindowsException'{0x0000000090d146f0}> (0x0000000090d146f0) thrown at [./src/hotspot/share/prims/jni.cpp, line 615]
Event: 19.305 Thread 0x000002c2d7ac8000 Exception <a 'sun/nio/fs/WindowsException'{0x000000009109b7e8}> (0x000000009109b7e8) thrown at [./src/hotspot/share/prims/jni.cpp, line 615]
Event: 19.306 Thread 0x000002c2d7acb800 Exception <a 'sun/nio/fs/WindowsException'{0x0000000090f68ad8}> (0x0000000090f68ad8) thrown at [./src/hotspot/share/prims/jni.cpp, line 615]
Event: 19.559 Thread 0x000002c2d7ac8000 Exception <a 'sun/nio/fs/WindowsException'{0x000000008d8b6aa0}> (0x000000008d8b6aa0) thrown at [./src/hotspot/share/prims/jni.cpp, line 615]
Event: 19.585 Thread 0x000002c2d7acb800 Exception <a 'sun/nio/fs/WindowsException'{0x0000000091131cf0}> (0x0000000091131cf0) thrown at [./src/hotspot/share/prims/jni.cpp, line 615]
Event: 19.601 Thread 0x000002c2d7ac4000 Exception <a 'sun/nio/fs/WindowsException'{0x00000000907bba90}> (0x00000000907bba90) thrown at [./src/hotspot/share/prims/jni.cpp, line 615]
Event: 19.631 Thread 0x000002c2d7ac8000 Exception <a 'sun/nio/fs/WindowsException'{0x000000008e22a078}> (0x000000008e22a078) thrown at [./src/hotspot/share/prims/jni.cpp, line 615]
Event: 19.661 Thread 0x000002c2d7ac8000 Exception <a 'sun/nio/fs/WindowsException'{0x000000008cca5850}> (0x000000008cca5850) thrown at [./src/hotspot/share/prims/jni.cpp, line 615]
Event: 19.749 Thread 0x000002c2d7ac4000 Exception <a 'sun/nio/fs/WindowsException'{0x00000000914f7150}> (0x00000000914f7150) thrown at [./src/hotspot/share/prims/jni.cpp, line 615]
Event: 19.765 Thread 0x000002c2d9cb1800 Exception <a 'sun/nio/fs/WindowsException'{0x000000009110d710}> (0x000000009110d710) thrown at [./src/hotspot/share/prims/jni.cpp, line 615]
Event: 19.796 Thread 0x000002c2d7ac8000 Exception <a 'sun/nio/fs/WindowsException'{0x00000000905f4350}> (0x00000000905f4350) thrown at [./src/hotspot/share/prims/jni.cpp, line 615]
Event: 20.083 Thread 0x000002c2d7ac4000 Exception <a 'sun/nio/fs/WindowsException'{0x000000008e1f8ef0}> (0x000000008e1f8ef0) thrown at [./src/hotspot/share/prims/jni.cpp, line 615]

Events (20 events):
Event: 19.683 Executing VM operation: G1CollectForAllocation done
Event: 19.712 loading class com/android/tools/r8/graph/B0$d
Event: 19.712 loading class com/android/tools/r8/graph/B0$d done
Event: 19.773 loading class com/android/tools/r8/code/y0
Event: 19.773 loading class com/android/tools/r8/code/y0 done
Event: 19.777 loading class com/android/tools/r8/code/x0
Event: 19.777 loading class com/android/tools/r8/code/x0 done
Event: 19.806 loading class com/android/tools/r8/graph/B0$a
Event: 19.806 loading class com/android/tools/r8/graph/B0$a done
Event: 19.893 Executing VM operation: G1CollectForAllocation
Event: 19.955 Executing VM operation: G1CollectForAllocation done
Event: 19.986 loading class com/android/tools/r8/internal/Fg
Event: 19.986 loading class com/android/tools/r8/internal/Fg done
Event: 19.988 loading class com/android/tools/r8/internal/Fg
Event: 19.988 loading class com/android/tools/r8/internal/Fg done
Event: 20.007 loading class com/android/tools/r8/internal/yh
Event: 20.007 loading class com/android/tools/r8/internal/yh done
Event: 20.010 loading class com/android/tools/r8/internal/zh$g
Event: 20.010 loading class com/android/tools/r8/internal/zh$g done
Event: 20.117 Executing VM operation: G1CollectForAllocation


Dynamic libraries:
0x00007ff748140000 - 0x00007ff74814a000 	C:\Program Files\Android\Android Studio\jre\bin\java.exe
0x00007ffd5d3f0000 - 0x00007ffd5d5e5000 	C:\Windows\SYSTEM32\ntdll.dll
0x00007ffd5cb30000 - 0x00007ffd5cbee000 	C:\Windows\System32\KERNEL32.DLL
0x00007ffd5af30000 - 0x00007ffd5b1f8000 	C:\Windows\System32\KERNELBASE.dll
0x00007ffd5ab10000 - 0x00007ffd5ac10000 	C:\Windows\System32\ucrtbase.dll
0x00007ffd4a900000 - 0x00007ffd4a919000 	C:\Program Files\Android\Android Studio\jre\bin\jli.dll
0x00007ffd56670000 - 0x00007ffd56687000 	C:\Program Files\Android\Android Studio\jre\bin\VCRUNTIME140.dll
0x00007ffd5b450000 - 0x00007ffd5b5f0000 	C:\Windows\System32\USER32.dll
0x00007ffd460f0000 - 0x00007ffd4638a000 	C:\Windows\WinSxS\amd64_microsoft.windows.common-controls_6595b64144ccf1df_6.0.19041.1110_none_60b5254171f9507e\COMCTL32.dll
0x00007ffd5ac10000 - 0x00007ffd5ac32000 	C:\Windows\System32\win32u.dll
0x00007ffd5b5f0000 - 0x00007ffd5b68e000 	C:\Windows\System32\msvcrt.dll
0x00007ffd5ca60000 - 0x00007ffd5ca8b000 	C:\Windows\System32\GDI32.dll
0x00007ffd5ac40000 - 0x00007ffd5ad4b000 	C:\Windows\System32\gdi32full.dll
0x00007ffd5b320000 - 0x00007ffd5b3bd000 	C:\Windows\System32\msvcp_win.dll
0x00007ffd5ca90000 - 0x00007ffd5cac0000 	C:\Windows\System32\IMM32.DLL
0x00007ffd38d30000 - 0x00007ffd38dcd000 	C:\Program Files\Android\Android Studio\jre\bin\msvcp140.dll
0x00007ffd12b00000 - 0x00007ffd135d5000 	C:\Program Files\Android\Android Studio\jre\bin\server\jvm.dll
0x00007ffd5cdb0000 - 0x00007ffd5ce5e000 	C:\Windows\System32\ADVAPI32.dll
0x00007ffd5c270000 - 0x00007ffd5c30c000 	C:\Windows\System32\sechost.dll
0x00007ffd5cc10000 - 0x00007ffd5cd35000 	C:\Windows\System32\RPCRT4.dll
0x00007ffd5d0e0000 - 0x00007ffd5d0e8000 	C:\Windows\System32\PSAPI.DLL
0x00007ffd4e9c0000 - 0x00007ffd4e9c9000 	C:\Windows\SYSTEM32\WSOCK32.dll
0x00007ffd51aa0000 - 0x00007ffd51ac7000 	C:\Windows\SYSTEM32\WINMM.dll
0x00007ffd52030000 - 0x00007ffd5203a000 	C:\Windows\SYSTEM32\VERSION.dll
0x00007ffd5cd40000 - 0x00007ffd5cdab000 	C:\Windows\System32\WS2_32.dll
0x00007ffd58a40000 - 0x00007ffd58a52000 	C:\Windows\SYSTEM32\kernel.appcore.dll
0x00007ffd19be0000 - 0x00007ffd19bf1000 	C:\Program Files\Android\Android Studio\jre\bin\verify.dll
0x00007ffd4f9f0000 - 0x00007ffd4fbd4000 	C:\Windows\SYSTEM32\DBGHELP.DLL
0x00007ffd4f1a0000 - 0x00007ffd4f1cc000 	C:\Windows\SYSTEM32\dbgcore.DLL
0x00007ffd5b3c0000 - 0x00007ffd5b442000 	C:\Windows\System32\bcryptPrimitives.dll
0x00007ffd19bb0000 - 0x00007ffd19bd9000 	C:\Program Files\Android\Android Studio\jre\bin\java.dll
0x00007ffd2c1c0000 - 0x00007ffd2c1cb000 	C:\Program Files\Android\Android Studio\jre\bin\jimage.dll
0x00007ffd19b90000 - 0x00007ffd19ba8000 	C:\Program Files\Android\Android Studio\jre\bin\zip.dll
0x00007ffd5ba60000 - 0x00007ffd5c1a4000 	C:\Windows\System32\SHELL32.dll
0x00007ffd58c40000 - 0x00007ffd593d4000 	C:\Windows\SYSTEM32\windows.storage.dll
0x00007ffd5b6f0000 - 0x00007ffd5ba44000 	C:\Windows\System32\combase.dll
0x00007ffd5a4a0000 - 0x00007ffd5a4cc000 	C:\Windows\SYSTEM32\Wldp.dll
0x00007ffd5cf80000 - 0x00007ffd5d02d000 	C:\Windows\System32\SHCORE.dll
0x00007ffd5cad0000 - 0x00007ffd5cb25000 	C:\Windows\System32\shlwapi.dll
0x00007ffd5aa50000 - 0x00007ffd5aa6f000 	C:\Windows\SYSTEM32\profapi.dll
0x00007ffd19b70000 - 0x00007ffd19b8a000 	C:\Program Files\Android\Android Studio\jre\bin\net.dll
0x00007ffd53f10000 - 0x00007ffd54019000 	C:\Windows\SYSTEM32\WINHTTP.dll
0x00007ffd5a200000 - 0x00007ffd5a26a000 	C:\Windows\system32\mswsock.dll
0x00007ffd19b50000 - 0x00007ffd19b64000 	C:\Program Files\Android\Android Studio\jre\bin\nio.dll
0x00007ffd4a5e0000 - 0x00007ffd4a607000 	C:\Users\Hello World\.gradle\native\8bec1ad78214c89d9ad589b4d07fe93259594b29d510b10fafb7a158f7737e5d\windows-amd64\native-platform.dll
0x00007ffd41000000 - 0x00007ffd4113d000 	C:\Users\Hello World\.gradle\native\53dbd7edfb1c66fb8903c78663c9afc45aea4f116125fa6feffd364cf09443e8\windows-amd64\native-platform-file-events.dll
0x00007ffd19b40000 - 0x00007ffd19b4a000 	C:\Program Files\Android\Android Studio\jre\bin\management.dll
0x00007ffd19b30000 - 0x00007ffd19b3d000 	C:\Program Files\Android\Android Studio\jre\bin\management_ext.dll
0x00007ffd5a3f0000 - 0x00007ffd5a408000 	C:\Windows\SYSTEM32\CRYPTSP.dll
0x00007ffd59b80000 - 0x00007ffd59bb4000 	C:\Windows\system32\rsaenh.dll
0x00007ffd5ad50000 - 0x00007ffd5ad77000 	C:\Windows\System32\bcrypt.dll
0x00007ffd5a9d0000 - 0x00007ffd5a9fe000 	C:\Windows\SYSTEM32\USERENV.dll
0x00007ffd5a410000 - 0x00007ffd5a41c000 	C:\Windows\SYSTEM32\CRYPTBASE.dll
0x00007ffd59ef0000 - 0x00007ffd59f2b000 	C:\Windows\SYSTEM32\IPHLPAPI.DLL
0x00007ffd5ba50000 - 0x00007ffd5ba58000 	C:\Windows\System32\NSI.dll
0x00007ffd555b0000 - 0x00007ffd555c7000 	C:\Windows\SYSTEM32\dhcpcsvc6.DLL
0x00007ffd55590000 - 0x00007ffd555ad000 	C:\Windows\SYSTEM32\dhcpcsvc.DLL
0x00007ffd59f30000 - 0x00007ffd59ffa000 	C:\Windows\SYSTEM32\DNSAPI.dll
0x00007ffd1b640000 - 0x00007ffd1b667000 	C:\Program Files\Android\Android Studio\jre\bin\sunec.dll
0x00007ffd52bc0000 - 0x00007ffd52bca000 	C:\Windows\System32\rasadhlp.dll
0x00007ffd52280000 - 0x00007ffd522ff000 	C:\Windows\System32\fwpuclnt.dll

dbghelp: loaded successfully - version: 4.0.5 - missing functions: none
symbol engine: initialized successfully - sym options: 0x614 - pdb path: .;C:\Program Files\Android\Android Studio\jre\bin;C:\Windows\SYSTEM32;C:\Windows\WinSxS\amd64_microsoft.windows.common-controls_6595b64144ccf1df_6.0.19041.1110_none_60b5254171f9507e;C:\Program Files\Android\Android Studio\jre\bin\server;C:\Users\Hello World\.gradle\native\8bec1ad78214c89d9ad589b4d07fe93259594b29d510b10fafb7a158f7737e5d\windows-amd64;C:\Users\Hello World\.gradle\native\53dbd7edfb1c66fb8903c78663c9afc45aea4f116125fa6feffd364cf09443e8\windows-amd64

VM Arguments:
jvm_args: --add-opens=java.base/java.util=ALL-UNNAMED --add-opens=java.base/java.lang=ALL-UNNAMED --add-opens=java.base/java.lang.invoke=ALL-UNNAMED --add-opens=java.base/java.util=ALL-UNNAMED --add-opens=java.prefs/java.util.prefs=ALL-UNNAMED --add-opens=java.prefs/java.util.prefs=ALL-UNNAMED --add-opens=java.base/java.nio.charset=ALL-UNNAMED --add-opens=java.base/java.net=ALL-UNNAMED --add-opens=java.base/java.util.concurrent.atomic=ALL-UNNAMED -Xmx2048m -Dfile.encoding=UTF-8 -Duser.country=US -Duser.language=en -Duser.variant 
java_command: org.gradle.launcher.daemon.bootstrap.GradleDaemon 7.0.2
java_class_path (initial): C:\Users\Hello World\.gradle\wrapper\dists\gradle-7.0.2-bin\857tjihv64xamwrf0h14cai3r\gradle-7.0.2\lib\gradle-launcher-7.0.2.jar
Launcher Type: SUN_STANDARD

[Global flags]
     intx CICompilerCount                          = 4                                         {product} {ergonomic}
     uint ConcGCThreads                            = 2                                         {product} {ergonomic}
     uint G1ConcRefinementThreads                  = 8                                         {product} {ergonomic}
   size_t G1HeapRegionSize                         = 1048576                                   {product} {ergonomic}
    uintx GCDrainStackTargetSize                   = 64                                        {product} {ergonomic}
   size_t InitialHeapSize                          = 134217728                                 {product} {ergonomic}
   size_t MarkStackSize                            = 4194304                                   {product} {ergonomic}
   size_t MaxHeapSize                              = 2147483648                                {product} {command line}
   size_t MaxNewSize                               = 1287651328                                {product} {ergonomic}
   size_t MinHeapDeltaBytes                        = 1048576                                   {product} {ergonomic}
    uintx NonNMethodCodeHeapSize                   = 5836300                                {pd product} {ergonomic}
    uintx NonProfiledCodeHeapSize                  = 122910970                              {pd product} {ergonomic}
    uintx ProfiledCodeHeapSize                     = 122910970                              {pd product} {ergonomic}
    uintx ReservedCodeCacheSize                    = 251658240                              {pd product} {ergonomic}
     bool SegmentedCodeCache                       = true                                      {product} {ergonomic}
     bool UseCompressedClassPointers               = true                                 {lp64_product} {ergonomic}
     bool UseCompressedOops                        = true                                 {lp64_product} {ergonomic}
     bool UseG1GC                                  = true                                      {product} {ergonomic}
     bool UseLargePagesIndividualAllocation        = false                                  {pd product} {ergonomic}

Logging:
Log output configuration:
 #0: stdout all=warning uptime,level,tags
 #1: stderr all=off uptime,level,tags

Environment Variables:
PATH=C:\Windows\system32;C:\Windows;C:\Windows\System32\Wbem;C:\Windows\System32\WindowsPowerShell\v1.0\;C:\Windows\System32\OpenSSH\;C:\Users\Hello World\AppData\Local\Programs\Python\Python38\Scripts\;C:\Program Files (x86)\PuTTY\;C:\Users\Hello World\AppData\Local\Microsoft\WindowsApps;C:\Program Files\JetBrains\PyCharm Community Edition 2021.3.2\bin;;C:\Users\Hello World\AppData\Local\Programs\Python\Python38\Scripts\pip.exe;
USERNAME=Hello World
OS=Windows_NT
PROCESSOR_IDENTIFIER=AMD64 Family 25 Model 80 Stepping 0, AuthenticAMD



---------------  S Y S T E M  ---------------

OS: Windows 10 , 64 bit Build 19041 (10.0.19041.1566)
OS uptime: 0 days 22:26 hours
VMWare virtualization detected

CPU:total 8 (initial active 8) (4 cores per cpu, 1 threads per core) family 25 model 80 stepping 0 microcode 0x0, cmov, cx8, fxsr, mmx, sse, sse2, sse3, ssse3, sse4.1, sse4.2, popcnt, avx, avx2, aes, clmul, erms, mmxext, 3dnowpref, lzcnt, sse4a, tsc, tscinvbit, tscinv, bmi1, bmi2, adx,

Memory: 4k page, system-wide physical 8191M (335M free)
TotalPageFile size 15152M (AvailPageFile size 149M)
current process WorkingSet (physical memory assigned to process): 407M, peak: 519M
current process commit charge ("private bytes"): 726M, peak: 1044M

vm_info: OpenJDK 64-Bit Server VM (11.0.11+9-b60-7590822) for windows-amd64 JRE (11.0.11+9-b60-7590822), built on Jul 29 2021 21:43:44 by "builder" with MS VC++ 14.0 (VS2015)

END.
