#
# There is insufficient memory for the Java Runtime Environment to continue.
# Native memory allocation (mmap) failed to map 179306496 bytes for Failed to commit area from 0x0000000092100000 to 0x000000009cc00000 of length 179306496.
# Possible reasons:
#   The system is out of physical RAM or swap space
#   The process is running with CompressedOops enabled, and the Java Heap may be blocking the growth of the native heap
# Possible solutions:
#   Reduce memory load on the system
#   Increase physical memory or swap space
#   Check if swap backing store is full
#   Decrease Java heap size (-Xmx/-Xms)
#   Decrease number of Java threads
#   Decrease Java thread stack sizes (-Xss)
#   Set larger code cache with -XX:ReservedCodeCacheSize=
#   JVM is running with Unscaled Compressed Oops mode in which the Java heap is
#     placed in the first 4GB address space. The Java Heap base address is the
#     maximum limit for the native heap growth. Please use -XX:HeapBaseMinAddress
#     to set the Java Heap base and to place the Java Heap above 4GB virtual address.
# This output file may be truncated or incomplete.
#
#  Out of Memory Error (./src/hotspot/os/windows/os_windows.cpp:3301), pid=1604, tid=12224
#
# JRE version: OpenJDK Runtime Environment (11.0.11+9) (build 11.0.11+9-b60-7590822)
# Java VM: OpenJDK 64-Bit Server VM (11.0.11+9-b60-7590822, mixed mode, tiered, compressed oops, g1 gc, windows-amd64)
# No core dump will be written. Minidumps are not enabled by default on client versions of Windows
#

---------------  S U M M A R Y ------------

Command Line: --add-opens=java.base/java.util=ALL-UNNAMED --add-opens=java.base/java.lang=ALL-UNNAMED --add-opens=java.base/java.lang.invoke=ALL-UNNAMED --add-opens=java.base/java.util=ALL-UNNAMED --add-opens=java.prefs/java.util.prefs=ALL-UNNAMED --add-opens=java.prefs/java.util.prefs=ALL-UNNAMED --add-opens=java.base/java.nio.charset=ALL-UNNAMED --add-opens=java.base/java.net=ALL-UNNAMED --add-opens=java.base/java.util.concurrent.atomic=ALL-UNNAMED -Xmx2048m -Dfile.encoding=UTF-8 -Duser.country=US -Duser.language=en -Duser.variant org.gradle.launcher.daemon.bootstrap.GradleDaemon 7.0.2

Host: AMD Ryzen 7 5800H with Radeon Graphics         , 8 cores, 7G,  Windows 10 , 64 bit Build 19041 (10.0.19041.1566)
Time: Wed Mar 30 03:41:47 2022 Pacific Daylight Time elapsed time: 36.411628 seconds (0d 0h 0m 36s)

---------------  T H R E A D  ---------------

Current thread (0x000001a438111000):  VMThread "VM Thread" [stack: 0x0000008bc4900000,0x0000008bc4a00000] [id=12224]

Stack: [0x0000008bc4900000,0x0000008bc4a00000]
[error occurred during error reporting (printing stack bounds), id 0xc0000005, EXCEPTION_ACCESS_VIOLATION (0xc0000005) at pc=0x000001a420fa0f2d]

Native frames: (J=compiled Java code, j=interpreted, Vv=VM code, C=native code)
V  [jvm.dll+0x5f214a]
V  [jvm.dll+0x726fb5]
V  [jvm.dll+0x7285cd]
V  [jvm.dll+0x728be5]
V  [jvm.dll+0x728b9b]
V  [jvm.dll+0x5f14e8]
V  [jvm.dll+0x5f1c78]
C  [ntdll.dll+0xa20cf]
C  [ntdll.dll+0x51454]
C  [ntdll.dll+0xa0bfe]
C  0x000001a420fa0f2d

VM_Operation (0x0000008bc7bf93f0): G1CollectForAllocation, mode: safepoint, requested by thread 0x000001a43ca94000


---------------  P R O C E S S  ---------------

Threads class SMR info:
_java_thread_list=0x000001a4408783c0, length=72, elements={
0x000001a41d49c000, 0x000001a438114000, 0x000001a438118000, 0x000001a438a93800,
0x000001a438a95800, 0x000001a438a96800, 0x000001a438a9c800, 0x000001a438aa0000,
0x000001a438aa1800, 0x000001a438be7800, 0x000001a43a31c000, 0x000001a43a3f7000,
0x000001a4399b8800, 0x000001a43a57d000, 0x000001a43a8e7800, 0x000001a43af4b800,
0x000001a43b0f6800, 0x000001a439fda800, 0x000001a43a8bd000, 0x000001a43a8b9000,
0x000001a43a8bc800, 0x000001a43a8bb800, 0x000001a43a8b7800, 0x000001a43a8ba000,
0x000001a43a8be000, 0x000001a43a8b8000, 0x000001a43a8ba800, 0x000001a43ca8d000,
0x000001a43ca8a800, 0x000001a43ca8f800, 0x000001a43ca8d800, 0x000001a43ca89800,
0x000001a43ca90000, 0x000001a43ca97800, 0x000001a43ca95000, 0x000001a43ca96800,
0x000001a43ca92000, 0x000001a43ca93800, 0x000001a43ca98800, 0x000001a43ca94000,
0x000001a43ca96000, 0x000001a43afeb800, 0x000001a43afec800, 0x000001a43afee000,
0x000001a43afef800, 0x000001a43afee800, 0x000001a43afea000, 0x000001a43afed000,
0x000001a43aff0800, 0x000001a43afea800, 0x000001a43aff7000, 0x000001a43aff3800,
0x000001a43aff2000, 0x000001a43aff5000, 0x000001a43aff7800, 0x000001a43aff6000,
0x000001a43aff8800, 0x000001a43aff3000, 0x000001a43c14e000, 0x000001a43c14f000,
0x000001a43c14f800, 0x000001a43c152000, 0x000001a43c150800, 0x000001a43c153000,
0x000001a43c14d000, 0x000001a43c159800, 0x000001a43c156000, 0x000001a43c153800,
0x000001a43c15a000, 0x000001a438ce9000, 0x000001a43e874800, 0x000001a43c158800
}

Java Threads: ( => current thread )
  0x000001a41d49c000 JavaThread "main" [_thread_blocked, id=14756, stack(0x0000008bc4300000,0x0000008bc4400000)]
  0x000001a438114000 JavaThread "Reference Handler" daemon [_thread_blocked, id=4044, stack(0x0000008bc4a00000,0x0000008bc4b00000)]
  0x000001a438118000 JavaThread "Finalizer" daemon [_thread_blocked, id=3980, stack(0x0000008bc4b00000,0x0000008bc4c00000)]
  0x000001a438a93800 JavaThread "Signal Dispatcher" daemon [_thread_blocked, id=5976, stack(0x0000008bc4c00000,0x0000008bc4d00000)]
  0x000001a438a95800 JavaThread "Attach Listener" daemon [_thread_blocked, id=13112, stack(0x0000008bc4d00000,0x0000008bc4e00000)]
  0x000001a438a96800 JavaThread "Service Thread" daemon [_thread_blocked, id=13664, stack(0x0000008bc4e00000,0x0000008bc4f00000)]
  0x000001a438a9c800 JavaThread "C2 CompilerThread0" daemon [_thread_blocked, id=10284, stack(0x0000008bc4f00000,0x0000008bc5000000)]
  0x000001a438aa0000 JavaThread "C1 CompilerThread0" daemon [_thread_blocked, id=15888, stack(0x0000008bc5000000,0x0000008bc5100000)]
  0x000001a438aa1800 JavaThread "Sweeper thread" daemon [_thread_blocked, id=11612, stack(0x0000008bc5100000,0x0000008bc5200000)]
  0x000001a438be7800 JavaThread "Common-Cleaner" daemon [_thread_blocked, id=12268, stack(0x0000008bc5200000,0x0000008bc5300000)]
  0x000001a43a31c000 JavaThread "Daemon health stats" [_thread_blocked, id=5268, stack(0x0000008bc5700000,0x0000008bc5800000)]
  0x000001a43a3f7000 JavaThread "Incoming local TCP Connector on port 59161" [_thread_in_native, id=11980, stack(0x0000008bc5800000,0x0000008bc5900000)]
  0x000001a4399b8800 JavaThread "Daemon periodic checks" [_thread_blocked, id=8372, stack(0x0000008bc5900000,0x0000008bc5a00000)]
  0x000001a43a57d000 JavaThread "Daemon" [_thread_blocked, id=8832, stack(0x0000008bc5a00000,0x0000008bc5b00000)]
  0x000001a43a8e7800 JavaThread "Handler for socket connection from /127.0.0.1:59161 to /127.0.0.1:59162" [_thread_in_native, id=13568, stack(0x0000008bc5b00000,0x0000008bc5c00000)]
  0x000001a43af4b800 JavaThread "Cancel handler" [_thread_blocked, id=11760, stack(0x0000008bc5c00000,0x0000008bc5d00000)]
  0x000001a43b0f6800 JavaThread "Daemon worker" [_thread_blocked, id=15644, stack(0x0000008bc5d00000,0x0000008bc5e00000)]
  0x000001a439fda800 JavaThread "Asynchronous log dispatcher for DefaultDaemonConnection: socket connection from /127.0.0.1:59161 to /127.0.0.1:59162" [_thread_blocked, id=5684, stack(0x0000008bc5e00000,0x0000008bc5f00000)]
  0x000001a43a8bd000 JavaThread "Stdin handler" [_thread_blocked, id=1064, stack(0x0000008bc5f00000,0x0000008bc6000000)]
  0x000001a43a8b9000 JavaThread "Daemon client event forwarder" [_thread_blocked, id=7036, stack(0x0000008bc6000000,0x0000008bc6100000)]
  0x000001a43a8bc800 JavaThread "Cache worker for file hash cache (C:\Users\Hello World\.gradle\caches\7.0.2\fileHashes)" [_thread_blocked, id=8996, stack(0x0000008bc6600000,0x0000008bc6700000)]
  0x000001a43a8bb800 JavaThread "File lock request listener" [_thread_in_native, id=6736, stack(0x0000008bc6700000,0x0000008bc6800000)]
  0x000001a43a8b7800 JavaThread "Cache worker for journal cache (C:\Users\Hello World\.gradle\caches\journal-1)" [_thread_blocked, id=2052, stack(0x0000008bc6900000,0x0000008bc6a00000)]
  0x000001a43a8ba000 JavaThread "Cache worker for file hash cache (C:\Users\Hello World\Downloads\New folder\AndroidLibrary\.gradle\7.0.2\fileHashes)" [_thread_blocked, id=6500, stack(0x0000008bc6a00000,0x0000008bc6b00000)]
  0x000001a43a8be000 JavaThread "File watcher server" daemon [_thread_blocked, id=15372, stack(0x0000008bc6b00000,0x0000008bc6c00000)]
  0x000001a43a8b8000 JavaThread "File watcher consumer" daemon [_thread_blocked, id=14256, stack(0x0000008bc6c00000,0x0000008bc6d00000)]
  0x000001a43a8ba800 JavaThread "Cache worker for checksums cache (C:\Users\Hello World\Downloads\New folder\AndroidLibrary\.gradle\checksums)" [_thread_blocked, id=11140, stack(0x0000008bc6d00000,0x0000008bc6e00000)]
  0x000001a43ca8d000 JavaThread "Cache worker for cache directory md-supplier (C:\Users\Hello World\.gradle\caches\7.0.2\md-supplier)" [_thread_blocked, id=4472, stack(0x0000008bc6e00000,0x0000008bc6f00000)]
  0x000001a43ca8a800 JavaThread "Cache worker for cache directory md-rule (C:\Users\Hello World\.gradle\caches\7.0.2\md-rule)" [_thread_blocked, id=2132, stack(0x0000008bc7000000,0x0000008bc7100000)]
  0x000001a43ca8f800 JavaThread "Cache worker for execution history cache (C:\Users\Hello World\.gradle\caches\7.0.2\executionHistory)" [_thread_blocked, id=2336, stack(0x0000008bc7100000,0x0000008bc7200000)]
  0x000001a43ca8d800 JavaThread "jar transforms" [_thread_blocked, id=11828, stack(0x0000008bc7200000,0x0000008bc7300000)]
  0x000001a43ca89800 JavaThread "jar transforms Thread 2" [_thread_blocked, id=15408, stack(0x0000008bc7300000,0x0000008bc7400000)]
  0x000001a43ca90000 JavaThread "Cache worker for file content cache (C:\Users\Hello World\.gradle\caches\7.0.2\fileContent)" [_thread_blocked, id=7196, stack(0x0000008bc7400000,0x0000008bc7500000)]
  0x000001a43ca97800 JavaThread "Cache worker for dependencies-accessors (C:\Users\Hello World\Downloads\New folder\AndroidLibrary\.gradle\7.0.2\dependencies-accessors)" [_thread_blocked, id=7144, stack(0x0000008bc7500000,0x0000008bc7600000)]
  0x000001a43ca95000 JavaThread "jar transforms Thread 3" [_thread_blocked, id=4744, stack(0x0000008bc7600000,0x0000008bc7700000)]
  0x000001a43ca96800 JavaThread "Exec process" [_thread_blocked, id=7412, stack(0x0000008bc7700000,0x0000008bc7800000)]
  0x000001a43ca92000 JavaThread "Exec process Thread 2" [_thread_blocked, id=544, stack(0x0000008bc7800000,0x0000008bc7900000)]
  0x000001a43ca93800 JavaThread "Exec process Thread 3" [_thread_blocked, id=6960, stack(0x0000008bc7900000,0x0000008bc7a00000)]
  0x000001a43ca98800 JavaThread "Cache worker for Build Output Cleanup Cache (C:\Users\Hello World\Downloads\New folder\AndroidLibrary\.gradle\buildOutputCleanup)" [_thread_blocked, id=10524, stack(0x0000008bc6f00000,0x0000008bc7000000)]
  0x000001a43ca94000 JavaThread "Build operations" [_thread_blocked, id=11092, stack(0x0000008bc7b00000,0x0000008bc7c00000)]
  0x000001a43ca96000 JavaThread "Build operations Thread 2" [_thread_blocked, id=7336, stack(0x0000008bc7c00000,0x0000008bc7d00000)]
  0x000001a43afeb800 JavaThread "Build operations Thread 3" [_thread_blocked, id=14672, stack(0x0000008bc7d00000,0x0000008bc7e00000)]
  0x000001a43afec800 JavaThread "Build operations Thread 4" [_thread_blocked, id=9312, stack(0x0000008bc7e00000,0x0000008bc7f00000)]
  0x000001a43afee000 JavaThread "Build operations Thread 5" [_thread_blocked, id=2744, stack(0x0000008bc7f00000,0x0000008bc8000000)]
  0x000001a43afef800 JavaThread "Build operations Thread 6" [_thread_blocked, id=15908, stack(0x0000008bc8000000,0x0000008bc8100000)]
  0x000001a43afee800 JavaThread "Build operations Thread 7" [_thread_blocked, id=1692, stack(0x0000008bc8100000,0x0000008bc8200000)]
  0x000001a43afea000 JavaThread "Build operations Thread 8" [_thread_blocked, id=12684, stack(0x0000008bc8200000,0x0000008bc8300000)]
  0x000001a43afed000 JavaThread "jar transforms Thread 4" [_thread_blocked, id=5756, stack(0x0000008bc8300000,0x0000008bc8400000)]
  0x000001a43aff0800 JavaThread "jar transforms Thread 5" [_thread_blocked, id=9624, stack(0x0000008bc8400000,0x0000008bc8500000)]
  0x000001a43afea800 JavaThread "jar transforms Thread 6" [_thread_blocked, id=14700, stack(0x0000008bc8500000,0x0000008bc8600000)]
  0x000001a43aff7000 JavaThread "jar transforms Thread 7" [_thread_blocked, id=9936, stack(0x0000008bc8600000,0x0000008bc8700000)]
  0x000001a43aff3800 JavaThread "jar transforms Thread 8" [_thread_blocked, id=13096, stack(0x0000008bc8700000,0x0000008bc8800000)]
  0x000001a43aff2000 JavaThread "Memory manager" [_thread_blocked, id=15072, stack(0x0000008bc8800000,0x0000008bc8900000)]
  0x000001a43aff5000 JavaThread "build event listener" [_thread_blocked, id=12300, stack(0x0000008bc8900000,0x0000008bc8a00000)]
  0x000001a43aff7800 JavaThread "Execution worker for ':'" [_thread_blocked, id=5724, stack(0x0000008bc8a00000,0x0000008bc8b00000)]
  0x000001a43aff6000 JavaThread "Execution worker for ':' Thread 2" [_thread_blocked, id=14940, stack(0x0000008bc8b00000,0x0000008bc8c00000)]
  0x000001a43aff8800 JavaThread "Execution worker for ':' Thread 3" [_thread_blocked, id=3560, stack(0x0000008bc8c00000,0x0000008bc8d00000)]
  0x000001a43aff3000 JavaThread "Execution worker for ':' Thread 4" [_thread_blocked, id=5696, stack(0x0000008bc8d00000,0x0000008bc8e00000)]
  0x000001a43c14e000 JavaThread "Execution worker for ':' Thread 5" [_thread_blocked, id=9348, stack(0x0000008bc8e00000,0x0000008bc8f00000)]
  0x000001a43c14f000 JavaThread "Execution worker for ':' Thread 6" [_thread_blocked, id=9016, stack(0x0000008bc8f00000,0x0000008bc9000000)]
  0x000001a43c14f800 JavaThread "Execution worker for ':' Thread 7" [_thread_blocked, id=12540, stack(0x0000008bc9000000,0x0000008bc9100000)]
  0x000001a43c152000 JavaThread "Cache worker for execution history cache (C:\Users\Hello World\Downloads\New folder\AndroidLibrary\.gradle\7.0.2\executionHistory)" [_thread_blocked, id=11772, stack(0x0000008bc9100000,0x0000008bc9200000)]
  0x000001a43c150800 JavaThread "WorkerExecutor Queue" [_thread_blocked, id=15340, stack(0x0000008bc7a00000,0x0000008bc7b00000)]
  0x000001a43c153000 JavaThread "RMI Scheduler(0)" daemon [_thread_blocked, id=7664, stack(0x0000008bc9200000,0x0000008bc9300000)]
  0x000001a43c14d000 JavaThread "RMI RenewClean-[127.0.0.1:17851,org.jetbrains.kotlin.daemon.common.LoopbackNetworkInterface$ClientLoopbackSocketFactory@69172392]" daemon [_thread_in_native, id=7136, stack(0x0000008bc9300000,0x0000008bc9400000)]
  0x000001a43c159800 JavaThread "RMI GC Daemon" daemon [_thread_blocked, id=4600, stack(0x0000008bc9400000,0x0000008bc9500000)]
  0x000001a43c156000 JavaThread "RMI TCP Accept-0" daemon [_thread_in_native, id=972, stack(0x0000008bc9500000,0x0000008bc9600000)]
  0x000001a43c153800 JavaThread "RMI Reaper" [_thread_blocked, id=3112, stack(0x0000008bc9600000,0x0000008bc9700000)]
  0x000001a43c15a000 JavaThread "RMI TCP Connection(idle)" daemon [_thread_blocked, id=8760, stack(0x0000008bc9700000,0x0000008bc9800000)]
  0x000001a438ce9000 JavaThread "C2 CompilerThread1" daemon [_thread_blocked, id=8772, stack(0x0000008bc9900000,0x0000008bc9a00000)]
  0x000001a43e874800 JavaThread "C2 CompilerThread2" daemon [_thread_in_native, id=3412, stack(0x0000008bc9a00000,0x0000008bc9b00000)]
  0x000001a43c158800 JavaThread "WorkerExecutor Queue Thread 2" [_thread_blocked, id=13276, stack(0x0000008bc9b00000,0x0000008bc9c00000)]

Other Threads:
=>0x000001a438111000 VMThread "VM Thread" [stack: 0x0000008bc4900000,0x0000008bc4a00000] [id=12224]
  0x000001a438c0d000 WatcherThread [stack: 0x0000008bc5300000,0x0000008bc5400000] [id=1280]
  0x000001a41d4b3800 GCTaskThread "GC Thread#0" [stack: 0x0000008bc4400000,0x0000008bc4500000] [id=5168]
  0x000001a4398a1000 GCTaskThread "GC Thread#1" [stack: 0x0000008bc5500000,0x0000008bc5600000] [id=896]
  0x000001a439429000 GCTaskThread "GC Thread#2" [stack: 0x0000008bc5600000,0x0000008bc5700000] [id=3912]
  0x000001a43a91e000 GCTaskThread "GC Thread#3" [stack: 0x0000008bc6100000,0x0000008bc6200000] [id=16076]
  0x000001a43c26a000 GCTaskThread "GC Thread#4" [stack: 0x0000008bc6200000,0x0000008bc6300000] [id=4544]
  0x000001a43c26b000 GCTaskThread "GC Thread#5" [stack: 0x0000008bc6300000,0x0000008bc6400000] [id=9472]
  0x000001a43a918000 GCTaskThread "GC Thread#6" [stack: 0x0000008bc6400000,0x0000008bc6500000] [id=8904]
  0x000001a43a22b800 GCTaskThread "GC Thread#7" [stack: 0x0000008bc6500000,0x0000008bc6600000] [id=2716]
  0x000001a41d4e5800 ConcurrentGCThread "G1 Main Marker" [stack: 0x0000008bc4500000,0x0000008bc4600000] [id=11048]
  0x000001a41d4e9000 ConcurrentGCThread "G1 Conc#0" [stack: 0x0000008bc4600000,0x0000008bc4700000] [id=2312]
  0x000001a43a47d800 ConcurrentGCThread "G1 Conc#1" [stack: 0x0000008bc6800000,0x0000008bc6900000] [id=7024]
  0x000001a437f60800 ConcurrentGCThread "G1 Refine#0" [stack: 0x0000008bc4700000,0x0000008bc4800000] [id=5592]
  0x000001a437f61000 ConcurrentGCThread "G1 Young RemSet Sampling" [stack: 0x0000008bc4800000,0x0000008bc4900000] [id=13088]

Threads with active compile tasks:
C2 CompilerThread0  36418 14106 %     4       com.android.tools.r8.internal.Lv::a @ 337 (455 bytes)
C1 CompilerThread0  36418 14163 %     3       com.android.tools.r8.internal.Me::C @ 22 (79 bytes)
C2 CompilerThread1  36418 14147       4       com.android.tools.r8.internal.Oe::next (114 bytes)
C2 CompilerThread2  36418 14019 %     4       com.android.tools.r8.internal.Me::G @ 138 (324 bytes)

VM state:at safepoint (normal execution)

VM Mutex/Monitor currently owned by a thread:  ([mutex/lock_event])
[0x000001a41d499640] Threads_lock - owner thread: 0x000001a438111000
[0x000001a41d4992e0] Heap_lock - owner thread: 0x000001a43ca94000

Heap address: 0x0000000080000000, size: 2048 MB, Compressed Oops mode: 32-bit
Narrow klass base: 0x0000000000000000, Narrow klass shift: 3
Compressed class space size: 1073741824 Address: 0x0000000100000000

Heap:
 garbage-first heap   total 471040K, used 157578K [0x0000000080000000, 0x0000000100000000)
  region size 1024K, 4 young (4096K), 4 survivors (4096K)
 Metaspace       used 106421K, capacity 109230K, committed 109568K, reserved 1142784K
  class space    used 14101K, capacity 15202K, committed 15360K, reserved 1048576K
Heap Regions: E=young(eden), S=young(survivor), O=old, HS=humongous(starts), HC=humongous(continues), CS=collection set, F=free, A=archive, TAMS=top-at-mark-start (previous, next)
|   0|0x0000000080000000, 0x0000000080100000, 0x0000000080100000|100%| O|  |TAMS 0x0000000080100000, 0x0000000080100000| Untracked 
|   1|0x0000000080100000, 0x0000000080200000, 0x0000000080200000|100%| O|  |TAMS 0x0000000080200000, 0x0000000080200000| Untracked 
|   2|0x0000000080200000, 0x0000000080300000, 0x0000000080300000|100%| O|  |TAMS 0x0000000080300000, 0x0000000080300000| Untracked 
|   3|0x0000000080300000, 0x0000000080400000, 0x0000000080400000|100%|HS|  |TAMS 0x0000000080400000, 0x0000000080400000| Complete 
|   4|0x0000000080400000, 0x0000000080500000, 0x0000000080500000|100%|HC|  |TAMS 0x0000000080500000, 0x0000000080500000| Complete 
|   5|0x0000000080500000, 0x0000000080600000, 0x0000000080600000|100%|HC|  |TAMS 0x0000000080600000, 0x0000000080600000| Complete 
|   6|0x0000000080600000, 0x0000000080700000, 0x0000000080700000|100%| O|  |TAMS 0x0000000080700000, 0x0000000080700000| Untracked 
|   7|0x0000000080700000, 0x0000000080800000, 0x0000000080800000|100%| O|  |TAMS 0x0000000080800000, 0x0000000080800000| Untracked 
|   8|0x0000000080800000, 0x0000000080900000, 0x0000000080900000|100%| O|  |TAMS 0x0000000080900000, 0x0000000080900000| Untracked 
|   9|0x0000000080900000, 0x0000000080a00000, 0x0000000080a00000|100%| O|  |TAMS 0x0000000080a00000, 0x0000000080a00000| Untracked 
|  10|0x0000000080a00000, 0x0000000080b00000, 0x0000000080b00000|100%| O|  |TAMS 0x0000000080b00000, 0x0000000080b00000| Untracked 
|  11|0x0000000080b00000, 0x0000000080c00000, 0x0000000080c00000|100%| O|  |TAMS 0x0000000080c00000, 0x0000000080c00000| Untracked 
|  12|0x0000000080c00000, 0x0000000080d00000, 0x0000000080d00000|100%| O|  |TAMS 0x0000000080d00000, 0x0000000080d00000| Untracked 
|  13|0x0000000080d00000, 0x0000000080e00000, 0x0000000080e00000|100%| O|  |TAMS 0x0000000080e00000, 0x0000000080e00000| Untracked 
|  14|0x0000000080e00000, 0x0000000080f00000, 0x0000000080f00000|100%| O|  |TAMS 0x0000000080f00000, 0x0000000080f00000| Untracked 
|  15|0x0000000080f00000, 0x0000000081000000, 0x0000000081000000|100%| O|  |TAMS 0x0000000081000000, 0x0000000081000000| Untracked 
|  16|0x0000000081000000, 0x0000000081100000, 0x0000000081100000|100%|HS|  |TAMS 0x0000000081100000, 0x0000000081100000| Complete 
|  17|0x0000000081100000, 0x0000000081200000, 0x0000000081200000|100%| O|  |TAMS 0x0000000081200000, 0x0000000081200000| Untracked 
|  18|0x0000000081200000, 0x0000000081300000, 0x0000000081300000|100%| O|  |TAMS 0x0000000081300000, 0x0000000081300000| Untracked 
|  19|0x0000000081300000, 0x0000000081400000, 0x0000000081400000|100%| O|  |TAMS 0x0000000081400000, 0x0000000081400000| Untracked 
|  20|0x0000000081400000, 0x0000000081500000, 0x0000000081500000|100%| O|  |TAMS 0x0000000081500000, 0x0000000081500000| Untracked 
|  21|0x0000000081500000, 0x0000000081600000, 0x0000000081600000|100%| O|  |TAMS 0x0000000081600000, 0x0000000081600000| Untracked 
|  22|0x0000000081600000, 0x0000000081700000, 0x0000000081700000|100%| O|  |TAMS 0x0000000081700000, 0x0000000081700000| Untracked 
|  23|0x0000000081700000, 0x0000000081800000, 0x0000000081800000|100%|HS|  |TAMS 0x0000000081800000, 0x0000000081800000| Complete 
|  24|0x0000000081800000, 0x0000000081900000, 0x0000000081900000|100%|HS|  |TAMS 0x0000000081900000, 0x0000000081900000| Complete 
|  25|0x0000000081900000, 0x0000000081a00000, 0x0000000081a00000|100%|HS|  |TAMS 0x0000000081a00000, 0x0000000081a00000| Complete 
|  26|0x0000000081a00000, 0x0000000081b00000, 0x0000000081b00000|100%|HC|  |TAMS 0x0000000081b00000, 0x0000000081b00000| Complete 
|  27|0x0000000081b00000, 0x0000000081c00000, 0x0000000081c00000|100%|HC|  |TAMS 0x0000000081c00000, 0x0000000081c00000| Complete 
|  28|0x0000000081c00000, 0x0000000081d00000, 0x0000000081d00000|100%|HS|  |TAMS 0x0000000081d00000, 0x0000000081d00000| Complete 
|  29|0x0000000081d00000, 0x0000000081e00000, 0x0000000081e00000|100%|HC|  |TAMS 0x0000000081e00000, 0x0000000081e00000| Complete 
|  30|0x0000000081e00000, 0x0000000081f00000, 0x0000000081f00000|100%| O|  |TAMS 0x0000000081f00000, 0x0000000081f00000| Untracked 
|  31|0x0000000081f00000, 0x0000000082000000, 0x0000000082000000|100%| O|  |TAMS 0x0000000082000000, 0x0000000082000000| Untracked 
|  32|0x0000000082000000, 0x0000000082100000, 0x0000000082100000|100%| O|  |TAMS 0x0000000082100000, 0x0000000082100000| Untracked 
|  33|0x0000000082100000, 0x0000000082200000, 0x0000000082200000|100%| O|  |TAMS 0x0000000082200000, 0x0000000082200000| Untracked 
|  34|0x0000000082200000, 0x0000000082300000, 0x0000000082300000|100%| O|  |TAMS 0x0000000082300000, 0x0000000082300000| Untracked 
|  35|0x0000000082300000, 0x0000000082400000, 0x0000000082400000|100%| O|  |TAMS 0x0000000082400000, 0x0000000082400000| Untracked 
|  36|0x0000000082400000, 0x0000000082500000, 0x0000000082500000|100%| O|  |TAMS 0x0000000082500000, 0x0000000082500000| Untracked 
|  37|0x0000000082500000, 0x0000000082600000, 0x0000000082600000|100%| O|  |TAMS 0x0000000082600000, 0x0000000082600000| Untracked 
|  38|0x0000000082600000, 0x0000000082700000, 0x0000000082700000|100%| O|  |TAMS 0x0000000082700000, 0x0000000082700000| Untracked 
|  39|0x0000000082700000, 0x0000000082800000, 0x0000000082800000|100%| O|  |TAMS 0x0000000082800000, 0x0000000082800000| Untracked 
|  40|0x0000000082800000, 0x0000000082900000, 0x0000000082900000|100%| O|  |TAMS 0x0000000082900000, 0x0000000082900000| Untracked 
|  41|0x0000000082900000, 0x0000000082a00000, 0x0000000082a00000|100%| O|  |TAMS 0x0000000082a00000, 0x0000000082a00000| Untracked 
|  42|0x0000000082a00000, 0x0000000082b00000, 0x0000000082b00000|100%| O|  |TAMS 0x0000000082b00000, 0x0000000082b00000| Untracked 
|  43|0x0000000082b00000, 0x0000000082c00000, 0x0000000082c00000|100%| O|  |TAMS 0x0000000082c00000, 0x0000000082c00000| Untracked 
|  44|0x0000000082c00000, 0x0000000082d00000, 0x0000000082d00000|100%| O|  |TAMS 0x0000000082d00000, 0x0000000082d00000| Untracked 
|  45|0x0000000082d00000, 0x0000000082e00000, 0x0000000082e00000|100%| O|  |TAMS 0x0000000082e00000, 0x0000000082e00000| Untracked 
|  46|0x0000000082e00000, 0x0000000082f00000, 0x0000000082f00000|100%| O|  |TAMS 0x0000000082f00000, 0x0000000082f00000| Untracked 
|  47|0x0000000082f00000, 0x0000000083000000, 0x0000000083000000|100%| O|  |TAMS 0x0000000083000000, 0x0000000083000000| Untracked 
|  48|0x0000000083000000, 0x0000000083100000, 0x0000000083100000|100%| O|  |TAMS 0x0000000083100000, 0x0000000083100000| Untracked 
|  49|0x0000000083100000, 0x0000000083200000, 0x0000000083200000|100%| O|  |TAMS 0x0000000083200000, 0x0000000083200000| Untracked 
|  50|0x0000000083200000, 0x0000000083300000, 0x0000000083300000|100%| O|  |TAMS 0x0000000083300000, 0x0000000083300000| Untracked 
|  51|0x0000000083300000, 0x0000000083400000, 0x0000000083400000|100%| O|  |TAMS 0x0000000083400000, 0x0000000083400000| Untracked 
|  52|0x0000000083400000, 0x0000000083500000, 0x0000000083500000|100%| O|  |TAMS 0x0000000083500000, 0x0000000083500000| Untracked 
|  53|0x0000000083500000, 0x0000000083600000, 0x0000000083600000|100%| O|  |TAMS 0x0000000083600000, 0x0000000083600000| Untracked 
|  54|0x0000000083600000, 0x0000000083700000, 0x0000000083700000|100%| O|  |TAMS 0x0000000083700000, 0x0000000083700000| Untracked 
|  55|0x0000000083700000, 0x0000000083800000, 0x0000000083800000|100%| O|  |TAMS 0x0000000083800000, 0x0000000083800000| Untracked 
|  56|0x0000000083800000, 0x0000000083900000, 0x0000000083900000|100%| O|  |TAMS 0x0000000083900000, 0x0000000083900000| Untracked 
|  57|0x0000000083900000, 0x0000000083a00000, 0x0000000083a00000|100%| O|  |TAMS 0x0000000083a00000, 0x0000000083a00000| Untracked 
|  58|0x0000000083a00000, 0x0000000083b00000, 0x0000000083b00000|100%| O|  |TAMS 0x0000000083b00000, 0x0000000083b00000| Untracked 
|  59|0x0000000083b00000, 0x0000000083c00000, 0x0000000083c00000|100%| O|  |TAMS 0x0000000083c00000, 0x0000000083c00000| Untracked 
|  60|0x0000000083c00000, 0x0000000083d00000, 0x0000000083d00000|100%| O|  |TAMS 0x0000000083d00000, 0x0000000083d00000| Untracked 
|  61|0x0000000083d00000, 0x0000000083e00000, 0x0000000083e00000|100%| O|  |TAMS 0x0000000083e00000, 0x0000000083e00000| Untracked 
|  62|0x0000000083e00000, 0x0000000083f00000, 0x0000000083f00000|100%| O|  |TAMS 0x0000000083f00000, 0x0000000083f00000| Untracked 
|  63|0x0000000083f00000, 0x0000000084000000, 0x0000000084000000|100%| O|  |TAMS 0x0000000084000000, 0x0000000084000000| Untracked 
|  64|0x0000000084000000, 0x0000000084100000, 0x0000000084100000|100%| O|  |TAMS 0x0000000084100000, 0x0000000084100000| Untracked 
|  65|0x0000000084100000, 0x0000000084200000, 0x0000000084200000|100%| O|  |TAMS 0x0000000084200000, 0x0000000084200000| Untracked 
|  66|0x0000000084200000, 0x0000000084300000, 0x0000000084300000|100%| O|  |TAMS 0x0000000084300000, 0x0000000084300000| Untracked 
|  67|0x0000000084300000, 0x0000000084400000, 0x0000000084400000|100%| O|  |TAMS 0x0000000084400000, 0x0000000084400000| Untracked 
|  68|0x0000000084400000, 0x0000000084500000, 0x0000000084500000|100%| O|  |TAMS 0x0000000084500000, 0x0000000084500000| Untracked 
|  69|0x0000000084500000, 0x0000000084600000, 0x0000000084600000|100%| O|  |TAMS 0x0000000084600000, 0x0000000084600000| Untracked 
|  70|0x0000000084600000, 0x0000000084700000, 0x0000000084700000|100%| O|  |TAMS 0x0000000084700000, 0x0000000084700000| Untracked 
|  71|0x0000000084700000, 0x0000000084800000, 0x0000000084800000|100%| O|  |TAMS 0x0000000084800000, 0x0000000084800000| Untracked 
|  72|0x0000000084800000, 0x0000000084900000, 0x0000000084900000|100%| O|  |TAMS 0x0000000084900000, 0x0000000084900000| Untracked 
|  73|0x0000000084900000, 0x0000000084a00000, 0x0000000084a00000|100%| O|  |TAMS 0x0000000084a00000, 0x0000000084a00000| Untracked 
|  74|0x0000000084a00000, 0x0000000084b00000, 0x0000000084b00000|100%| O|  |TAMS 0x0000000084b00000, 0x0000000084b00000| Untracked 
|  75|0x0000000084b00000, 0x0000000084c00000, 0x0000000084c00000|100%| O|  |TAMS 0x0000000084c00000, 0x0000000084c00000| Untracked 
|  76|0x0000000084c00000, 0x0000000084d00000, 0x0000000084d00000|100%| O|  |TAMS 0x0000000084d00000, 0x0000000084d00000| Untracked 
|  77|0x0000000084d00000, 0x0000000084e00000, 0x0000000084e00000|100%| O|  |TAMS 0x0000000084e00000, 0x0000000084e00000| Untracked 
|  78|0x0000000084e00000, 0x0000000084f00000, 0x0000000084f00000|100%| O|  |TAMS 0x0000000084f00000, 0x0000000084f00000| Untracked 
|  79|0x0000000084f00000, 0x0000000085000000, 0x0000000085000000|100%| O|  |TAMS 0x0000000085000000, 0x0000000085000000| Untracked 
|  80|0x0000000085000000, 0x0000000085100000, 0x0000000085100000|100%| O|  |TAMS 0x0000000085100000, 0x0000000085100000| Untracked 
|  81|0x0000000085100000, 0x0000000085200000, 0x0000000085200000|100%| O|  |TAMS 0x0000000085200000, 0x0000000085200000| Untracked 
|  82|0x0000000085200000, 0x0000000085300000, 0x0000000085300000|100%| O|  |TAMS 0x0000000085300000, 0x0000000085300000| Untracked 
|  83|0x0000000085300000, 0x0000000085400000, 0x0000000085400000|100%| O|  |TAMS 0x0000000085400000, 0x0000000085400000| Untracked 
|  84|0x0000000085400000, 0x0000000085500000, 0x0000000085500000|100%| O|  |TAMS 0x0000000085500000, 0x0000000085500000| Untracked 
|  85|0x0000000085500000, 0x0000000085600000, 0x0000000085600000|100%| O|  |TAMS 0x0000000085600000, 0x0000000085600000| Untracked 
|  86|0x0000000085600000, 0x0000000085700000, 0x0000000085700000|100%| O|  |TAMS 0x0000000085700000, 0x0000000085700000| Untracked 
|  87|0x0000000085700000, 0x0000000085800000, 0x0000000085800000|100%| O|  |TAMS 0x0000000085800000, 0x0000000085800000| Untracked 
|  88|0x0000000085800000, 0x0000000085900000, 0x0000000085900000|100%| O|  |TAMS 0x0000000085900000, 0x0000000085900000| Untracked 
|  89|0x0000000085900000, 0x0000000085a00000, 0x0000000085a00000|100%| O|  |TAMS 0x0000000085a00000, 0x0000000085a00000| Untracked 
|  90|0x0000000085a00000, 0x0000000085b00000, 0x0000000085b00000|100%| O|  |TAMS 0x0000000085b00000, 0x0000000085b00000| Untracked 
|  91|0x0000000085b00000, 0x0000000085c00000, 0x0000000085c00000|100%| O|  |TAMS 0x0000000085c00000, 0x0000000085c00000| Untracked 
|  92|0x0000000085c00000, 0x0000000085d00000, 0x0000000085d00000|100%| O|  |TAMS 0x0000000085d00000, 0x0000000085d00000| Untracked 
|  93|0x0000000085d00000, 0x0000000085e00000, 0x0000000085e00000|100%| O|  |TAMS 0x0000000085e00000, 0x0000000085e00000| Untracked 
|  94|0x0000000085e00000, 0x0000000085f00000, 0x0000000085f00000|100%| O|  |TAMS 0x0000000085f00000, 0x0000000085f00000| Untracked 
|  95|0x0000000085f00000, 0x0000000086000000, 0x0000000086000000|100%| O|  |TAMS 0x0000000086000000, 0x0000000086000000| Untracked 
|  96|0x0000000086000000, 0x0000000086100000, 0x0000000086100000|100%| O|  |TAMS 0x0000000086100000, 0x0000000086100000| Untracked 
|  97|0x0000000086100000, 0x0000000086200000, 0x0000000086200000|100%| O|  |TAMS 0x0000000086200000, 0x0000000086200000| Untracked 
|  98|0x0000000086200000, 0x0000000086300000, 0x0000000086300000|100%| O|  |TAMS 0x0000000086300000, 0x0000000086300000| Untracked 
|  99|0x0000000086300000, 0x0000000086400000, 0x0000000086400000|100%| O|  |TAMS 0x0000000086400000, 0x0000000086400000| Untracked 
| 100|0x0000000086400000, 0x0000000086500000, 0x0000000086500000|100%| O|  |TAMS 0x0000000086500000, 0x0000000086500000| Untracked 
| 101|0x0000000086500000, 0x0000000086600000, 0x0000000086600000|100%| O|  |TAMS 0x0000000086600000, 0x0000000086600000| Untracked 
| 102|0x0000000086600000, 0x0000000086700000, 0x0000000086700000|100%| O|  |TAMS 0x0000000086700000, 0x0000000086700000| Untracked 
| 103|0x0000000086700000, 0x0000000086800000, 0x0000000086800000|100%| O|  |TAMS 0x0000000086800000, 0x0000000086800000| Untracked 
| 104|0x0000000086800000, 0x0000000086900000, 0x0000000086900000|100%| O|  |TAMS 0x0000000086900000, 0x0000000086900000| Untracked 
| 105|0x0000000086900000, 0x0000000086a00000, 0x0000000086a00000|100%| O|  |TAMS 0x0000000086a00000, 0x0000000086a00000| Untracked 
| 106|0x0000000086a00000, 0x0000000086b00000, 0x0000000086b00000|100%| O|  |TAMS 0x0000000086b00000, 0x0000000086b00000| Untracked 
| 107|0x0000000086b00000, 0x0000000086c00000, 0x0000000086c00000|100%| O|  |TAMS 0x0000000086c00000, 0x0000000086c00000| Untracked 
| 108|0x0000000086c00000, 0x0000000086d00000, 0x0000000086d00000|100%| O|  |TAMS 0x0000000086d00000, 0x0000000086d00000| Untracked 
| 109|0x0000000086d00000, 0x0000000086e00000, 0x0000000086e00000|100%| O|  |TAMS 0x0000000086e00000, 0x0000000086e00000| Untracked 
| 110|0x0000000086e00000, 0x0000000086f00000, 0x0000000086f00000|100%| O|  |TAMS 0x0000000086f00000, 0x0000000086f00000| Untracked 
| 111|0x0000000086f00000, 0x0000000087000000, 0x0000000087000000|100%| O|  |TAMS 0x0000000087000000, 0x0000000087000000| Untracked 
| 112|0x0000000087000000, 0x0000000087100000, 0x0000000087100000|100%| O|  |TAMS 0x0000000087100000, 0x0000000087100000| Untracked 
| 113|0x0000000087100000, 0x0000000087200000, 0x0000000087200000|100%| O|  |TAMS 0x0000000087200000, 0x0000000087200000| Untracked 
| 114|0x0000000087200000, 0x0000000087300000, 0x0000000087300000|100%| O|  |TAMS 0x0000000087300000, 0x0000000087300000| Untracked 
| 115|0x0000000087300000, 0x0000000087400000, 0x0000000087400000|100%| O|  |TAMS 0x0000000087400000, 0x0000000087400000| Untracked 
| 116|0x0000000087400000, 0x0000000087500000, 0x0000000087500000|100%| O|  |TAMS 0x0000000087500000, 0x0000000087500000| Untracked 
| 117|0x0000000087500000, 0x0000000087600000, 0x0000000087600000|100%| O|  |TAMS 0x0000000087600000, 0x0000000087600000| Untracked 
| 118|0x0000000087600000, 0x0000000087700000, 0x0000000087700000|100%| O|  |TAMS 0x0000000087700000, 0x0000000087700000| Untracked 
| 119|0x0000000087700000, 0x0000000087800000, 0x0000000087800000|100%| O|  |TAMS 0x0000000087800000, 0x0000000087800000| Untracked 
| 120|0x0000000087800000, 0x0000000087900000, 0x0000000087900000|100%| O|  |TAMS 0x0000000087900000, 0x0000000087900000| Untracked 
| 121|0x0000000087900000, 0x0000000087a00000, 0x0000000087a00000|100%| O|  |TAMS 0x0000000087a00000, 0x0000000087a00000| Untracked 
| 122|0x0000000087a00000, 0x0000000087b00000, 0x0000000087b00000|100%| O|  |TAMS 0x0000000087b00000, 0x0000000087b00000| Untracked 
| 123|0x0000000087b00000, 0x0000000087c00000, 0x0000000087c00000|100%| O|  |TAMS 0x0000000087c00000, 0x0000000087c00000| Untracked 
| 124|0x0000000087c00000, 0x0000000087d00000, 0x0000000087d00000|100%| O|  |TAMS 0x0000000087d00000, 0x0000000087d00000| Untracked 
| 125|0x0000000087d00000, 0x0000000087e00000, 0x0000000087e00000|100%| O|  |TAMS 0x0000000087e00000, 0x0000000087e00000| Untracked 
| 126|0x0000000087e00000, 0x0000000087f00000, 0x0000000087f00000|100%| O|  |TAMS 0x0000000087f00000, 0x0000000087f00000| Untracked 
| 127|0x0000000087f00000, 0x0000000088000000, 0x0000000088000000|100%| O|  |TAMS 0x0000000088000000, 0x0000000088000000| Untracked 
| 128|0x0000000088000000, 0x0000000088100000, 0x0000000088100000|100%| O|  |TAMS 0x0000000088100000, 0x0000000088100000| Untracked 
| 129|0x0000000088100000, 0x0000000088200000, 0x0000000088200000|100%| O|  |TAMS 0x0000000088200000, 0x0000000088200000| Untracked 
| 130|0x0000000088200000, 0x0000000088300000, 0x0000000088300000|100%| O|  |TAMS 0x0000000088300000, 0x0000000088300000| Untracked 
| 131|0x0000000088300000, 0x0000000088400000, 0x0000000088400000|100%| O|  |TAMS 0x0000000088400000, 0x0000000088400000| Untracked 
| 132|0x0000000088400000, 0x0000000088500000, 0x0000000088500000|100%| O|  |TAMS 0x0000000088500000, 0x0000000088500000| Untracked 
| 133|0x0000000088500000, 0x0000000088600000, 0x0000000088600000|100%| O|  |TAMS 0x0000000088600000, 0x0000000088600000| Untracked 
| 134|0x0000000088600000, 0x0000000088700000, 0x0000000088700000|100%| O|  |TAMS 0x0000000088700000, 0x0000000088700000| Untracked 
| 135|0x0000000088700000, 0x0000000088800000, 0x0000000088800000|100%| O|  |TAMS 0x0000000088800000, 0x0000000088800000| Untracked 
| 136|0x0000000088800000, 0x0000000088900000, 0x0000000088900000|100%| O|  |TAMS 0x0000000088900000, 0x0000000088900000| Untracked 
| 137|0x0000000088900000, 0x0000000088a00000, 0x0000000088a00000|100%| O|  |TAMS 0x0000000088a00000, 0x0000000088a00000| Untracked 
| 138|0x0000000088a00000, 0x0000000088b00000, 0x0000000088b00000|100%| O|  |TAMS 0x0000000088b00000, 0x0000000088b00000| Untracked 
| 139|0x0000000088b00000, 0x0000000088c00000, 0x0000000088c00000|100%| O|  |TAMS 0x0000000088c00000, 0x0000000088c00000| Untracked 
| 140|0x0000000088c00000, 0x0000000088d00000, 0x0000000088d00000|100%| O|  |TAMS 0x0000000088d00000, 0x0000000088d00000| Untracked 
| 141|0x0000000088d00000, 0x0000000088e00000, 0x0000000088e00000|100%| O|  |TAMS 0x0000000088e00000, 0x0000000088e00000| Untracked 
| 142|0x0000000088e00000, 0x0000000088f00000, 0x0000000088f00000|100%| O|  |TAMS 0x0000000088f00000, 0x0000000088f00000| Untracked 
| 143|0x0000000088f00000, 0x0000000089000000, 0x0000000089000000|100%| O|  |TAMS 0x0000000089000000, 0x0000000089000000| Untracked 
| 144|0x0000000089000000, 0x0000000089100000, 0x0000000089100000|100%| O|  |TAMS 0x0000000089100000, 0x0000000089100000| Untracked 
| 145|0x0000000089100000, 0x0000000089200000, 0x0000000089200000|100%| O|  |TAMS 0x0000000089200000, 0x0000000089200000| Untracked 
| 146|0x0000000089200000, 0x0000000089300000, 0x0000000089300000|100%| O|  |TAMS 0x0000000089300000, 0x0000000089300000| Untracked 
| 147|0x0000000089300000, 0x0000000089400000, 0x0000000089400000|100%| O|  |TAMS 0x0000000089400000, 0x0000000089400000| Untracked 
| 148|0x0000000089400000, 0x0000000089500000, 0x0000000089500000|100%| O|  |TAMS 0x0000000089500000, 0x0000000089500000| Untracked 
| 149|0x0000000089500000, 0x0000000089600000, 0x0000000089600000|100%| O|  |TAMS 0x0000000089600000, 0x0000000089600000| Untracked 
| 150|0x0000000089600000, 0x0000000089685400, 0x0000000089700000| 52%| O|  |TAMS 0x0000000089685400, 0x0000000089685400| Untracked 
| 151|0x0000000089700000, 0x0000000089700000, 0x0000000089800000|  0%| F|  |TAMS 0x0000000089700000, 0x0000000089700000| Untracked 
| 152|0x0000000089800000, 0x0000000089800000, 0x0000000089900000|  0%| F|  |TAMS 0x0000000089800000, 0x0000000089800000| Untracked 
| 153|0x0000000089900000, 0x0000000089900000, 0x0000000089a00000|  0%| F|  |TAMS 0x0000000089900000, 0x0000000089900000| Untracked 
| 154|0x0000000089a00000, 0x0000000089a00000, 0x0000000089b00000|  0%| F|  |TAMS 0x0000000089a00000, 0x0000000089a00000| Untracked 
| 155|0x0000000089b00000, 0x0000000089b00000, 0x0000000089c00000|  0%| F|  |TAMS 0x0000000089b00000, 0x0000000089b00000| Untracked 
| 156|0x0000000089c00000, 0x0000000089c00000, 0x0000000089d00000|  0%| F|  |TAMS 0x0000000089c00000, 0x0000000089c00000| Untracked 
| 157|0x0000000089d00000, 0x0000000089d00000, 0x0000000089e00000|  0%| F|  |TAMS 0x0000000089d00000, 0x0000000089d00000| Untracked 
| 158|0x0000000089e00000, 0x0000000089e00000, 0x0000000089f00000|  0%| F|  |TAMS 0x0000000089e00000, 0x0000000089e00000| Untracked 
| 159|0x0000000089f00000, 0x0000000089f00000, 0x000000008a000000|  0%| F|  |TAMS 0x0000000089f00000, 0x0000000089f00000| Untracked 
| 160|0x000000008a000000, 0x000000008a000000, 0x000000008a100000|  0%| F|  |TAMS 0x000000008a000000, 0x000000008a000000| Untracked 
| 161|0x000000008a100000, 0x000000008a100000, 0x000000008a200000|  0%| F|  |TAMS 0x000000008a100000, 0x000000008a100000| Untracked 
| 162|0x000000008a200000, 0x000000008a200000, 0x000000008a300000|  0%| F|  |TAMS 0x000000008a200000, 0x000000008a200000| Untracked 
| 163|0x000000008a300000, 0x000000008a300000, 0x000000008a400000|  0%| F|  |TAMS 0x000000008a300000, 0x000000008a300000| Untracked 
| 164|0x000000008a400000, 0x000000008a400000, 0x000000008a500000|  0%| F|  |TAMS 0x000000008a400000, 0x000000008a400000| Untracked 
| 165|0x000000008a500000, 0x000000008a500000, 0x000000008a600000|  0%| F|  |TAMS 0x000000008a500000, 0x000000008a500000| Untracked 
| 166|0x000000008a600000, 0x000000008a600000, 0x000000008a700000|  0%| F|  |TAMS 0x000000008a600000, 0x000000008a600000| Untracked 
| 167|0x000000008a700000, 0x000000008a700000, 0x000000008a800000|  0%| F|  |TAMS 0x000000008a700000, 0x000000008a700000| Untracked 
| 168|0x000000008a800000, 0x000000008a800000, 0x000000008a900000|  0%| F|  |TAMS 0x000000008a800000, 0x000000008a800000| Untracked 
| 169|0x000000008a900000, 0x000000008a900000, 0x000000008aa00000|  0%| F|  |TAMS 0x000000008a900000, 0x000000008a900000| Untracked 
| 170|0x000000008aa00000, 0x000000008aa00000, 0x000000008ab00000|  0%| F|  |TAMS 0x000000008aa00000, 0x000000008aa00000| Untracked 
| 171|0x000000008ab00000, 0x000000008ab00000, 0x000000008ac00000|  0%| F|  |TAMS 0x000000008ab00000, 0x000000008ab00000| Untracked 
| 172|0x000000008ac00000, 0x000000008ac00000, 0x000000008ad00000|  0%| F|  |TAMS 0x000000008ac00000, 0x000000008ac00000| Untracked 
| 173|0x000000008ad00000, 0x000000008ad00000, 0x000000008ae00000|  0%| F|  |TAMS 0x000000008ad00000, 0x000000008ad00000| Untracked 
| 174|0x000000008ae00000, 0x000000008ae00000, 0x000000008af00000|  0%| F|  |TAMS 0x000000008ae00000, 0x000000008ae00000| Untracked 
| 175|0x000000008af00000, 0x000000008af00000, 0x000000008b000000|  0%| F|  |TAMS 0x000000008af00000, 0x000000008af00000| Untracked 
| 176|0x000000008b000000, 0x000000008b000000, 0x000000008b100000|  0%| F|  |TAMS 0x000000008b000000, 0x000000008b000000| Untracked 
| 177|0x000000008b100000, 0x000000008b100000, 0x000000008b200000|  0%| F|  |TAMS 0x000000008b100000, 0x000000008b100000| Untracked 
| 178|0x000000008b200000, 0x000000008b200000, 0x000000008b300000|  0%| F|  |TAMS 0x000000008b200000, 0x000000008b200000| Untracked 
| 179|0x000000008b300000, 0x000000008b300000, 0x000000008b400000|  0%| F|  |TAMS 0x000000008b300000, 0x000000008b300000| Untracked 
| 180|0x000000008b400000, 0x000000008b400000, 0x000000008b500000|  0%| F|  |TAMS 0x000000008b400000, 0x000000008b400000| Untracked 
| 181|0x000000008b500000, 0x000000008b500000, 0x000000008b600000|  0%| F|  |TAMS 0x000000008b500000, 0x000000008b500000| Untracked 
| 182|0x000000008b600000, 0x000000008b600000, 0x000000008b700000|  0%| F|  |TAMS 0x000000008b600000, 0x000000008b600000| Untracked 
| 183|0x000000008b700000, 0x000000008b700000, 0x000000008b800000|  0%| F|  |TAMS 0x000000008b700000, 0x000000008b700000| Untracked 
| 184|0x000000008b800000, 0x000000008b800000, 0x000000008b900000|  0%| F|  |TAMS 0x000000008b800000, 0x000000008b800000| Untracked 
| 185|0x000000008b900000, 0x000000008b900000, 0x000000008ba00000|  0%| F|  |TAMS 0x000000008b900000, 0x000000008b900000| Untracked 
| 186|0x000000008ba00000, 0x000000008ba00000, 0x000000008bb00000|  0%| F|  |TAMS 0x000000008ba00000, 0x000000008ba00000| Untracked 
| 187|0x000000008bb00000, 0x000000008bb00000, 0x000000008bc00000|  0%| F|  |TAMS 0x000000008bb00000, 0x000000008bb00000| Untracked 
| 188|0x000000008bc00000, 0x000000008bc00000, 0x000000008bd00000|  0%| F|  |TAMS 0x000000008bc00000, 0x000000008bc00000| Untracked 
| 189|0x000000008bd00000, 0x000000008bd00000, 0x000000008be00000|  0%| F|  |TAMS 0x000000008bd00000, 0x000000008bd00000| Untracked 
| 190|0x000000008be00000, 0x000000008be00000, 0x000000008bf00000|  0%| F|  |TAMS 0x000000008be00000, 0x000000008be00000| Untracked 
| 191|0x000000008bf00000, 0x000000008bf00000, 0x000000008c000000|  0%| F|  |TAMS 0x000000008bf00000, 0x000000008bf00000| Untracked 
| 192|0x000000008c000000, 0x000000008c000000, 0x000000008c100000|  0%| F|  |TAMS 0x000000008c000000, 0x000000008c000000| Untracked 
| 193|0x000000008c100000, 0x000000008c100000, 0x000000008c200000|  0%| F|  |TAMS 0x000000008c100000, 0x000000008c100000| Untracked 
| 194|0x000000008c200000, 0x000000008c200000, 0x000000008c300000|  0%| F|  |TAMS 0x000000008c200000, 0x000000008c200000| Untracked 
| 195|0x000000008c300000, 0x000000008c300000, 0x000000008c400000|  0%| F|  |TAMS 0x000000008c300000, 0x000000008c300000| Untracked 
| 196|0x000000008c400000, 0x000000008c400000, 0x000000008c500000|  0%| F|  |TAMS 0x000000008c400000, 0x000000008c400000| Untracked 
| 197|0x000000008c500000, 0x000000008c500000, 0x000000008c600000|  0%| F|  |TAMS 0x000000008c500000, 0x000000008c500000| Untracked 
| 198|0x000000008c600000, 0x000000008c600000, 0x000000008c700000|  0%| F|  |TAMS 0x000000008c600000, 0x000000008c600000| Untracked 
| 199|0x000000008c700000, 0x000000008c700000, 0x000000008c800000|  0%| F|  |TAMS 0x000000008c700000, 0x000000008c700000| Untracked 
| 200|0x000000008c800000, 0x000000008c800000, 0x000000008c900000|  0%| F|  |TAMS 0x000000008c800000, 0x000000008c800000| Untracked 
| 201|0x000000008c900000, 0x000000008c900000, 0x000000008ca00000|  0%| F|  |TAMS 0x000000008c900000, 0x000000008c900000| Untracked 
| 202|0x000000008ca00000, 0x000000008ca00000, 0x000000008cb00000|  0%| F|  |TAMS 0x000000008ca00000, 0x000000008ca00000| Untracked 
| 203|0x000000008cb00000, 0x000000008cb00000, 0x000000008cc00000|  0%| F|  |TAMS 0x000000008cb00000, 0x000000008cb00000| Untracked 
| 204|0x000000008cc00000, 0x000000008cc00000, 0x000000008cd00000|  0%| F|  |TAMS 0x000000008cc00000, 0x000000008cc00000| Untracked 
| 205|0x000000008cd00000, 0x000000008cd00000, 0x000000008ce00000|  0%| F|  |TAMS 0x000000008cd00000, 0x000000008cd00000| Untracked 
| 206|0x000000008ce00000, 0x000000008ce00000, 0x000000008cf00000|  0%| F|  |TAMS 0x000000008ce00000, 0x000000008ce00000| Untracked 
| 207|0x000000008cf00000, 0x000000008cf00000, 0x000000008d000000|  0%| F|  |TAMS 0x000000008cf00000, 0x000000008cf00000| Untracked 
| 208|0x000000008d000000, 0x000000008d000000, 0x000000008d100000|  0%| F|  |TAMS 0x000000008d000000, 0x000000008d000000| Untracked 
| 209|0x000000008d100000, 0x000000008d100000, 0x000000008d200000|  0%| F|  |TAMS 0x000000008d100000, 0x000000008d100000| Untracked 
| 210|0x000000008d200000, 0x000000008d200000, 0x000000008d300000|  0%| F|  |TAMS 0x000000008d200000, 0x000000008d200000| Untracked 
| 211|0x000000008d300000, 0x000000008d300000, 0x000000008d400000|  0%| F|  |TAMS 0x000000008d300000, 0x000000008d300000| Untracked 
| 212|0x000000008d400000, 0x000000008d400000, 0x000000008d500000|  0%| F|  |TAMS 0x000000008d400000, 0x000000008d400000| Untracked 
| 213|0x000000008d500000, 0x000000008d500000, 0x000000008d600000|  0%| F|  |TAMS 0x000000008d500000, 0x000000008d500000| Untracked 
| 214|0x000000008d600000, 0x000000008d600000, 0x000000008d700000|  0%| F|  |TAMS 0x000000008d600000, 0x000000008d600000| Untracked 
| 215|0x000000008d700000, 0x000000008d700000, 0x000000008d800000|  0%| F|  |TAMS 0x000000008d700000, 0x000000008d700000| Untracked 
| 216|0x000000008d800000, 0x000000008d800000, 0x000000008d900000|  0%| F|  |TAMS 0x000000008d800000, 0x000000008d800000| Untracked 
| 217|0x000000008d900000, 0x000000008d900000, 0x000000008da00000|  0%| F|  |TAMS 0x000000008d900000, 0x000000008d900000| Untracked 
| 218|0x000000008da00000, 0x000000008da00000, 0x000000008db00000|  0%| F|  |TAMS 0x000000008da00000, 0x000000008da00000| Untracked 
| 219|0x000000008db00000, 0x000000008db00000, 0x000000008dc00000|  0%| F|  |TAMS 0x000000008db00000, 0x000000008db00000| Untracked 
| 220|0x000000008dc00000, 0x000000008dc5d488, 0x000000008dd00000| 36%| S|CS|TAMS 0x000000008dc00000, 0x000000008dc00000| Complete 
| 221|0x000000008dd00000, 0x000000008de00000, 0x000000008de00000|100%| S|CS|TAMS 0x000000008dd00000, 0x000000008dd00000| Complete 
| 222|0x000000008de00000, 0x000000008df00000, 0x000000008df00000|100%| S|CS|TAMS 0x000000008de00000, 0x000000008de00000| Complete 
| 223|0x000000008df00000, 0x000000008e000000, 0x000000008e000000|100%| S|CS|TAMS 0x000000008df00000, 0x000000008df00000| Complete 
| 224|0x000000008e000000, 0x000000008e000000, 0x000000008e100000|  0%| F|  |TAMS 0x000000008e000000, 0x000000008e000000| Untracked 
| 225|0x000000008e100000, 0x000000008e100000, 0x000000008e200000|  0%| F|  |TAMS 0x000000008e100000, 0x000000008e100000| Untracked 
| 226|0x000000008e200000, 0x000000008e200000, 0x000000008e300000|  0%| F|  |TAMS 0x000000008e200000, 0x000000008e200000| Untracked 
| 227|0x000000008e300000, 0x000000008e300000, 0x000000008e400000|  0%| F|  |TAMS 0x000000008e300000, 0x000000008e300000| Untracked 
| 228|0x000000008e400000, 0x000000008e400000, 0x000000008e500000|  0%| F|  |TAMS 0x000000008e400000, 0x000000008e400000| Untracked 
| 229|0x000000008e500000, 0x000000008e500000, 0x000000008e600000|  0%| F|  |TAMS 0x000000008e500000, 0x000000008e500000| Untracked 
| 230|0x000000008e600000, 0x000000008e600000, 0x000000008e700000|  0%| F|  |TAMS 0x000000008e600000, 0x000000008e600000| Untracked 
| 231|0x000000008e700000, 0x000000008e700000, 0x000000008e800000|  0%| F|  |TAMS 0x000000008e700000, 0x000000008e700000| Untracked 
| 232|0x000000008e800000, 0x000000008e800000, 0x000000008e900000|  0%| F|  |TAMS 0x000000008e800000, 0x000000008e800000| Untracked 
| 233|0x000000008e900000, 0x000000008e900000, 0x000000008ea00000|  0%| F|  |TAMS 0x000000008e900000, 0x000000008e900000| Untracked 
| 234|0x000000008ea00000, 0x000000008ea00000, 0x000000008eb00000|  0%| F|  |TAMS 0x000000008ea00000, 0x000000008ea00000| Untracked 
| 235|0x000000008eb00000, 0x000000008eb00000, 0x000000008ec00000|  0%| F|  |TAMS 0x000000008eb00000, 0x000000008eb00000| Untracked 
| 236|0x000000008ec00000, 0x000000008ec00000, 0x000000008ed00000|  0%| F|  |TAMS 0x000000008ec00000, 0x000000008ec00000| Untracked 
| 237|0x000000008ed00000, 0x000000008ed00000, 0x000000008ee00000|  0%| F|  |TAMS 0x000000008ed00000, 0x000000008ed00000| Untracked 
| 238|0x000000008ee00000, 0x000000008ee00000, 0x000000008ef00000|  0%| F|  |TAMS 0x000000008ee00000, 0x000000008ee00000| Untracked 
| 239|0x000000008ef00000, 0x000000008ef00000, 0x000000008f000000|  0%| F|  |TAMS 0x000000008ef00000, 0x000000008ef00000| Untracked 
| 240|0x000000008f000000, 0x000000008f000000, 0x000000008f100000|  0%| F|  |TAMS 0x000000008f000000, 0x000000008f000000| Untracked 
| 241|0x000000008f100000, 0x000000008f100000, 0x000000008f200000|  0%| F|  |TAMS 0x000000008f100000, 0x000000008f100000| Untracked 
| 242|0x000000008f200000, 0x000000008f200000, 0x000000008f300000|  0%| F|  |TAMS 0x000000008f200000, 0x000000008f200000| Untracked 
| 243|0x000000008f300000, 0x000000008f300000, 0x000000008f400000|  0%| F|  |TAMS 0x000000008f300000, 0x000000008f300000| Untracked 
| 244|0x000000008f400000, 0x000000008f400000, 0x000000008f500000|  0%| F|  |TAMS 0x000000008f400000, 0x000000008f400000| Untracked 
| 245|0x000000008f500000, 0x000000008f500000, 0x000000008f600000|  0%| F|  |TAMS 0x000000008f500000, 0x000000008f500000| Untracked 
| 246|0x000000008f600000, 0x000000008f600000, 0x000000008f700000|  0%| F|  |TAMS 0x000000008f600000, 0x000000008f600000| Untracked 
| 247|0x000000008f700000, 0x000000008f700000, 0x000000008f800000|  0%| F|  |TAMS 0x000000008f700000, 0x000000008f700000| Untracked 
| 248|0x000000008f800000, 0x000000008f800000, 0x000000008f900000|  0%| F|  |TAMS 0x000000008f800000, 0x000000008f800000| Untracked 
| 249|0x000000008f900000, 0x000000008f900000, 0x000000008fa00000|  0%| F|  |TAMS 0x000000008f900000, 0x000000008f900000| Untracked 
| 250|0x000000008fa00000, 0x000000008fa00000, 0x000000008fb00000|  0%| F|  |TAMS 0x000000008fa00000, 0x000000008fa00000| Untracked 
| 251|0x000000008fb00000, 0x000000008fb00000, 0x000000008fc00000|  0%| F|  |TAMS 0x000000008fb00000, 0x000000008fb00000| Untracked 
| 252|0x000000008fc00000, 0x000000008fc00000, 0x000000008fd00000|  0%| F|  |TAMS 0x000000008fc00000, 0x000000008fc00000| Untracked 
| 253|0x000000008fd00000, 0x000000008fd00000, 0x000000008fe00000|  0%| F|  |TAMS 0x000000008fd00000, 0x000000008fd00000| Untracked 
| 254|0x000000008fe00000, 0x000000008fe00000, 0x000000008ff00000|  0%| F|  |TAMS 0x000000008fe00000, 0x000000008fe00000| Untracked 
| 255|0x000000008ff00000, 0x000000008ff00000, 0x0000000090000000|  0%| F|  |TAMS 0x000000008ff00000, 0x000000008ff00000| Untracked 
| 256|0x0000000090000000, 0x0000000090000000, 0x0000000090100000|  0%| F|  |TAMS 0x0000000090000000, 0x0000000090000000| Untracked 
| 257|0x0000000090100000, 0x0000000090100000, 0x0000000090200000|  0%| F|  |TAMS 0x0000000090100000, 0x0000000090100000| Untracked 
| 258|0x0000000090200000, 0x0000000090200000, 0x0000000090300000|  0%| F|  |TAMS 0x0000000090200000, 0x0000000090200000| Untracked 
| 259|0x0000000090300000, 0x0000000090300000, 0x0000000090400000|  0%| F|  |TAMS 0x0000000090300000, 0x0000000090300000| Untracked 
| 260|0x0000000090400000, 0x0000000090400000, 0x0000000090500000|  0%| F|  |TAMS 0x0000000090400000, 0x0000000090400000| Untracked 
| 261|0x0000000090500000, 0x0000000090500000, 0x0000000090600000|  0%| F|  |TAMS 0x0000000090500000, 0x0000000090500000| Untracked 
| 262|0x0000000090600000, 0x0000000090600000, 0x0000000090700000|  0%| F|  |TAMS 0x0000000090600000, 0x0000000090600000| Untracked 
| 263|0x0000000090700000, 0x0000000090700000, 0x0000000090800000|  0%| F|  |TAMS 0x0000000090700000, 0x0000000090700000| Untracked 
| 264|0x0000000090800000, 0x0000000090800000, 0x0000000090900000|  0%| F|  |TAMS 0x0000000090800000, 0x0000000090800000| Untracked 
| 265|0x0000000090900000, 0x0000000090900000, 0x0000000090a00000|  0%| F|  |TAMS 0x0000000090900000, 0x0000000090900000| Untracked 
| 266|0x0000000090a00000, 0x0000000090a00000, 0x0000000090b00000|  0%| F|  |TAMS 0x0000000090a00000, 0x0000000090a00000| Untracked 
| 267|0x0000000090b00000, 0x0000000090b00000, 0x0000000090c00000|  0%| F|  |TAMS 0x0000000090b00000, 0x0000000090b00000| Untracked 
| 268|0x0000000090c00000, 0x0000000090c00000, 0x0000000090d00000|  0%| F|  |TAMS 0x0000000090c00000, 0x0000000090c00000| Untracked 
| 269|0x0000000090d00000, 0x0000000090d00000, 0x0000000090e00000|  0%| F|  |TAMS 0x0000000090d00000, 0x0000000090d00000| Untracked 
| 270|0x0000000090e00000, 0x0000000090e00000, 0x0000000090f00000|  0%| F|  |TAMS 0x0000000090e00000, 0x0000000090e00000| Untracked 
| 271|0x0000000090f00000, 0x0000000090f00000, 0x0000000091000000|  0%| F|  |TAMS 0x0000000090f00000, 0x0000000090f00000| Untracked 
| 272|0x0000000091000000, 0x0000000091000000, 0x0000000091100000|  0%| F|  |TAMS 0x0000000091000000, 0x0000000091000000| Untracked 
| 273|0x0000000091100000, 0x0000000091100000, 0x0000000091200000|  0%| F|  |TAMS 0x0000000091100000, 0x0000000091100000| Untracked 
| 274|0x0000000091200000, 0x0000000091200000, 0x0000000091300000|  0%| F|  |TAMS 0x0000000091200000, 0x0000000091200000| Untracked 
| 275|0x0000000091300000, 0x0000000091300000, 0x0000000091400000|  0%| F|  |TAMS 0x0000000091300000, 0x0000000091300000| Untracked 
| 276|0x0000000091400000, 0x0000000091400000, 0x0000000091500000|  0%| F|  |TAMS 0x0000000091400000, 0x0000000091400000| Untracked 
| 277|0x0000000091500000, 0x0000000091500000, 0x0000000091600000|  0%| F|  |TAMS 0x0000000091500000, 0x0000000091500000| Untracked 
| 278|0x0000000091600000, 0x0000000091600000, 0x0000000091700000|  0%| F|  |TAMS 0x0000000091600000, 0x0000000091600000| Untracked 
| 279|0x0000000091700000, 0x0000000091700000, 0x0000000091800000|  0%| F|  |TAMS 0x0000000091700000, 0x0000000091700000| Untracked 
| 280|0x0000000091800000, 0x0000000091800000, 0x0000000091900000|  0%| F|  |TAMS 0x0000000091800000, 0x0000000091800000| Untracked 
| 281|0x0000000091900000, 0x0000000091900000, 0x0000000091a00000|  0%| F|  |TAMS 0x0000000091900000, 0x0000000091900000| Untracked 
| 282|0x0000000091a00000, 0x0000000091a00000, 0x0000000091b00000|  0%| F|  |TAMS 0x0000000091a00000, 0x0000000091a00000| Untracked 
| 283|0x0000000091b00000, 0x0000000091b00000, 0x0000000091c00000|  0%| F|  |TAMS 0x0000000091b00000, 0x0000000091b00000| Untracked 
| 284|0x0000000091c00000, 0x0000000091c00000, 0x0000000091d00000|  0%| F|  |TAMS 0x0000000091c00000, 0x0000000091c00000| Untracked 
| 285|0x0000000091d00000, 0x0000000091d00000, 0x0000000091e00000|  0%| F|  |TAMS 0x0000000091d00000, 0x0000000091d00000| Untracked 
| 286|0x0000000091e00000, 0x0000000091e00000, 0x0000000091f00000|  0%| F|  |TAMS 0x0000000091e00000, 0x0000000091e00000| Untracked 
| 287|0x0000000091f00000, 0x0000000091f00000, 0x0000000092000000|  0%| F|  |TAMS 0x0000000091f00000, 0x0000000091f00000| Untracked 
| 288|0x0000000092000000, 0x0000000092000000, 0x0000000092100000|  0%| F|  |TAMS 0x0000000092000000, 0x0000000092000000| Untracked 

Card table byte_map: [0x000001a430e30000,0x000001a431230000] _byte_map_base: 0x000001a430a30000

Marking Bits (Prev, Next): (CMBitMap*) 0x000001a41d4dcd30, (CMBitMap*) 0x000001a41d4dccf8
 Prev Bits: [0x000001a433630000, 0x000001a435630000)
 Next Bits: [0x000001a431630000, 0x000001a433630000)

Polling page: 0x000001a41bc50000

Metaspace:

Usage:
  Non-class:     91.82 MB capacity,    90.16 MB ( 98%) used,     1.34 MB (  1%) free+waste,   336.13 KB ( <1%) overhead. 
      Class:     14.85 MB capacity,    13.77 MB ( 93%) used,   946.95 KB (  6%) free+waste,   153.56 KB (  1%) overhead. 
       Both:    106.67 MB capacity,   103.93 MB ( 97%) used,     2.26 MB (  2%) free+waste,   489.69 KB ( <1%) overhead. 

Virtual space:
  Non-class space:       92.00 MB reserved,      92.00 MB (100%) committed 
      Class space:        1.00 GB reserved,      15.00 MB (  1%) committed 
             Both:        1.09 GB reserved,     107.00 MB ( 10%) committed 

Chunk freelists:
   Non-Class:  52.00 KB
       Class:  62.00 KB
        Both:  114.00 KB

MaxMetaspaceSize: 17179869184.00 GB
CompressedClassSpaceSize: 1.00 GB

CodeHeap 'non-profiled nmethods': size=120000Kb used=8865Kb max_used=8865Kb free=111135Kb
 bounds [0x000001a428a70000, 0x000001a429320000, 0x000001a42ffa0000]
CodeHeap 'profiled nmethods': size=120000Kb used=30116Kb max_used=30116Kb free=89883Kb
 bounds [0x000001a421540000, 0x000001a4232b0000, 0x000001a428a70000]
CodeHeap 'non-nmethods': size=5760Kb used=2336Kb max_used=2444Kb free=3423Kb
 bounds [0x000001a420fa0000, 0x000001a421210000, 0x000001a421540000]
 total_blobs=14855 nmethods=13897 adapters=868
 compilation: enabled
              stopped_count=0, restarted_count=0
 full_count=0

Compilation events (20 events):
Event: 36.401 Thread 0x000001a438aa0000 nmethod 14017 0x000001a421540010 code [0x000001a4215401c0, 0x000001a4215402e8]
Event: 36.401 Thread 0x000001a438aa0000 14128       2       com.android.tools.r8.internal.Lv::b (62 bytes)
Event: 36.402 Thread 0x000001a438aa0000 nmethod 14128 0x000001a4232a6790 code [0x000001a4232a6a00, 0x000001a4232a6f98]
Event: 36.402 Thread 0x000001a438aa0000 14120       2       com.android.tools.r8.internal.nh::isEmpty (13 bytes)
Event: 36.402 Thread 0x000001a438aa0000 nmethod 14120 0x000001a421540a10 code [0x000001a421540bc0, 0x000001a421540cd8]
Event: 36.402 Thread 0x000001a438aa0000 14121       2       com.android.tools.r8.internal.nh::h (23 bytes)
Event: 36.402 Thread 0x000001a438aa0000 nmethod 14121 0x000001a4232a7310 code [0x000001a4232a74e0, 0x000001a4232a76a8]
Event: 36.402 Thread 0x000001a438aa0000 13951       2       com.android.tools.r8.internal.Le$f::<init> (36 bytes)
Event: 36.402 Thread 0x000001a438aa0000 nmethod 13951 0x000001a4232a7790 code [0x000001a4232a7940, 0x000001a4232a7a98]
Event: 36.402 Thread 0x000001a438aa0000 14111       2       com.android.tools.r8.internal.i2$$Lambda$1706/0x0000000100bc4440::apply (8 bytes)
Event: 36.402 Thread 0x000001a438aa0000 nmethod 14111 0x000001a4232a7b10 code [0x000001a4232a7cc0, 0x000001a4232a7e08]
Event: 36.402 Thread 0x000001a438aa0000 14116       2       com.android.tools.r8.internal.h2::s (16 bytes)
Event: 36.402 Thread 0x000001a438aa0000 nmethod 14116 0x000001a4232a7f10 code [0x000001a4232a80c0, 0x000001a4232a81b8]
Event: 36.402 Thread 0x000001a438aa0000 13944       2       com.android.tools.r8.internal.Me$$Lambda$1741/0x0000000100bd6840::compare (12 bytes)
Event: 36.402 Thread 0x000001a438aa0000 nmethod 13944 0x000001a4232a8290 code [0x000001a4232a8440, 0x000001a4232a85f8]
Event: 36.402 Thread 0x000001a438aa0000 13945       2       com.android.tools.r8.internal.NG::a (12 bytes)
Event: 36.402 Thread 0x000001a438aa0000 nmethod 13945 0x000001a4232a8710 code [0x000001a4232a88c0, 0x000001a4232a89f8]
Event: 36.402 Thread 0x000001a438aa0000 14082       2       com.android.tools.r8.internal.h2::a (10 bytes)
Event: 36.403 Thread 0x000001a438aa0000 nmethod 14082 0x000001a4232a8a90 code [0x000001a4232a8c80, 0x000001a4232a90c8]
Event: 36.403 Thread 0x000001a438aa0000 14163 %     3       com.android.tools.r8.internal.Me::C @ 22 (79 bytes)

GC Heap History (20 events):
Event: 35.498 GC heap after
{Heap after GC invocations=31 (full 0):
 garbage-first heap   total 189440K, used 142244K [0x0000000080000000, 0x0000000100000000)
  region size 1024K, 4 young (4096K), 4 survivors (4096K)
 Metaspace       used 101319K, capacity 103942K, committed 104320K, reserved 1138688K
  class space    used 13310K, capacity 14330K, committed 14464K, reserved 1048576K
}
Event: 35.518 GC heap before
{Heap before GC invocations=31 (full 0):
 garbage-first heap   total 189440K, used 160676K [0x0000000080000000, 0x0000000100000000)
  region size 1024K, 22 young (22528K), 4 survivors (4096K)
 Metaspace       used 101495K, capacity 104107K, committed 104320K, reserved 1138688K
  class space    used 13329K, capacity 14362K, committed 14464K, reserved 1048576K
}
Event: 35.523 GC heap after
{Heap after GC invocations=32 (full 0):
 garbage-first heap   total 189440K, used 145620K [0x0000000080000000, 0x0000000100000000)
  region size 1024K, 3 young (3072K), 3 survivors (3072K)
 Metaspace       used 101495K, capacity 104107K, committed 104320K, reserved 1138688K
  class space    used 13329K, capacity 14362K, committed 14464K, reserved 1048576K
}
Event: 35.536 GC heap before
{Heap before GC invocations=32 (full 0):
 garbage-first heap   total 189440K, used 160980K [0x0000000080000000, 0x0000000100000000)
  region size 1024K, 18 young (18432K), 3 survivors (3072K)
 Metaspace       used 101658K, capacity 104244K, committed 104576K, reserved 1138688K
  class space    used 13345K, capacity 14365K, committed 14464K, reserved 1048576K
}
Event: 35.540 GC heap after
{Heap after GC invocations=33 (full 0):
 garbage-first heap   total 189440K, used 148965K [0x0000000080000000, 0x0000000100000000)
  region size 1024K, 3 young (3072K), 3 survivors (3072K)
 Metaspace       used 101658K, capacity 104244K, committed 104576K, reserved 1138688K
  class space    used 13345K, capacity 14365K, committed 14464K, reserved 1048576K
}
Event: 35.554 GC heap before
{Heap before GC invocations=33 (full 0):
 garbage-first heap   total 189440K, used 161253K [0x0000000080000000, 0x0000000100000000)
  region size 1024K, 16 young (16384K), 3 survivors (3072K)
 Metaspace       used 101851K, capacity 104468K, committed 104832K, reserved 1140736K
  class space    used 13351K, capacity 14397K, committed 14464K, reserved 1048576K
}
Event: 35.557 GC heap after
{Heap after GC invocations=34 (full 0):
 garbage-first heap   total 189440K, used 151552K [0x0000000080000000, 0x0000000100000000)
  region size 1024K, 2 young (2048K), 2 survivors (2048K)
 Metaspace       used 101851K, capacity 104468K, committed 104832K, reserved 1140736K
  class space    used 13351K, capacity 14397K, committed 14464K, reserved 1048576K
}
Event: 35.602 GC heap before
{Heap before GC invocations=34 (full 0):
 garbage-first heap   total 189440K, used 163840K [0x0000000080000000, 0x0000000100000000)
  region size 1024K, 14 young (14336K), 2 survivors (2048K)
 Metaspace       used 102488K, capacity 105236K, committed 105472K, reserved 1140736K
  class space    used 13490K, capacity 14584K, committed 14592K, reserved 1048576K
}
Event: 35.605 GC heap after
{Heap after GC invocations=35 (full 0):
 garbage-first heap   total 189440K, used 153924K [0x0000000080000000, 0x0000000100000000)
  region size 1024K, 2 young (2048K), 2 survivors (2048K)
 Metaspace       used 102488K, capacity 105236K, committed 105472K, reserved 1140736K
  class space    used 13490K, capacity 14584K, committed 14592K, reserved 1048576K
}
Event: 35.695 GC heap before
{Heap before GC invocations=36 (full 0):
 garbage-first heap   total 189440K, used 164164K [0x0000000080000000, 0x0000000100000000)
  region size 1024K, 12 young (12288K), 2 survivors (2048K)
 Metaspace       used 104279K, capacity 107052K, committed 107136K, reserved 1140736K
  class space    used 13810K, capacity 14904K, committed 14976K, reserved 1048576K
}
Event: 35.697 GC heap after
{Heap after GC invocations=37 (full 0):
 garbage-first heap   total 189440K, used 154702K [0x0000000080000000, 0x0000000100000000)
  region size 1024K, 1 young (1024K), 1 survivors (1024K)
 Metaspace       used 104279K, capacity 107052K, committed 107136K, reserved 1140736K
  class space    used 13810K, capacity 14904K, committed 14976K, reserved 1048576K
}
Event: 35.734 GC heap before
{Heap before GC invocations=37 (full 0):
 garbage-first heap   total 189440K, used 162894K [0x0000000080000000, 0x0000000100000000)
  region size 1024K, 10 young (10240K), 1 survivors (1024K)
 Metaspace       used 105303K, capacity 108074K, committed 108288K, reserved 1142784K
  class space    used 14000K, capacity 15092K, committed 15104K, reserved 1048576K
}
Event: 35.739 GC heap after
{Heap after GC invocations=38 (full 0):
 garbage-first heap   total 295936K, used 154829K [0x0000000080000000, 0x0000000100000000)
  region size 1024K, 1 young (1024K), 1 survivors (1024K)
 Metaspace       used 105303K, capacity 108074K, committed 108288K, reserved 1142784K
  class space    used 14000K, capacity 15092K, committed 15104K, reserved 1048576K
}
Event: 35.944 GC heap before
{Heap before GC invocations=39 (full 0):
 garbage-first heap   total 295936K, used 203981K [0x0000000080000000, 0x0000000100000000)
  region size 1024K, 49 young (50176K), 1 survivors (1024K)
 Metaspace       used 105729K, capacity 108513K, committed 108928K, reserved 1142784K
  class space    used 14044K, capacity 15140K, committed 15232K, reserved 1048576K
}
Event: 35.948 GC heap after
{Heap after GC invocations=40 (full 0):
 garbage-first heap   total 295936K, used 156068K [0x0000000080000000, 0x0000000100000000)
  region size 1024K, 2 young (2048K), 2 survivors (2048K)
 Metaspace       used 105729K, capacity 108513K, committed 108928K, reserved 1142784K
  class space    used 14044K, capacity 15140K, committed 15232K, reserved 1048576K
}
Event: 36.053 GC heap before
{Heap before GC invocations=40 (full 0):
 garbage-first heap   total 295936K, used 209316K [0x0000000080000000, 0x0000000100000000)
  region size 1024K, 54 young (55296K), 2 survivors (2048K)
 Metaspace       used 105884K, capacity 108616K, committed 108928K, reserved 1142784K
  class space    used 14071K, capacity 15152K, committed 15232K, reserved 1048576K
}
Event: 36.057 GC heap after
{Heap after GC invocations=41 (full 0):
 garbage-first heap   total 295936K, used 156644K [0x0000000080000000, 0x0000000100000000)
  region size 1024K, 3 young (3072K), 3 survivors (3072K)
 Metaspace       used 105884K, capacity 108616K, committed 108928K, reserved 1142784K
  class space    used 14071K, capacity 15152K, committed 15232K, reserved 1048576K
}
Event: 36.289 GC heap before
{Heap before GC invocations=42 (full 0):
 garbage-first heap   total 295936K, used 213988K [0x0000000080000000, 0x0000000100000000)
  region size 1024K, 60 young (61440K), 3 survivors (3072K)
 Metaspace       used 106184K, capacity 108953K, committed 109184K, reserved 1142784K
  class space    used 14077K, capacity 15153K, committed 15232K, reserved 1048576K
}
Event: 36.292 GC heap after
{Heap after GC invocations=43 (full 0):
 garbage-first heap   total 295936K, used 156454K [0x0000000080000000, 0x0000000100000000)
  region size 1024K, 3 young (3072K), 3 survivors (3072K)
 Metaspace       used 106184K, capacity 108953K, committed 109184K, reserved 1142784K
  class space    used 14077K, capacity 15153K, committed 15232K, reserved 1048576K
}
Event: 36.403 GC heap before
{Heap before GC invocations=43 (full 0):
 garbage-first heap   total 295936K, used 219942K [0x0000000080000000, 0x0000000100000000)
  region size 1024K, 65 young (66560K), 3 survivors (3072K)
 Metaspace       used 106421K, capacity 109230K, committed 109568K, reserved 1142784K
  class space    used 14101K, capacity 15202K, committed 15360K, reserved 1048576K
}

Deoptimization events (20 events):
Event: 36.359 Thread 0x000001a43afee000 DEOPT PACKING pc=0x000001a42930696c sp=0x0000008bc7ff97f0
Event: 36.359 Thread 0x000001a43afee000 DEOPT UNPACKING pc=0x000001a420fc662f sp=0x0000008bc7ff97d8 mode 2
Event: 36.359 Thread 0x000001a43afee000 Uncommon trap: trap_request=0xffffffbe fr.pc=0x000001a42930696c relative=0x0000000000000f6c
Event: 36.359 Thread 0x000001a43afee000 Uncommon trap: reason=profile_predicate action=maybe_recompile pc=0x000001a42930696c method=com.android.tools.r8.internal.x.putAll(Ljava/util/Map;)V @ 31 c2
Event: 36.359 Thread 0x000001a43afee000 DEOPT PACKING pc=0x000001a42930696c sp=0x0000008bc7ff97f0
Event: 36.359 Thread 0x000001a43afee000 DEOPT UNPACKING pc=0x000001a420fc662f sp=0x0000008bc7ff97d8 mode 2
Event: 36.359 Thread 0x000001a43afee000 Uncommon trap: trap_request=0xffffffbe fr.pc=0x000001a42930696c relative=0x0000000000000f6c
Event: 36.359 Thread 0x000001a43afee000 Uncommon trap: reason=profile_predicate action=maybe_recompile pc=0x000001a42930696c method=com.android.tools.r8.internal.x.putAll(Ljava/util/Map;)V @ 31 c2
Event: 36.359 Thread 0x000001a43afee000 DEOPT PACKING pc=0x000001a42930696c sp=0x0000008bc7ff97f0
Event: 36.359 Thread 0x000001a43afee000 DEOPT UNPACKING pc=0x000001a420fc662f sp=0x0000008bc7ff97d8 mode 2
Event: 36.359 Thread 0x000001a43afee000 Uncommon trap: trap_request=0xffffffbe fr.pc=0x000001a42930696c relative=0x0000000000000f6c
Event: 36.359 Thread 0x000001a43afee000 Uncommon trap: reason=profile_predicate action=maybe_recompile pc=0x000001a42930696c method=com.android.tools.r8.internal.x.putAll(Ljava/util/Map;)V @ 31 c2
Event: 36.359 Thread 0x000001a43afee000 DEOPT PACKING pc=0x000001a42930696c sp=0x0000008bc7ff97f0
Event: 36.359 Thread 0x000001a43afee000 DEOPT UNPACKING pc=0x000001a420fc662f sp=0x0000008bc7ff97d8 mode 2
Event: 36.368 Thread 0x000001a43afec800 Uncommon trap: trap_request=0xffffff7e fr.pc=0x000001a4291fe4e4 relative=0x0000000000000244
Event: 36.368 Thread 0x000001a43afec800 Uncommon trap: reason=predicate action=maybe_recompile pc=0x000001a4291fe4e4 method=com.android.tools.r8.graph.c0.a([C)I @ 8 c2
Event: 36.368 Thread 0x000001a43afec800 DEOPT PACKING pc=0x000001a4291fe4e4 sp=0x0000008bc7efa0f0
Event: 36.368 Thread 0x000001a43afec800 DEOPT UNPACKING pc=0x000001a420fc662f sp=0x0000008bc7efa078 mode 2
Event: 36.400 Thread 0x000001a43ca94000 DEOPT PACKING pc=0x000001a423284a46 sp=0x0000008bc7bf95e0
Event: 36.400 Thread 0x000001a43ca94000 DEOPT UNPACKING pc=0x000001a420fc6dde sp=0x0000008bc7bf8a58 mode 0

Classes redefined (0 events):
No events

Internal exceptions (20 events):
Event: 35.397 Thread 0x000001a43afee000 Exception <a 'java/lang/IncompatibleClassChangeError'{0x000000008a774680}: Found class java.lang.Object, but interface was expected> (0x000000008a774680) thrown at [./src/hotspot/share/interpreter/linkResolver.cpp, line 839]
Event: 35.397 Thread 0x000001a43afeb800 Exception <a 'java/lang/IncompatibleClassChangeError'{0x000000008a725008}: Found class java.lang.Object, but interface was expected> (0x000000008a725008) thrown at [./src/hotspot/share/interpreter/linkResolver.cpp, line 839]
Event: 35.447 Thread 0x000001a43afee800 Exception <a 'java/lang/NoSuchMethodError'{0x000000008b01ace0}: 'int java.lang.invoke.DirectMethodHandle$Holder.invokeVirtual(java.lang.Object, java.lang.Object, java.lang.Object)'> (0x000000008b01ace0) thrown at [./src/hotspot/share/interpreter/linkResolver.cpp, line 773]
Event: 35.447 Thread 0x000001a43ca96000 Exception <a 'java/lang/NoSuchMethodError'{0x000000008af155f8}: 'int java.lang.invoke.DirectMethodHandle$Holder.invokeVirtual(java.lang.Object, java.lang.Object, java.lang.Object)'> (0x000000008af155f8) thrown at [./src/hotspot/share/interpreter/linkResolver.cpp, line 773]
Event: 35.639 Thread 0x000001a43ca94000 Exception <a 'java/lang/NoSuchMethodError'{0x000000008b765420}: 'java.lang.Object java.lang.invoke.DirectMethodHandle$Holder.invokeVirtual(java.lang.Object, java.lang.Object, int, java.lang.Object)'> (0x000000008b765420) thrown at [./src/hotspot/share/interpreter/linkResolver.cpp, line 773]
Event: 35.639 Thread 0x000001a43ca96000 Exception <a 'java/lang/NoSuchMethodError'{0x000000008b813ee0}: 'java.lang.Object java.lang.invoke.DirectMethodHandle$Holder.invokeVirtual(java.lang.Object, java.lang.Object, int, java.lang.Object)'> (0x000000008b813ee0) thrown at [./src/hotspot/share/interpreter/linkResolver.cpp, line 773]
Event: 35.639 Thread 0x000001a43afef800 Exception <a 'java/lang/NoSuchMethodError'{0x000000008b7f1d20}: 'java.lang.Object java.lang.invoke.DirectMethodHandle$Holder.invokeVirtual(java.lang.Object, java.lang.Object, int, java.lang.Object)'> (0x000000008b7f1d20) thrown at [./src/hotspot/share/interpreter/linkResolver.cpp, line 773]
Event: 35.639 Thread 0x000001a43afee800 Exception <a 'java/lang/NoSuchMethodError'{0x000000008b841310}: 'java.lang.Object java.lang.invoke.DirectMethodHandle$Holder.invokeVirtual(java.lang.Object, java.lang.Object, int, java.lang.Object)'> (0x000000008b841310) thrown at [./src/hotspot/share/interpreter/linkResolver.cpp, line 773]
Event: 35.647 Thread 0x000001a43afef800 Exception <a 'java/lang/IncompatibleClassChangeError'{0x000000008b504c00}: Found class java.lang.Object, but interface was expected> (0x000000008b504c00) thrown at [./src/hotspot/share/interpreter/linkResolver.cpp, line 839]
Event: 35.648 Thread 0x000001a43afef800 Exception <a 'java/lang/IncompatibleClassChangeError'{0x000000008b524200}: Found class java.lang.Object, but interface was expected> (0x000000008b524200) thrown at [./src/hotspot/share/interpreter/linkResolver.cpp, line 839]
Event: 35.655 Thread 0x000001a43ca94000 Exception <a 'java/lang/NoSuchMethodError'{0x000000008b7e3880}: 'void java.lang.invoke.DirectMethodHandle$Holder.invokeVirtual(java.lang.Object, java.lang.Object, int, java.lang.Object)'> (0x000000008b7e3880) thrown at [./src/hotspot/share/interpreter/linkResolver.cpp, line 773]
Event: 35.655 Thread 0x000001a43afee000 Exception <a 'java/lang/NoSuchMethodError'{0x000000008b48c7b8}: 'void java.lang.invoke.DirectMethodHandle$Holder.invokeVirtual(java.lang.Object, java.lang.Object, int, java.lang.Object)'> (0x000000008b48c7b8) thrown at [./src/hotspot/share/interpreter/linkResolver.cpp, line 773]
Event: 35.690 Thread 0x000001a43afec800 Exception <a 'java/lang/NoSuchMethodError'{0x000000008af40da8}: 'int java.lang.invoke.DirectMethodHandle$Holder.invokeSpecial(java.lang.Object, java.lang.Object, java.lang.Object, int, java.lang.Object)'> (0x000000008af40da8) thrown at [./src/hotspot/share/interpreter/linkResolver.cpp, line 773]
Event: 35.690 Thread 0x000001a43ca94000 Exception <a 'java/lang/NoSuchMethodError'{0x000000008af58150}: 'int java.lang.invoke.DirectMethodHandle$Holder.invokeSpecial(java.lang.Object, java.lang.Object, java.lang.Object, int, java.lang.Object)'> (0x000000008af58150) thrown at [./src/hotspot/share/interpreter/linkResolver.cpp, line 773]
Event: 35.690 Thread 0x000001a43afeb800 Exception <a 'java/lang/NoSuchMethodError'{0x000000008af42e18}: 'int java.lang.invoke.DirectMethodHandle$Holder.invokeSpecial(java.lang.Object, java.lang.Object, java.lang.Object, int, java.lang.Object)'> (0x000000008af42e18) thrown at [./src/hotspot/share/interpreter/linkResolver.cpp, line 773]
Event: 35.690 Thread 0x000001a43afea000 Exception <a 'java/lang/NoSuchMethodError'{0x000000008af7e800}: 'int java.lang.invoke.DirectMethodHandle$Holder.invokeSpecial(java.lang.Object, java.lang.Object, java.lang.Object, int, java.lang.Object)'> (0x000000008af7e800) thrown at [./src/hotspot/share/interpreter/linkResolver.cpp, line 773]
Event: 35.700 Thread 0x000001a43afec800 Exception <a 'java/lang/NoSuchMethodError'{0x000000008b887ea8}: 'java.lang.Object java.lang.invoke.DirectMethodHandle$Holder.newInvokeSpecial(java.lang.Object, int)'> (0x000000008b887ea8) thrown at [./src/hotspot/share/interpreter/linkResolver.cpp, line 773]
Event: 35.780 Thread 0x000001a43afef800 Exception <a 'java/lang/NoSuchMethodError'{0x0000000091b1cac8}: 'java.lang.Object java.lang.invoke.DirectMethodHandle$Holder.invokeInterface(java.lang.Object, java.lang.Object, int)'> (0x0000000091b1cac8) thrown at [./src/hotspot/share/interpreter/linkResolver.cpp, line 773]
Event: 35.827 Thread 0x000001a43afec800 Exception <a 'java/lang/NoSuchMethodError'{0x000000009132d648}: 'int java.lang.invoke.DirectMethodHandle$Holder.invokeInterface(java.lang.Object, java.lang.Object, int)'> (0x000000009132d648) thrown at [./src/hotspot/share/interpreter/linkResolver.cpp, line 773]
Event: 36.029 Thread 0x000001a43afee000 Implicit null exception at 0x000001a42918d8eb to 0x000001a42918d90c

Events (20 events):
Event: 36.392 loading class com/android/tools/r8/internal/Wj done
Event: 36.392 loading class com/android/tools/r8/internal/Sj
Event: 36.392 loading class com/android/tools/r8/internal/Sj done
Event: 36.392 loading class com/android/tools/r8/internal/Rj
Event: 36.392 loading class com/android/tools/r8/internal/Rj done
Event: 36.392 loading class com/android/tools/r8/internal/Vj
Event: 36.392 loading class com/android/tools/r8/internal/Vj done
Event: 36.393 loading class com/android/tools/r8/internal/Uj
Event: 36.393 loading class com/android/tools/r8/internal/Uj done
Event: 36.393 loading class com/android/tools/r8/internal/Yj
Event: 36.393 loading class com/android/tools/r8/internal/Yj done
Event: 36.393 loading class com/android/tools/r8/internal/lp
Event: 36.393 loading class com/android/tools/r8/internal/lp done
Event: 36.396 Thread 0x000001a438aa1800 flushing nmethod 0x000001a421540010
Event: 36.396 Thread 0x000001a438aa1800 flushing nmethod 0x000001a421540a10
Event: 36.400 loading class com/android/tools/r8/internal/jp
Event: 36.400 loading class com/android/tools/r8/internal/jp done
Event: 36.401 loading class com/android/tools/r8/internal/np
Event: 36.401 loading class com/android/tools/r8/internal/np done
Event: 36.403 Executing VM operation: G1CollectForAllocation


Dynamic libraries:
0x00007ff748140000 - 0x00007ff74814a000 	C:\Program Files\Android\Android Studio\jre\bin\java.exe
0x00007ffd5d3f0000 - 0x00007ffd5d5e5000 	C:\Windows\SYSTEM32\ntdll.dll
0x00007ffd5cb30000 - 0x00007ffd5cbee000 	C:\Windows\System32\KERNEL32.DLL
0x00007ffd5af30000 - 0x00007ffd5b1f8000 	C:\Windows\System32\KERNELBASE.dll
0x00007ffd5ab10000 - 0x00007ffd5ac10000 	C:\Windows\System32\ucrtbase.dll
0x00007ffd56670000 - 0x00007ffd56687000 	C:\Program Files\Android\Android Studio\jre\bin\VCRUNTIME140.dll
0x00007ffd4a900000 - 0x00007ffd4a919000 	C:\Program Files\Android\Android Studio\jre\bin\jli.dll
0x00007ffd5b450000 - 0x00007ffd5b5f0000 	C:\Windows\System32\USER32.dll
0x00007ffd460f0000 - 0x00007ffd4638a000 	C:\Windows\WinSxS\amd64_microsoft.windows.common-controls_6595b64144ccf1df_6.0.19041.1110_none_60b5254171f9507e\COMCTL32.dll
0x00007ffd5ac10000 - 0x00007ffd5ac32000 	C:\Windows\System32\win32u.dll
0x00007ffd5ca60000 - 0x00007ffd5ca8b000 	C:\Windows\System32\GDI32.dll
0x00007ffd5b5f0000 - 0x00007ffd5b68e000 	C:\Windows\System32\msvcrt.dll
0x00007ffd5ac40000 - 0x00007ffd5ad4b000 	C:\Windows\System32\gdi32full.dll
0x00007ffd5b320000 - 0x00007ffd5b3bd000 	C:\Windows\System32\msvcp_win.dll
0x00007ffd5ca90000 - 0x00007ffd5cac0000 	C:\Windows\System32\IMM32.DLL
0x00007ffd38d30000 - 0x00007ffd38dcd000 	C:\Program Files\Android\Android Studio\jre\bin\msvcp140.dll
0x00007ffd12b00000 - 0x00007ffd135d5000 	C:\Program Files\Android\Android Studio\jre\bin\server\jvm.dll
0x00007ffd5cdb0000 - 0x00007ffd5ce5e000 	C:\Windows\System32\ADVAPI32.dll
0x00007ffd5c270000 - 0x00007ffd5c30c000 	C:\Windows\System32\sechost.dll
0x00007ffd5cc10000 - 0x00007ffd5cd35000 	C:\Windows\System32\RPCRT4.dll
0x00007ffd5d0e0000 - 0x00007ffd5d0e8000 	C:\Windows\System32\PSAPI.DLL
0x00007ffd51aa0000 - 0x00007ffd51ac7000 	C:\Windows\SYSTEM32\WINMM.dll
0x00007ffd4e9c0000 - 0x00007ffd4e9c9000 	C:\Windows\SYSTEM32\WSOCK32.dll
0x00007ffd52030000 - 0x00007ffd5203a000 	C:\Windows\SYSTEM32\VERSION.dll
0x00007ffd5cd40000 - 0x00007ffd5cdab000 	C:\Windows\System32\WS2_32.dll
0x00007ffd58a40000 - 0x00007ffd58a52000 	C:\Windows\SYSTEM32\kernel.appcore.dll
0x00007ffd19be0000 - 0x00007ffd19bf1000 	C:\Program Files\Android\Android Studio\jre\bin\verify.dll
0x00007ffd4f9f0000 - 0x00007ffd4fbd4000 	C:\Windows\SYSTEM32\DBGHELP.DLL
0x00007ffd4f1a0000 - 0x00007ffd4f1cc000 	C:\Windows\SYSTEM32\dbgcore.DLL
0x00007ffd5b3c0000 - 0x00007ffd5b442000 	C:\Windows\System32\bcryptPrimitives.dll
0x00007ffd19bb0000 - 0x00007ffd19bd9000 	C:\Program Files\Android\Android Studio\jre\bin\java.dll
0x00007ffd2c1c0000 - 0x00007ffd2c1cb000 	C:\Program Files\Android\Android Studio\jre\bin\jimage.dll
0x00007ffd19b90000 - 0x00007ffd19ba8000 	C:\Program Files\Android\Android Studio\jre\bin\zip.dll
0x00007ffd5ba60000 - 0x00007ffd5c1a4000 	C:\Windows\System32\SHELL32.dll
0x00007ffd58c40000 - 0x00007ffd593d4000 	C:\Windows\SYSTEM32\windows.storage.dll
0x00007ffd5b6f0000 - 0x00007ffd5ba44000 	C:\Windows\System32\combase.dll
0x00007ffd5a4a0000 - 0x00007ffd5a4cc000 	C:\Windows\SYSTEM32\Wldp.dll
0x00007ffd5cf80000 - 0x00007ffd5d02d000 	C:\Windows\System32\SHCORE.dll
0x00007ffd5cad0000 - 0x00007ffd5cb25000 	C:\Windows\System32\shlwapi.dll
0x00007ffd5aa50000 - 0x00007ffd5aa6f000 	C:\Windows\SYSTEM32\profapi.dll
0x00007ffd19b70000 - 0x00007ffd19b8a000 	C:\Program Files\Android\Android Studio\jre\bin\net.dll
0x00007ffd53f10000 - 0x00007ffd54019000 	C:\Windows\SYSTEM32\WINHTTP.dll
0x00007ffd5a200000 - 0x00007ffd5a26a000 	C:\Windows\system32\mswsock.dll
0x00007ffd19b50000 - 0x00007ffd19b64000 	C:\Program Files\Android\Android Studio\jre\bin\nio.dll
0x00007ffd4a5e0000 - 0x00007ffd4a607000 	C:\Users\Hello World\.gradle\native\8bec1ad78214c89d9ad589b4d07fe93259594b29d510b10fafb7a158f7737e5d\windows-amd64\native-platform.dll
0x00007ffd41000000 - 0x00007ffd4113d000 	C:\Users\Hello World\.gradle\native\53dbd7edfb1c66fb8903c78663c9afc45aea4f116125fa6feffd364cf09443e8\windows-amd64\native-platform-file-events.dll
0x00007ffd19b40000 - 0x00007ffd19b4a000 	C:\Program Files\Android\Android Studio\jre\bin\management.dll
0x00007ffd19b30000 - 0x00007ffd19b3d000 	C:\Program Files\Android\Android Studio\jre\bin\management_ext.dll
0x00007ffd5a3f0000 - 0x00007ffd5a408000 	C:\Windows\SYSTEM32\CRYPTSP.dll
0x00007ffd59b80000 - 0x00007ffd59bb4000 	C:\Windows\system32\rsaenh.dll
0x00007ffd5ad50000 - 0x00007ffd5ad77000 	C:\Windows\System32\bcrypt.dll
0x00007ffd5a9d0000 - 0x00007ffd5a9fe000 	C:\Windows\SYSTEM32\USERENV.dll
0x00007ffd5a410000 - 0x00007ffd5a41c000 	C:\Windows\SYSTEM32\CRYPTBASE.dll
0x00007ffd59ef0000 - 0x00007ffd59f2b000 	C:\Windows\SYSTEM32\IPHLPAPI.DLL
0x00007ffd5ba50000 - 0x00007ffd5ba58000 	C:\Windows\System32\NSI.dll
0x00007ffd555b0000 - 0x00007ffd555c7000 	C:\Windows\SYSTEM32\dhcpcsvc6.DLL
0x00007ffd55590000 - 0x00007ffd555ad000 	C:\Windows\SYSTEM32\dhcpcsvc.DLL
0x00007ffd59f30000 - 0x00007ffd59ffa000 	C:\Windows\SYSTEM32\DNSAPI.dll
0x00007ffd4a660000 - 0x00007ffd4a67e000 	C:\Users\Hello World\AppData\Local\Temp\native-platform12945356433302773857dir\native-platform.dll
0x00007ffd58190000 - 0x00007ffd58198000 	C:\Program Files\Android\Android Studio\jre\bin\rmi.dll

dbghelp: loaded successfully - version: 4.0.5 - missing functions: none
symbol engine: initialized successfully - sym options: 0x614 - pdb path: .;C:\Program Files\Android\Android Studio\jre\bin;C:\Windows\SYSTEM32;C:\Windows\WinSxS\amd64_microsoft.windows.common-controls_6595b64144ccf1df_6.0.19041.1110_none_60b5254171f9507e;C:\Program Files\Android\Android Studio\jre\bin\server;C:\Users\Hello World\.gradle\native\8bec1ad78214c89d9ad589b4d07fe93259594b29d510b10fafb7a158f7737e5d\windows-amd64;C:\Users\Hello World\.gradle\native\53dbd7edfb1c66fb8903c78663c9afc45aea4f116125fa6feffd364cf09443e8\windows-amd64;C:\Users\Hello World\AppData\Local\Temp\native-platform12945356433302773857dir

VM Arguments:
jvm_args: --add-opens=java.base/java.util=ALL-UNNAMED --add-opens=java.base/java.lang=ALL-UNNAMED --add-opens=java.base/java.lang.invoke=ALL-UNNAMED --add-opens=java.base/java.util=ALL-UNNAMED --add-opens=java.prefs/java.util.prefs=ALL-UNNAMED --add-opens=java.prefs/java.util.prefs=ALL-UNNAMED --add-opens=java.base/java.nio.charset=ALL-UNNAMED --add-opens=java.base/java.net=ALL-UNNAMED --add-opens=java.base/java.util.concurrent.atomic=ALL-UNNAMED -Xmx2048m -Dfile.encoding=UTF-8 -Duser.country=US -Duser.language=en -Duser.variant 
java_command: org.gradle.launcher.daemon.bootstrap.GradleDaemon 7.0.2
java_class_path (initial): C:\Users\Hello World\.gradle\wrapper\dists\gradle-7.0.2-bin\857tjihv64xamwrf0h14cai3r\gradle-7.0.2\lib\gradle-launcher-7.0.2.jar
Launcher Type: SUN_STANDARD

[Global flags]
     intx CICompilerCount                          = 4                                         {product} {ergonomic}
     uint ConcGCThreads                            = 2                                         {product} {ergonomic}
     uint G1ConcRefinementThreads                  = 8                                         {product} {ergonomic}
   size_t G1HeapRegionSize                         = 1048576                                   {product} {ergonomic}
    uintx GCDrainStackTargetSize                   = 64                                        {product} {ergonomic}
   size_t InitialHeapSize                          = 134217728                                 {product} {ergonomic}
   size_t MarkStackSize                            = 4194304                                   {product} {ergonomic}
   size_t MaxHeapSize                              = 2147483648                                {product} {command line}
   size_t MaxNewSize                               = 1287651328                                {product} {ergonomic}
   size_t MinHeapDeltaBytes                        = 1048576                                   {product} {ergonomic}
    uintx NonNMethodCodeHeapSize                   = 5836300                                {pd product} {ergonomic}
    uintx NonProfiledCodeHeapSize                  = 122910970                              {pd product} {ergonomic}
    uintx ProfiledCodeHeapSize                     = 122910970                              {pd product} {ergonomic}
    uintx ReservedCodeCacheSize                    = 251658240                              {pd product} {ergonomic}
     bool SegmentedCodeCache                       = true                                      {product} {ergonomic}
     bool UseCompressedClassPointers               = true                                 {lp64_product} {ergonomic}
     bool UseCompressedOops                        = true                                 {lp64_product} {ergonomic}
     bool UseG1GC                                  = true                                      {product} {ergonomic}
     bool UseLargePagesIndividualAllocation        = false                                  {pd product} {ergonomic}

Logging:
Log output configuration:
 #0: stdout all=warning uptime,level,tags
 #1: stderr all=off uptime,level,tags

Environment Variables:
PATH=C:\Windows\system32;C:\Windows;C:\Windows\System32\Wbem;C:\Windows\System32\WindowsPowerShell\v1.0\;C:\Windows\System32\OpenSSH\;C:\Users\Hello World\AppData\Local\Programs\Python\Python38\Scripts\;C:\Program Files (x86)\PuTTY\;C:\Users\Hello World\AppData\Local\Microsoft\WindowsApps;C:\Program Files\JetBrains\PyCharm Community Edition 2021.3.2\bin;;C:\Users\Hello World\AppData\Local\Programs\Python\Python38\Scripts\pip.exe;
USERNAME=Hello World
OS=Windows_NT
PROCESSOR_IDENTIFIER=AMD64 Family 25 Model 80 Stepping 0, AuthenticAMD



---------------  S Y S T E M  ---------------

OS: Windows 10 , 64 bit Build 19041 (10.0.19041.1566)
OS uptime: 0 days 22:41 hours
VMWare virtualization detected

CPU:total 8 (initial active 8) (4 cores per cpu, 1 threads per core) family 25 model 80 stepping 0 microcode 0x0, cmov, cx8, fxsr, mmx, sse, sse2, sse3, ssse3, sse4.1, sse4.2, popcnt, avx, avx2, aes, clmul, erms, mmxext, 3dnowpref, lzcnt, sse4a, tsc, tscinvbit, tscinv, bmi1, bmi2, adx,

Memory: 4k page, system-wide physical 8191M (587M free)
TotalPageFile size 15152M (AvailPageFile size 83M)
current process WorkingSet (physical memory assigned to process): 609M, peak: 609M
current process commit charge ("private bytes"): 738M, peak: 909M

vm_info: OpenJDK 64-Bit Server VM (11.0.11+9-b60-7590822) for windows-amd64 JRE (11.0.11+9-b60-7590822), built on Jul 29 2021 21:43:44 by "builder" with MS VC++ 14.0 (VS2015)

END.
