#
# There is insufficient memory for the Java Runtime Environment to continue.
# Native memory allocation (malloc) failed to allocate 1087856 bytes for Chunk::new
# Possible reasons:
#   The system is out of physical RAM or swap space
#   The process is running with CompressedOops enabled, and the Java Heap may be blocking the growth of the native heap
# Possible solutions:
#   Reduce memory load on the system
#   Increase physical memory or swap space
#   Check if swap backing store is full
#   Decrease Java heap size (-Xmx/-Xms)
#   Decrease number of Java threads
#   Decrease Java thread stack sizes (-Xss)
#   Set larger code cache with -XX:ReservedCodeCacheSize=
#   JVM is running with Unscaled Compressed Oops mode in which the Java heap is
#     placed in the first 4GB address space. The Java Heap base address is the
#     maximum limit for the native heap growth. Please use -XX:HeapBaseMinAddress
#     to set the Java Heap base and to place the Java Heap above 4GB virtual address.
# This output file may be truncated or incomplete.
#
#  Out of Memory Error (./src/hotspot/share/memory/arena.cpp:197), pid=7336, tid=1844
#
# JRE version: OpenJDK Runtime Environment (11.0.11+9) (build 11.0.11+9-b60-7590822)
# Java VM: OpenJDK 64-Bit Server VM (11.0.11+9-b60-7590822, mixed mode, tiered, compressed oops, g1 gc, windows-amd64)
# No core dump will be written. Minidumps are not enabled by default on client versions of Windows
#

---------------  S U M M A R Y ------------

Command Line: org.jetbrains.kotlin.cli.jvm.K2JVMCompiler @C:\Users\Hello World\Downloads\New folder\AndroidLibrary\image-preview\build\20220330_7810161518250182394.compiler.options

Host: AMD Ryzen 7 5800H with Radeon Graphics         , 8 cores, 7G,  Windows 10 , 64 bit Build 19041 (10.0.19041.1566)
Time: Wed Mar 30 03:30:27 2022 Pacific Daylight Time elapsed time: 4.150837 seconds (0d 0h 0m 4s)

---------------  T H R E A D  ---------------

Current thread (0x000001fb0ffe9000):  JavaThread "C2 CompilerThread1" daemon [_thread_in_native, id=1844, stack(0x000000a4a5700000,0x000000a4a5800000)]


Current CompileTask:
C2:   4150 6714       4       org.jetbrains.org.objectweb.asm.tree.analysis.Frame::execute (2125 bytes)

Stack: [0x000000a4a5700000,0x000000a4a5800000]
Native frames: (J=compiled Java code, j=interpreted, Vv=VM code, C=native code)
V  [jvm.dll+0x5f214a]
V  [jvm.dll+0x726fb5]
V  [jvm.dll+0x7285cd]
V  [jvm.dll+0x728c83]
V  [jvm.dll+0x243278]
V  [jvm.dll+0xbc53c]
V  [jvm.dll+0xbca3c]
V  [jvm.dll+0x353e3b]
V  [jvm.dll+0x321893]
V  [jvm.dll+0x320d8a]
V  [jvm.dll+0x1fc1e2]
V  [jvm.dll+0x1fb3d4]
V  [jvm.dll+0x183d6c]
V  [jvm.dll+0x209a57]
V  [jvm.dll+0x2082a1]
V  [jvm.dll+0x6ef58f]
V  [jvm.dll+0x6e80b5]
V  [jvm.dll+0x5f1036]
C  [ucrtbase.dll+0x21bb2]
C  [KERNEL32.DLL+0x17034]
C  [ntdll.dll+0x52651]


---------------  P R O C E S S  ---------------

Threads class SMR info:
_java_thread_list=0x000001fb0ffe4f10, length=12, elements={
0x000001fb747eb800, 0x000001fb0f4f7000, 0x000001fb0f4f8800, 0x000001fb0f525800,
0x000001fb0f527800, 0x000001fb0f528800, 0x000001fb0f52d000, 0x000001fb0f52e800,
0x000001fb0fe7d800, 0x000001fb0ffec000, 0x000001fb0ffe9000, 0x000001fb0ffe8000
}

Java Threads: ( => current thread )
  0x000001fb747eb800 JavaThread "main" [_thread_in_native, id=11092, stack(0x000000a4a4600000,0x000000a4a4700000)]
  0x000001fb0f4f7000 JavaThread "Reference Handler" daemon [_thread_blocked, id=10272, stack(0x000000a4a4d00000,0x000000a4a4e00000)]
  0x000001fb0f4f8800 JavaThread "Finalizer" daemon [_thread_blocked, id=12808, stack(0x000000a4a4e00000,0x000000a4a4f00000)]
  0x000001fb0f525800 JavaThread "Signal Dispatcher" daemon [_thread_blocked, id=12476, stack(0x000000a4a4f00000,0x000000a4a5000000)]
  0x000001fb0f527800 JavaThread "Attach Listener" daemon [_thread_blocked, id=4684, stack(0x000000a4a5000000,0x000000a4a5100000)]
  0x000001fb0f528800 JavaThread "Service Thread" daemon [_thread_blocked, id=14648, stack(0x000000a4a5100000,0x000000a4a5200000)]
  0x000001fb0f52d000 JavaThread "C2 CompilerThread0" daemon [_thread_in_native, id=12536, stack(0x000000a4a5200000,0x000000a4a5300000)]
  0x000001fb0f52e800 JavaThread "C1 CompilerThread0" daemon [_thread_blocked, id=11068, stack(0x000000a4a5300000,0x000000a4a5400000)]
  0x000001fb0fe7d800 JavaThread "Sweeper thread" daemon [_thread_blocked, id=8016, stack(0x000000a4a5400000,0x000000a4a5500000)]
  0x000001fb0ffec000 JavaThread "Common-Cleaner" daemon [_thread_blocked, id=15364, stack(0x000000a4a5600000,0x000000a4a5700000)]
=>0x000001fb0ffe9000 JavaThread "C2 CompilerThread1" daemon [_thread_in_native, id=1844, stack(0x000000a4a5700000,0x000000a4a5800000)]
  0x000001fb0ffe8000 JavaThread "C2 CompilerThread2" daemon [_thread_in_native, id=15648, stack(0x000000a4a5800000,0x000000a4a5900000)]

Other Threads:
  0x000001fb0f4f3800 VMThread "VM Thread" [stack: 0x000000a4a4c00000,0x000000a4a4d00000] [id=1152]
  0x000001fb0ffe4000 WatcherThread [stack: 0x000000a4a5500000,0x000000a4a5600000] [id=5788]
  0x000001fb74804800 GCTaskThread "GC Thread#0" [stack: 0x000000a4a4700000,0x000000a4a4800000] [id=16272]
  0x000001fb10605800 GCTaskThread "GC Thread#1" [stack: 0x000000a4a5900000,0x000000a4a5a00000] [id=15248]
  0x000001fb1064c800 GCTaskThread "GC Thread#2" [stack: 0x000000a4a5a00000,0x000000a4a5b00000] [id=2140]
  0x000001fb74835000 ConcurrentGCThread "G1 Main Marker" [stack: 0x000000a4a4800000,0x000000a4a4900000] [id=10876]
  0x000001fb74837000 ConcurrentGCThread "G1 Conc#0" [stack: 0x000000a4a4900000,0x000000a4a4a00000] [id=1684]
  0x000001fb107a0000 ConcurrentGCThread "G1 Conc#1" [stack: 0x000000a4a5b00000,0x000000a4a5c00000] [id=11684]
  0x000001fb0f340800 ConcurrentGCThread "G1 Refine#0" [stack: 0x000000a4a4a00000,0x000000a4a4b00000] [id=10628]
  0x000001fb0f341800 ConcurrentGCThread "G1 Young RemSet Sampling" [stack: 0x000000a4a4b00000,0x000000a4a4c00000] [id=15600]

Threads with active compile tasks:
C2 CompilerThread0   4156 6789       4       org.jetbrains.org.objectweb.asm.tree.analysis.SmallSet::union (210 bytes)
C2 CompilerThread1   4156 6714       4       org.jetbrains.org.objectweb.asm.tree.analysis.Frame::execute (2125 bytes)
C2 CompilerThread2   4156 6791   !   4       java.util.AbstractSet::equals (45 bytes)

VM state:not at safepoint (normal execution)

VM Mutex/Monitor currently owned by a thread: None

Heap address: 0x0000000080000000, size: 2048 MB, Compressed Oops mode: 32-bit
Narrow klass base: 0x0000000000000000, Narrow klass shift: 3
Compressed class space size: 1073741824 Address: 0x0000000100000000

Heap:
 garbage-first heap   total 163840K, used 95429K [0x0000000080000000, 0x0000000100000000)
  region size 1024K, 65 young (66560K), 10 survivors (10240K)
 Metaspace       used 70788K, capacity 71417K, committed 71680K, reserved 1112064K
  class space    used 7880K, capacity 8117K, committed 8192K, reserved 1048576K
Heap Regions: E=young(eden), S=young(survivor), O=old, HS=humongous(starts), HC=humongous(continues), CS=collection set, F=free, A=archive, TAMS=top-at-mark-start (previous, next)
|   0|0x0000000080000000, 0x0000000080100000, 0x0000000080100000|100%|HS|  |TAMS 0x0000000080100000, 0x0000000080000000| Complete 
|   1|0x0000000080100000, 0x0000000080200000, 0x0000000080200000|100%|HC|  |TAMS 0x0000000080200000, 0x0000000080100000| Complete 
|   2|0x0000000080200000, 0x0000000080300000, 0x0000000080300000|100%|HC|  |TAMS 0x0000000080300000, 0x0000000080200000| Complete 
|   3|0x0000000080300000, 0x0000000080400000, 0x0000000080400000|100%|HS|  |TAMS 0x0000000080400000, 0x0000000080300000| Complete 
|   4|0x0000000080400000, 0x0000000080500000, 0x0000000080500000|100%|HC|  |TAMS 0x0000000080500000, 0x0000000080400000| Complete 
|   5|0x0000000080500000, 0x0000000080600000, 0x0000000080600000|100%|HC|  |TAMS 0x0000000080600000, 0x0000000080500000| Complete 
|   6|0x0000000080600000, 0x0000000080700000, 0x0000000080700000|100%|HS|  |TAMS 0x0000000080700000, 0x0000000080600000| Complete 
|   7|0x0000000080700000, 0x0000000080800000, 0x0000000080800000|100%|HC|  |TAMS 0x0000000080800000, 0x0000000080700000| Complete 
|   8|0x0000000080800000, 0x0000000080900000, 0x0000000080900000|100%|HC|  |TAMS 0x0000000080900000, 0x0000000080800000| Complete 
|   9|0x0000000080900000, 0x0000000080a00000, 0x0000000080a00000|100%|HS|  |TAMS 0x0000000080a00000, 0x0000000080900000| Complete 
|  10|0x0000000080a00000, 0x0000000080b00000, 0x0000000080b00000|100%|HC|  |TAMS 0x0000000080b00000, 0x0000000080a00000| Complete 
|  11|0x0000000080b00000, 0x0000000080c00000, 0x0000000080c00000|100%| O|  |TAMS 0x0000000080c00000, 0x0000000080b00000| Untracked 
|  12|0x0000000080c00000, 0x0000000080d00000, 0x0000000080d00000|100%| O|  |TAMS 0x0000000080d00000, 0x0000000080c00000| Untracked 
|  13|0x0000000080d00000, 0x0000000080e00000, 0x0000000080e00000|100%| O|  |TAMS 0x0000000080e00000, 0x0000000080d00000| Untracked 
|  14|0x0000000080e00000, 0x0000000080f00000, 0x0000000080f00000|100%| O|  |TAMS 0x0000000080f00000, 0x0000000080e00000| Untracked 
|  15|0x0000000080f00000, 0x0000000081000000, 0x0000000081000000|100%| O|  |TAMS 0x0000000081000000, 0x0000000080f00000| Untracked 
|  16|0x0000000081000000, 0x0000000081100000, 0x0000000081100000|100%| O|  |TAMS 0x0000000081100000, 0x0000000081000000| Untracked 
|  17|0x0000000081100000, 0x0000000081200000, 0x0000000081200000|100%| O|  |TAMS 0x0000000081200000, 0x0000000081100000| Untracked 
|  18|0x0000000081200000, 0x0000000081300000, 0x0000000081300000|100%| O|  |TAMS 0x0000000081300000, 0x0000000081200000| Untracked 
|  19|0x0000000081300000, 0x0000000081400000, 0x0000000081400000|100%| O|  |TAMS 0x0000000081400000, 0x0000000081300000| Untracked 
|  20|0x0000000081400000, 0x0000000081500000, 0x0000000081500000|100%| O|  |TAMS 0x0000000081500000, 0x0000000081400000| Untracked 
|  21|0x0000000081500000, 0x0000000081600000, 0x0000000081600000|100%| O|  |TAMS 0x0000000081600000, 0x0000000081500000| Untracked 
|  22|0x0000000081600000, 0x0000000081700000, 0x0000000081700000|100%| O|  |TAMS 0x0000000081700000, 0x0000000081600000| Untracked 
|  23|0x0000000081700000, 0x0000000081800000, 0x0000000081800000|100%| O|  |TAMS 0x0000000081800000, 0x0000000081700000| Untracked 
|  24|0x0000000081800000, 0x0000000081900000, 0x0000000081900000|100%| O|  |TAMS 0x0000000081900000, 0x0000000081800000| Untracked 
|  25|0x0000000081900000, 0x0000000081a00000, 0x0000000081a00000|100%| O|  |TAMS 0x0000000081a00000, 0x0000000081900000| Untracked 
|  26|0x0000000081a00000, 0x0000000081b00000, 0x0000000081b00000|100%| O|  |TAMS 0x0000000081b00000, 0x0000000081a00000| Untracked 
|  27|0x0000000081b00000, 0x0000000081c00000, 0x0000000081c00000|100%| O|  |TAMS 0x0000000081c00000, 0x0000000081b00000| Untracked 
|  28|0x0000000081c00000, 0x0000000081d00000, 0x0000000081d00000|100%| O|  |TAMS 0x0000000081d00000, 0x0000000081c00000| Untracked 
|  29|0x0000000081d00000, 0x0000000081d31600, 0x0000000081e00000| 19%| O|  |TAMS 0x0000000081d31600, 0x0000000081d00000| Untracked 
|  30|0x0000000081e00000, 0x0000000081e00000, 0x0000000081f00000|  0%| F|  |TAMS 0x0000000081e00000, 0x0000000081e00000| Untracked 
|  31|0x0000000081f00000, 0x0000000081f00000, 0x0000000082000000|  0%| F|  |TAMS 0x0000000081f00000, 0x0000000081f00000| Untracked 
|  32|0x0000000082000000, 0x0000000082000000, 0x0000000082100000|  0%| F|  |TAMS 0x0000000082000000, 0x0000000082000000| Untracked 
|  33|0x0000000082100000, 0x0000000082100000, 0x0000000082200000|  0%| F|  |TAMS 0x0000000082100000, 0x0000000082100000| Untracked 
|  34|0x0000000082200000, 0x0000000082200000, 0x0000000082300000|  0%| F|  |TAMS 0x0000000082200000, 0x0000000082200000| Untracked 
|  35|0x0000000082300000, 0x0000000082300000, 0x0000000082400000|  0%| F|  |TAMS 0x0000000082300000, 0x0000000082300000| Untracked 
|  36|0x0000000082400000, 0x0000000082400000, 0x0000000082500000|  0%| F|  |TAMS 0x0000000082400000, 0x0000000082400000| Untracked 
|  37|0x0000000082500000, 0x0000000082500000, 0x0000000082600000|  0%| F|  |TAMS 0x0000000082500000, 0x0000000082500000| Untracked 
|  38|0x0000000082600000, 0x0000000082600000, 0x0000000082700000|  0%| F|  |TAMS 0x0000000082600000, 0x0000000082600000| Untracked 
|  39|0x0000000082700000, 0x0000000082700000, 0x0000000082800000|  0%| F|  |TAMS 0x0000000082700000, 0x0000000082700000| Untracked 
|  40|0x0000000082800000, 0x0000000082800000, 0x0000000082900000|  0%| F|  |TAMS 0x0000000082800000, 0x0000000082800000| Untracked 
|  41|0x0000000082900000, 0x0000000082900000, 0x0000000082a00000|  0%| F|  |TAMS 0x0000000082900000, 0x0000000082900000| Untracked 
|  42|0x0000000082a00000, 0x0000000082a00000, 0x0000000082b00000|  0%| F|  |TAMS 0x0000000082a00000, 0x0000000082a00000| Untracked 
|  43|0x0000000082b00000, 0x0000000082b00000, 0x0000000082c00000|  0%| F|  |TAMS 0x0000000082b00000, 0x0000000082b00000| Untracked 
|  44|0x0000000082c00000, 0x0000000082c00000, 0x0000000082d00000|  0%| F|  |TAMS 0x0000000082c00000, 0x0000000082c00000| Untracked 
|  45|0x0000000082d00000, 0x0000000082d00000, 0x0000000082e00000|  0%| F|  |TAMS 0x0000000082d00000, 0x0000000082d00000| Untracked 
|  46|0x0000000082e00000, 0x0000000082e00000, 0x0000000082f00000|  0%| F|  |TAMS 0x0000000082e00000, 0x0000000082e00000| Untracked 
|  47|0x0000000082f00000, 0x0000000082f00000, 0x0000000083000000|  0%| F|  |TAMS 0x0000000082f00000, 0x0000000082f00000| Untracked 
|  48|0x0000000083000000, 0x0000000083000000, 0x0000000083100000|  0%| F|  |TAMS 0x0000000083000000, 0x0000000083000000| Untracked 
|  49|0x0000000083100000, 0x0000000083100000, 0x0000000083200000|  0%| F|  |TAMS 0x0000000083100000, 0x0000000083100000| Untracked 
|  50|0x0000000083200000, 0x0000000083200000, 0x0000000083300000|  0%| F|  |TAMS 0x0000000083200000, 0x0000000083200000| Untracked 
|  51|0x0000000083300000, 0x0000000083300000, 0x0000000083400000|  0%| F|  |TAMS 0x0000000083300000, 0x0000000083300000| Untracked 
|  52|0x0000000083400000, 0x0000000083400000, 0x0000000083500000|  0%| F|  |TAMS 0x0000000083400000, 0x0000000083400000| Untracked 
|  53|0x0000000083500000, 0x0000000083500000, 0x0000000083600000|  0%| F|  |TAMS 0x0000000083500000, 0x0000000083500000| Untracked 
|  54|0x0000000083600000, 0x0000000083600000, 0x0000000083700000|  0%| F|  |TAMS 0x0000000083600000, 0x0000000083600000| Untracked 
|  55|0x0000000083700000, 0x0000000083700000, 0x0000000083800000|  0%| F|  |TAMS 0x0000000083700000, 0x0000000083700000| Untracked 
|  56|0x0000000083800000, 0x0000000083800000, 0x0000000083900000|  0%| F|  |TAMS 0x0000000083800000, 0x0000000083800000| Untracked 
|  57|0x0000000083900000, 0x0000000083900000, 0x0000000083a00000|  0%| F|  |TAMS 0x0000000083900000, 0x0000000083900000| Untracked 
|  58|0x0000000083a00000, 0x0000000083a00000, 0x0000000083b00000|  0%| F|  |TAMS 0x0000000083a00000, 0x0000000083a00000| Untracked 
|  59|0x0000000083b00000, 0x0000000083b00000, 0x0000000083c00000|  0%| F|  |TAMS 0x0000000083b00000, 0x0000000083b00000| Untracked 
|  60|0x0000000083c00000, 0x0000000083c00000, 0x0000000083d00000|  0%| F|  |TAMS 0x0000000083c00000, 0x0000000083c00000| Untracked 
|  61|0x0000000083d00000, 0x0000000083d00000, 0x0000000083e00000|  0%| F|  |TAMS 0x0000000083d00000, 0x0000000083d00000| Untracked 
|  62|0x0000000083e00000, 0x0000000083e00000, 0x0000000083f00000|  0%| F|  |TAMS 0x0000000083e00000, 0x0000000083e00000| Untracked 
|  63|0x0000000083f00000, 0x0000000083f00000, 0x0000000084000000|  0%| F|  |TAMS 0x0000000083f00000, 0x0000000083f00000| Untracked 
|  64|0x0000000084000000, 0x0000000084000000, 0x0000000084100000|  0%| F|  |TAMS 0x0000000084000000, 0x0000000084000000| Untracked 
|  65|0x0000000084100000, 0x0000000084100000, 0x0000000084200000|  0%| F|  |TAMS 0x0000000084100000, 0x0000000084100000| Untracked 
|  66|0x0000000084200000, 0x0000000084200000, 0x0000000084300000|  0%| F|  |TAMS 0x0000000084200000, 0x0000000084200000| Untracked 
|  67|0x0000000084300000, 0x0000000084300000, 0x0000000084400000|  0%| F|  |TAMS 0x0000000084300000, 0x0000000084300000| Untracked 
|  68|0x0000000084400000, 0x0000000084400000, 0x0000000084500000|  0%| F|  |TAMS 0x0000000084400000, 0x0000000084400000| Untracked 
|  69|0x0000000084500000, 0x0000000084500000, 0x0000000084600000|  0%| F|  |TAMS 0x0000000084500000, 0x0000000084500000| Untracked 
|  70|0x0000000084600000, 0x0000000084600000, 0x0000000084700000|  0%| F|  |TAMS 0x0000000084600000, 0x0000000084600000| Untracked 
|  71|0x0000000084700000, 0x0000000084700000, 0x0000000084800000|  0%| F|  |TAMS 0x0000000084700000, 0x0000000084700000| Untracked 
|  72|0x0000000084800000, 0x0000000084800000, 0x0000000084900000|  0%| F|  |TAMS 0x0000000084800000, 0x0000000084800000| Untracked 
|  73|0x0000000084900000, 0x0000000084900000, 0x0000000084a00000|  0%| F|  |TAMS 0x0000000084900000, 0x0000000084900000| Untracked 
|  74|0x0000000084a00000, 0x0000000084a00000, 0x0000000084b00000|  0%| F|  |TAMS 0x0000000084a00000, 0x0000000084a00000| Untracked 
|  75|0x0000000084b00000, 0x0000000084b00000, 0x0000000084c00000|  0%| F|  |TAMS 0x0000000084b00000, 0x0000000084b00000| Untracked 
|  76|0x0000000084c00000, 0x0000000084c00000, 0x0000000084d00000|  0%| F|  |TAMS 0x0000000084c00000, 0x0000000084c00000| Untracked 
|  77|0x0000000084d00000, 0x0000000084d00000, 0x0000000084e00000|  0%| F|  |TAMS 0x0000000084d00000, 0x0000000084d00000| Untracked 
|  78|0x0000000084e00000, 0x0000000084e00000, 0x0000000084f00000|  0%| F|  |TAMS 0x0000000084e00000, 0x0000000084e00000| Untracked 
|  79|0x0000000084f00000, 0x0000000084f00000, 0x0000000085000000|  0%| F|  |TAMS 0x0000000084f00000, 0x0000000084f00000| Untracked 
|  80|0x0000000085000000, 0x0000000085000000, 0x0000000085100000|  0%| F|  |TAMS 0x0000000085000000, 0x0000000085000000| Untracked 
|  81|0x0000000085100000, 0x0000000085100000, 0x0000000085200000|  0%| F|  |TAMS 0x0000000085100000, 0x0000000085100000| Untracked 
|  82|0x0000000085200000, 0x0000000085200000, 0x0000000085300000|  0%| F|  |TAMS 0x0000000085200000, 0x0000000085200000| Untracked 
|  83|0x0000000085300000, 0x0000000085400000, 0x0000000085400000|100%| S|CS|TAMS 0x0000000085300000, 0x0000000085300000| Complete 
|  84|0x0000000085400000, 0x0000000085500000, 0x0000000085500000|100%| S|CS|TAMS 0x0000000085400000, 0x0000000085400000| Complete 
|  85|0x0000000085500000, 0x0000000085600000, 0x0000000085600000|100%| S|CS|TAMS 0x0000000085500000, 0x0000000085500000| Complete 
|  86|0x0000000085600000, 0x0000000085700000, 0x0000000085700000|100%| S|CS|TAMS 0x0000000085600000, 0x0000000085600000| Complete 
|  87|0x0000000085700000, 0x0000000085800000, 0x0000000085800000|100%| S|CS|TAMS 0x0000000085700000, 0x0000000085700000| Complete 
|  88|0x0000000085800000, 0x0000000085900000, 0x0000000085900000|100%| S|CS|TAMS 0x0000000085800000, 0x0000000085800000| Complete 
|  89|0x0000000085900000, 0x0000000085a00000, 0x0000000085a00000|100%| S|CS|TAMS 0x0000000085900000, 0x0000000085900000| Complete 
|  90|0x0000000085a00000, 0x0000000085b00000, 0x0000000085b00000|100%| S|CS|TAMS 0x0000000085a00000, 0x0000000085a00000| Complete 
|  91|0x0000000085b00000, 0x0000000085b00000, 0x0000000085c00000|  0%| F|  |TAMS 0x0000000085b00000, 0x0000000085b00000| Untracked 
|  92|0x0000000085c00000, 0x0000000085c00000, 0x0000000085d00000|  0%| F|  |TAMS 0x0000000085c00000, 0x0000000085c00000| Untracked 
|  93|0x0000000085d00000, 0x0000000085d00000, 0x0000000085e00000|  0%| F|  |TAMS 0x0000000085d00000, 0x0000000085d00000| Untracked 
|  94|0x0000000085e00000, 0x0000000085e00000, 0x0000000085f00000|  0%| F|  |TAMS 0x0000000085e00000, 0x0000000085e00000| Untracked 
|  95|0x0000000085f00000, 0x0000000085f00000, 0x0000000086000000|  0%| F|  |TAMS 0x0000000085f00000, 0x0000000085f00000| Untracked 
|  96|0x0000000086000000, 0x0000000086000000, 0x0000000086100000|  0%| F|  |TAMS 0x0000000086000000, 0x0000000086000000| Untracked 
|  97|0x0000000086100000, 0x0000000086100000, 0x0000000086200000|  0%| F|  |TAMS 0x0000000086100000, 0x0000000086100000| Untracked 
|  98|0x0000000086200000, 0x0000000086200000, 0x0000000086300000|  0%| F|  |TAMS 0x0000000086200000, 0x0000000086200000| Untracked 
|  99|0x0000000086300000, 0x0000000086300000, 0x0000000086400000|  0%| F|  |TAMS 0x0000000086300000, 0x0000000086300000| Untracked 
| 100|0x0000000086400000, 0x0000000086500000, 0x0000000086500000|100%| S|CS|TAMS 0x0000000086400000, 0x0000000086400000| Complete 
| 101|0x0000000086500000, 0x0000000086600000, 0x0000000086600000|100%| S|CS|TAMS 0x0000000086500000, 0x0000000086500000| Complete 
| 102|0x0000000086600000, 0x0000000086600000, 0x0000000086700000|  0%| F|  |TAMS 0x0000000086600000, 0x0000000086600000| Untracked 
| 103|0x0000000086700000, 0x0000000086700000, 0x0000000086800000|  0%| F|  |TAMS 0x0000000086700000, 0x0000000086700000| Untracked 
| 104|0x0000000086800000, 0x0000000086882f60, 0x0000000086900000| 51%| E|  |TAMS 0x0000000086800000, 0x0000000086800000| Complete 
| 105|0x0000000086900000, 0x0000000086a00000, 0x0000000086a00000|100%| E|CS|TAMS 0x0000000086900000, 0x0000000086900000| Complete 
| 106|0x0000000086a00000, 0x0000000086b00000, 0x0000000086b00000|100%| E|CS|TAMS 0x0000000086a00000, 0x0000000086a00000| Complete 
| 107|0x0000000086b00000, 0x0000000086c00000, 0x0000000086c00000|100%| E|CS|TAMS 0x0000000086b00000, 0x0000000086b00000| Complete 
| 108|0x0000000086c00000, 0x0000000086d00000, 0x0000000086d00000|100%| E|CS|TAMS 0x0000000086c00000, 0x0000000086c00000| Complete 
| 109|0x0000000086d00000, 0x0000000086e00000, 0x0000000086e00000|100%| E|CS|TAMS 0x0000000086d00000, 0x0000000086d00000| Complete 
| 110|0x0000000086e00000, 0x0000000086f00000, 0x0000000086f00000|100%| E|CS|TAMS 0x0000000086e00000, 0x0000000086e00000| Complete 
| 111|0x0000000086f00000, 0x0000000087000000, 0x0000000087000000|100%| E|CS|TAMS 0x0000000086f00000, 0x0000000086f00000| Complete 
| 112|0x0000000087000000, 0x0000000087100000, 0x0000000087100000|100%| E|CS|TAMS 0x0000000087000000, 0x0000000087000000| Complete 
| 113|0x0000000087100000, 0x0000000087200000, 0x0000000087200000|100%| E|CS|TAMS 0x0000000087100000, 0x0000000087100000| Complete 
| 114|0x0000000087200000, 0x0000000087300000, 0x0000000087300000|100%| E|CS|TAMS 0x0000000087200000, 0x0000000087200000| Complete 
| 115|0x0000000087300000, 0x0000000087400000, 0x0000000087400000|100%| E|CS|TAMS 0x0000000087300000, 0x0000000087300000| Complete 
| 116|0x0000000087400000, 0x0000000087500000, 0x0000000087500000|100%| E|CS|TAMS 0x0000000087400000, 0x0000000087400000| Complete 
| 117|0x0000000087500000, 0x0000000087600000, 0x0000000087600000|100%| E|CS|TAMS 0x0000000087500000, 0x0000000087500000| Complete 
| 118|0x0000000087600000, 0x0000000087700000, 0x0000000087700000|100%| E|CS|TAMS 0x0000000087600000, 0x0000000087600000| Complete 
| 119|0x0000000087700000, 0x0000000087800000, 0x0000000087800000|100%| E|CS|TAMS 0x0000000087700000, 0x0000000087700000| Complete 
| 120|0x0000000087800000, 0x0000000087900000, 0x0000000087900000|100%| E|CS|TAMS 0x0000000087800000, 0x0000000087800000| Complete 
| 121|0x0000000087900000, 0x0000000087a00000, 0x0000000087a00000|100%| E|CS|TAMS 0x0000000087900000, 0x0000000087900000| Complete 
| 122|0x0000000087a00000, 0x0000000087b00000, 0x0000000087b00000|100%| E|CS|TAMS 0x0000000087a00000, 0x0000000087a00000| Complete 
| 123|0x0000000087b00000, 0x0000000087c00000, 0x0000000087c00000|100%| E|CS|TAMS 0x0000000087b00000, 0x0000000087b00000| Complete 
| 124|0x0000000087c00000, 0x0000000087d00000, 0x0000000087d00000|100%| E|CS|TAMS 0x0000000087c00000, 0x0000000087c00000| Complete 
| 125|0x0000000087d00000, 0x0000000087e00000, 0x0000000087e00000|100%| E|CS|TAMS 0x0000000087d00000, 0x0000000087d00000| Complete 
| 126|0x0000000087e00000, 0x0000000087f00000, 0x0000000087f00000|100%| E|CS|TAMS 0x0000000087e00000, 0x0000000087e00000| Complete 
| 127|0x0000000087f00000, 0x0000000088000000, 0x0000000088000000|100%| E|CS|TAMS 0x0000000087f00000, 0x0000000087f00000| Complete 
| 128|0x0000000088000000, 0x0000000088100000, 0x0000000088100000|100%| E|CS|TAMS 0x0000000088000000, 0x0000000088000000| Complete 
| 129|0x0000000088100000, 0x0000000088200000, 0x0000000088200000|100%| E|CS|TAMS 0x0000000088100000, 0x0000000088100000| Complete 
| 130|0x0000000088200000, 0x0000000088300000, 0x0000000088300000|100%| E|CS|TAMS 0x0000000088200000, 0x0000000088200000| Complete 
| 131|0x0000000088300000, 0x0000000088400000, 0x0000000088400000|100%| E|CS|TAMS 0x0000000088300000, 0x0000000088300000| Complete 
| 132|0x0000000088400000, 0x0000000088500000, 0x0000000088500000|100%| E|CS|TAMS 0x0000000088400000, 0x0000000088400000| Complete 
| 133|0x0000000088500000, 0x0000000088600000, 0x0000000088600000|100%| E|CS|TAMS 0x0000000088500000, 0x0000000088500000| Complete 
| 134|0x0000000088600000, 0x0000000088700000, 0x0000000088700000|100%| E|CS|TAMS 0x0000000088600000, 0x0000000088600000| Complete 
| 135|0x0000000088700000, 0x0000000088800000, 0x0000000088800000|100%| E|CS|TAMS 0x0000000088700000, 0x0000000088700000| Complete 
| 136|0x0000000088800000, 0x0000000088900000, 0x0000000088900000|100%| E|CS|TAMS 0x0000000088800000, 0x0000000088800000| Complete 
| 137|0x0000000088900000, 0x0000000088a00000, 0x0000000088a00000|100%| E|CS|TAMS 0x0000000088900000, 0x0000000088900000| Complete 
| 138|0x0000000088a00000, 0x0000000088b00000, 0x0000000088b00000|100%| E|CS|TAMS 0x0000000088a00000, 0x0000000088a00000| Complete 
| 139|0x0000000088b00000, 0x0000000088c00000, 0x0000000088c00000|100%| E|CS|TAMS 0x0000000088b00000, 0x0000000088b00000| Complete 
| 140|0x0000000088c00000, 0x0000000088d00000, 0x0000000088d00000|100%| E|CS|TAMS 0x0000000088c00000, 0x0000000088c00000| Complete 
| 141|0x0000000088d00000, 0x0000000088e00000, 0x0000000088e00000|100%| E|CS|TAMS 0x0000000088d00000, 0x0000000088d00000| Complete 
| 142|0x0000000088e00000, 0x0000000088f00000, 0x0000000088f00000|100%| E|CS|TAMS 0x0000000088e00000, 0x0000000088e00000| Complete 
| 143|0x0000000088f00000, 0x0000000089000000, 0x0000000089000000|100%| E|CS|TAMS 0x0000000088f00000, 0x0000000088f00000| Complete 
| 144|0x0000000089000000, 0x0000000089100000, 0x0000000089100000|100%| E|CS|TAMS 0x0000000089000000, 0x0000000089000000| Complete 
| 145|0x0000000089100000, 0x0000000089200000, 0x0000000089200000|100%| E|CS|TAMS 0x0000000089100000, 0x0000000089100000| Complete 
| 146|0x0000000089200000, 0x0000000089300000, 0x0000000089300000|100%| E|CS|TAMS 0x0000000089200000, 0x0000000089200000| Complete 
| 147|0x0000000089300000, 0x0000000089400000, 0x0000000089400000|100%| E|CS|TAMS 0x0000000089300000, 0x0000000089300000| Complete 
| 148|0x0000000089400000, 0x0000000089500000, 0x0000000089500000|100%| E|CS|TAMS 0x0000000089400000, 0x0000000089400000| Complete 
| 149|0x0000000089500000, 0x0000000089600000, 0x0000000089600000|100%| E|CS|TAMS 0x0000000089500000, 0x0000000089500000| Complete 
| 150|0x0000000089600000, 0x0000000089700000, 0x0000000089700000|100%| E|CS|TAMS 0x0000000089600000, 0x0000000089600000| Complete 
| 151|0x0000000089700000, 0x0000000089800000, 0x0000000089800000|100%| E|CS|TAMS 0x0000000089700000, 0x0000000089700000| Complete 
| 152|0x0000000089800000, 0x0000000089900000, 0x0000000089900000|100%| E|CS|TAMS 0x0000000089800000, 0x0000000089800000| Complete 
| 153|0x0000000089900000, 0x0000000089a00000, 0x0000000089a00000|100%| E|CS|TAMS 0x0000000089900000, 0x0000000089900000| Complete 
| 154|0x0000000089a00000, 0x0000000089b00000, 0x0000000089b00000|100%| E|CS|TAMS 0x0000000089a00000, 0x0000000089a00000| Complete 
| 155|0x0000000089b00000, 0x0000000089c00000, 0x0000000089c00000|100%| E|CS|TAMS 0x0000000089b00000, 0x0000000089b00000| Complete 
| 156|0x0000000089c00000, 0x0000000089d00000, 0x0000000089d00000|100%| E|CS|TAMS 0x0000000089c00000, 0x0000000089c00000| Complete 
| 157|0x0000000089d00000, 0x0000000089e00000, 0x0000000089e00000|100%| E|CS|TAMS 0x0000000089d00000, 0x0000000089d00000| Complete 
| 158|0x0000000089e00000, 0x0000000089f00000, 0x0000000089f00000|100%| E|CS|TAMS 0x0000000089e00000, 0x0000000089e00000| Complete 
| 159|0x0000000089f00000, 0x000000008a000000, 0x000000008a000000|100%| E|CS|TAMS 0x0000000089f00000, 0x0000000089f00000| Complete 

Card table byte_map: [0x000001fb79160000,0x000001fb79560000] _byte_map_base: 0x000001fb78d60000

Marking Bits (Prev, Next): (CMBitMap*) 0x000001fb7482bfd0, (CMBitMap*) 0x000001fb7482bf98
 Prev Bits: [0x000001fb7b960000, 0x000001fb7d960000)
 Next Bits: [0x000001fb79960000, 0x000001fb7b960000)

Polling page: 0x000001fb73170000

Metaspace:

Usage:
  Non-class:     61.88 MB capacity,    61.48 MB (>99%) used,   314.45 KB ( <1%) free+waste,    92.13 KB ( <1%) overhead. 
      Class:      7.93 MB capacity,     7.70 MB ( 97%) used,   196.91 KB (  2%) free+waste,    34.81 KB ( <1%) overhead. 
       Both:     69.81 MB capacity,    69.18 MB (>99%) used,   511.37 KB ( <1%) free+waste,   126.94 KB ( <1%) overhead. 

Virtual space:
  Non-class space:       62.00 MB reserved,      62.00 MB (100%) committed 
      Class space:        1.00 GB reserved,       8.00 MB ( <1%) committed 
             Both:        1.06 GB reserved,      70.00 MB (  6%) committed 

Chunk freelists:
   Non-Class:  60.00 KB
       Class:  11.00 KB
        Both:  71.00 KB

MaxMetaspaceSize: 17179869184.00 GB
CompressedClassSpaceSize: 1.00 GB

CodeHeap 'non-profiled nmethods': size=120000Kb used=3260Kb max_used=3260Kb free=116739Kb
 bounds [0x000001fb07ad0000, 0x000001fb07e00000, 0x000001fb0f000000]
CodeHeap 'profiled nmethods': size=120000Kb used=16522Kb max_used=16522Kb free=103477Kb
 bounds [0x000001fb005a0000, 0x000001fb015d0000, 0x000001fb07ad0000]
CodeHeap 'non-nmethods': size=5760Kb used=1274Kb max_used=1299Kb free=4485Kb
 bounds [0x000001fb00000000, 0x000001fb00270000, 0x000001fb005a0000]
 total_blobs=7473 nmethods=6823 adapters=559
 compilation: enabled
              stopped_count=0, restarted_count=0
 full_count=0

Compilation events (20 events):
Event: 4.146 Thread 0x000001fb0f52e800 nmethod 6806 0x000001fb015a9510 code [0x000001fb015a96e0, 0x000001fb015a9948]
Event: 4.146 Thread 0x000001fb0f52e800 6808       3       java.util.HashSet::clear (8 bytes)
Event: 4.146 Thread 0x000001fb0f52e800 nmethod 6808 0x000001fb015a9a90 code [0x000001fb015a9c40, 0x000001fb015a9e08]
Event: 4.146 Thread 0x000001fb0f52e800 6807       3       org.jetbrains.kotlin.codegen.optimization.common.UtilKt::isSize2LoadStoreOperation (42 bytes)
Event: 4.146 Thread 0x000001fb0f52e800 nmethod 6807 0x000001fb015a9f10 code [0x000001fb015aa0c0, 0x000001fb015aa4f8]
Event: 4.147 Thread 0x000001fb0f52e800 6809       3       org.jetbrains.org.objectweb.asm.tree.analysis.BasicInterpreter::newValue (6 bytes)
Event: 4.147 Thread 0x000001fb0f52e800 nmethod 6809 0x000001fb015aa590 code [0x000001fb015aa740, 0x000001fb015aa8e8]
Event: 4.147 Thread 0x000001fb0f52e800 6810       3       org.jetbrains.org.objectweb.asm.tree.analysis.BasicInterpreter::newOperation (6 bytes)
Event: 4.147 Thread 0x000001fb0f52e800 nmethod 6810 0x000001fb015aa990 code [0x000001fb015aab40, 0x000001fb015aace8]
Event: 4.147 Thread 0x000001fb0f52e800 6812       3       org.jetbrains.org.objectweb.asm.tree.analysis.BasicVerifier::naryOperation (288 bytes)
Event: 4.148 Thread 0x000001fb0f52e800 nmethod 6812 0x000001fb015aad90 code [0x000001fb015ab240, 0x000001fb015ad9a8]
Event: 4.148 Thread 0x000001fb0f52e800 6811       3       org.jetbrains.org.objectweb.asm.tree.analysis.BasicVerifier::naryOperation (7 bytes)
Event: 4.148 Thread 0x000001fb0f52e800 nmethod 6811 0x000001fb015ae710 code [0x000001fb015ae8c0, 0x000001fb015aea08]
Event: 4.148 Thread 0x000001fb0f52e800 6813       3       org.jetbrains.org.objectweb.asm.tree.analysis.BasicVerifier::unaryOperation (10 bytes)
Event: 4.148 Thread 0x000001fb0f52e800 nmethod 6813 0x000001fb015aeb10 code [0x000001fb015aece0, 0x000001fb015aef08]
Event: 4.148 Thread 0x000001fb0f52e800 6814       3       org.jetbrains.kotlin.codegen.inline.MaxStackFrameSizeAndLocalsCalculator::visitMethodInsn (59 bytes)
Event: 4.148 Thread 0x000001fb0f52e800 nmethod 6814 0x000001fb015af010 code [0x000001fb015af1e0, 0x000001fb015af518]
Event: 4.148 Thread 0x000001fb0f52e800 6818       3       org.jetbrains.org.objectweb.asm.SymbolTable::addConstantUtf8 (98 bytes)
Event: 4.149 Thread 0x000001fb0f52e800 nmethod 6818 0x000001fb015af690 code [0x000001fb015af8e0, 0x000001fb015aff78]
Event: 4.149 Thread 0x000001fb0f52e800 6820       3       org.jetbrains.org.objectweb.asm.ByteVector::putUTF8 (144 bytes)

GC Heap History (14 events):
Event: 0.367 GC heap before
{Heap before GC invocations=0 (full 0):
 garbage-first heap   total 131072K, used 27648K [0x0000000080000000, 0x0000000100000000)
  region size 1024K, 24 young (24576K), 0 survivors (0K)
 Metaspace       used 12324K, capacity 12469K, committed 12800K, reserved 1060864K
  class space    used 1157K, capacity 1174K, committed 1280K, reserved 1048576K
}
Event: 0.369 GC heap after
{Heap after GC invocations=1 (full 0):
 garbage-first heap   total 131072K, used 5753K [0x0000000080000000, 0x0000000100000000)
  region size 1024K, 3 young (3072K), 3 survivors (3072K)
 Metaspace       used 12324K, capacity 12469K, committed 12800K, reserved 1060864K
  class space    used 1157K, capacity 1174K, committed 1280K, reserved 1048576K
}
Event: 0.795 GC heap before
{Heap before GC invocations=1 (full 0):
 garbage-first heap   total 131072K, used 42617K [0x0000000080000000, 0x0000000100000000)
  region size 1024K, 40 young (40960K), 3 survivors (3072K)
 Metaspace       used 20934K, capacity 21173K, committed 21248K, reserved 1069056K
  class space    used 2204K, capacity 2283K, committed 2304K, reserved 1048576K
}
Event: 0.803 GC heap after
{Heap after GC invocations=2 (full 0):
 garbage-first heap   total 131072K, used 9543K [0x0000000080000000, 0x0000000100000000)
  region size 1024K, 7 young (7168K), 7 survivors (7168K)
 Metaspace       used 20934K, capacity 21173K, committed 21248K, reserved 1069056K
  class space    used 2204K, capacity 2283K, committed 2304K, reserved 1048576K
}
Event: 1.365 GC heap before
{Heap before GC invocations=3 (full 0):
 garbage-first heap   total 131072K, used 68935K [0x0000000080000000, 0x0000000100000000)
  region size 1024K, 57 young (58368K), 7 survivors (7168K)
 Metaspace       used 32009K, capacity 32493K, committed 32640K, reserved 1077248K
  class space    used 3994K, capacity 4156K, committed 4224K, reserved 1048576K
}
Event: 1.377 GC heap after
{Heap after GC invocations=4 (full 0):
 garbage-first heap   total 131072K, used 24072K [0x0000000080000000, 0x0000000100000000)
  region size 1024K, 8 young (8192K), 8 survivors (8192K)
 Metaspace       used 32009K, capacity 32493K, committed 32640K, reserved 1077248K
  class space    used 3994K, capacity 4156K, committed 4224K, reserved 1048576K
}
Event: 1.544 GC heap before
{Heap before GC invocations=4 (full 0):
 garbage-first heap   total 131072K, used 40456K [0x0000000080000000, 0x0000000100000000)
  region size 1024K, 25 young (25600K), 8 survivors (8192K)
 Metaspace       used 35361K, capacity 35736K, committed 35840K, reserved 1081344K
  class space    used 4356K, capacity 4512K, committed 4608K, reserved 1048576K
}
Event: 1.555 GC heap after
{Heap after GC invocations=5 (full 0):
 garbage-first heap   total 131072K, used 26827K [0x0000000080000000, 0x0000000100000000)
  region size 1024K, 3 young (3072K), 3 survivors (3072K)
 Metaspace       used 35361K, capacity 35736K, committed 35840K, reserved 1081344K
  class space    used 4356K, capacity 4512K, committed 4608K, reserved 1048576K
}
Event: 2.032 GC heap before
{Heap before GC invocations=6 (full 0):
 garbage-first heap   total 131072K, used 71883K [0x0000000080000000, 0x0000000100000000)
  region size 1024K, 47 young (48128K), 3 survivors (3072K)
 Metaspace       used 44598K, capacity 45088K, committed 45184K, reserved 1089536K
  class space    used 5301K, capacity 5469K, committed 5504K, reserved 1048576K
}
Event: 2.038 GC heap after
{Heap after GC invocations=7 (full 0):
 garbage-first heap   total 163840K, used 30037K [0x0000000080000000, 0x0000000100000000)
  region size 1024K, 6 young (6144K), 6 survivors (6144K)
 Metaspace       used 44598K, capacity 45088K, committed 45184K, reserved 1089536K
  class space    used 5301K, capacity 5469K, committed 5504K, reserved 1048576K
}
Event: 2.618 GC heap before
{Heap before GC invocations=7 (full 0):
 garbage-first heap   total 163840K, used 92501K [0x0000000080000000, 0x0000000100000000)
  region size 1024K, 66 young (67584K), 6 survivors (6144K)
 Metaspace       used 50727K, capacity 51325K, committed 51456K, reserved 1095680K
  class space    used 5909K, capacity 6137K, committed 6144K, reserved 1048576K
}
Event: 2.627 GC heap after
{Heap after GC invocations=8 (full 0):
 garbage-first heap   total 163840K, used 34427K [0x0000000080000000, 0x0000000100000000)
  region size 1024K, 9 young (9216K), 9 survivors (9216K)
 Metaspace       used 50727K, capacity 51325K, committed 51456K, reserved 1095680K
  class space    used 5909K, capacity 6137K, committed 6144K, reserved 1048576K
}
Event: 3.330 GC heap before
{Heap before GC invocations=8 (full 0):
 garbage-first heap   total 163840K, used 92795K [0x0000000080000000, 0x0000000100000000)
  region size 1024K, 67 young (68608K), 9 survivors (9216K)
 Metaspace       used 59436K, capacity 60039K, committed 60160K, reserved 1101824K
  class space    used 6794K, capacity 7012K, committed 7040K, reserved 1048576K
}
Event: 3.349 GC heap after
{Heap after GC invocations=9 (full 0):
 garbage-first heap   total 163840K, used 40133K [0x0000000080000000, 0x0000000100000000)
  region size 1024K, 10 young (10240K), 10 survivors (10240K)
 Metaspace       used 59436K, capacity 60039K, committed 60160K, reserved 1101824K
  class space    used 6794K, capacity 7012K, committed 7040K, reserved 1048576K
}

Deoptimization events (20 events):
Event: 4.105 Thread 0x000001fb747eb800 Uncommon trap: trap_request=0xffffffde fr.pc=0x000001fb07de62b4 relative=0x0000000000000394
Event: 4.105 Thread 0x000001fb747eb800 Uncommon trap: reason=class_check action=maybe_recompile pc=0x000001fb07de62b4 method=org.jetbrains.kotlin.codegen.optimization.common.OptimizationBasicInterpreter.merge(Lorg/jetbrains/org/objectweb/asm/tree/analysis/BasicValue;Lorg/jetbrains/org/objectwe
Event: 4.105 Thread 0x000001fb747eb800 DEOPT PACKING pc=0x000001fb07de62b4 sp=0x000000a4a46fd4d0
Event: 4.105 Thread 0x000001fb747eb800 DEOPT UNPACKING pc=0x000001fb0002662f sp=0x000000a4a46fd4b8 mode 2
Event: 4.107 Thread 0x000001fb747eb800 Uncommon trap: trap_request=0xffffffde fr.pc=0x000001fb07de62b4 relative=0x0000000000000394
Event: 4.107 Thread 0x000001fb747eb800 Uncommon trap: reason=class_check action=maybe_recompile pc=0x000001fb07de62b4 method=org.jetbrains.kotlin.codegen.optimization.common.OptimizationBasicInterpreter.merge(Lorg/jetbrains/org/objectweb/asm/tree/analysis/BasicValue;Lorg/jetbrains/org/objectwe
Event: 4.107 Thread 0x000001fb747eb800 DEOPT PACKING pc=0x000001fb07de62b4 sp=0x000000a4a46fd480
Event: 4.107 Thread 0x000001fb747eb800 DEOPT UNPACKING pc=0x000001fb0002662f sp=0x000000a4a46fd450 mode 2
Event: 4.107 Thread 0x000001fb747eb800 Uncommon trap: trap_request=0xffffffde fr.pc=0x000001fb07de62b4 relative=0x0000000000000394
Event: 4.107 Thread 0x000001fb747eb800 Uncommon trap: reason=class_check action=maybe_recompile pc=0x000001fb07de62b4 method=org.jetbrains.kotlin.codegen.optimization.common.OptimizationBasicInterpreter.merge(Lorg/jetbrains/org/objectweb/asm/tree/analysis/BasicValue;Lorg/jetbrains/org/objectwe
Event: 4.107 Thread 0x000001fb747eb800 DEOPT PACKING pc=0x000001fb07de62b4 sp=0x000000a4a46fd480
Event: 4.107 Thread 0x000001fb747eb800 DEOPT UNPACKING pc=0x000001fb0002662f sp=0x000000a4a46fd450 mode 2
Event: 4.122 Thread 0x000001fb747eb800 Uncommon trap: trap_request=0xffffff4d fr.pc=0x000001fb07dea0b4 relative=0x0000000000000694
Event: 4.122 Thread 0x000001fb747eb800 Uncommon trap: reason=unstable_if action=reinterpret pc=0x000001fb07dea0b4 method=org.jetbrains.kotlin.codegen.optimization.common.OptimizationBasicInterpreter.merge(Lorg/jetbrains/org/objectweb/asm/tree/analysis/BasicValue;Lorg/jetbrains/org/objectweb/as
Event: 4.122 Thread 0x000001fb747eb800 DEOPT PACKING pc=0x000001fb07dea0b4 sp=0x000000a4a46fd590
Event: 4.122 Thread 0x000001fb747eb800 DEOPT UNPACKING pc=0x000001fb0002662f sp=0x000000a4a46fd4f0 mode 2
Event: 4.122 Thread 0x000001fb747eb800 Uncommon trap: trap_request=0xffffff4d fr.pc=0x000001fb07def8f4 relative=0x0000000000000914
Event: 4.122 Thread 0x000001fb747eb800 Uncommon trap: reason=unstable_if action=reinterpret pc=0x000001fb07def8f4 method=org.jetbrains.kotlin.codegen.optimization.common.OptimizationBasicInterpreter.merge(Lorg/jetbrains/org/objectweb/asm/tree/analysis/BasicValue;Lorg/jetbrains/org/objectweb/as
Event: 4.122 Thread 0x000001fb747eb800 DEOPT PACKING pc=0x000001fb07def8f4 sp=0x000000a4a46fd500
Event: 4.122 Thread 0x000001fb747eb800 DEOPT UNPACKING pc=0x000001fb0002662f sp=0x000000a4a46fd4e8 mode 2

Classes redefined (0 events):
No events

Internal exceptions (20 events):
Event: 0.953 Thread 0x000001fb747eb800 Exception <a 'java/lang/NoSuchMethodError'{0x00000000874bed20}: 'java.lang.Object java.lang.invoke.DelegatingMethodHandle$Holder.reinvoke_L(java.lang.Object, int, int, java.lang.Object, java.lang.Object, java.lang.Object)'> (0x00000000874bed20) thrown at [./src/hotspot/share/interpreter/linkResolver.cpp, line 773]
Event: 0.953 Thread 0x000001fb747eb800 Exception <a 'java/lang/NoSuchMethodError'{0x00000000874c30a8}: 'java.lang.Object java.lang.invoke.DirectMethodHandle$Holder.invokeStatic(java.lang.Object, java.lang.Object, java.lang.Object, java.lang.Object, int)'> (0x00000000874c30a8) thrown at [./src/hotspot/share/interpreter/linkResolver.cpp, line 773]
Event: 0.981 Thread 0x000001fb747eb800 Implicit null exception at 0x000001fb07b575ac to 0x000001fb07b57756
Event: 1.007 Thread 0x000001fb747eb800 Exception <a 'java/lang/NoSuchMethodError'{0x0000000086e431a8}: 'void java.lang.invoke.DirectMethodHandle$Holder.invokeStatic(java.lang.Object, java.lang.Object, java.lang.Object, java.lang.Object)'> (0x0000000086e431a8) thrown at [./src/hotspot/share/interpreter/linkResolver.cpp, line 773]
Event: 1.021 Thread 0x000001fb747eb800 Exception <a 'java/lang/NoSuchMethodError'{0x0000000086d93278}: 'void java.lang.invoke.DirectMethodHandle$Holder.invokeSpecial(java.lang.Object, java.lang.Object)'> (0x0000000086d93278) thrown at [./src/hotspot/share/interpreter/linkResolver.cpp, line 773]
Event: 1.046 Thread 0x000001fb747eb800 Exception <a 'java/lang/NoSuchMethodError'{0x0000000086a3dd70}: 'void java.lang.invoke.DirectMethodHandle$Holder.invokeStaticInit(java.lang.Object, java.lang.Object)'> (0x0000000086a3dd70) thrown at [./src/hotspot/share/interpreter/linkResolver.cpp, line 773]
Event: 1.051 Thread 0x000001fb747eb800 Exception <a 'java/lang/NoSuchMethodError'{0x0000000086a7c4c8}: 'void java.lang.invoke.DirectMethodHandle$Holder.invokeInterface(java.lang.Object, java.lang.Object)'> (0x0000000086a7c4c8) thrown at [./src/hotspot/share/interpreter/linkResolver.cpp, line 773]
Event: 1.105 Thread 0x000001fb747eb800 Exception <a 'java/lang/NoSuchMethodError'{0x00000000865298d8}: 'void java.lang.invoke.DirectMethodHandle$Holder.invokeVirtual(java.lang.Object, java.lang.Object)'> (0x00000000865298d8) thrown at [./src/hotspot/share/interpreter/linkResolver.cpp, line 773]
Event: 1.111 Thread 0x000001fb747eb800 Exception <a 'java/lang/NoSuchMethodError'{0x00000000865a1160}: 'int java.lang.invoke.DirectMethodHandle$Holder.invokeVirtual(java.lang.Object, java.lang.Object)'> (0x00000000865a1160) thrown at [./src/hotspot/share/interpreter/linkResolver.cpp, line 773]
Event: 1.490 Thread 0x000001fb747eb800 Exception <a 'java/lang/NoSuchMethodError'{0x00000000875305a0}: 'java.lang.Object java.lang.invoke.DirectMethodHandle$Holder.invokeVirtual(java.lang.Object, java.lang.Object, java.lang.Object)'> (0x00000000875305a0) thrown at [./src/hotspot/share/interpreter/linkResolver.cpp, line 773]
Event: 1.877 Thread 0x000001fb747eb800 Exception <a 'java/lang/NoSuchMethodError'{0x0000000085c86318}: 'java.lang.Object java.lang.invoke.Invokers$Holder.linkToTargetMethod(java.lang.Object, int, java.lang.Object)'> (0x0000000085c86318) thrown at [./src/hotspot/share/interpreter/linkResolver.cpp, line 773]
Event: 2.155 Thread 0x000001fb747eb800 Exception <a 'java/lang/NoSuchMethodError'{0x00000000898961b0}: 'java.lang.Object java.lang.invoke.Invokers$Holder.linkToTargetMethod(java.lang.Object, java.lang.Object, java.lang.Object, java.lang.Object, java.lang.Object, java.lang.Object)'> (0x00000000898961b0) thrown at [./src/hotspot/share/interpreter/linkResolver.cpp, line 773]
Event: 2.232 Thread 0x000001fb747eb800 Exception <a 'java/lang/NoSuchMethodError'{0x000000008942d988}: 'int java.lang.invoke.DirectMethodHandle$Holder.invokeStaticInit(java.lang.Object, int)'> (0x000000008942d988) thrown at [./src/hotspot/share/interpreter/linkResolver.cpp, line 773]
Event: 2.376 Thread 0x000001fb747eb800 Implicit null exception at 0x000001fb07c154cc to 0x000001fb07c155a8
Event: 2.814 Thread 0x000001fb747eb800 Implicit null exception at 0x000001fb07b2a1f5 to 0x000001fb07b2a3a4
Event: 2.814 Thread 0x000001fb747eb800 Implicit null exception at 0x000001fb07b29eaf to 0x000001fb07b29f1d
Event: 3.436 Thread 0x000001fb747eb800 Exception <a 'java/lang/NoSuchMethodError'{0x0000000089a5e9f0}: 'java.lang.Object java.lang.invoke.DirectMethodHandle$Holder.invokeStaticInit(java.lang.Object, java.lang.Object, java.lang.Object)'> (0x0000000089a5e9f0) thrown at [./src/hotspot/share/interpreter/linkResolver.cpp, line 773]
Event: 3.439 Thread 0x000001fb747eb800 Exception <a 'java/lang/NoSuchMethodError'{0x0000000089a92220}: 'java.lang.Object java.lang.invoke.DirectMethodHandle$Holder.invokeStatic(java.lang.Object, int, java.lang.Object, java.lang.Object)'> (0x0000000089a92220) thrown at [./src/hotspot/share/interpreter/linkResolver.cpp, line 773]
Event: 3.440 Thread 0x000001fb747eb800 Exception <a 'java/lang/NoSuchMethodError'{0x0000000089a9c760}: 'int java.lang.invoke.DirectMethodHandle$Holder.invokeInterface(java.lang.Object, java.lang.Object)'> (0x0000000089a9c760) thrown at [./src/hotspot/share/interpreter/linkResolver.cpp, line 773]
Event: 3.500 Thread 0x000001fb747eb800 Implicit null exception at 0x000001fb07b34174 to 0x000001fb07b34378

Events (20 events):
Event: 4.085 loading class org/jetbrains/kotlin/codegen/optimization/fixStack/FixStackAnalyzer$InternalAnalyzer$FixStackFrame
Event: 4.085 loading class org/jetbrains/kotlin/codegen/optimization/fixStack/FixStackAnalyzer$InternalAnalyzer$FixStackFrame done
Event: 4.086 Executing VM operation: Deoptimize
Event: 4.087 Executing VM operation: Deoptimize done
Event: 4.093 loading class org/jetbrains/kotlin/codegen/optimization/fixStack/LocalVariablesManager
Event: 4.093 loading class org/jetbrains/kotlin/codegen/optimization/fixStack/LocalVariablesManager done
Event: 4.094 loading class org/jetbrains/kotlin/codegen/optimization/fixStack/SavedStackDescriptor
Event: 4.094 loading class org/jetbrains/kotlin/codegen/optimization/fixStack/SavedStackDescriptor done
Event: 4.094 loading class org/jetbrains/kotlin/codegen/optimization/fixStack/LocalVariablesManager$AllocatedHandle
Event: 4.094 loading class org/jetbrains/kotlin/codegen/optimization/fixStack/LocalVariablesManager$AllocatedHandle done
Event: 4.095 loading class org/jetbrains/kotlin/codegen/optimization/fixStack/FixStackMethodTransformer$transformBeforeInlineCallMarker$1
Event: 4.095 loading class org/jetbrains/kotlin/codegen/optimization/fixStack/FixStackMethodTransformer$transformBeforeInlineCallMarker$1 done
Event: 4.095 loading class org/jetbrains/kotlin/codegen/optimization/fixStack/FixStackMethodTransformer$transformAfterInlineCallMarker$1
Event: 4.095 loading class org/jetbrains/kotlin/codegen/optimization/fixStack/FixStackMethodTransformer$transformAfterInlineCallMarker$1 done
Event: 4.095 loading class org/jetbrains/kotlin/codegen/optimization/fixStack/FixStackMethodTransformer$transformAfterInlineCallMarker$3
Event: 4.095 loading class org/jetbrains/kotlin/codegen/optimization/fixStack/FixStackMethodTransformer$transformAfterInlineCallMarker$3 done
Event: 4.102 loading class org/jetbrains/kotlin/codegen/JvmBackendClassResolverKt
Event: 4.102 loading class org/jetbrains/kotlin/codegen/JvmBackendClassResolverKt done
Event: 4.103 Executing VM operation: ICBufferFull
Event: 4.103 Executing VM operation: ICBufferFull done


Dynamic libraries:
0x00007ff748140000 - 0x00007ff74814a000 	C:\Program Files\Android\Android Studio\jre\bin\java.exe
0x00007ffd5d3f0000 - 0x00007ffd5d5e5000 	C:\Windows\SYSTEM32\ntdll.dll
0x00007ffd5cb30000 - 0x00007ffd5cbee000 	C:\Windows\System32\KERNEL32.DLL
0x00007ffd5af30000 - 0x00007ffd5b1f8000 	C:\Windows\System32\KERNELBASE.dll
0x00007ffd5ab10000 - 0x00007ffd5ac10000 	C:\Windows\System32\ucrtbase.dll
0x00007ffd4a900000 - 0x00007ffd4a919000 	C:\Program Files\Android\Android Studio\jre\bin\jli.dll
0x00007ffd56670000 - 0x00007ffd56687000 	C:\Program Files\Android\Android Studio\jre\bin\VCRUNTIME140.dll
0x00007ffd5b450000 - 0x00007ffd5b5f0000 	C:\Windows\System32\USER32.dll
0x00007ffd460f0000 - 0x00007ffd4638a000 	C:\Windows\WinSxS\amd64_microsoft.windows.common-controls_6595b64144ccf1df_6.0.19041.1110_none_60b5254171f9507e\COMCTL32.dll
0x00007ffd5ac10000 - 0x00007ffd5ac32000 	C:\Windows\System32\win32u.dll
0x00007ffd5ca60000 - 0x00007ffd5ca8b000 	C:\Windows\System32\GDI32.dll
0x00007ffd5b5f0000 - 0x00007ffd5b68e000 	C:\Windows\System32\msvcrt.dll
0x00007ffd5ac40000 - 0x00007ffd5ad4b000 	C:\Windows\System32\gdi32full.dll
0x00007ffd5b320000 - 0x00007ffd5b3bd000 	C:\Windows\System32\msvcp_win.dll
0x00007ffd5ca90000 - 0x00007ffd5cac0000 	C:\Windows\System32\IMM32.DLL
0x00007ffd38d30000 - 0x00007ffd38dcd000 	C:\Program Files\Android\Android Studio\jre\bin\msvcp140.dll
0x00007ffd12b00000 - 0x00007ffd135d5000 	C:\Program Files\Android\Android Studio\jre\bin\server\jvm.dll
0x00007ffd5cdb0000 - 0x00007ffd5ce5e000 	C:\Windows\System32\ADVAPI32.dll
0x00007ffd5c270000 - 0x00007ffd5c30c000 	C:\Windows\System32\sechost.dll
0x00007ffd5cc10000 - 0x00007ffd5cd35000 	C:\Windows\System32\RPCRT4.dll
0x00007ffd5d0e0000 - 0x00007ffd5d0e8000 	C:\Windows\System32\PSAPI.DLL
0x00007ffd51aa0000 - 0x00007ffd51ac7000 	C:\Windows\SYSTEM32\WINMM.dll
0x00007ffd4e9c0000 - 0x00007ffd4e9c9000 	C:\Windows\SYSTEM32\WSOCK32.dll
0x00007ffd52030000 - 0x00007ffd5203a000 	C:\Windows\SYSTEM32\VERSION.dll
0x00007ffd5cd40000 - 0x00007ffd5cdab000 	C:\Windows\System32\WS2_32.dll
0x00007ffd58a40000 - 0x00007ffd58a52000 	C:\Windows\SYSTEM32\kernel.appcore.dll
0x00007ffd19be0000 - 0x00007ffd19bf1000 	C:\Program Files\Android\Android Studio\jre\bin\verify.dll
0x00007ffd4f9f0000 - 0x00007ffd4fbd4000 	C:\Windows\SYSTEM32\DBGHELP.DLL
0x00007ffd4f1a0000 - 0x00007ffd4f1cc000 	C:\Windows\SYSTEM32\dbgcore.DLL
0x00007ffd5b3c0000 - 0x00007ffd5b442000 	C:\Windows\System32\bcryptPrimitives.dll
0x00007ffd19bb0000 - 0x00007ffd19bd9000 	C:\Program Files\Android\Android Studio\jre\bin\java.dll
0x00007ffd2c1c0000 - 0x00007ffd2c1cb000 	C:\Program Files\Android\Android Studio\jre\bin\jimage.dll
0x00007ffd19b90000 - 0x00007ffd19ba8000 	C:\Program Files\Android\Android Studio\jre\bin\zip.dll
0x00007ffd5ba60000 - 0x00007ffd5c1a4000 	C:\Windows\System32\SHELL32.dll
0x00007ffd58c40000 - 0x00007ffd593d4000 	C:\Windows\SYSTEM32\windows.storage.dll
0x00007ffd5b6f0000 - 0x00007ffd5ba44000 	C:\Windows\System32\combase.dll
0x00007ffd5a4a0000 - 0x00007ffd5a4cc000 	C:\Windows\SYSTEM32\Wldp.dll
0x00007ffd5cf80000 - 0x00007ffd5d02d000 	C:\Windows\System32\SHCORE.dll
0x00007ffd5cad0000 - 0x00007ffd5cb25000 	C:\Windows\System32\shlwapi.dll
0x00007ffd5aa50000 - 0x00007ffd5aa6f000 	C:\Windows\SYSTEM32\profapi.dll
0x00007ffd19b70000 - 0x00007ffd19b8a000 	C:\Program Files\Android\Android Studio\jre\bin\net.dll
0x00007ffd53f10000 - 0x00007ffd54019000 	C:\Windows\SYSTEM32\WINHTTP.dll
0x00007ffd5a200000 - 0x00007ffd5a26a000 	C:\Windows\system32\mswsock.dll
0x00007ffd19b50000 - 0x00007ffd19b64000 	C:\Program Files\Android\Android Studio\jre\bin\nio.dll

dbghelp: loaded successfully - version: 4.0.5 - missing functions: none
symbol engine: initialized successfully - sym options: 0x614 - pdb path: .;C:\Program Files\Android\Android Studio\jre\bin;C:\Windows\SYSTEM32;C:\Windows\WinSxS\amd64_microsoft.windows.common-controls_6595b64144ccf1df_6.0.19041.1110_none_60b5254171f9507e;C:\Program Files\Android\Android Studio\jre\bin\server

VM Arguments:
java_command: org.jetbrains.kotlin.cli.jvm.K2JVMCompiler @C:\Users\Hello World\Downloads\New folder\AndroidLibrary\image-preview\build\20220330_7810161518250182394.compiler.options
java_class_path (initial): C:\Users\Hello World\.gradle\caches\modules-2\files-2.1\org.jetbrains.kotlin\kotlin-compiler-embeddable\1.5.30\3362a354066df1578a057c200da23cf2a1d8144f\kotlin-compiler-embeddable-1.5.30.jar;C:\Users\Hello World\.gradle\caches\modules-2\files-2.1\org.jetbrains.kotlin\kotlin-reflect\1.5.30\6773e974437dd6432aa646cc2f8ab71de42b5773\kotlin-reflect-1.5.30.jar;C:\Users\Hello World\.gradle\caches\modules-2\files-2.1\org.jetbrains.kotlin\kotlin-stdlib\1.5.30\d68efdea04955974ac1020f8f66ef8176bfbce1f\kotlin-stdlib-1.5.30.jar;C:\Users\Hello World\.gradle\caches\modules-2\files-2.1\org.jetbrains.kotlin\kotlin-script-runtime\1.5.30\10697ab20bfd2f1b23baa91306950c36c4e89a8d\kotlin-script-runtime-1.5.30.jar;C:\Users\Hello World\.gradle\caches\modules-2\files-2.1\org.jetbrains.kotlin\kotlin-daemon-embeddable\1.5.30\e355dc9011e559a475608265607948109e113ae0\kotlin-daemon-embeddable-1.5.30.jar;C:\Users\Hello World\.gradle\caches\modules-2\files-2.1\org.jetbrains.intellij.deps\trove4j\1.0.20181211\216c2e14b070f334479d800987affe4054cd563f\trove4j-1.0.20181211.jar;C:\Users\Hello World\.gradle\caches\modules-2\files-2.1\org.jetbrains\annotations\13.0\919f0dfe192fb4e063e7dacadee7f8bb9a2672a9\annotations-13.0.jar;C:\Users\Hello World\.gradle\caches\modules-2\files-2.1\org.jetbrains.kotlin\kotlin-stdlib-common\1.5.30\649ffab7767038323fec0cc41e2d7b0a8f65a378\kotlin-stdlib-common-1.5.30.jar
Launcher Type: SUN_STANDARD

[Global flags]
     intx CICompilerCount                          = 4                                         {product} {ergonomic}
     uint ConcGCThreads                            = 2                                         {product} {ergonomic}
     uint G1ConcRefinementThreads                  = 8                                         {product} {ergonomic}
   size_t G1HeapRegionSize                         = 1048576                                   {product} {ergonomic}
    uintx GCDrainStackTargetSize                   = 64                                        {product} {ergonomic}
   size_t InitialHeapSize                          = 134217728                                 {product} {ergonomic}
   size_t MarkStackSize                            = 4194304                                   {product} {ergonomic}
   size_t MaxHeapSize                              = 2147483648                                {product} {ergonomic}
   size_t MaxNewSize                               = 1287651328                                {product} {ergonomic}
   size_t MinHeapDeltaBytes                        = 1048576                                   {product} {ergonomic}
    uintx NonNMethodCodeHeapSize                   = 5836300                                {pd product} {ergonomic}
    uintx NonProfiledCodeHeapSize                  = 122910970                              {pd product} {ergonomic}
    uintx ProfiledCodeHeapSize                     = 122910970                              {pd product} {ergonomic}
    uintx ReservedCodeCacheSize                    = 251658240                              {pd product} {ergonomic}
     bool SegmentedCodeCache                       = true                                      {product} {ergonomic}
     bool UseCompressedClassPointers               = true                                 {lp64_product} {ergonomic}
     bool UseCompressedOops                        = true                                 {lp64_product} {ergonomic}
     bool UseG1GC                                  = true                                      {product} {ergonomic}
     bool UseLargePagesIndividualAllocation        = false                                  {pd product} {ergonomic}

Logging:
Log output configuration:
 #0: stdout all=warning uptime,level,tags
 #1: stderr all=off uptime,level,tags

Environment Variables:
PATH=C:\Windows\system32;C:\Windows;C:\Windows\System32\Wbem;C:\Windows\System32\WindowsPowerShell\v1.0\;C:\Windows\System32\OpenSSH\;C:\Users\Hello World\AppData\Local\Programs\Python\Python38\Scripts\;C:\Program Files (x86)\PuTTY\;C:\Users\Hello World\AppData\Local\Microsoft\WindowsApps;C:\Program Files\JetBrains\PyCharm Community Edition 2021.3.2\bin;;C:\Users\Hello World\AppData\Local\Programs\Python\Python38\Scripts\pip.exe;
USERNAME=Hello World
OS=Windows_NT
PROCESSOR_IDENTIFIER=AMD64 Family 25 Model 80 Stepping 0, AuthenticAMD



---------------  S Y S T E M  ---------------

OS: Windows 10 , 64 bit Build 19041 (10.0.19041.1566)
OS uptime: 0 days 22:30 hours
VMWare virtualization detected

CPU:total 8 (initial active 8) (4 cores per cpu, 1 threads per core) family 25 model 80 stepping 0 microcode 0x0, cmov, cx8, fxsr, mmx, sse, sse2, sse3, ssse3, sse4.1, sse4.2, popcnt, avx, avx2, aes, clmul, erms, mmxext, 3dnowpref, lzcnt, sse4a, tsc, tscinvbit, tscinv, bmi1, bmi2, adx,

Memory: 4k page, system-wide physical 8191M (680M free)
TotalPageFile size 15152M (AvailPageFile size 4M)
current process WorkingSet (physical memory assigned to process): 316M, peak: 316M
current process commit charge ("private bytes"): 386M, peak: 387M

vm_info: OpenJDK 64-Bit Server VM (11.0.11+9-b60-7590822) for windows-amd64 JRE (11.0.11+9-b60-7590822), built on Jul 29 2021 21:43:44 by "builder" with MS VC++ 14.0 (VS2015)

END.
