#
# There is insufficient memory for the Java Runtime Environment to continue.
# Native memory allocation (mmap) failed to map 38797312 bytes for Failed to commit area from 0x0000000088000000 to 0x000000008a500000 of length 38797312.
# Possible reasons:
#   The system is out of physical RAM or swap space
#   The process is running with CompressedOops enabled, and the Java Heap may be blocking the growth of the native heap
# Possible solutions:
#   Reduce memory load on the system
#   Increase physical memory or swap space
#   Check if swap backing store is full
#   Decrease Java heap size (-Xmx/-Xms)
#   Decrease number of Java threads
#   Decrease Java thread stack sizes (-Xss)
#   Set larger code cache with -XX:ReservedCodeCacheSize=
#   JVM is running with Unscaled Compressed Oops mode in which the Java heap is
#     placed in the first 4GB address space. The Java Heap base address is the
#     maximum limit for the native heap growth. Please use -XX:HeapBaseMinAddress
#     to set the Java Heap base and to place the Java Heap above 4GB virtual address.
# This output file may be truncated or incomplete.
#
#  Out of Memory Error (./src/hotspot/os/windows/os_windows.cpp:3301), pid=4200, tid=9616
#
# JRE version: OpenJDK Runtime Environment (11.0.11+9) (build 11.0.11+9-b60-7590822)
# Java VM: OpenJDK 64-Bit Server VM (11.0.11+9-b60-7590822, mixed mode, tiered, compressed oops, g1 gc, windows-amd64)
# No core dump will be written. Minidumps are not enabled by default on client versions of Windows
#

---------------  S U M M A R Y ------------

Command Line: org.jetbrains.kotlin.cli.jvm.K2JVMCompiler @C:\Users\Hello World\Downloads\New folder\AndroidLibrary\image-preview\build\20220330_2723769209149693018.compiler.options

Host: AMD Ryzen 7 5800H with Radeon Graphics         , 8 cores, 7G,  Windows 10 , 64 bit Build 19041 (10.0.19041.1566)
Time: Wed Mar 30 03:41:46 2022 Pacific Daylight Time elapsed time: 2.049303 seconds (0d 0h 0m 2s)

---------------  T H R E A D  ---------------

Current thread (0x0000023ae6013000):  VMThread "VM Thread" [stack: 0x000000ea06400000,0x000000ea06500000] [id=9616]

Stack: [0x000000ea06400000,0x000000ea06500000]
[error occurred during error reporting (printing stack bounds), id 0xc0000005, EXCEPTION_ACCESS_VIOLATION (0xc0000005) at pc=0x0000023aceed0f2d]

Native frames: (J=compiled Java code, j=interpreted, Vv=VM code, C=native code)
V  [jvm.dll+0x5f214a]
V  [jvm.dll+0x726fb5]
V  [jvm.dll+0x7285cd]
V  [jvm.dll+0x728be5]
V  [jvm.dll+0x728b9b]
V  [jvm.dll+0x5f14e8]
V  [jvm.dll+0x5f1c78]
C  [ntdll.dll+0xa20cf]
C  [ntdll.dll+0x51454]
C  [ntdll.dll+0xa0bfe]
C  0x0000023aceed0f2d

VM_Operation (0x000000ea05efc630): G1CollectForAllocation, mode: safepoint, requested by thread 0x0000023acb3aa800


---------------  P R O C E S S  ---------------

Threads class SMR info:
_java_thread_list=0x0000023ae6015d60, length=12, elements={
0x0000023acb3aa800, 0x0000023ae6018000, 0x0000023ae6019800, 0x0000023ae6048800,
0x0000023ae6049800, 0x0000023ae69a3800, 0x0000023ae69a8000, 0x0000023ae69a9000,
0x0000023ae69b2000, 0x0000023ae6b1a800, 0x0000023ae6b17000, 0x0000023ae6b4e800
}

Java Threads: ( => current thread )
  0x0000023acb3aa800 JavaThread "main" [_thread_blocked, id=5824, stack(0x000000ea05e00000,0x000000ea05f00000)]
  0x0000023ae6018000 JavaThread "Reference Handler" daemon [_thread_blocked, id=3128, stack(0x000000ea06500000,0x000000ea06600000)]
  0x0000023ae6019800 JavaThread "Finalizer" daemon [_thread_blocked, id=860, stack(0x000000ea06600000,0x000000ea06700000)]
  0x0000023ae6048800 JavaThread "Signal Dispatcher" daemon [_thread_blocked, id=15476, stack(0x000000ea06700000,0x000000ea06800000)]
  0x0000023ae6049800 JavaThread "Attach Listener" daemon [_thread_blocked, id=8936, stack(0x000000ea06800000,0x000000ea06900000)]
  0x0000023ae69a3800 JavaThread "Service Thread" daemon [_thread_blocked, id=9712, stack(0x000000ea06900000,0x000000ea06a00000)]
  0x0000023ae69a8000 JavaThread "C2 CompilerThread0" daemon [_thread_blocked, id=11964, stack(0x000000ea06a00000,0x000000ea06b00000)]
  0x0000023ae69a9000 JavaThread "C1 CompilerThread0" daemon [_thread_blocked, id=11504, stack(0x000000ea06b00000,0x000000ea06c00000)]
  0x0000023ae69b2000 JavaThread "Sweeper thread" daemon [_thread_blocked, id=12184, stack(0x000000ea06c00000,0x000000ea06d00000)]
  0x0000023ae6b1a800 JavaThread "Common-Cleaner" daemon [_thread_blocked, id=13220, stack(0x000000ea06e00000,0x000000ea06f00000)]
  0x0000023ae6b17000 JavaThread "C2 CompilerThread1" daemon [_thread_blocked, id=13324, stack(0x000000ea06f00000,0x000000ea07000000)]
  0x0000023ae6b4e800 JavaThread "C2 CompilerThread2" daemon [_thread_in_native, id=13092, stack(0x000000ea07000000,0x000000ea07100000)]

Other Threads:
=>0x0000023ae6013000 VMThread "VM Thread" [stack: 0x000000ea06400000,0x000000ea06500000] [id=9616]
  0x0000023ae6b12000 WatcherThread [stack: 0x000000ea06d00000,0x000000ea06e00000] [id=7888]
  0x0000023acb3c3800 GCTaskThread "GC Thread#0" [stack: 0x000000ea05f00000,0x000000ea06000000] [id=16128]
  0x0000023ae715a000 GCTaskThread "GC Thread#1" [stack: 0x000000ea07100000,0x000000ea07200000] [id=2440]
  0x0000023ae718a800 GCTaskThread "GC Thread#2" [stack: 0x000000ea07200000,0x000000ea07300000] [id=5812]
  0x0000023acb3f4000 ConcurrentGCThread "G1 Main Marker" [stack: 0x000000ea06000000,0x000000ea06100000] [id=14008]
  0x0000023acb3f6000 ConcurrentGCThread "G1 Conc#0" [stack: 0x000000ea06100000,0x000000ea06200000] [id=9452]
  0x0000023ae7ee6800 ConcurrentGCThread "G1 Conc#1" [stack: 0x000000ea07300000,0x000000ea07400000] [id=16080]
  0x0000023ae5e60800 ConcurrentGCThread "G1 Refine#0" [stack: 0x000000ea06200000,0x000000ea06300000] [id=11416]
  0x0000023ae5e61800 ConcurrentGCThread "G1 Young RemSet Sampling" [stack: 0x000000ea06300000,0x000000ea06400000] [id=6412]

Threads with active compile tasks:
C2 CompilerThread0   2052 3087       4       java.util.zip.ZipFile::getZipEntry (325 bytes)
C2 CompilerThread1   2052 2919       4       jdk.internal.loader.ClassLoaders$AppClassLoader::loadClass (40 bytes)
C2 CompilerThread2   2052 2886       4       java.lang.ClassLoader::loadClass (7 bytes)

VM state:at safepoint (normal execution)

VM Mutex/Monitor currently owned by a thread:  ([mutex/lock_event])
[0x0000023acb3a6b70] Threads_lock - owner thread: 0x0000023ae6013000
[0x0000023acb3a7fb0] Heap_lock - owner thread: 0x0000023acb3aa800

Heap address: 0x0000000080000000, size: 2048 MB, Compressed Oops mode: 32-bit
Narrow klass base: 0x0000000000000000, Narrow klass shift: 3
Compressed class space size: 1073741824 Address: 0x0000000100000000

Heap:
 garbage-first heap   total 168960K, used 30259K [0x0000000080000000, 0x0000000100000000)
  region size 1024K, 6 young (6144K), 6 survivors (6144K)
 Metaspace       used 44803K, capacity 45316K, committed 45440K, reserved 1089536K
  class space    used 5323K, capacity 5502K, committed 5504K, reserved 1048576K
Heap Regions: E=young(eden), S=young(survivor), O=old, HS=humongous(starts), HC=humongous(continues), CS=collection set, F=free, A=archive, TAMS=top-at-mark-start (previous, next)
|   0|0x0000000080000000, 0x0000000080100000, 0x0000000080100000|100%|HS|  |TAMS 0x0000000080100000, 0x0000000080000000| Complete 
|   1|0x0000000080100000, 0x0000000080200000, 0x0000000080200000|100%|HC|  |TAMS 0x0000000080200000, 0x0000000080100000| Complete 
|   2|0x0000000080200000, 0x0000000080300000, 0x0000000080300000|100%|HC|  |TAMS 0x0000000080300000, 0x0000000080200000| Complete 
|   3|0x0000000080300000, 0x0000000080400000, 0x0000000080400000|100%|HS|  |TAMS 0x0000000080400000, 0x0000000080300000| Complete 
|   4|0x0000000080400000, 0x0000000080500000, 0x0000000080500000|100%|HC|  |TAMS 0x0000000080500000, 0x0000000080400000| Complete 
|   5|0x0000000080500000, 0x0000000080600000, 0x0000000080600000|100%|HC|  |TAMS 0x0000000080600000, 0x0000000080500000| Complete 
|   6|0x0000000080600000, 0x0000000080700000, 0x0000000080700000|100%|HS|  |TAMS 0x0000000080700000, 0x0000000080600000| Complete 
|   7|0x0000000080700000, 0x0000000080800000, 0x0000000080800000|100%|HC|  |TAMS 0x0000000080800000, 0x0000000080700000| Complete 
|   8|0x0000000080800000, 0x0000000080900000, 0x0000000080900000|100%|HC|  |TAMS 0x0000000080900000, 0x0000000080800000| Complete 
|   9|0x0000000080900000, 0x0000000080a00000, 0x0000000080a00000|100%|HS|  |TAMS 0x0000000080a00000, 0x0000000080900000| Complete 
|  10|0x0000000080a00000, 0x0000000080b00000, 0x0000000080b00000|100%|HC|  |TAMS 0x0000000080b00000, 0x0000000080a00000| Complete 
|  11|0x0000000080b00000, 0x0000000080c00000, 0x0000000080c00000|100%| O|  |TAMS 0x0000000080c00000, 0x0000000080b00000| Untracked 
|  12|0x0000000080c00000, 0x0000000080d00000, 0x0000000080d00000|100%| O|  |TAMS 0x0000000080d00000, 0x0000000080c00000| Untracked 
|  13|0x0000000080d00000, 0x0000000080e00000, 0x0000000080e00000|100%| O|  |TAMS 0x0000000080e00000, 0x0000000080d00000| Untracked 
|  14|0x0000000080e00000, 0x0000000080f00000, 0x0000000080f00000|100%| O|  |TAMS 0x0000000080f00000, 0x0000000080e00000| Untracked 
|  15|0x0000000080f00000, 0x0000000081000000, 0x0000000081000000|100%| O|  |TAMS 0x0000000081000000, 0x0000000080f00000| Untracked 
|  16|0x0000000081000000, 0x0000000081100000, 0x0000000081100000|100%| O|  |TAMS 0x0000000081100000, 0x0000000081000000| Untracked 
|  17|0x0000000081100000, 0x0000000081200000, 0x0000000081200000|100%| O|  |TAMS 0x0000000081200000, 0x0000000081100000| Untracked 
|  18|0x0000000081200000, 0x0000000081300000, 0x0000000081300000|100%| O|  |TAMS 0x0000000081300000, 0x0000000081200000| Untracked 
|  19|0x0000000081300000, 0x0000000081400000, 0x0000000081400000|100%| O|  |TAMS 0x0000000081400000, 0x0000000081300000| Untracked 
|  20|0x0000000081400000, 0x0000000081500000, 0x0000000081500000|100%| O|  |TAMS 0x0000000081500000, 0x0000000081400000| Untracked 
|  21|0x0000000081500000, 0x0000000081600000, 0x0000000081600000|100%| O|  |TAMS 0x0000000081600000, 0x0000000081500000| Untracked 
|  22|0x0000000081600000, 0x0000000081700000, 0x0000000081700000|100%| O|  |TAMS 0x0000000081700000, 0x0000000081600000| Untracked 
|  23|0x0000000081700000, 0x0000000081793800, 0x0000000081800000| 57%| O|  |TAMS 0x0000000081793800, 0x0000000081700000| Untracked 
|  24|0x0000000081800000, 0x0000000081800000, 0x0000000081900000|  0%| F|  |TAMS 0x0000000081800000, 0x0000000081800000| Untracked 
|  25|0x0000000081900000, 0x0000000081900000, 0x0000000081a00000|  0%| F|  |TAMS 0x0000000081900000, 0x0000000081900000| Untracked 
|  26|0x0000000081a00000, 0x0000000081a00000, 0x0000000081b00000|  0%| F|  |TAMS 0x0000000081a00000, 0x0000000081a00000| Untracked 
|  27|0x0000000081b00000, 0x0000000081b00000, 0x0000000081c00000|  0%| F|  |TAMS 0x0000000081b00000, 0x0000000081b00000| Untracked 
|  28|0x0000000081c00000, 0x0000000081c00000, 0x0000000081d00000|  0%| F|  |TAMS 0x0000000081c00000, 0x0000000081c00000| Untracked 
|  29|0x0000000081d00000, 0x0000000081d00000, 0x0000000081e00000|  0%| F|  |TAMS 0x0000000081d00000, 0x0000000081d00000| Untracked 
|  30|0x0000000081e00000, 0x0000000081e00000, 0x0000000081f00000|  0%| F|  |TAMS 0x0000000081e00000, 0x0000000081e00000| Untracked 
|  31|0x0000000081f00000, 0x0000000081f00000, 0x0000000082000000|  0%| F|  |TAMS 0x0000000081f00000, 0x0000000081f00000| Untracked 
|  32|0x0000000082000000, 0x0000000082000000, 0x0000000082100000|  0%| F|  |TAMS 0x0000000082000000, 0x0000000082000000| Untracked 
|  33|0x0000000082100000, 0x0000000082100000, 0x0000000082200000|  0%| F|  |TAMS 0x0000000082100000, 0x0000000082100000| Untracked 
|  34|0x0000000082200000, 0x0000000082200000, 0x0000000082300000|  0%| F|  |TAMS 0x0000000082200000, 0x0000000082200000| Untracked 
|  35|0x0000000082300000, 0x0000000082300000, 0x0000000082400000|  0%| F|  |TAMS 0x0000000082300000, 0x0000000082300000| Untracked 
|  36|0x0000000082400000, 0x0000000082400000, 0x0000000082500000|  0%| F|  |TAMS 0x0000000082400000, 0x0000000082400000| Untracked 
|  37|0x0000000082500000, 0x0000000082500000, 0x0000000082600000|  0%| F|  |TAMS 0x0000000082500000, 0x0000000082500000| Untracked 
|  38|0x0000000082600000, 0x0000000082600000, 0x0000000082700000|  0%| F|  |TAMS 0x0000000082600000, 0x0000000082600000| Untracked 
|  39|0x0000000082700000, 0x0000000082700000, 0x0000000082800000|  0%| F|  |TAMS 0x0000000082700000, 0x0000000082700000| Untracked 
|  40|0x0000000082800000, 0x0000000082800000, 0x0000000082900000|  0%| F|  |TAMS 0x0000000082800000, 0x0000000082800000| Untracked 
|  41|0x0000000082900000, 0x0000000082900000, 0x0000000082a00000|  0%| F|  |TAMS 0x0000000082900000, 0x0000000082900000| Untracked 
|  42|0x0000000082a00000, 0x0000000082a00000, 0x0000000082b00000|  0%| F|  |TAMS 0x0000000082a00000, 0x0000000082a00000| Untracked 
|  43|0x0000000082b00000, 0x0000000082b00000, 0x0000000082c00000|  0%| F|  |TAMS 0x0000000082b00000, 0x0000000082b00000| Untracked 
|  44|0x0000000082c00000, 0x0000000082c00000, 0x0000000082d00000|  0%| F|  |TAMS 0x0000000082c00000, 0x0000000082c00000| Untracked 
|  45|0x0000000082d00000, 0x0000000082d00000, 0x0000000082e00000|  0%| F|  |TAMS 0x0000000082d00000, 0x0000000082d00000| Untracked 
|  46|0x0000000082e00000, 0x0000000082e00000, 0x0000000082f00000|  0%| F|  |TAMS 0x0000000082e00000, 0x0000000082e00000| Untracked 
|  47|0x0000000082f00000, 0x0000000082f00000, 0x0000000083000000|  0%| F|  |TAMS 0x0000000082f00000, 0x0000000082f00000| Untracked 
|  48|0x0000000083000000, 0x0000000083000000, 0x0000000083100000|  0%| F|  |TAMS 0x0000000083000000, 0x0000000083000000| Untracked 
|  49|0x0000000083100000, 0x0000000083100000, 0x0000000083200000|  0%| F|  |TAMS 0x0000000083100000, 0x0000000083100000| Untracked 
|  50|0x0000000083200000, 0x0000000083200000, 0x0000000083300000|  0%| F|  |TAMS 0x0000000083200000, 0x0000000083200000| Untracked 
|  51|0x0000000083300000, 0x0000000083300000, 0x0000000083400000|  0%| F|  |TAMS 0x0000000083300000, 0x0000000083300000| Untracked 
|  52|0x0000000083400000, 0x0000000083400000, 0x0000000083500000|  0%| F|  |TAMS 0x0000000083400000, 0x0000000083400000| Untracked 
|  53|0x0000000083500000, 0x0000000083500000, 0x0000000083600000|  0%| F|  |TAMS 0x0000000083500000, 0x0000000083500000| Untracked 
|  54|0x0000000083600000, 0x0000000083600000, 0x0000000083700000|  0%| F|  |TAMS 0x0000000083600000, 0x0000000083600000| Untracked 
|  55|0x0000000083700000, 0x0000000083700000, 0x0000000083800000|  0%| F|  |TAMS 0x0000000083700000, 0x0000000083700000| Untracked 
|  56|0x0000000083800000, 0x0000000083800000, 0x0000000083900000|  0%| F|  |TAMS 0x0000000083800000, 0x0000000083800000| Untracked 
|  57|0x0000000083900000, 0x0000000083900000, 0x0000000083a00000|  0%| F|  |TAMS 0x0000000083900000, 0x0000000083900000| Untracked 
|  58|0x0000000083a00000, 0x0000000083a00000, 0x0000000083b00000|  0%| F|  |TAMS 0x0000000083a00000, 0x0000000083a00000| Untracked 
|  59|0x0000000083b00000, 0x0000000083b00000, 0x0000000083c00000|  0%| F|  |TAMS 0x0000000083b00000, 0x0000000083b00000| Untracked 
|  60|0x0000000083c00000, 0x0000000083c00000, 0x0000000083d00000|  0%| F|  |TAMS 0x0000000083c00000, 0x0000000083c00000| Untracked 
|  61|0x0000000083d00000, 0x0000000083d00000, 0x0000000083e00000|  0%| F|  |TAMS 0x0000000083d00000, 0x0000000083d00000| Untracked 
|  62|0x0000000083e00000, 0x0000000083e00000, 0x0000000083f00000|  0%| F|  |TAMS 0x0000000083e00000, 0x0000000083e00000| Untracked 
|  63|0x0000000083f00000, 0x0000000083f00000, 0x0000000084000000|  0%| F|  |TAMS 0x0000000083f00000, 0x0000000083f00000| Untracked 
|  64|0x0000000084000000, 0x0000000084000000, 0x0000000084100000|  0%| F|  |TAMS 0x0000000084000000, 0x0000000084000000| Untracked 
|  65|0x0000000084100000, 0x0000000084100000, 0x0000000084200000|  0%| F|  |TAMS 0x0000000084100000, 0x0000000084100000| Untracked 
|  66|0x0000000084200000, 0x0000000084200000, 0x0000000084300000|  0%| F|  |TAMS 0x0000000084200000, 0x0000000084200000| Untracked 
|  67|0x0000000084300000, 0x0000000084300000, 0x0000000084400000|  0%| F|  |TAMS 0x0000000084300000, 0x0000000084300000| Untracked 
|  68|0x0000000084400000, 0x0000000084400000, 0x0000000084500000|  0%| F|  |TAMS 0x0000000084400000, 0x0000000084400000| Untracked 
|  69|0x0000000084500000, 0x0000000084500000, 0x0000000084600000|  0%| F|  |TAMS 0x0000000084500000, 0x0000000084500000| Untracked 
|  70|0x0000000084600000, 0x0000000084600000, 0x0000000084700000|  0%| F|  |TAMS 0x0000000084600000, 0x0000000084600000| Untracked 
|  71|0x0000000084700000, 0x0000000084700000, 0x0000000084800000|  0%| F|  |TAMS 0x0000000084700000, 0x0000000084700000| Untracked 
|  72|0x0000000084800000, 0x0000000084800000, 0x0000000084900000|  0%| F|  |TAMS 0x0000000084800000, 0x0000000084800000| Untracked 
|  73|0x0000000084900000, 0x0000000084900000, 0x0000000084a00000|  0%| F|  |TAMS 0x0000000084900000, 0x0000000084900000| Untracked 
|  74|0x0000000084a00000, 0x0000000084af94c0, 0x0000000084b00000| 97%| S|CS|TAMS 0x0000000084a00000, 0x0000000084a00000| Complete 
|  75|0x0000000084b00000, 0x0000000084c00000, 0x0000000084c00000|100%| S|CS|TAMS 0x0000000084b00000, 0x0000000084b00000| Complete 
|  76|0x0000000084c00000, 0x0000000084d00000, 0x0000000084d00000|100%| S|CS|TAMS 0x0000000084c00000, 0x0000000084c00000| Complete 
|  77|0x0000000084d00000, 0x0000000084e00000, 0x0000000084e00000|100%| S|CS|TAMS 0x0000000084d00000, 0x0000000084d00000| Complete 
|  78|0x0000000084e00000, 0x0000000084f00000, 0x0000000084f00000|100%| S|CS|TAMS 0x0000000084e00000, 0x0000000084e00000| Complete 
|  79|0x0000000084f00000, 0x0000000085000000, 0x0000000085000000|100%| S|CS|TAMS 0x0000000084f00000, 0x0000000084f00000| Complete 
|  80|0x0000000085000000, 0x0000000085000000, 0x0000000085100000|  0%| F|  |TAMS 0x0000000085000000, 0x0000000085000000| Untracked 
|  81|0x0000000085100000, 0x0000000085100000, 0x0000000085200000|  0%| F|  |TAMS 0x0000000085100000, 0x0000000085100000| Untracked 
|  82|0x0000000085200000, 0x0000000085200000, 0x0000000085300000|  0%| F|  |TAMS 0x0000000085200000, 0x0000000085200000| Untracked 
|  83|0x0000000085300000, 0x0000000085300000, 0x0000000085400000|  0%| F|  |TAMS 0x0000000085300000, 0x0000000085300000| Untracked 
|  84|0x0000000085400000, 0x0000000085400000, 0x0000000085500000|  0%| F|  |TAMS 0x0000000085400000, 0x0000000085400000| Untracked 
|  85|0x0000000085500000, 0x0000000085500000, 0x0000000085600000|  0%| F|  |TAMS 0x0000000085500000, 0x0000000085500000| Untracked 
|  86|0x0000000085600000, 0x0000000085600000, 0x0000000085700000|  0%| F|  |TAMS 0x0000000085600000, 0x0000000085600000| Untracked 
|  87|0x0000000085700000, 0x0000000085700000, 0x0000000085800000|  0%| F|  |TAMS 0x0000000085700000, 0x0000000085700000| Untracked 
|  88|0x0000000085800000, 0x0000000085800000, 0x0000000085900000|  0%| F|  |TAMS 0x0000000085800000, 0x0000000085800000| Untracked 
|  89|0x0000000085900000, 0x0000000085900000, 0x0000000085a00000|  0%| F|  |TAMS 0x0000000085900000, 0x0000000085900000| Untracked 
|  90|0x0000000085a00000, 0x0000000085a00000, 0x0000000085b00000|  0%| F|  |TAMS 0x0000000085a00000, 0x0000000085a00000| Untracked 
|  91|0x0000000085b00000, 0x0000000085b00000, 0x0000000085c00000|  0%| F|  |TAMS 0x0000000085b00000, 0x0000000085b00000| Untracked 
|  92|0x0000000085c00000, 0x0000000085c00000, 0x0000000085d00000|  0%| F|  |TAMS 0x0000000085c00000, 0x0000000085c00000| Untracked 
|  93|0x0000000085d00000, 0x0000000085d00000, 0x0000000085e00000|  0%| F|  |TAMS 0x0000000085d00000, 0x0000000085d00000| Untracked 
|  94|0x0000000085e00000, 0x0000000085e00000, 0x0000000085f00000|  0%| F|  |TAMS 0x0000000085e00000, 0x0000000085e00000| Untracked 
|  95|0x0000000085f00000, 0x0000000085f00000, 0x0000000086000000|  0%| F|  |TAMS 0x0000000085f00000, 0x0000000085f00000| Untracked 
|  96|0x0000000086000000, 0x0000000086000000, 0x0000000086100000|  0%| F|  |TAMS 0x0000000086000000, 0x0000000086000000| Untracked 
|  97|0x0000000086100000, 0x0000000086100000, 0x0000000086200000|  0%| F|  |TAMS 0x0000000086100000, 0x0000000086100000| Untracked 
|  98|0x0000000086200000, 0x0000000086200000, 0x0000000086300000|  0%| F|  |TAMS 0x0000000086200000, 0x0000000086200000| Untracked 
|  99|0x0000000086300000, 0x0000000086300000, 0x0000000086400000|  0%| F|  |TAMS 0x0000000086300000, 0x0000000086300000| Untracked 
| 100|0x0000000086400000, 0x0000000086400000, 0x0000000086500000|  0%| F|  |TAMS 0x0000000086400000, 0x0000000086400000| Untracked 
| 101|0x0000000086500000, 0x0000000086500000, 0x0000000086600000|  0%| F|  |TAMS 0x0000000086500000, 0x0000000086500000| Untracked 
| 102|0x0000000086600000, 0x0000000086600000, 0x0000000086700000|  0%| F|  |TAMS 0x0000000086600000, 0x0000000086600000| Untracked 
| 103|0x0000000086700000, 0x0000000086700000, 0x0000000086800000|  0%| F|  |TAMS 0x0000000086700000, 0x0000000086700000| Untracked 
| 104|0x0000000086800000, 0x0000000086800000, 0x0000000086900000|  0%| F|  |TAMS 0x0000000086800000, 0x0000000086800000| Untracked 
| 105|0x0000000086900000, 0x0000000086900000, 0x0000000086a00000|  0%| F|  |TAMS 0x0000000086900000, 0x0000000086900000| Untracked 
| 106|0x0000000086a00000, 0x0000000086a00000, 0x0000000086b00000|  0%| F|  |TAMS 0x0000000086a00000, 0x0000000086a00000| Untracked 
| 107|0x0000000086b00000, 0x0000000086b00000, 0x0000000086c00000|  0%| F|  |TAMS 0x0000000086b00000, 0x0000000086b00000| Untracked 
| 108|0x0000000086c00000, 0x0000000086c00000, 0x0000000086d00000|  0%| F|  |TAMS 0x0000000086c00000, 0x0000000086c00000| Untracked 
| 109|0x0000000086d00000, 0x0000000086d00000, 0x0000000086e00000|  0%| F|  |TAMS 0x0000000086d00000, 0x0000000086d00000| Untracked 
| 110|0x0000000086e00000, 0x0000000086e00000, 0x0000000086f00000|  0%| F|  |TAMS 0x0000000086e00000, 0x0000000086e00000| Untracked 
| 111|0x0000000086f00000, 0x0000000086f00000, 0x0000000087000000|  0%| F|  |TAMS 0x0000000086f00000, 0x0000000086f00000| Untracked 
| 112|0x0000000087000000, 0x0000000087000000, 0x0000000087100000|  0%| F|  |TAMS 0x0000000087000000, 0x0000000087000000| Untracked 
| 113|0x0000000087100000, 0x0000000087100000, 0x0000000087200000|  0%| F|  |TAMS 0x0000000087100000, 0x0000000087100000| Untracked 
| 114|0x0000000087200000, 0x0000000087200000, 0x0000000087300000|  0%| F|  |TAMS 0x0000000087200000, 0x0000000087200000| Untracked 
| 115|0x0000000087300000, 0x0000000087300000, 0x0000000087400000|  0%| F|  |TAMS 0x0000000087300000, 0x0000000087300000| Untracked 
| 116|0x0000000087400000, 0x0000000087400000, 0x0000000087500000|  0%| F|  |TAMS 0x0000000087400000, 0x0000000087400000| Untracked 
| 117|0x0000000087500000, 0x0000000087500000, 0x0000000087600000|  0%| F|  |TAMS 0x0000000087500000, 0x0000000087500000| Untracked 
| 118|0x0000000087600000, 0x0000000087600000, 0x0000000087700000|  0%| F|  |TAMS 0x0000000087600000, 0x0000000087600000| Untracked 
| 119|0x0000000087700000, 0x0000000087700000, 0x0000000087800000|  0%| F|  |TAMS 0x0000000087700000, 0x0000000087700000| Untracked 
| 120|0x0000000087800000, 0x0000000087800000, 0x0000000087900000|  0%| F|  |TAMS 0x0000000087800000, 0x0000000087800000| Untracked 
| 121|0x0000000087900000, 0x0000000087900000, 0x0000000087a00000|  0%| F|  |TAMS 0x0000000087900000, 0x0000000087900000| Untracked 
| 122|0x0000000087a00000, 0x0000000087a00000, 0x0000000087b00000|  0%| F|  |TAMS 0x0000000087a00000, 0x0000000087a00000| Untracked 
| 123|0x0000000087b00000, 0x0000000087b00000, 0x0000000087c00000|  0%| F|  |TAMS 0x0000000087b00000, 0x0000000087b00000| Untracked 
| 124|0x0000000087c00000, 0x0000000087c00000, 0x0000000087d00000|  0%| F|  |TAMS 0x0000000087c00000, 0x0000000087c00000| Untracked 
| 125|0x0000000087d00000, 0x0000000087d00000, 0x0000000087e00000|  0%| F|  |TAMS 0x0000000087d00000, 0x0000000087d00000| Untracked 
| 126|0x0000000087e00000, 0x0000000087e00000, 0x0000000087f00000|  0%| F|  |TAMS 0x0000000087e00000, 0x0000000087e00000| Untracked 
| 127|0x0000000087f00000, 0x0000000087f00000, 0x0000000088000000|  0%| F|  |TAMS 0x0000000087f00000, 0x0000000087f00000| Untracked 

Card table byte_map: [0x0000023aded40000,0x0000023adf140000] _byte_map_base: 0x0000023ade940000

Marking Bits (Prev, Next): (CMBitMap*) 0x0000023acb3eb0a8, (CMBitMap*) 0x0000023acb3eb0e0
 Prev Bits: [0x0000023adf540000, 0x0000023ae1540000)
 Next Bits: [0x0000023ae1540000, 0x0000023ae3540000)

Polling page: 0x0000023acb490000

Metaspace:

Usage:
  Non-class:     38.88 MB capacity,    38.55 MB (>99%) used,   271.83 KB ( <1%) free+waste,    62.50 KB ( <1%) overhead. 
      Class:      5.37 MB capacity,     5.20 MB ( 97%) used,   152.22 KB (  3%) free+waste,    26.38 KB ( <1%) overhead. 
       Both:     44.25 MB capacity,    43.75 MB ( 99%) used,   424.05 KB ( <1%) free+waste,    88.88 KB ( <1%) overhead. 

Virtual space:
  Non-class space:       40.00 MB reserved,      39.00 MB ( 98%) committed 
      Class space:        1.00 GB reserved,       5.38 MB ( <1%) committed 
             Both:        1.04 GB reserved,      44.38 MB (  4%) committed 

Chunk freelists:
   Non-Class:  58.00 KB
       Class:  2.00 KB
        Both:  60.00 KB

MaxMetaspaceSize: 17179869184.00 GB
CompressedClassSpaceSize: 1.00 GB

CodeHeap 'non-profiled nmethods': size=120000Kb used=1299Kb max_used=1299Kb free=118700Kb
 bounds [0x0000023ad69a0000, 0x0000023ad6c10000, 0x0000023added0000]
CodeHeap 'profiled nmethods': size=120000Kb used=6157Kb max_used=6157Kb free=113843Kb
 bounds [0x0000023acf470000, 0x0000023acfa80000, 0x0000023ad69a0000]
CodeHeap 'non-nmethods': size=5760Kb used=1184Kb max_used=1215Kb free=4575Kb
 bounds [0x0000023aceed0000, 0x0000023acf140000, 0x0000023acf470000]
 total_blobs=3618 nmethods=3084 adapters=445
 compilation: enabled
              stopped_count=0, restarted_count=0
 full_count=0

Compilation events (20 events):
Event: 2.039 Thread 0x0000023ae69a9000 3073       3       org.jetbrains.kotlin.com.intellij.lexer.FlexAdapter::advance (10 bytes)
Event: 2.039 Thread 0x0000023ae69a9000 nmethod 3073 0x0000023acfa70a10 code [0x0000023acfa70bc0, 0x0000023acfa70da8]
Event: 2.039 Thread 0x0000023ae69a9000 3077       3       gnu.trove.TIntArrayList::isEmpty (13 bytes)
Event: 2.039 Thread 0x0000023ae69a9000 nmethod 3077 0x0000023acfa70e90 code [0x0000023acfa71040, 0x0000023acfa71198]
Event: 2.039 Thread 0x0000023ae69a9000 3088       1       org.jetbrains.kotlin.com.intellij.ide.highlighter.JavaClassFileType::getDefaultExtension (3 bytes)
Event: 2.039 Thread 0x0000023ae69a9000 nmethod 3088 0x0000023ad6ae4690 code [0x0000023ad6ae4840, 0x0000023ad6ae48f8]
Event: 2.039 Thread 0x0000023ae69a9000 3078       1       org.jetbrains.kotlin.com.intellij.lang.impl.PsiBuilderImpl::access$200 (5 bytes)
Event: 2.039 Thread 0x0000023ae69a9000 nmethod 3078 0x0000023ad6ae4990 code [0x0000023ad6ae4b40, 0x0000023ad6ae4bd8]
Event: 2.039 Thread 0x0000023ae69a9000 3090       3       org.jetbrains.kotlin.com.intellij.openapi.util.io.FileUtilRt::getNameWithoutExtension (49 bytes)
Event: 2.039 Thread 0x0000023ae69a9000 nmethod 3090 0x0000023acfa71210 code [0x0000023acfa71400, 0x0000023acfa717e8]
Event: 2.039 Thread 0x0000023ae69a9000 3091       3       org.jetbrains.kotlin.com.intellij.openapi.vfs.VirtualFile::getNameWithoutExtension (21 bytes)
Event: 2.039 Thread 0x0000023ae69a9000 nmethod 3091 0x0000023acfa71910 code [0x0000023acfa71b00, 0x0000023acfa71e18]
Event: 2.039 Thread 0x0000023ae69a9000 3079       3       org.jetbrains.kotlin.com.intellij.lang.impl.MarkerProduction::addMarker (9 bytes)
Event: 2.039 Thread 0x0000023ae69a9000 nmethod 3079 0x0000023acfa71f10 code [0x0000023acfa720e0, 0x0000023acfa723c8]
Event: 2.039 Thread 0x0000023ae69a9000 3092       3       org.jetbrains.kotlin.com.intellij.openapi.util.text.StringUtilRt::toLowerCase (33 bytes)
Event: 2.039 Thread 0x0000023ae69a9000 nmethod 3092 0x0000023acfa72510 code [0x0000023acfa72700, 0x0000023acfa72a78]
Event: 2.040 Thread 0x0000023ae69a9000 3080       3       org.jetbrains.kotlin.parsing.AbstractKotlinParsing::mark (10 bytes)
Event: 2.040 Thread 0x0000023ae69a9000 nmethod 3080 0x0000023acfa72b90 code [0x0000023acfa72d40, 0x0000023acfa72f08]
Event: 2.040 Thread 0x0000023ae69a9000 3095       3       org.jetbrains.kotlin.types.ErrorUtils::isErrorClass (5 bytes)
Event: 2.040 Thread 0x0000023ae69a9000 nmethod 3095 0x0000023acfa73010 code [0x0000023acfa731c0, 0x0000023acfa73398]

GC Heap History (9 events):
Event: 0.358 GC heap before
{Heap before GC invocations=0 (full 0):
 garbage-first heap   total 131072K, used 27648K [0x0000000080000000, 0x0000000100000000)
  region size 1024K, 24 young (24576K), 0 survivors (0K)
 Metaspace       used 12323K, capacity 12469K, committed 12800K, reserved 1060864K
  class space    used 1157K, capacity 1174K, committed 1280K, reserved 1048576K
}
Event: 0.361 GC heap after
{Heap after GC invocations=1 (full 0):
 garbage-first heap   total 131072K, used 5727K [0x0000000080000000, 0x0000000100000000)
  region size 1024K, 3 young (3072K), 3 survivors (3072K)
 Metaspace       used 12323K, capacity 12469K, committed 12800K, reserved 1060864K
  class space    used 1157K, capacity 1174K, committed 1280K, reserved 1048576K
}
Event: 0.779 GC heap before
{Heap before GC invocations=1 (full 0):
 garbage-first heap   total 131072K, used 42591K [0x0000000080000000, 0x0000000100000000)
  region size 1024K, 40 young (40960K), 3 survivors (3072K)
 Metaspace       used 20952K, capacity 21173K, committed 21248K, reserved 1069056K
  class space    used 2204K, capacity 2283K, committed 2304K, reserved 1048576K
}
Event: 0.788 GC heap after
{Heap after GC invocations=2 (full 0):
 garbage-first heap   total 131072K, used 9548K [0x0000000080000000, 0x0000000100000000)
  region size 1024K, 7 young (7168K), 7 survivors (7168K)
 Metaspace       used 20952K, capacity 21173K, committed 21248K, reserved 1069056K
  class space    used 2204K, capacity 2283K, committed 2304K, reserved 1048576K
}
Event: 1.333 GC heap before
{Heap before GC invocations=3 (full 0):
 garbage-first heap   total 131072K, used 68940K [0x0000000080000000, 0x0000000100000000)
  region size 1024K, 57 young (58368K), 7 survivors (7168K)
 Metaspace       used 32006K, capacity 32493K, committed 32640K, reserved 1077248K
  class space    used 3993K, capacity 4156K, committed 4224K, reserved 1048576K
}
Event: 1.346 GC heap after
{Heap after GC invocations=4 (full 0):
 garbage-first heap   total 131072K, used 24071K [0x0000000080000000, 0x0000000100000000)
  region size 1024K, 8 young (8192K), 8 survivors (8192K)
 Metaspace       used 32006K, capacity 32493K, committed 32640K, reserved 1077248K
  class space    used 3993K, capacity 4156K, committed 4224K, reserved 1048576K
}
Event: 1.517 GC heap before
{Heap before GC invocations=4 (full 0):
 garbage-first heap   total 131072K, used 41479K [0x0000000080000000, 0x0000000100000000)
  region size 1024K, 26 young (26624K), 8 survivors (8192K)
 Metaspace       used 35359K, capacity 35768K, committed 35840K, reserved 1081344K
  class space    used 4360K, capacity 4544K, committed 4608K, reserved 1048576K
}
Event: 1.529 GC heap after
{Heap after GC invocations=5 (full 0):
 garbage-first heap   total 131072K, used 26653K [0x0000000080000000, 0x0000000100000000)
  region size 1024K, 3 young (3072K), 3 survivors (3072K)
 Metaspace       used 35359K, capacity 35768K, committed 35840K, reserved 1081344K
  class space    used 4360K, capacity 4544K, committed 4608K, reserved 1048576K
}
Event: 2.041 GC heap before
{Heap before GC invocations=6 (full 0):
 garbage-first heap   total 131072K, used 72733K [0x0000000080000000, 0x0000000100000000)
  region size 1024K, 48 young (49152K), 3 survivors (3072K)
 Metaspace       used 44803K, capacity 45316K, committed 45440K, reserved 1089536K
  class space    used 5323K, capacity 5502K, committed 5504K, reserved 1048576K
}

Deoptimization events (20 events):
Event: 1.961 Thread 0x0000023acb3aa800 DEOPT PACKING pc=0x0000023ad6a995ec sp=0x000000ea05efbeb0
Event: 1.961 Thread 0x0000023acb3aa800 DEOPT UNPACKING pc=0x0000023aceef662f sp=0x000000ea05efbd98 mode 2
Event: 1.978 Thread 0x0000023acb3aa800 Uncommon trap: trap_request=0xffffffc6 fr.pc=0x0000023ad6a52c20 relative=0x0000000000001400
Event: 1.978 Thread 0x0000023acb3aa800 Uncommon trap: reason=bimorphic_or_optimized_type_check action=maybe_recompile pc=0x0000023ad6a52c20 method=java.util.zip.ZipFile.getZipEntry(Ljava/lang/String;[BILjava/util/function/Function;)Ljava/util/zip/ZipEntry; @ 108 c2
Event: 1.978 Thread 0x0000023acb3aa800 DEOPT PACKING pc=0x0000023ad6a52c20 sp=0x000000ea05efbe20
Event: 1.978 Thread 0x0000023acb3aa800 DEOPT UNPACKING pc=0x0000023aceef662f sp=0x000000ea05efbdc8 mode 2
Event: 1.978 Thread 0x0000023acb3aa800 Uncommon trap: trap_request=0xffffffc6 fr.pc=0x0000023ad6a97ed4 relative=0x0000000000000274
Event: 1.978 Thread 0x0000023acb3aa800 Uncommon trap: reason=bimorphic_or_optimized_type_check action=maybe_recompile pc=0x0000023ad6a97ed4 method=org.jetbrains.kotlin.protobuf.CodedInputStream.tryRefillBuffer(I)Z @ 177 c2
Event: 1.978 Thread 0x0000023acb3aa800 DEOPT PACKING pc=0x0000023ad6a97ed4 sp=0x000000ea05efbd60
Event: 1.978 Thread 0x0000023acb3aa800 DEOPT UNPACKING pc=0x0000023aceef662f sp=0x000000ea05efbc98 mode 2
Event: 1.984 Thread 0x0000023acb3aa800 Uncommon trap: trap_request=0xffffffc6 fr.pc=0x0000023ad6a52c20 relative=0x0000000000001400
Event: 1.984 Thread 0x0000023acb3aa800 Uncommon trap: reason=bimorphic_or_optimized_type_check action=maybe_recompile pc=0x0000023ad6a52c20 method=java.util.zip.ZipFile.getZipEntry(Ljava/lang/String;[BILjava/util/function/Function;)Ljava/util/zip/ZipEntry; @ 108 c2
Event: 1.984 Thread 0x0000023acb3aa800 DEOPT PACKING pc=0x0000023ad6a52c20 sp=0x000000ea05efbb40
Event: 1.984 Thread 0x0000023acb3aa800 DEOPT UNPACKING pc=0x0000023aceef662f sp=0x000000ea05efbae8 mode 2
Event: 1.991 Thread 0x0000023acb3aa800 Uncommon trap: trap_request=0xffffffc6 fr.pc=0x0000023ad6a52c20 relative=0x0000000000001400
Event: 1.991 Thread 0x0000023acb3aa800 Uncommon trap: reason=bimorphic_or_optimized_type_check action=maybe_recompile pc=0x0000023ad6a52c20 method=java.util.zip.ZipFile.getZipEntry(Ljava/lang/String;[BILjava/util/function/Function;)Ljava/util/zip/ZipEntry; @ 108 c2
Event: 1.991 Thread 0x0000023acb3aa800 DEOPT PACKING pc=0x0000023ad6a52c20 sp=0x000000ea05efba10
Event: 1.991 Thread 0x0000023acb3aa800 DEOPT UNPACKING pc=0x0000023aceef662f sp=0x000000ea05efb9b8 mode 2
Event: 1.998 Thread 0x0000023acb3aa800 DEOPT PACKING pc=0x0000023acf99077f sp=0x000000ea05efbb30
Event: 1.998 Thread 0x0000023acb3aa800 DEOPT UNPACKING pc=0x0000023aceef6dde sp=0x000000ea05efaf80 mode 0

Classes redefined (0 events):
No events

Internal exceptions (20 events):
Event: 0.646 Thread 0x0000023acb3aa800 Exception <a 'java/lang/NoSuchMethodError'{0x00000000868b0f98}: 'int java.lang.invoke.DirectMethodHandle$Holder.invokeSpecialIFC(java.lang.Object, java.lang.Object, int)'> (0x00000000868b0f98) thrown at [./src/hotspot/share/interpreter/linkResolver.cpp, line 773]
Event: 0.748 Thread 0x0000023acb3aa800 Exception <a 'java/lang/NoSuchMethodError'{0x0000000085cc82f8}: 'java.lang.Object java.lang.invoke.DirectMethodHandle$Holder.invokeStaticInit(java.lang.Object, int)'> (0x0000000085cc82f8) thrown at [./src/hotspot/share/interpreter/linkResolver.cpp, line 773]
Event: 0.763 Thread 0x0000023acb3aa800 Exception <a 'java/lang/NoSuchMethodError'{0x0000000085a55740}: 'long java.lang.invoke.DirectMethodHandle$Holder.invokeStatic(java.lang.Object)'> (0x0000000085a55740) thrown at [./src/hotspot/share/interpreter/linkResolver.cpp, line 773]
Event: 0.763 Thread 0x0000023acb3aa800 Exception <a 'java/lang/NoSuchMethodError'{0x0000000085a58598}: 'long java.lang.invoke.DirectMethodHandle$Holder.invokeStaticInit(java.lang.Object)'> (0x0000000085a58598) thrown at [./src/hotspot/share/interpreter/linkResolver.cpp, line 773]
Event: 0.805 Thread 0x0000023acb3aa800 Exception <a 'java/lang/NoSuchMethodError'{0x0000000087eb9f78}: 'int java.lang.invoke.DirectMethodHandle$Holder.invokeStaticInit(java.lang.Object, java.lang.Object, java.lang.Object)'> (0x0000000087eb9f78) thrown at [./src/hotspot/share/interpreter/linkResolver.cpp, line 773]
Event: 0.808 Thread 0x0000023acb3aa800 Exception <a 'java/lang/NoSuchMethodError'{0x0000000087ee5d70}: 'int java.lang.invoke.DirectMethodHandle$Holder.invokeStaticInit(java.lang.Object, java.lang.Object)'> (0x0000000087ee5d70) thrown at [./src/hotspot/share/interpreter/linkResolver.cpp, line 773]
Event: 0.932 Thread 0x0000023acb3aa800 Exception <a 'java/lang/NoSuchMethodError'{0x00000000874a3100}: 'java.lang.Object java.lang.invoke.DirectMethodHandle$Holder.invokeStatic(java.lang.Object, java.lang.Object, java.lang.Object, java.lang.Object, java.lang.Object, java.lang.Object, java.lang.Object, java.lang.Object, java.lang.Object, java.lang.Object, java.lang.Object, java.lang.Object, java.lang.Object, java.lang.Object, java.lang.Object)'> (0x00000000874a3100) thrown at [./src/hotspot/share/interpreter/linkResolver.cpp, line 773]
Event: 0.933 Thread 0x0000023acb3aa800 Exception <a 'java/lang/NoSuchMethodError'{0x00000000874b14a0}: 'java.lang.Object java.lang.invoke.DirectMethodHandle$Holder.invokeStatic(java.lang.Object, java.lang.Object, java.lang.Object, java.lang.Object, java.lang.Object, java.lang.Object, java.lang.Object, java.lang.Object, java.lang.Object, java.lang.Object, java.lang.Object, java.lang.Object, java.lang.Object, java.lang.Object, java.lang.Object, java.lang.Object)'> (0x00000000874b14a0) thrown at [./src/hotspot/share/interpreter/linkResolver.cpp, l
Event: 0.933 Thread 0x0000023acb3aa800 Exception <a 'java/lang/NoSuchMethodError'{0x00000000874bf3b8}: 'java.lang.Object java.lang.invoke.DirectMethodHandle$Holder.invokeSpecial(java.lang.Object, java.lang.Object, int, int, java.lang.Object, java.lang.Object, java.lang.Object)'> (0x00000000874bf3b8) thrown at [./src/hotspot/share/interpreter/linkResolver.cpp, line 773]
Event: 0.933 Thread 0x0000023acb3aa800 Exception <a 'java/lang/NoSuchMethodError'{0x00000000874c2bf0}: 'java.lang.Object java.lang.invoke.DelegatingMethodHandle$Holder.reinvoke_L(java.lang.Object, int, int, java.lang.Object, java.lang.Object, java.lang.Object)'> (0x00000000874c2bf0) thrown at [./src/hotspot/share/interpreter/linkResolver.cpp, line 773]
Event: 0.934 Thread 0x0000023acb3aa800 Exception <a 'java/lang/NoSuchMethodError'{0x00000000874c6f78}: 'java.lang.Object java.lang.invoke.DirectMethodHandle$Holder.invokeStatic(java.lang.Object, java.lang.Object, java.lang.Object, java.lang.Object, int)'> (0x00000000874c6f78) thrown at [./src/hotspot/share/interpreter/linkResolver.cpp, line 773]
Event: 0.962 Thread 0x0000023acb3aa800 Implicit null exception at 0x0000023ad6a26fac to 0x0000023ad6a27156
Event: 0.985 Thread 0x0000023acb3aa800 Exception <a 'java/lang/NoSuchMethodError'{0x0000000086e465d0}: 'void java.lang.invoke.DirectMethodHandle$Holder.invokeStatic(java.lang.Object, java.lang.Object, java.lang.Object, java.lang.Object)'> (0x0000000086e465d0) thrown at [./src/hotspot/share/interpreter/linkResolver.cpp, line 773]
Event: 0.998 Thread 0x0000023acb3aa800 Exception <a 'java/lang/NoSuchMethodError'{0x0000000086d96880}: 'void java.lang.invoke.DirectMethodHandle$Holder.invokeSpecial(java.lang.Object, java.lang.Object)'> (0x0000000086d96880) thrown at [./src/hotspot/share/interpreter/linkResolver.cpp, line 773]
Event: 1.022 Thread 0x0000023acb3aa800 Exception <a 'java/lang/NoSuchMethodError'{0x0000000086a40a50}: 'void java.lang.invoke.DirectMethodHandle$Holder.invokeStaticInit(java.lang.Object, java.lang.Object)'> (0x0000000086a40a50) thrown at [./src/hotspot/share/interpreter/linkResolver.cpp, line 773]
Event: 1.027 Thread 0x0000023acb3aa800 Exception <a 'java/lang/NoSuchMethodError'{0x0000000086a7f1a8}: 'void java.lang.invoke.DirectMethodHandle$Holder.invokeInterface(java.lang.Object, java.lang.Object)'> (0x0000000086a7f1a8) thrown at [./src/hotspot/share/interpreter/linkResolver.cpp, line 773]
Event: 1.078 Thread 0x0000023acb3aa800 Exception <a 'java/lang/NoSuchMethodError'{0x000000008652fa38}: 'void java.lang.invoke.DirectMethodHandle$Holder.invokeVirtual(java.lang.Object, java.lang.Object)'> (0x000000008652fa38) thrown at [./src/hotspot/share/interpreter/linkResolver.cpp, line 773]
Event: 1.085 Thread 0x0000023acb3aa800 Exception <a 'java/lang/NoSuchMethodError'{0x00000000865a7388}: 'int java.lang.invoke.DirectMethodHandle$Holder.invokeVirtual(java.lang.Object, java.lang.Object)'> (0x00000000865a7388) thrown at [./src/hotspot/share/interpreter/linkResolver.cpp, line 773]
Event: 1.459 Thread 0x0000023acb3aa800 Exception <a 'java/lang/NoSuchMethodError'{0x0000000087532740}: 'java.lang.Object java.lang.invoke.DirectMethodHandle$Holder.invokeVirtual(java.lang.Object, java.lang.Object, java.lang.Object)'> (0x0000000087532740) thrown at [./src/hotspot/share/interpreter/linkResolver.cpp, line 773]
Event: 1.855 Thread 0x0000023acb3aa800 Exception <a 'java/lang/NoSuchMethodError'{0x0000000085c48e70}: 'java.lang.Object java.lang.invoke.Invokers$Holder.linkToTargetMethod(java.lang.Object, int, java.lang.Object)'> (0x0000000085c48e70) thrown at [./src/hotspot/share/interpreter/linkResolver.cpp, line 773]

Events (20 events):
Event: 2.034 loading class org/jetbrains/kotlin/com/intellij/psi/impl/source/tree/AstBufferUtil$BufferVisitor done
Event: 2.034 loading class org/jetbrains/kotlin/com/intellij/util/WalkingState
Event: 2.034 loading class org/jetbrains/kotlin/com/intellij/util/WalkingState done
Event: 2.034 loading class org/jetbrains/kotlin/com/intellij/psi/impl/source/tree/RecursiveTreeElementWalkingVisitor$1
Event: 2.034 loading class org/jetbrains/kotlin/com/intellij/psi/impl/source/tree/RecursiveTreeElementWalkingVisitor$1 done
Event: 2.034 loading class org/jetbrains/kotlin/com/intellij/psi/impl/source/tree/RecursiveTreeElementWalkingVisitor$ASTTreeGuide
Event: 2.034 loading class org/jetbrains/kotlin/com/intellij/psi/impl/source/tree/RecursiveTreeElementWalkingVisitor$ASTTreeGuide done
Event: 2.035 loading class org/jetbrains/kotlin/com/intellij/psi/impl/source/tree/ForeignLeafPsiElement
Event: 2.035 loading class org/jetbrains/kotlin/com/intellij/psi/impl/source/tree/ForeignLeafPsiElement done
Event: 2.035 loading class org/jetbrains/kotlin/resolve/lazy/ForceResolveUtil
Event: 2.035 loading class org/jetbrains/kotlin/resolve/lazy/ForceResolveUtil done
Event: 2.035 loading class org/jetbrains/kotlin/descriptors/impl/ValueParameterDescriptorImpl$WithDestructuringDeclaration
Event: 2.035 loading class org/jetbrains/kotlin/descriptors/impl/ValueParameterDescriptorImpl$WithDestructuringDeclaration done
Event: 2.036 loading class org/jetbrains/kotlin/resolve/BindingContextUtils
Event: 2.036 loading class org/jetbrains/kotlin/resolve/BindingContextUtils done
Event: 2.040 loading class org/jetbrains/kotlin/types/AbbreviatedType
Event: 2.040 loading class org/jetbrains/kotlin/types/AbbreviatedType done
Event: 2.041 loading class org/jetbrains/kotlin/resolve/calls/util/CallMaker
Event: 2.041 loading class org/jetbrains/kotlin/resolve/calls/util/CallMaker done
Event: 2.041 Executing VM operation: G1CollectForAllocation


Dynamic libraries:
0x00007ff748140000 - 0x00007ff74814a000 	C:\Program Files\Android\Android Studio\jre\bin\java.exe
0x00007ffd5d3f0000 - 0x00007ffd5d5e5000 	C:\Windows\SYSTEM32\ntdll.dll
0x00007ffd5cb30000 - 0x00007ffd5cbee000 	C:\Windows\System32\KERNEL32.DLL
0x00007ffd5af30000 - 0x00007ffd5b1f8000 	C:\Windows\System32\KERNELBASE.dll
0x00007ffd5ab10000 - 0x00007ffd5ac10000 	C:\Windows\System32\ucrtbase.dll
0x00007ffd56670000 - 0x00007ffd56687000 	C:\Program Files\Android\Android Studio\jre\bin\VCRUNTIME140.dll
0x00007ffd4a900000 - 0x00007ffd4a919000 	C:\Program Files\Android\Android Studio\jre\bin\jli.dll
0x00007ffd5b450000 - 0x00007ffd5b5f0000 	C:\Windows\System32\USER32.dll
0x00007ffd460f0000 - 0x00007ffd4638a000 	C:\Windows\WinSxS\amd64_microsoft.windows.common-controls_6595b64144ccf1df_6.0.19041.1110_none_60b5254171f9507e\COMCTL32.dll
0x00007ffd5ac10000 - 0x00007ffd5ac32000 	C:\Windows\System32\win32u.dll
0x00007ffd5b5f0000 - 0x00007ffd5b68e000 	C:\Windows\System32\msvcrt.dll
0x00007ffd5ca60000 - 0x00007ffd5ca8b000 	C:\Windows\System32\GDI32.dll
0x00007ffd5ac40000 - 0x00007ffd5ad4b000 	C:\Windows\System32\gdi32full.dll
0x00007ffd5b320000 - 0x00007ffd5b3bd000 	C:\Windows\System32\msvcp_win.dll
0x00007ffd5ca90000 - 0x00007ffd5cac0000 	C:\Windows\System32\IMM32.DLL
0x00007ffd38d30000 - 0x00007ffd38dcd000 	C:\Program Files\Android\Android Studio\jre\bin\msvcp140.dll
0x00007ffd12b00000 - 0x00007ffd135d5000 	C:\Program Files\Android\Android Studio\jre\bin\server\jvm.dll
0x00007ffd5cdb0000 - 0x00007ffd5ce5e000 	C:\Windows\System32\ADVAPI32.dll
0x00007ffd5c270000 - 0x00007ffd5c30c000 	C:\Windows\System32\sechost.dll
0x00007ffd5cc10000 - 0x00007ffd5cd35000 	C:\Windows\System32\RPCRT4.dll
0x00007ffd5d0e0000 - 0x00007ffd5d0e8000 	C:\Windows\System32\PSAPI.DLL
0x00007ffd4e9c0000 - 0x00007ffd4e9c9000 	C:\Windows\SYSTEM32\WSOCK32.dll
0x00007ffd51aa0000 - 0x00007ffd51ac7000 	C:\Windows\SYSTEM32\WINMM.dll
0x00007ffd52030000 - 0x00007ffd5203a000 	C:\Windows\SYSTEM32\VERSION.dll
0x00007ffd5cd40000 - 0x00007ffd5cdab000 	C:\Windows\System32\WS2_32.dll
0x00007ffd58a40000 - 0x00007ffd58a52000 	C:\Windows\SYSTEM32\kernel.appcore.dll
0x00007ffd19be0000 - 0x00007ffd19bf1000 	C:\Program Files\Android\Android Studio\jre\bin\verify.dll
0x00007ffd4f9f0000 - 0x00007ffd4fbd4000 	C:\Windows\SYSTEM32\DBGHELP.DLL
0x00007ffd4f1a0000 - 0x00007ffd4f1cc000 	C:\Windows\SYSTEM32\dbgcore.DLL
0x00007ffd5b3c0000 - 0x00007ffd5b442000 	C:\Windows\System32\bcryptPrimitives.dll
0x00007ffd19bb0000 - 0x00007ffd19bd9000 	C:\Program Files\Android\Android Studio\jre\bin\java.dll
0x00007ffd2c1c0000 - 0x00007ffd2c1cb000 	C:\Program Files\Android\Android Studio\jre\bin\jimage.dll
0x00007ffd19b90000 - 0x00007ffd19ba8000 	C:\Program Files\Android\Android Studio\jre\bin\zip.dll
0x00007ffd5ba60000 - 0x00007ffd5c1a4000 	C:\Windows\System32\SHELL32.dll
0x00007ffd58c40000 - 0x00007ffd593d4000 	C:\Windows\SYSTEM32\windows.storage.dll
0x00007ffd5b6f0000 - 0x00007ffd5ba44000 	C:\Windows\System32\combase.dll
0x00007ffd5a4a0000 - 0x00007ffd5a4cc000 	C:\Windows\SYSTEM32\Wldp.dll
0x00007ffd5cf80000 - 0x00007ffd5d02d000 	C:\Windows\System32\SHCORE.dll
0x00007ffd5cad0000 - 0x00007ffd5cb25000 	C:\Windows\System32\shlwapi.dll
0x00007ffd5aa50000 - 0x00007ffd5aa6f000 	C:\Windows\SYSTEM32\profapi.dll
0x00007ffd19b70000 - 0x00007ffd19b8a000 	C:\Program Files\Android\Android Studio\jre\bin\net.dll
0x00007ffd53f10000 - 0x00007ffd54019000 	C:\Windows\SYSTEM32\WINHTTP.dll
0x00007ffd5a200000 - 0x00007ffd5a26a000 	C:\Windows\system32\mswsock.dll
0x00007ffd19b50000 - 0x00007ffd19b64000 	C:\Program Files\Android\Android Studio\jre\bin\nio.dll

dbghelp: loaded successfully - version: 4.0.5 - missing functions: none
symbol engine: initialized successfully - sym options: 0x614 - pdb path: .;C:\Program Files\Android\Android Studio\jre\bin;C:\Windows\SYSTEM32;C:\Windows\WinSxS\amd64_microsoft.windows.common-controls_6595b64144ccf1df_6.0.19041.1110_none_60b5254171f9507e;C:\Program Files\Android\Android Studio\jre\bin\server

VM Arguments:
java_command: org.jetbrains.kotlin.cli.jvm.K2JVMCompiler @C:\Users\Hello World\Downloads\New folder\AndroidLibrary\image-preview\build\20220330_2723769209149693018.compiler.options
java_class_path (initial): C:\Users\Hello World\.gradle\caches\modules-2\files-2.1\org.jetbrains.kotlin\kotlin-compiler-embeddable\1.5.30\3362a354066df1578a057c200da23cf2a1d8144f\kotlin-compiler-embeddable-1.5.30.jar;C:\Users\Hello World\.gradle\caches\modules-2\files-2.1\org.jetbrains.kotlin\kotlin-reflect\1.5.30\6773e974437dd6432aa646cc2f8ab71de42b5773\kotlin-reflect-1.5.30.jar;C:\Users\Hello World\.gradle\caches\modules-2\files-2.1\org.jetbrains.kotlin\kotlin-stdlib\1.5.30\d68efdea04955974ac1020f8f66ef8176bfbce1f\kotlin-stdlib-1.5.30.jar;C:\Users\Hello World\.gradle\caches\modules-2\files-2.1\org.jetbrains.kotlin\kotlin-script-runtime\1.5.30\10697ab20bfd2f1b23baa91306950c36c4e89a8d\kotlin-script-runtime-1.5.30.jar;C:\Users\Hello World\.gradle\caches\modules-2\files-2.1\org.jetbrains.kotlin\kotlin-daemon-embeddable\1.5.30\e355dc9011e559a475608265607948109e113ae0\kotlin-daemon-embeddable-1.5.30.jar;C:\Users\Hello World\.gradle\caches\modules-2\files-2.1\org.jetbrains.intellij.deps\trove4j\1.0.20181211\216c2e14b070f334479d800987affe4054cd563f\trove4j-1.0.20181211.jar;C:\Users\Hello World\.gradle\caches\modules-2\files-2.1\org.jetbrains\annotations\13.0\919f0dfe192fb4e063e7dacadee7f8bb9a2672a9\annotations-13.0.jar;C:\Users\Hello World\.gradle\caches\modules-2\files-2.1\org.jetbrains.kotlin\kotlin-stdlib-common\1.5.30\649ffab7767038323fec0cc41e2d7b0a8f65a378\kotlin-stdlib-common-1.5.30.jar
Launcher Type: SUN_STANDARD

[Global flags]
     intx CICompilerCount                          = 4                                         {product} {ergonomic}
     uint ConcGCThreads                            = 2                                         {product} {ergonomic}
     uint G1ConcRefinementThreads                  = 8                                         {product} {ergonomic}
   size_t G1HeapRegionSize                         = 1048576                                   {product} {ergonomic}
    uintx GCDrainStackTargetSize                   = 64                                        {product} {ergonomic}
   size_t InitialHeapSize                          = 134217728                                 {product} {ergonomic}
   size_t MarkStackSize                            = 4194304                                   {product} {ergonomic}
   size_t MaxHeapSize                              = 2147483648                                {product} {ergonomic}
   size_t MaxNewSize                               = 1287651328                                {product} {ergonomic}
   size_t MinHeapDeltaBytes                        = 1048576                                   {product} {ergonomic}
    uintx NonNMethodCodeHeapSize                   = 5836300                                {pd product} {ergonomic}
    uintx NonProfiledCodeHeapSize                  = 122910970                              {pd product} {ergonomic}
    uintx ProfiledCodeHeapSize                     = 122910970                              {pd product} {ergonomic}
    uintx ReservedCodeCacheSize                    = 251658240                              {pd product} {ergonomic}
     bool SegmentedCodeCache                       = true                                      {product} {ergonomic}
     bool UseCompressedClassPointers               = true                                 {lp64_product} {ergonomic}
     bool UseCompressedOops                        = true                                 {lp64_product} {ergonomic}
     bool UseG1GC                                  = true                                      {product} {ergonomic}
     bool UseLargePagesIndividualAllocation        = false                                  {pd product} {ergonomic}

Logging:
Log output configuration:
 #0: stdout all=warning uptime,level,tags
 #1: stderr all=off uptime,level,tags

Environment Variables:
PATH=C:\Windows\system32;C:\Windows;C:\Windows\System32\Wbem;C:\Windows\System32\WindowsPowerShell\v1.0\;C:\Windows\System32\OpenSSH\;C:\Users\Hello World\AppData\Local\Programs\Python\Python38\Scripts\;C:\Program Files (x86)\PuTTY\;C:\Users\Hello World\AppData\Local\Microsoft\WindowsApps;C:\Program Files\JetBrains\PyCharm Community Edition 2021.3.2\bin;;C:\Users\Hello World\AppData\Local\Programs\Python\Python38\Scripts\pip.exe;
USERNAME=Hello World
OS=Windows_NT
PROCESSOR_IDENTIFIER=AMD64 Family 25 Model 80 Stepping 0, AuthenticAMD



---------------  S Y S T E M  ---------------

OS: Windows 10 , 64 bit Build 19041 (10.0.19041.1566)
OS uptime: 0 days 22:41 hours
VMWare virtualization detected

CPU:total 8 (initial active 8) (4 cores per cpu, 1 threads per core) family 25 model 80 stepping 0 microcode 0x0, cmov, cx8, fxsr, mmx, sse, sse2, sse3, ssse3, sse4.1, sse4.2, popcnt, avx, avx2, aes, clmul, erms, mmxext, 3dnowpref, lzcnt, sse4a, tsc, tscinvbit, tscinv, bmi1, bmi2, adx,

Memory: 4k page, system-wide physical 8191M (540M free)
TotalPageFile size 15152M (AvailPageFile size 27M)
current process WorkingSet (physical memory assigned to process): 238M, peak: 238M
current process commit charge ("private bytes"): 315M, peak: 351M

vm_info: OpenJDK 64-Bit Server VM (11.0.11+9-b60-7590822) for windows-amd64 JRE (11.0.11+9-b60-7590822), built on Jul 29 2021 21:43:44 by "builder" with MS VC++ 14.0 (VS2015)

END.
