#
# There is insufficient memory for the Java Runtime Environment to continue.
# Native memory allocation (mmap) failed to map 261095424 bytes for Failed to commit area from 0x0000000093700000 to 0x00000000a3000000 of length 261095424.
# Possible reasons:
#   The system is out of physical RAM or swap space
#   The process is running with CompressedOops enabled, and the Java Heap may be blocking the growth of the native heap
# Possible solutions:
#   Reduce memory load on the system
#   Increase physical memory or swap space
#   Check if swap backing store is full
#   Decrease Java heap size (-Xmx/-Xms)
#   Decrease number of Java threads
#   Decrease Java thread stack sizes (-Xss)
#   Set larger code cache with -XX:ReservedCodeCacheSize=
#   JVM is running with Unscaled Compressed Oops mode in which the Java heap is
#     placed in the first 4GB address space. The Java Heap base address is the
#     maximum limit for the native heap growth. Please use -XX:HeapBaseMinAddress
#     to set the Java Heap base and to place the Java Heap above 4GB virtual address.
# This output file may be truncated or incomplete.
#
#  Out of Memory Error (./src/hotspot/os/windows/os_windows.cpp:3301), pid=12280, tid=15356
#
# JRE version: OpenJDK Runtime Environment (11.0.11+9) (build 11.0.11+9-b60-7590822)
# Java VM: OpenJDK 64-Bit Server VM (11.0.11+9-b60-7590822, mixed mode, tiered, compressed oops, g1 gc, windows-amd64)
# No core dump will be written. Minidumps are not enabled by default on client versions of Windows
#

---------------  S U M M A R Y ------------

Command Line: --add-opens=java.base/java.util=ALL-UNNAMED --add-opens=java.base/java.lang=ALL-UNNAMED --add-opens=java.base/java.lang.invoke=ALL-UNNAMED --add-opens=java.base/java.util=ALL-UNNAMED --add-opens=java.prefs/java.util.prefs=ALL-UNNAMED --add-opens=java.prefs/java.util.prefs=ALL-UNNAMED --add-opens=java.base/java.nio.charset=ALL-UNNAMED --add-opens=java.base/java.net=ALL-UNNAMED --add-opens=java.base/java.util.concurrent.atomic=ALL-UNNAMED -Xmx2048m -Dfile.encoding=UTF-8 -Duser.country=US -Duser.language=en -Duser.variant org.gradle.launcher.daemon.bootstrap.GradleDaemon 7.0.2

Host: AMD Ryzen 7 5800H with Radeon Graphics         , 8 cores, 7G,  Windows 10 , 64 bit Build 19041 (10.0.19041.1566)
Time: Wed Mar 30 03:30:29 2022 Pacific Daylight Time elapsed time: 216.664791 seconds (0d 0h 3m 36s)

---------------  T H R E A D  ---------------

Current thread (0x000001c17fbd6800):  VMThread "VM Thread" [stack: 0x0000007938d00000,0x0000007938e00000] [id=15356]

Stack: [0x0000007938d00000,0x0000007938e00000]
[error occurred during error reporting (printing stack bounds), id 0xc0000005, EXCEPTION_ACCESS_VIOLATION (0xc0000005) at pc=0x000001c100000f2d]

Native frames: (J=compiled Java code, j=interpreted, Vv=VM code, C=native code)
V  [jvm.dll+0x5f214a]
V  [jvm.dll+0x726fb5]
V  [jvm.dll+0x7285cd]
V  [jvm.dll+0x728be5]
V  [jvm.dll+0x728b9b]
V  [jvm.dll+0x5f14e8]
V  [jvm.dll+0x5f1c78]
C  [ntdll.dll+0xa20cf]
C  [ntdll.dll+0x51454]
C  [ntdll.dll+0xa0bfe]
C  0x000001c100000f2d

VM_Operation (0x000000793c3f8e40): G1CollectForAllocation, mode: safepoint, requested by thread 0x000001c119471000


---------------  P R O C E S S  ---------------

Threads class SMR info:
_java_thread_list=0x000001c11cfb2a20, length=67, elements={
0x000001c179f4d000, 0x000001c17fbd8800, 0x000001c17fbe2000, 0x000001c115844000,
0x000001c115845000, 0x000001c115847000, 0x000001c11584a000, 0x000001c11584d800,
0x000001c115852000, 0x000001c1159ad800, 0x000001c11775a800, 0x000001c116e44800,
0x000001c117574000, 0x000001c117f4e800, 0x000001c1172cd000, 0x000001c1179d7000,
0x000001c116dcd000, 0x000001c116d92000, 0x000001c117cb2000, 0x000001c117cb6000,
0x000001c117cb5800, 0x000001c117cb3000, 0x000001c117cb4800, 0x000001c117cb0800,
0x000001c117cb7000, 0x000001c117cb1800, 0x000001c117cb4000, 0x000001c1181be800,
0x000001c1181be000, 0x000001c1181bf800, 0x000001c1181bd000, 0x000001c1181c0800,
0x000001c1181c3800, 0x000001c1181c7000, 0x000001c1181c2800, 0x000001c1181c9000,
0x000001c1181c8800, 0x000001c1181ca000, 0x000001c1181c4800, 0x000001c1181cb000,
0x000001c119471000, 0x000001c119474000, 0x000001c119470000, 0x000001c119472800,
0x000001c119471800, 0x000001c119473000, 0x000001c119475000, 0x000001c11946f000,
0x000001c11947b800, 0x000001c119477800, 0x000001c119475800, 0x000001c11947c000,
0x000001c11947a000, 0x000001c11947d000, 0x000001c11947e000, 0x000001c119479000,
0x000001c119478000, 0x000001c11f0a9000, 0x000001c11f0a4800, 0x000001c11f0aa000,
0x000001c11f0ab000, 0x000001c11f0a6000, 0x000001c11f0a5000, 0x000001c11f0a7800,
0x000001c11f0a8800, 0x000001c1181c7800, 0x000001c1181c6000
}

Java Threads: ( => current thread )
  0x000001c179f4d000 JavaThread "main" [_thread_blocked, id=12300, stack(0x0000007938700000,0x0000007938800000)]
  0x000001c17fbd8800 JavaThread "Reference Handler" daemon [_thread_blocked, id=3524, stack(0x0000007938e00000,0x0000007938f00000)]
  0x000001c17fbe2000 JavaThread "Finalizer" daemon [_thread_blocked, id=12540, stack(0x0000007938f00000,0x0000007939000000)]
  0x000001c115844000 JavaThread "Signal Dispatcher" daemon [_thread_blocked, id=5756, stack(0x0000007939000000,0x0000007939100000)]
  0x000001c115845000 JavaThread "Attach Listener" daemon [_thread_blocked, id=9624, stack(0x0000007939100000,0x0000007939200000)]
  0x000001c115847000 JavaThread "Service Thread" daemon [_thread_blocked, id=14700, stack(0x0000007939200000,0x0000007939300000)]
  0x000001c11584a000 JavaThread "C2 CompilerThread0" daemon [_thread_blocked, id=9936, stack(0x0000007939300000,0x0000007939400000)]
  0x000001c11584d800 JavaThread "C1 CompilerThread0" daemon [_thread_blocked, id=13096, stack(0x0000007939400000,0x0000007939500000)]
  0x000001c115852000 JavaThread "Sweeper thread" daemon [_thread_blocked, id=11100, stack(0x0000007939500000,0x0000007939600000)]
  0x000001c1159ad800 JavaThread "Common-Cleaner" daemon [_thread_blocked, id=3856, stack(0x0000007939600000,0x0000007939700000)]
  0x000001c11775a800 JavaThread "Daemon health stats" [_thread_blocked, id=14688, stack(0x0000007939b00000,0x0000007939c00000)]
  0x000001c116e44800 JavaThread "Incoming local TCP Connector on port 58913" [_thread_in_native, id=14940, stack(0x0000007939c00000,0x0000007939d00000)]
  0x000001c117574000 JavaThread "Daemon periodic checks" [_thread_blocked, id=5724, stack(0x0000007939d00000,0x0000007939e00000)]
  0x000001c117f4e800 JavaThread "Daemon" [_thread_blocked, id=3560, stack(0x0000007939e00000,0x0000007939f00000)]
  0x000001c1172cd000 JavaThread "Handler for socket connection from /127.0.0.1:58913 to /127.0.0.1:58914" [_thread_in_native, id=5696, stack(0x0000007939f00000,0x000000793a000000)]
  0x000001c1179d7000 JavaThread "Cancel handler" [_thread_blocked, id=9348, stack(0x000000793a000000,0x000000793a100000)]
  0x000001c116dcd000 JavaThread "Daemon worker" [_thread_blocked, id=9016, stack(0x000000793a100000,0x000000793a200000)]
  0x000001c116d92000 JavaThread "Asynchronous log dispatcher for DefaultDaemonConnection: socket connection from /127.0.0.1:58913 to /127.0.0.1:58914" [_thread_blocked, id=13396, stack(0x000000793a200000,0x000000793a300000)]
  0x000001c117cb2000 JavaThread "Daemon client event forwarder" [_thread_blocked, id=11668, stack(0x000000793a400000,0x000000793a500000)]
  0x000001c117cb6000 JavaThread "Cache worker for file hash cache (C:\Users\Hello World\.gradle\caches\7.0.2\fileHashes)" [_thread_blocked, id=7376, stack(0x000000793aa00000,0x000000793ab00000)]
  0x000001c117cb5800 JavaThread "File lock request listener" [_thread_in_native, id=1748, stack(0x000000793ab00000,0x000000793ac00000)]
  0x000001c117cb3000 JavaThread "Cache worker for journal cache (C:\Users\Hello World\.gradle\caches\journal-1)" [_thread_blocked, id=13836, stack(0x000000793ad00000,0x000000793ae00000)]
  0x000001c117cb4800 JavaThread "Cache worker for file hash cache (C:\Users\Hello World\Downloads\New folder\AndroidLibrary\.gradle\7.0.2\fileHashes)" [_thread_blocked, id=10380, stack(0x000000793ae00000,0x000000793af00000)]
  0x000001c117cb0800 JavaThread "File watcher server" daemon [_thread_blocked, id=14992, stack(0x000000793af00000,0x000000793b000000)]
  0x000001c117cb7000 JavaThread "File watcher consumer" daemon [_thread_blocked, id=15808, stack(0x000000793b000000,0x000000793b100000)]
  0x000001c117cb1800 JavaThread "Cache worker for checksums cache (C:\Users\Hello World\Downloads\New folder\AndroidLibrary\.gradle\checksums)" [_thread_blocked, id=4496, stack(0x000000793b100000,0x000000793b200000)]
  0x000001c117cb4000 JavaThread "Cache worker for cache directory md-supplier (C:\Users\Hello World\.gradle\caches\7.0.2\md-supplier)" [_thread_blocked, id=2012, stack(0x000000793b200000,0x000000793b300000)]
  0x000001c1181be800 JavaThread "Cache worker for cache directory md-rule (C:\Users\Hello World\.gradle\caches\7.0.2\md-rule)" [_thread_blocked, id=14808, stack(0x000000793b300000,0x000000793b400000)]
  0x000001c1181be000 JavaThread "Cache worker for execution history cache (C:\Users\Hello World\.gradle\caches\7.0.2\executionHistory)" [_thread_blocked, id=15340, stack(0x000000793b400000,0x000000793b500000)]
  0x000001c1181bf800 JavaThread "jar transforms" [_thread_blocked, id=15984, stack(0x000000793b500000,0x000000793b600000)]
  0x000001c1181bd000 JavaThread "jar transforms Thread 2" [_thread_blocked, id=14260, stack(0x000000793b600000,0x000000793b700000)]
  0x000001c1181c0800 JavaThread "Cache worker for file content cache (C:\Users\Hello World\.gradle\caches\7.0.2\fileContent)" [_thread_blocked, id=6516, stack(0x000000793b700000,0x000000793b800000)]
  0x000001c1181c3800 JavaThread "Cache worker for dependencies-accessors (C:\Users\Hello World\Downloads\New folder\AndroidLibrary\.gradle\7.0.2\dependencies-accessors)" [_thread_blocked, id=5760, stack(0x000000793b800000,0x000000793b900000)]
  0x000001c1181c7000 JavaThread "jar transforms Thread 3" [_thread_blocked, id=8512, stack(0x000000793b900000,0x000000793ba00000)]
  0x000001c1181c2800 JavaThread "Cache worker for Build Output Cleanup Cache (C:\Users\Hello World\Downloads\New folder\AndroidLibrary\.gradle\buildOutputCleanup)" [_thread_blocked, id=14468, stack(0x0000007939800000,0x0000007939900000)]
  0x000001c1181c9000 JavaThread "Build operations" [_thread_blocked, id=15036, stack(0x000000793be00000,0x000000793bf00000)]
  0x000001c1181c8800 JavaThread "Build operations Thread 2" [_thread_blocked, id=12704, stack(0x000000793bf00000,0x000000793c000000)]
  0x000001c1181ca000 JavaThread "Build operations Thread 3" [_thread_blocked, id=9704, stack(0x000000793c000000,0x000000793c100000)]
  0x000001c1181c4800 JavaThread "Build operations Thread 4" [_thread_blocked, id=14596, stack(0x000000793c100000,0x000000793c200000)]
  0x000001c1181cb000 JavaThread "Build operations Thread 5" [_thread_blocked, id=10036, stack(0x000000793c200000,0x000000793c300000)]
  0x000001c119471000 JavaThread "Build operations Thread 6" [_thread_blocked, id=13844, stack(0x000000793c300000,0x000000793c400000)]
  0x000001c119474000 JavaThread "Build operations Thread 7" [_thread_blocked, id=8116, stack(0x000000793c400000,0x000000793c500000)]
  0x000001c119470000 JavaThread "Build operations Thread 8" [_thread_blocked, id=15596, stack(0x000000793c500000,0x000000793c600000)]
  0x000001c119472800 JavaThread "jar transforms Thread 4" [_thread_blocked, id=13676, stack(0x000000793c600000,0x000000793c700000)]
  0x000001c119471800 JavaThread "jar transforms Thread 5" [_thread_blocked, id=12408, stack(0x000000793c700000,0x000000793c800000)]
  0x000001c119473000 JavaThread "jar transforms Thread 6" [_thread_blocked, id=11108, stack(0x000000793c800000,0x000000793c900000)]
  0x000001c119475000 JavaThread "jar transforms Thread 7" [_thread_blocked, id=6124, stack(0x000000793c900000,0x000000793ca00000)]
  0x000001c11946f000 JavaThread "jar transforms Thread 8" [_thread_blocked, id=12384, stack(0x000000793ca00000,0x000000793cb00000)]
  0x000001c11947b800 JavaThread "Memory manager" [_thread_blocked, id=12016, stack(0x000000793cb00000,0x000000793cc00000)]
  0x000001c119477800 JavaThread "build event listener" [_thread_blocked, id=5956, stack(0x000000793cc00000,0x000000793cd00000)]
  0x000001c119475800 JavaThread "Execution worker for ':'" [_thread_blocked, id=16292, stack(0x000000793cd00000,0x000000793ce00000)]
  0x000001c11947c000 JavaThread "Execution worker for ':' Thread 2" [_thread_blocked, id=772, stack(0x000000793ce00000,0x000000793cf00000)]
  0x000001c11947a000 JavaThread "Execution worker for ':' Thread 3" [_thread_blocked, id=3656, stack(0x000000793cf00000,0x000000793d000000)]
  0x000001c11947d000 JavaThread "Execution worker for ':' Thread 4" [_thread_blocked, id=5940, stack(0x000000793d000000,0x000000793d100000)]
  0x000001c11947e000 JavaThread "Execution worker for ':' Thread 5" [_thread_blocked, id=15760, stack(0x000000793d100000,0x000000793d200000)]
  0x000001c119479000 JavaThread "Execution worker for ':' Thread 6" [_thread_blocked, id=6048, stack(0x000000793d200000,0x000000793d300000)]
  0x000001c119478000 JavaThread "Execution worker for ':' Thread 7" [_thread_blocked, id=10548, stack(0x000000793d300000,0x000000793d400000)]
  0x000001c11f0a9000 JavaThread "Cache worker for execution history cache (C:\Users\Hello World\Downloads\New folder\AndroidLibrary\.gradle\7.0.2\executionHistory)" [_thread_blocked, id=6164, stack(0x000000793d400000,0x000000793d500000)]
  0x000001c11f0a4800 JavaThread "WorkerExecutor Queue" [_thread_blocked, id=13368, stack(0x000000793d500000,0x000000793d600000)]
  0x000001c11f0aa000 JavaThread "RMI Scheduler(0)" daemon [_thread_blocked, id=14924, stack(0x0000007938400000,0x0000007938500000)]
  0x000001c11f0ab000 JavaThread "RMI RenewClean-[127.0.0.1:17696,org.jetbrains.kotlin.daemon.common.LoopbackNetworkInterface$ClientLoopbackSocketFactory@1539f323]" daemon [_thread_in_native, id=11220, stack(0x0000007938500000,0x0000007938600000)]
  0x000001c11f0a6000 JavaThread "RMI GC Daemon" daemon [_thread_blocked, id=2908, stack(0x0000007938600000,0x0000007938700000)]
  0x000001c11f0a5000 JavaThread "RMI TCP Accept-0" daemon [_thread_in_native, id=15196, stack(0x000000793a300000,0x000000793a400000)]
  0x000001c11f0a7800 JavaThread "RMI Reaper" [_thread_blocked, id=7332, stack(0x000000793ba00000,0x000000793bb00000)]
  0x000001c11f0a8800 JavaThread "RMI TCP Connection(idle)" daemon [_thread_blocked, id=8112, stack(0x000000793bb00000,0x000000793bc00000)]
  0x000001c1181c7800 JavaThread "C2 CompilerThread1" daemon [_thread_in_native, id=4312, stack(0x000000793bc00000,0x000000793bd00000)]
  0x000001c1181c6000 JavaThread "C2 CompilerThread2" daemon [_thread_blocked, id=15072, stack(0x000000793d600000,0x000000793d700000)]

Other Threads:
=>0x000001c17fbd6800 VMThread "VM Thread" [stack: 0x0000007938d00000,0x0000007938e00000] [id=15356]
  0x000001c1159e9800 WatcherThread [stack: 0x0000007939700000,0x0000007939800000] [id=14212]
  0x000001c179f64800 GCTaskThread "GC Thread#0" [stack: 0x0000007938800000,0x0000007938900000] [id=12684]
  0x000001c1166c6800 GCTaskThread "GC Thread#1" [stack: 0x0000007939900000,0x0000007939a00000] [id=6408]
  0x000001c116652000 GCTaskThread "GC Thread#2" [stack: 0x0000007939a00000,0x0000007939b00000] [id=4392]
  0x000001c11671e800 GCTaskThread "GC Thread#3" [stack: 0x000000793a500000,0x000000793a600000] [id=11772]
  0x000001c116d49000 GCTaskThread "GC Thread#4" [stack: 0x000000793a600000,0x000000793a700000] [id=3668]
  0x000001c117eff800 GCTaskThread "GC Thread#5" [stack: 0x000000793a700000,0x000000793a800000] [id=15796]
  0x000001c117d44000 GCTaskThread "GC Thread#6" [stack: 0x000000793a800000,0x000000793a900000] [id=12736]
  0x000001c118a41800 GCTaskThread "GC Thread#7" [stack: 0x000000793a900000,0x000000793aa00000] [id=13564]
  0x000001c179f96000 ConcurrentGCThread "G1 Main Marker" [stack: 0x0000007938900000,0x0000007938a00000] [id=16056]
  0x000001c179f98800 ConcurrentGCThread "G1 Conc#0" [stack: 0x0000007938a00000,0x0000007938b00000] [id=8312]
  0x000001c117301800 ConcurrentGCThread "G1 Conc#1" [stack: 0x000000793ac00000,0x000000793ad00000] [id=8076]
  0x000001c17fa20800 ConcurrentGCThread "G1 Refine#0" [stack: 0x0000007938b00000,0x0000007938c00000] [id=13988]
  0x000001c17a02e800 ConcurrentGCThread "G1 Young RemSet Sampling" [stack: 0x0000007938c00000,0x0000007938d00000] [id=1532]

Threads with active compile tasks:
C2 CompilerThread0 216671 15178       4       com.android.tools.r8.internal.Me::G (324 bytes)
C1 CompilerThread0 216671 15256   !   2       com.android.tools.r8.graph.i::a (1446 bytes)
C2 CompilerThread1 216671 15021 %     4       com.android.tools.r8.internal.T6::a @ 2046 (6044 bytes)
C2 CompilerThread2 216671 15225       4       com.android.tools.r8.internal.zh::a (173 bytes)

VM state:at safepoint (normal execution)

VM Mutex/Monitor currently owned by a thread:  ([mutex/lock_event])
[0x000001c179f49c70] Threads_lock - owner thread: 0x000001c17fbd6800
[0x000001c179f49fd0] Heap_lock - owner thread: 0x000001c119471000

Heap address: 0x0000000080000000, size: 2048 MB, Compressed Oops mode: 32-bit
Narrow klass base: 0x0000000000000000, Narrow klass shift: 3
Compressed class space size: 1073741824 Address: 0x0000000100000000

Heap:
 garbage-first heap   total 573440K, used 160309K [0x0000000080000000, 0x0000000100000000)
  region size 1024K, 4 young (4096K), 4 survivors (4096K)
 Metaspace       used 113360K, capacity 116306K, committed 116480K, reserved 1148928K
  class space    used 14928K, capacity 16079K, committed 16204K, reserved 1048576K
Heap Regions: E=young(eden), S=young(survivor), O=old, HS=humongous(starts), HC=humongous(continues), CS=collection set, F=free, A=archive, TAMS=top-at-mark-start (previous, next)
|   0|0x0000000080000000, 0x0000000080100000, 0x0000000080100000|100%| O|  |TAMS 0x0000000080100000, 0x0000000080100000| Untracked 
|   1|0x0000000080100000, 0x0000000080200000, 0x0000000080200000|100%| O|  |TAMS 0x0000000080200000, 0x0000000080200000| Untracked 
|   2|0x0000000080200000, 0x0000000080300000, 0x0000000080300000|100%| O|  |TAMS 0x0000000080300000, 0x0000000080300000| Untracked 
|   3|0x0000000080300000, 0x0000000080400000, 0x0000000080400000|100%|HS|  |TAMS 0x0000000080400000, 0x0000000080400000| Complete 
|   4|0x0000000080400000, 0x0000000080500000, 0x0000000080500000|100%|HC|  |TAMS 0x0000000080500000, 0x0000000080500000| Complete 
|   5|0x0000000080500000, 0x0000000080600000, 0x0000000080600000|100%|HC|  |TAMS 0x0000000080600000, 0x0000000080600000| Complete 
|   6|0x0000000080600000, 0x0000000080700000, 0x0000000080700000|100%| O|  |TAMS 0x0000000080700000, 0x0000000080700000| Untracked 
|   7|0x0000000080700000, 0x0000000080800000, 0x0000000080800000|100%| O|  |TAMS 0x0000000080800000, 0x0000000080800000| Untracked 
|   8|0x0000000080800000, 0x0000000080900000, 0x0000000080900000|100%| O|  |TAMS 0x0000000080900000, 0x0000000080900000| Untracked 
|   9|0x0000000080900000, 0x0000000080a00000, 0x0000000080a00000|100%| O|  |TAMS 0x0000000080a00000, 0x0000000080a00000| Untracked 
|  10|0x0000000080a00000, 0x0000000080b00000, 0x0000000080b00000|100%| O|  |TAMS 0x0000000080b00000, 0x0000000080b00000| Untracked 
|  11|0x0000000080b00000, 0x0000000080c00000, 0x0000000080c00000|100%| O|  |TAMS 0x0000000080c00000, 0x0000000080c00000| Untracked 
|  12|0x0000000080c00000, 0x0000000080d00000, 0x0000000080d00000|100%| O|  |TAMS 0x0000000080d00000, 0x0000000080d00000| Untracked 
|  13|0x0000000080d00000, 0x0000000080e00000, 0x0000000080e00000|100%| O|  |TAMS 0x0000000080e00000, 0x0000000080e00000| Untracked 
|  14|0x0000000080e00000, 0x0000000080f00000, 0x0000000080f00000|100%| O|  |TAMS 0x0000000080f00000, 0x0000000080f00000| Untracked 
|  15|0x0000000080f00000, 0x0000000081000000, 0x0000000081000000|100%| O|  |TAMS 0x0000000081000000, 0x0000000081000000| Untracked 
|  16|0x0000000081000000, 0x0000000081100000, 0x0000000081100000|100%| O|  |TAMS 0x0000000081100000, 0x0000000081100000| Untracked 
|  17|0x0000000081100000, 0x0000000081200000, 0x0000000081200000|100%| O|  |TAMS 0x0000000081200000, 0x0000000081200000| Untracked 
|  18|0x0000000081200000, 0x0000000081300000, 0x0000000081300000|100%|HS|  |TAMS 0x0000000081300000, 0x0000000081300000| Complete 
|  19|0x0000000081300000, 0x0000000081400000, 0x0000000081400000|100%| O|  |TAMS 0x0000000081400000, 0x0000000081400000| Untracked 
|  20|0x0000000081400000, 0x0000000081500000, 0x0000000081500000|100%| O|  |TAMS 0x0000000081500000, 0x0000000081500000| Untracked 
|  21|0x0000000081500000, 0x0000000081600000, 0x0000000081600000|100%| O|  |TAMS 0x0000000081600000, 0x0000000081600000| Untracked 
|  22|0x0000000081600000, 0x0000000081700000, 0x0000000081700000|100%| O|  |TAMS 0x0000000081700000, 0x0000000081700000| Untracked 
|  23|0x0000000081700000, 0x0000000081800000, 0x0000000081800000|100%|HS|  |TAMS 0x0000000081800000, 0x0000000081800000| Complete 
|  24|0x0000000081800000, 0x0000000081900000, 0x0000000081900000|100%|HS|  |TAMS 0x0000000081900000, 0x0000000081900000| Complete 
|  25|0x0000000081900000, 0x0000000081a00000, 0x0000000081a00000|100%|HS|  |TAMS 0x0000000081a00000, 0x0000000081a00000| Complete 
|  26|0x0000000081a00000, 0x0000000081b00000, 0x0000000081b00000|100%|HC|  |TAMS 0x0000000081b00000, 0x0000000081b00000| Complete 
|  27|0x0000000081b00000, 0x0000000081c00000, 0x0000000081c00000|100%|HC|  |TAMS 0x0000000081c00000, 0x0000000081c00000| Complete 
|  28|0x0000000081c00000, 0x0000000081d00000, 0x0000000081d00000|100%|HS|  |TAMS 0x0000000081d00000, 0x0000000081d00000| Complete 
|  29|0x0000000081d00000, 0x0000000081e00000, 0x0000000081e00000|100%|HC|  |TAMS 0x0000000081e00000, 0x0000000081e00000| Complete 
|  30|0x0000000081e00000, 0x0000000081f00000, 0x0000000081f00000|100%| O|  |TAMS 0x0000000081f00000, 0x0000000081f00000| Untracked 
|  31|0x0000000081f00000, 0x0000000082000000, 0x0000000082000000|100%| O|  |TAMS 0x0000000082000000, 0x0000000082000000| Untracked 
|  32|0x0000000082000000, 0x0000000082100000, 0x0000000082100000|100%| O|  |TAMS 0x0000000082100000, 0x0000000082100000| Untracked 
|  33|0x0000000082100000, 0x0000000082200000, 0x0000000082200000|100%| O|  |TAMS 0x0000000082200000, 0x0000000082200000| Untracked 
|  34|0x0000000082200000, 0x0000000082300000, 0x0000000082300000|100%| O|  |TAMS 0x0000000082300000, 0x0000000082300000| Untracked 
|  35|0x0000000082300000, 0x0000000082400000, 0x0000000082400000|100%| O|  |TAMS 0x0000000082400000, 0x0000000082400000| Untracked 
|  36|0x0000000082400000, 0x0000000082500000, 0x0000000082500000|100%| O|  |TAMS 0x0000000082500000, 0x0000000082500000| Untracked 
|  37|0x0000000082500000, 0x0000000082600000, 0x0000000082600000|100%| O|  |TAMS 0x0000000082600000, 0x0000000082600000| Untracked 
|  38|0x0000000082600000, 0x0000000082700000, 0x0000000082700000|100%| O|  |TAMS 0x0000000082700000, 0x0000000082700000| Untracked 
|  39|0x0000000082700000, 0x0000000082800000, 0x0000000082800000|100%| O|  |TAMS 0x0000000082800000, 0x0000000082800000| Untracked 
|  40|0x0000000082800000, 0x0000000082900000, 0x0000000082900000|100%| O|  |TAMS 0x0000000082900000, 0x0000000082900000| Untracked 
|  41|0x0000000082900000, 0x0000000082a00000, 0x0000000082a00000|100%| O|  |TAMS 0x0000000082a00000, 0x0000000082a00000| Untracked 
|  42|0x0000000082a00000, 0x0000000082b00000, 0x0000000082b00000|100%| O|  |TAMS 0x0000000082b00000, 0x0000000082b00000| Untracked 
|  43|0x0000000082b00000, 0x0000000082c00000, 0x0000000082c00000|100%| O|  |TAMS 0x0000000082c00000, 0x0000000082c00000| Untracked 
|  44|0x0000000082c00000, 0x0000000082d00000, 0x0000000082d00000|100%| O|  |TAMS 0x0000000082d00000, 0x0000000082d00000| Untracked 
|  45|0x0000000082d00000, 0x0000000082e00000, 0x0000000082e00000|100%| O|  |TAMS 0x0000000082e00000, 0x0000000082e00000| Untracked 
|  46|0x0000000082e00000, 0x0000000082f00000, 0x0000000082f00000|100%| O|  |TAMS 0x0000000082f00000, 0x0000000082f00000| Untracked 
|  47|0x0000000082f00000, 0x0000000083000000, 0x0000000083000000|100%| O|  |TAMS 0x0000000083000000, 0x0000000083000000| Untracked 
|  48|0x0000000083000000, 0x0000000083100000, 0x0000000083100000|100%| O|  |TAMS 0x0000000083100000, 0x0000000083100000| Untracked 
|  49|0x0000000083100000, 0x0000000083200000, 0x0000000083200000|100%| O|  |TAMS 0x0000000083200000, 0x0000000083200000| Untracked 
|  50|0x0000000083200000, 0x0000000083300000, 0x0000000083300000|100%| O|  |TAMS 0x0000000083300000, 0x0000000083300000| Untracked 
|  51|0x0000000083300000, 0x0000000083400000, 0x0000000083400000|100%| O|  |TAMS 0x0000000083400000, 0x0000000083400000| Untracked 
|  52|0x0000000083400000, 0x0000000083500000, 0x0000000083500000|100%| O|  |TAMS 0x0000000083500000, 0x0000000083500000| Untracked 
|  53|0x0000000083500000, 0x0000000083600000, 0x0000000083600000|100%| O|  |TAMS 0x0000000083600000, 0x0000000083600000| Untracked 
|  54|0x0000000083600000, 0x0000000083700000, 0x0000000083700000|100%| O|  |TAMS 0x0000000083700000, 0x0000000083700000| Untracked 
|  55|0x0000000083700000, 0x0000000083800000, 0x0000000083800000|100%| O|  |TAMS 0x0000000083800000, 0x0000000083800000| Untracked 
|  56|0x0000000083800000, 0x0000000083900000, 0x0000000083900000|100%| O|  |TAMS 0x0000000083900000, 0x0000000083900000| Untracked 
|  57|0x0000000083900000, 0x0000000083a00000, 0x0000000083a00000|100%| O|  |TAMS 0x0000000083a00000, 0x0000000083a00000| Untracked 
|  58|0x0000000083a00000, 0x0000000083b00000, 0x0000000083b00000|100%| O|  |TAMS 0x0000000083b00000, 0x0000000083b00000| Untracked 
|  59|0x0000000083b00000, 0x0000000083c00000, 0x0000000083c00000|100%| O|  |TAMS 0x0000000083c00000, 0x0000000083c00000| Untracked 
|  60|0x0000000083c00000, 0x0000000083d00000, 0x0000000083d00000|100%| O|  |TAMS 0x0000000083d00000, 0x0000000083d00000| Untracked 
|  61|0x0000000083d00000, 0x0000000083e00000, 0x0000000083e00000|100%| O|  |TAMS 0x0000000083e00000, 0x0000000083e00000| Untracked 
|  62|0x0000000083e00000, 0x0000000083f00000, 0x0000000083f00000|100%| O|  |TAMS 0x0000000083f00000, 0x0000000083f00000| Untracked 
|  63|0x0000000083f00000, 0x0000000084000000, 0x0000000084000000|100%| O|  |TAMS 0x0000000084000000, 0x0000000084000000| Untracked 
|  64|0x0000000084000000, 0x0000000084100000, 0x0000000084100000|100%| O|  |TAMS 0x0000000084100000, 0x0000000084100000| Untracked 
|  65|0x0000000084100000, 0x0000000084200000, 0x0000000084200000|100%| O|  |TAMS 0x0000000084200000, 0x0000000084200000| Untracked 
|  66|0x0000000084200000, 0x0000000084300000, 0x0000000084300000|100%| O|  |TAMS 0x0000000084300000, 0x0000000084300000| Untracked 
|  67|0x0000000084300000, 0x0000000084400000, 0x0000000084400000|100%| O|  |TAMS 0x0000000084400000, 0x0000000084400000| Untracked 
|  68|0x0000000084400000, 0x0000000084500000, 0x0000000084500000|100%| O|  |TAMS 0x0000000084500000, 0x0000000084500000| Untracked 
|  69|0x0000000084500000, 0x0000000084600000, 0x0000000084600000|100%| O|  |TAMS 0x0000000084600000, 0x0000000084600000| Untracked 
|  70|0x0000000084600000, 0x0000000084700000, 0x0000000084700000|100%| O|  |TAMS 0x0000000084700000, 0x0000000084700000| Untracked 
|  71|0x0000000084700000, 0x0000000084800000, 0x0000000084800000|100%| O|  |TAMS 0x0000000084800000, 0x0000000084800000| Untracked 
|  72|0x0000000084800000, 0x0000000084900000, 0x0000000084900000|100%| O|  |TAMS 0x0000000084900000, 0x0000000084900000| Untracked 
|  73|0x0000000084900000, 0x0000000084a00000, 0x0000000084a00000|100%| O|  |TAMS 0x0000000084a00000, 0x0000000084a00000| Untracked 
|  74|0x0000000084a00000, 0x0000000084b00000, 0x0000000084b00000|100%| O|  |TAMS 0x0000000084b00000, 0x0000000084b00000| Untracked 
|  75|0x0000000084b00000, 0x0000000084c00000, 0x0000000084c00000|100%| O|  |TAMS 0x0000000084c00000, 0x0000000084c00000| Untracked 
|  76|0x0000000084c00000, 0x0000000084d00000, 0x0000000084d00000|100%| O|  |TAMS 0x0000000084d00000, 0x0000000084d00000| Untracked 
|  77|0x0000000084d00000, 0x0000000084e00000, 0x0000000084e00000|100%| O|  |TAMS 0x0000000084e00000, 0x0000000084e00000| Untracked 
|  78|0x0000000084e00000, 0x0000000084f00000, 0x0000000084f00000|100%| O|  |TAMS 0x0000000084f00000, 0x0000000084f00000| Untracked 
|  79|0x0000000084f00000, 0x0000000085000000, 0x0000000085000000|100%| O|  |TAMS 0x0000000085000000, 0x0000000085000000| Untracked 
|  80|0x0000000085000000, 0x0000000085100000, 0x0000000085100000|100%| O|  |TAMS 0x0000000085100000, 0x0000000085100000| Untracked 
|  81|0x0000000085100000, 0x0000000085200000, 0x0000000085200000|100%| O|  |TAMS 0x0000000085200000, 0x0000000085200000| Untracked 
|  82|0x0000000085200000, 0x0000000085300000, 0x0000000085300000|100%| O|  |TAMS 0x0000000085300000, 0x0000000085300000| Untracked 
|  83|0x0000000085300000, 0x0000000085400000, 0x0000000085400000|100%| O|  |TAMS 0x0000000085400000, 0x0000000085400000| Untracked 
|  84|0x0000000085400000, 0x0000000085500000, 0x0000000085500000|100%| O|  |TAMS 0x0000000085500000, 0x0000000085500000| Untracked 
|  85|0x0000000085500000, 0x0000000085600000, 0x0000000085600000|100%| O|  |TAMS 0x0000000085600000, 0x0000000085600000| Untracked 
|  86|0x0000000085600000, 0x0000000085700000, 0x0000000085700000|100%| O|  |TAMS 0x0000000085700000, 0x0000000085700000| Untracked 
|  87|0x0000000085700000, 0x0000000085800000, 0x0000000085800000|100%| O|  |TAMS 0x0000000085800000, 0x0000000085800000| Untracked 
|  88|0x0000000085800000, 0x0000000085900000, 0x0000000085900000|100%| O|  |TAMS 0x0000000085900000, 0x0000000085900000| Untracked 
|  89|0x0000000085900000, 0x0000000085a00000, 0x0000000085a00000|100%| O|  |TAMS 0x0000000085a00000, 0x0000000085a00000| Untracked 
|  90|0x0000000085a00000, 0x0000000085b00000, 0x0000000085b00000|100%| O|  |TAMS 0x0000000085b00000, 0x0000000085b00000| Untracked 
|  91|0x0000000085b00000, 0x0000000085c00000, 0x0000000085c00000|100%| O|  |TAMS 0x0000000085c00000, 0x0000000085c00000| Untracked 
|  92|0x0000000085c00000, 0x0000000085d00000, 0x0000000085d00000|100%| O|  |TAMS 0x0000000085d00000, 0x0000000085d00000| Untracked 
|  93|0x0000000085d00000, 0x0000000085e00000, 0x0000000085e00000|100%| O|  |TAMS 0x0000000085e00000, 0x0000000085e00000| Untracked 
|  94|0x0000000085e00000, 0x0000000085f00000, 0x0000000085f00000|100%| O|  |TAMS 0x0000000085f00000, 0x0000000085f00000| Untracked 
|  95|0x0000000085f00000, 0x0000000086000000, 0x0000000086000000|100%| O|  |TAMS 0x0000000086000000, 0x0000000086000000| Untracked 
|  96|0x0000000086000000, 0x0000000086100000, 0x0000000086100000|100%| O|  |TAMS 0x0000000086100000, 0x0000000086100000| Untracked 
|  97|0x0000000086100000, 0x0000000086200000, 0x0000000086200000|100%| O|  |TAMS 0x0000000086200000, 0x0000000086200000| Untracked 
|  98|0x0000000086200000, 0x0000000086300000, 0x0000000086300000|100%| O|  |TAMS 0x0000000086300000, 0x0000000086300000| Untracked 
|  99|0x0000000086300000, 0x0000000086400000, 0x0000000086400000|100%| O|  |TAMS 0x0000000086400000, 0x0000000086400000| Untracked 
| 100|0x0000000086400000, 0x0000000086500000, 0x0000000086500000|100%| O|  |TAMS 0x0000000086500000, 0x0000000086500000| Untracked 
| 101|0x0000000086500000, 0x0000000086600000, 0x0000000086600000|100%| O|  |TAMS 0x0000000086600000, 0x0000000086600000| Untracked 
| 102|0x0000000086600000, 0x0000000086700000, 0x0000000086700000|100%| O|  |TAMS 0x0000000086700000, 0x0000000086700000| Untracked 
| 103|0x0000000086700000, 0x0000000086800000, 0x0000000086800000|100%| O|  |TAMS 0x0000000086800000, 0x0000000086800000| Untracked 
| 104|0x0000000086800000, 0x0000000086900000, 0x0000000086900000|100%| O|  |TAMS 0x0000000086900000, 0x0000000086900000| Untracked 
| 105|0x0000000086900000, 0x0000000086a00000, 0x0000000086a00000|100%| O|  |TAMS 0x0000000086a00000, 0x0000000086a00000| Untracked 
| 106|0x0000000086a00000, 0x0000000086b00000, 0x0000000086b00000|100%| O|  |TAMS 0x0000000086b00000, 0x0000000086b00000| Untracked 
| 107|0x0000000086b00000, 0x0000000086c00000, 0x0000000086c00000|100%| O|  |TAMS 0x0000000086c00000, 0x0000000086c00000| Untracked 
| 108|0x0000000086c00000, 0x0000000086d00000, 0x0000000086d00000|100%| O|  |TAMS 0x0000000086d00000, 0x0000000086d00000| Untracked 
| 109|0x0000000086d00000, 0x0000000086e00000, 0x0000000086e00000|100%| O|  |TAMS 0x0000000086e00000, 0x0000000086e00000| Untracked 
| 110|0x0000000086e00000, 0x0000000086f00000, 0x0000000086f00000|100%| O|  |TAMS 0x0000000086f00000, 0x0000000086f00000| Untracked 
| 111|0x0000000086f00000, 0x0000000087000000, 0x0000000087000000|100%| O|  |TAMS 0x0000000087000000, 0x0000000087000000| Untracked 
| 112|0x0000000087000000, 0x0000000087100000, 0x0000000087100000|100%| O|  |TAMS 0x0000000087100000, 0x0000000087100000| Untracked 
| 113|0x0000000087100000, 0x0000000087200000, 0x0000000087200000|100%| O|  |TAMS 0x0000000087200000, 0x0000000087200000| Untracked 
| 114|0x0000000087200000, 0x0000000087300000, 0x0000000087300000|100%| O|  |TAMS 0x0000000087300000, 0x0000000087300000| Untracked 
| 115|0x0000000087300000, 0x0000000087400000, 0x0000000087400000|100%| O|  |TAMS 0x0000000087400000, 0x0000000087400000| Untracked 
| 116|0x0000000087400000, 0x0000000087500000, 0x0000000087500000|100%| O|  |TAMS 0x0000000087500000, 0x0000000087500000| Untracked 
| 117|0x0000000087500000, 0x0000000087600000, 0x0000000087600000|100%| O|  |TAMS 0x0000000087600000, 0x0000000087600000| Untracked 
| 118|0x0000000087600000, 0x0000000087700000, 0x0000000087700000|100%| O|  |TAMS 0x0000000087700000, 0x0000000087700000| Untracked 
| 119|0x0000000087700000, 0x0000000087800000, 0x0000000087800000|100%| O|  |TAMS 0x0000000087800000, 0x0000000087800000| Untracked 
| 120|0x0000000087800000, 0x0000000087900000, 0x0000000087900000|100%| O|  |TAMS 0x0000000087900000, 0x0000000087900000| Untracked 
| 121|0x0000000087900000, 0x0000000087a00000, 0x0000000087a00000|100%| O|  |TAMS 0x0000000087a00000, 0x0000000087a00000| Untracked 
| 122|0x0000000087a00000, 0x0000000087b00000, 0x0000000087b00000|100%| O|  |TAMS 0x0000000087b00000, 0x0000000087b00000| Untracked 
| 123|0x0000000087b00000, 0x0000000087c00000, 0x0000000087c00000|100%| O|  |TAMS 0x0000000087c00000, 0x0000000087c00000| Untracked 
| 124|0x0000000087c00000, 0x0000000087d00000, 0x0000000087d00000|100%| O|  |TAMS 0x0000000087d00000, 0x0000000087d00000| Untracked 
| 125|0x0000000087d00000, 0x0000000087e00000, 0x0000000087e00000|100%| O|  |TAMS 0x0000000087e00000, 0x0000000087e00000| Untracked 
| 126|0x0000000087e00000, 0x0000000087f00000, 0x0000000087f00000|100%| O|  |TAMS 0x0000000087f00000, 0x0000000087f00000| Untracked 
| 127|0x0000000087f00000, 0x0000000088000000, 0x0000000088000000|100%| O|  |TAMS 0x0000000088000000, 0x0000000088000000| Untracked 
| 128|0x0000000088000000, 0x0000000088100000, 0x0000000088100000|100%| O|  |TAMS 0x0000000088100000, 0x0000000088100000| Untracked 
| 129|0x0000000088100000, 0x0000000088200000, 0x0000000088200000|100%| O|  |TAMS 0x0000000088200000, 0x0000000088200000| Untracked 
| 130|0x0000000088200000, 0x0000000088300000, 0x0000000088300000|100%| O|  |TAMS 0x0000000088300000, 0x0000000088300000| Untracked 
| 131|0x0000000088300000, 0x0000000088400000, 0x0000000088400000|100%| O|  |TAMS 0x0000000088400000, 0x0000000088400000| Untracked 
| 132|0x0000000088400000, 0x0000000088500000, 0x0000000088500000|100%| O|  |TAMS 0x0000000088500000, 0x0000000088500000| Untracked 
| 133|0x0000000088500000, 0x0000000088600000, 0x0000000088600000|100%| O|  |TAMS 0x0000000088600000, 0x0000000088600000| Untracked 
| 134|0x0000000088600000, 0x0000000088700000, 0x0000000088700000|100%| O|  |TAMS 0x0000000088700000, 0x0000000088700000| Untracked 
| 135|0x0000000088700000, 0x0000000088800000, 0x0000000088800000|100%| O|  |TAMS 0x0000000088800000, 0x0000000088800000| Untracked 
| 136|0x0000000088800000, 0x0000000088900000, 0x0000000088900000|100%| O|  |TAMS 0x0000000088900000, 0x0000000088900000| Untracked 
| 137|0x0000000088900000, 0x0000000088a00000, 0x0000000088a00000|100%| O|  |TAMS 0x0000000088a00000, 0x0000000088a00000| Untracked 
| 138|0x0000000088a00000, 0x0000000088b00000, 0x0000000088b00000|100%| O|  |TAMS 0x0000000088b00000, 0x0000000088b00000| Untracked 
| 139|0x0000000088b00000, 0x0000000088c00000, 0x0000000088c00000|100%| O|  |TAMS 0x0000000088c00000, 0x0000000088c00000| Untracked 
| 140|0x0000000088c00000, 0x0000000088d00000, 0x0000000088d00000|100%| O|  |TAMS 0x0000000088d00000, 0x0000000088d00000| Untracked 
| 141|0x0000000088d00000, 0x0000000088e00000, 0x0000000088e00000|100%| O|  |TAMS 0x0000000088e00000, 0x0000000088e00000| Untracked 
| 142|0x0000000088e00000, 0x0000000088f00000, 0x0000000088f00000|100%| O|  |TAMS 0x0000000088f00000, 0x0000000088f00000| Untracked 
| 143|0x0000000088f00000, 0x0000000089000000, 0x0000000089000000|100%| O|  |TAMS 0x0000000089000000, 0x0000000089000000| Untracked 
| 144|0x0000000089000000, 0x0000000089100000, 0x0000000089100000|100%| O|  |TAMS 0x0000000089100000, 0x0000000089100000| Untracked 
| 145|0x0000000089100000, 0x0000000089200000, 0x0000000089200000|100%| O|  |TAMS 0x0000000089200000, 0x0000000089200000| Untracked 
| 146|0x0000000089200000, 0x0000000089300000, 0x0000000089300000|100%| O|  |TAMS 0x0000000089300000, 0x0000000089300000| Untracked 
| 147|0x0000000089300000, 0x0000000089400000, 0x0000000089400000|100%| O|  |TAMS 0x0000000089400000, 0x0000000089400000| Untracked 
| 148|0x0000000089400000, 0x0000000089500000, 0x0000000089500000|100%| O|  |TAMS 0x0000000089500000, 0x0000000089500000| Untracked 
| 149|0x0000000089500000, 0x0000000089600000, 0x0000000089600000|100%| O|  |TAMS 0x0000000089600000, 0x0000000089600000| Untracked 
| 150|0x0000000089600000, 0x0000000089700000, 0x0000000089700000|100%| O|  |TAMS 0x0000000089700000, 0x0000000089700000| Untracked 
| 151|0x0000000089700000, 0x0000000089800000, 0x0000000089800000|100%| O|  |TAMS 0x0000000089800000, 0x0000000089800000| Untracked 
| 152|0x0000000089800000, 0x0000000089897400, 0x0000000089900000| 59%| O|  |TAMS 0x0000000089897400, 0x0000000089897400| Untracked 
| 153|0x0000000089900000, 0x0000000089900000, 0x0000000089a00000|  0%| F|  |TAMS 0x0000000089900000, 0x0000000089900000| Untracked 
| 154|0x0000000089a00000, 0x0000000089a00000, 0x0000000089b00000|  0%| F|  |TAMS 0x0000000089a00000, 0x0000000089a00000| Untracked 
| 155|0x0000000089b00000, 0x0000000089b00000, 0x0000000089c00000|  0%| F|  |TAMS 0x0000000089b00000, 0x0000000089b00000| Untracked 
| 156|0x0000000089c00000, 0x0000000089c00000, 0x0000000089d00000|  0%| F|  |TAMS 0x0000000089c00000, 0x0000000089c00000| Untracked 
| 157|0x0000000089d00000, 0x0000000089d00000, 0x0000000089e00000|  0%| F|  |TAMS 0x0000000089d00000, 0x0000000089d00000| Untracked 
| 158|0x0000000089e00000, 0x0000000089e00000, 0x0000000089f00000|  0%| F|  |TAMS 0x0000000089e00000, 0x0000000089e00000| Untracked 
| 159|0x0000000089f00000, 0x0000000089f00000, 0x000000008a000000|  0%| F|  |TAMS 0x0000000089f00000, 0x0000000089f00000| Untracked 
| 160|0x000000008a000000, 0x000000008a000000, 0x000000008a100000|  0%| F|  |TAMS 0x000000008a000000, 0x000000008a000000| Untracked 
| 161|0x000000008a100000, 0x000000008a100000, 0x000000008a200000|  0%| F|  |TAMS 0x000000008a100000, 0x000000008a100000| Untracked 
| 162|0x000000008a200000, 0x000000008a200000, 0x000000008a300000|  0%| F|  |TAMS 0x000000008a200000, 0x000000008a200000| Untracked 
| 163|0x000000008a300000, 0x000000008a300000, 0x000000008a400000|  0%| F|  |TAMS 0x000000008a300000, 0x000000008a300000| Untracked 
| 164|0x000000008a400000, 0x000000008a400000, 0x000000008a500000|  0%| F|  |TAMS 0x000000008a400000, 0x000000008a400000| Untracked 
| 165|0x000000008a500000, 0x000000008a500000, 0x000000008a600000|  0%| F|  |TAMS 0x000000008a500000, 0x000000008a500000| Untracked 
| 166|0x000000008a600000, 0x000000008a600000, 0x000000008a700000|  0%| F|  |TAMS 0x000000008a600000, 0x000000008a600000| Untracked 
| 167|0x000000008a700000, 0x000000008a700000, 0x000000008a800000|  0%| F|  |TAMS 0x000000008a700000, 0x000000008a700000| Untracked 
| 168|0x000000008a800000, 0x000000008a800000, 0x000000008a900000|  0%| F|  |TAMS 0x000000008a800000, 0x000000008a800000| Untracked 
| 169|0x000000008a900000, 0x000000008a900000, 0x000000008aa00000|  0%| F|  |TAMS 0x000000008a900000, 0x000000008a900000| Untracked 
| 170|0x000000008aa00000, 0x000000008aa00000, 0x000000008ab00000|  0%| F|  |TAMS 0x000000008aa00000, 0x000000008aa00000| Untracked 
| 171|0x000000008ab00000, 0x000000008ab00000, 0x000000008ac00000|  0%| F|  |TAMS 0x000000008ab00000, 0x000000008ab00000| Untracked 
| 172|0x000000008ac00000, 0x000000008ac00000, 0x000000008ad00000|  0%| F|  |TAMS 0x000000008ac00000, 0x000000008ac00000| Untracked 
| 173|0x000000008ad00000, 0x000000008ad00000, 0x000000008ae00000|  0%| F|  |TAMS 0x000000008ad00000, 0x000000008ad00000| Untracked 
| 174|0x000000008ae00000, 0x000000008ae00000, 0x000000008af00000|  0%| F|  |TAMS 0x000000008ae00000, 0x000000008ae00000| Untracked 
| 175|0x000000008af00000, 0x000000008af00000, 0x000000008b000000|  0%| F|  |TAMS 0x000000008af00000, 0x000000008af00000| Untracked 
| 176|0x000000008b000000, 0x000000008b000000, 0x000000008b100000|  0%| F|  |TAMS 0x000000008b000000, 0x000000008b000000| Untracked 
| 177|0x000000008b100000, 0x000000008b100000, 0x000000008b200000|  0%| F|  |TAMS 0x000000008b100000, 0x000000008b100000| Untracked 
| 178|0x000000008b200000, 0x000000008b200000, 0x000000008b300000|  0%| F|  |TAMS 0x000000008b200000, 0x000000008b200000| Untracked 
| 179|0x000000008b300000, 0x000000008b300000, 0x000000008b400000|  0%| F|  |TAMS 0x000000008b300000, 0x000000008b300000| Untracked 
| 180|0x000000008b400000, 0x000000008b400000, 0x000000008b500000|  0%| F|  |TAMS 0x000000008b400000, 0x000000008b400000| Untracked 
| 181|0x000000008b500000, 0x000000008b500000, 0x000000008b600000|  0%| F|  |TAMS 0x000000008b500000, 0x000000008b500000| Untracked 
| 182|0x000000008b600000, 0x000000008b600000, 0x000000008b700000|  0%| F|  |TAMS 0x000000008b600000, 0x000000008b600000| Untracked 
| 183|0x000000008b700000, 0x000000008b700000, 0x000000008b800000|  0%| F|  |TAMS 0x000000008b700000, 0x000000008b700000| Untracked 
| 184|0x000000008b800000, 0x000000008b800000, 0x000000008b900000|  0%| F|  |TAMS 0x000000008b800000, 0x000000008b800000| Untracked 
| 185|0x000000008b900000, 0x000000008b900000, 0x000000008ba00000|  0%| F|  |TAMS 0x000000008b900000, 0x000000008b900000| Untracked 
| 186|0x000000008ba00000, 0x000000008ba00000, 0x000000008bb00000|  0%| F|  |TAMS 0x000000008ba00000, 0x000000008ba00000| Untracked 
| 187|0x000000008bb00000, 0x000000008bb00000, 0x000000008bc00000|  0%| F|  |TAMS 0x000000008bb00000, 0x000000008bb00000| Untracked 
| 188|0x000000008bc00000, 0x000000008bc00000, 0x000000008bd00000|  0%| F|  |TAMS 0x000000008bc00000, 0x000000008bc00000| Untracked 
| 189|0x000000008bd00000, 0x000000008bd00000, 0x000000008be00000|  0%| F|  |TAMS 0x000000008bd00000, 0x000000008bd00000| Untracked 
| 190|0x000000008be00000, 0x000000008be00000, 0x000000008bf00000|  0%| F|  |TAMS 0x000000008be00000, 0x000000008be00000| Untracked 
| 191|0x000000008bf00000, 0x000000008bf00000, 0x000000008c000000|  0%| F|  |TAMS 0x000000008bf00000, 0x000000008bf00000| Untracked 
| 192|0x000000008c000000, 0x000000008c000000, 0x000000008c100000|  0%| F|  |TAMS 0x000000008c000000, 0x000000008c000000| Untracked 
| 193|0x000000008c100000, 0x000000008c100000, 0x000000008c200000|  0%| F|  |TAMS 0x000000008c100000, 0x000000008c100000| Untracked 
| 194|0x000000008c200000, 0x000000008c200000, 0x000000008c300000|  0%| F|  |TAMS 0x000000008c200000, 0x000000008c200000| Untracked 
| 195|0x000000008c300000, 0x000000008c300000, 0x000000008c400000|  0%| F|  |TAMS 0x000000008c300000, 0x000000008c300000| Untracked 
| 196|0x000000008c400000, 0x000000008c400000, 0x000000008c500000|  0%| F|  |TAMS 0x000000008c400000, 0x000000008c400000| Untracked 
| 197|0x000000008c500000, 0x000000008c500000, 0x000000008c600000|  0%| F|  |TAMS 0x000000008c500000, 0x000000008c500000| Untracked 
| 198|0x000000008c600000, 0x000000008c600000, 0x000000008c700000|  0%| F|  |TAMS 0x000000008c600000, 0x000000008c600000| Untracked 
| 199|0x000000008c700000, 0x000000008c700000, 0x000000008c800000|  0%| F|  |TAMS 0x000000008c700000, 0x000000008c700000| Untracked 
| 200|0x000000008c800000, 0x000000008c800000, 0x000000008c900000|  0%| F|  |TAMS 0x000000008c800000, 0x000000008c800000| Untracked 
| 201|0x000000008c900000, 0x000000008c900000, 0x000000008ca00000|  0%| F|  |TAMS 0x000000008c900000, 0x000000008c900000| Untracked 
| 202|0x000000008ca00000, 0x000000008ca00000, 0x000000008cb00000|  0%| F|  |TAMS 0x000000008ca00000, 0x000000008ca00000| Untracked 
| 203|0x000000008cb00000, 0x000000008cb00000, 0x000000008cc00000|  0%| F|  |TAMS 0x000000008cb00000, 0x000000008cb00000| Untracked 
| 204|0x000000008cc00000, 0x000000008cc00000, 0x000000008cd00000|  0%| F|  |TAMS 0x000000008cc00000, 0x000000008cc00000| Untracked 
| 205|0x000000008cd00000, 0x000000008cd00000, 0x000000008ce00000|  0%| F|  |TAMS 0x000000008cd00000, 0x000000008cd00000| Untracked 
| 206|0x000000008ce00000, 0x000000008ce00000, 0x000000008cf00000|  0%| F|  |TAMS 0x000000008ce00000, 0x000000008ce00000| Untracked 
| 207|0x000000008cf00000, 0x000000008cf00000, 0x000000008d000000|  0%| F|  |TAMS 0x000000008cf00000, 0x000000008cf00000| Untracked 
| 208|0x000000008d000000, 0x000000008d000000, 0x000000008d100000|  0%| F|  |TAMS 0x000000008d000000, 0x000000008d000000| Untracked 
| 209|0x000000008d100000, 0x000000008d100000, 0x000000008d200000|  0%| F|  |TAMS 0x000000008d100000, 0x000000008d100000| Untracked 
| 210|0x000000008d200000, 0x000000008d200000, 0x000000008d300000|  0%| F|  |TAMS 0x000000008d200000, 0x000000008d200000| Untracked 
| 211|0x000000008d300000, 0x000000008d300000, 0x000000008d400000|  0%| F|  |TAMS 0x000000008d300000, 0x000000008d300000| Untracked 
| 212|0x000000008d400000, 0x000000008d400000, 0x000000008d500000|  0%| F|  |TAMS 0x000000008d400000, 0x000000008d400000| Untracked 
| 213|0x000000008d500000, 0x000000008d500000, 0x000000008d600000|  0%| F|  |TAMS 0x000000008d500000, 0x000000008d500000| Untracked 
| 214|0x000000008d600000, 0x000000008d600000, 0x000000008d700000|  0%| F|  |TAMS 0x000000008d600000, 0x000000008d600000| Untracked 
| 215|0x000000008d700000, 0x000000008d700000, 0x000000008d800000|  0%| F|  |TAMS 0x000000008d700000, 0x000000008d700000| Untracked 
| 216|0x000000008d800000, 0x000000008d800000, 0x000000008d900000|  0%| F|  |TAMS 0x000000008d800000, 0x000000008d800000| Untracked 
| 217|0x000000008d900000, 0x000000008d900000, 0x000000008da00000|  0%| F|  |TAMS 0x000000008d900000, 0x000000008d900000| Untracked 
| 218|0x000000008da00000, 0x000000008da00000, 0x000000008db00000|  0%| F|  |TAMS 0x000000008da00000, 0x000000008da00000| Untracked 
| 219|0x000000008db00000, 0x000000008db00000, 0x000000008dc00000|  0%| F|  |TAMS 0x000000008db00000, 0x000000008db00000| Untracked 
| 220|0x000000008dc00000, 0x000000008dc00000, 0x000000008dd00000|  0%| F|  |TAMS 0x000000008dc00000, 0x000000008dc00000| Untracked 
| 221|0x000000008dd00000, 0x000000008dd00000, 0x000000008de00000|  0%| F|  |TAMS 0x000000008dd00000, 0x000000008dd00000| Untracked 
| 222|0x000000008de00000, 0x000000008de00000, 0x000000008df00000|  0%| F|  |TAMS 0x000000008de00000, 0x000000008de00000| Untracked 
| 223|0x000000008df00000, 0x000000008df00000, 0x000000008e000000|  0%| F|  |TAMS 0x000000008df00000, 0x000000008df00000| Untracked 
| 224|0x000000008e000000, 0x000000008e000000, 0x000000008e100000|  0%| F|  |TAMS 0x000000008e000000, 0x000000008e000000| Untracked 
| 225|0x000000008e100000, 0x000000008e100000, 0x000000008e200000|  0%| F|  |TAMS 0x000000008e100000, 0x000000008e100000| Untracked 
| 226|0x000000008e200000, 0x000000008e200000, 0x000000008e300000|  0%| F|  |TAMS 0x000000008e200000, 0x000000008e200000| Untracked 
| 227|0x000000008e300000, 0x000000008e300000, 0x000000008e400000|  0%| F|  |TAMS 0x000000008e300000, 0x000000008e300000| Untracked 
| 228|0x000000008e400000, 0x000000008e400000, 0x000000008e500000|  0%| F|  |TAMS 0x000000008e400000, 0x000000008e400000| Untracked 
| 229|0x000000008e500000, 0x000000008e500000, 0x000000008e600000|  0%| F|  |TAMS 0x000000008e500000, 0x000000008e500000| Untracked 
| 230|0x000000008e600000, 0x000000008e6f6180, 0x000000008e700000| 96%| S|CS|TAMS 0x000000008e600000, 0x000000008e600000| Complete 
| 231|0x000000008e700000, 0x000000008e800000, 0x000000008e800000|100%| S|CS|TAMS 0x000000008e700000, 0x000000008e700000| Complete 
| 232|0x000000008e800000, 0x000000008e900000, 0x000000008e900000|100%| S|CS|TAMS 0x000000008e800000, 0x000000008e800000| Complete 
| 233|0x000000008e900000, 0x000000008ea00000, 0x000000008ea00000|100%| S|CS|TAMS 0x000000008e900000, 0x000000008e900000| Complete 
| 234|0x000000008ea00000, 0x000000008ea00000, 0x000000008eb00000|  0%| F|  |TAMS 0x000000008ea00000, 0x000000008ea00000| Untracked 
| 235|0x000000008eb00000, 0x000000008eb00000, 0x000000008ec00000|  0%| F|  |TAMS 0x000000008eb00000, 0x000000008eb00000| Untracked 
| 236|0x000000008ec00000, 0x000000008ec00000, 0x000000008ed00000|  0%| F|  |TAMS 0x000000008ec00000, 0x000000008ec00000| Untracked 
| 237|0x000000008ed00000, 0x000000008ed00000, 0x000000008ee00000|  0%| F|  |TAMS 0x000000008ed00000, 0x000000008ed00000| Untracked 
| 238|0x000000008ee00000, 0x000000008ee00000, 0x000000008ef00000|  0%| F|  |TAMS 0x000000008ee00000, 0x000000008ee00000| Untracked 
| 239|0x000000008ef00000, 0x000000008ef00000, 0x000000008f000000|  0%| F|  |TAMS 0x000000008ef00000, 0x000000008ef00000| Untracked 
| 240|0x000000008f000000, 0x000000008f000000, 0x000000008f100000|  0%| F|  |TAMS 0x000000008f000000, 0x000000008f000000| Untracked 
| 241|0x000000008f100000, 0x000000008f100000, 0x000000008f200000|  0%| F|  |TAMS 0x000000008f100000, 0x000000008f100000| Untracked 
| 242|0x000000008f200000, 0x000000008f200000, 0x000000008f300000|  0%| F|  |TAMS 0x000000008f200000, 0x000000008f200000| Untracked 
| 243|0x000000008f300000, 0x000000008f300000, 0x000000008f400000|  0%| F|  |TAMS 0x000000008f300000, 0x000000008f300000| Untracked 
| 244|0x000000008f400000, 0x000000008f400000, 0x000000008f500000|  0%| F|  |TAMS 0x000000008f400000, 0x000000008f400000| Untracked 
| 245|0x000000008f500000, 0x000000008f500000, 0x000000008f600000|  0%| F|  |TAMS 0x000000008f500000, 0x000000008f500000| Untracked 
| 246|0x000000008f600000, 0x000000008f600000, 0x000000008f700000|  0%| F|  |TAMS 0x000000008f600000, 0x000000008f600000| Untracked 
| 247|0x000000008f700000, 0x000000008f700000, 0x000000008f800000|  0%| F|  |TAMS 0x000000008f700000, 0x000000008f700000| Untracked 
| 248|0x000000008f800000, 0x000000008f800000, 0x000000008f900000|  0%| F|  |TAMS 0x000000008f800000, 0x000000008f800000| Untracked 
| 249|0x000000008f900000, 0x000000008f900000, 0x000000008fa00000|  0%| F|  |TAMS 0x000000008f900000, 0x000000008f900000| Untracked 
| 250|0x000000008fa00000, 0x000000008fa00000, 0x000000008fb00000|  0%| F|  |TAMS 0x000000008fa00000, 0x000000008fa00000| Untracked 
| 251|0x000000008fb00000, 0x000000008fb00000, 0x000000008fc00000|  0%| F|  |TAMS 0x000000008fb00000, 0x000000008fb00000| Untracked 
| 252|0x000000008fc00000, 0x000000008fc00000, 0x000000008fd00000|  0%| F|  |TAMS 0x000000008fc00000, 0x000000008fc00000| Untracked 
| 253|0x000000008fd00000, 0x000000008fd00000, 0x000000008fe00000|  0%| F|  |TAMS 0x000000008fd00000, 0x000000008fd00000| Untracked 
| 254|0x000000008fe00000, 0x000000008fe00000, 0x000000008ff00000|  0%| F|  |TAMS 0x000000008fe00000, 0x000000008fe00000| Untracked 
| 255|0x000000008ff00000, 0x000000008ff00000, 0x0000000090000000|  0%| F|  |TAMS 0x000000008ff00000, 0x000000008ff00000| Untracked 
| 256|0x0000000090000000, 0x0000000090000000, 0x0000000090100000|  0%| F|  |TAMS 0x0000000090000000, 0x0000000090000000| Untracked 
| 257|0x0000000090100000, 0x0000000090100000, 0x0000000090200000|  0%| F|  |TAMS 0x0000000090100000, 0x0000000090100000| Untracked 
| 258|0x0000000090200000, 0x0000000090200000, 0x0000000090300000|  0%| F|  |TAMS 0x0000000090200000, 0x0000000090200000| Untracked 
| 259|0x0000000090300000, 0x0000000090300000, 0x0000000090400000|  0%| F|  |TAMS 0x0000000090300000, 0x0000000090300000| Untracked 
| 260|0x0000000090400000, 0x0000000090400000, 0x0000000090500000|  0%| F|  |TAMS 0x0000000090400000, 0x0000000090400000| Untracked 
| 261|0x0000000090500000, 0x0000000090500000, 0x0000000090600000|  0%| F|  |TAMS 0x0000000090500000, 0x0000000090500000| Untracked 
| 262|0x0000000090600000, 0x0000000090600000, 0x0000000090700000|  0%| F|  |TAMS 0x0000000090600000, 0x0000000090600000| Untracked 
| 263|0x0000000090700000, 0x0000000090700000, 0x0000000090800000|  0%| F|  |TAMS 0x0000000090700000, 0x0000000090700000| Untracked 
| 264|0x0000000090800000, 0x0000000090800000, 0x0000000090900000|  0%| F|  |TAMS 0x0000000090800000, 0x0000000090800000| Untracked 
| 265|0x0000000090900000, 0x0000000090900000, 0x0000000090a00000|  0%| F|  |TAMS 0x0000000090900000, 0x0000000090900000| Untracked 
| 266|0x0000000090a00000, 0x0000000090a00000, 0x0000000090b00000|  0%| F|  |TAMS 0x0000000090a00000, 0x0000000090a00000| Untracked 
| 267|0x0000000090b00000, 0x0000000090b00000, 0x0000000090c00000|  0%| F|  |TAMS 0x0000000090b00000, 0x0000000090b00000| Untracked 
| 268|0x0000000090c00000, 0x0000000090c00000, 0x0000000090d00000|  0%| F|  |TAMS 0x0000000090c00000, 0x0000000090c00000| Untracked 
| 269|0x0000000090d00000, 0x0000000090d00000, 0x0000000090e00000|  0%| F|  |TAMS 0x0000000090d00000, 0x0000000090d00000| Untracked 
| 270|0x0000000090e00000, 0x0000000090e00000, 0x0000000090f00000|  0%| F|  |TAMS 0x0000000090e00000, 0x0000000090e00000| Untracked 
| 271|0x0000000090f00000, 0x0000000090f00000, 0x0000000091000000|  0%| F|  |TAMS 0x0000000090f00000, 0x0000000090f00000| Untracked 
| 272|0x0000000091000000, 0x0000000091000000, 0x0000000091100000|  0%| F|  |TAMS 0x0000000091000000, 0x0000000091000000| Untracked 
| 273|0x0000000091100000, 0x0000000091100000, 0x0000000091200000|  0%| F|  |TAMS 0x0000000091100000, 0x0000000091100000| Untracked 
| 274|0x0000000091200000, 0x0000000091200000, 0x0000000091300000|  0%| F|  |TAMS 0x0000000091200000, 0x0000000091200000| Untracked 
| 275|0x0000000091300000, 0x0000000091300000, 0x0000000091400000|  0%| F|  |TAMS 0x0000000091300000, 0x0000000091300000| Untracked 
| 276|0x0000000091400000, 0x0000000091400000, 0x0000000091500000|  0%| F|  |TAMS 0x0000000091400000, 0x0000000091400000| Untracked 
| 277|0x0000000091500000, 0x0000000091500000, 0x0000000091600000|  0%| F|  |TAMS 0x0000000091500000, 0x0000000091500000| Untracked 
| 278|0x0000000091600000, 0x0000000091600000, 0x0000000091700000|  0%| F|  |TAMS 0x0000000091600000, 0x0000000091600000| Untracked 
| 279|0x0000000091700000, 0x0000000091700000, 0x0000000091800000|  0%| F|  |TAMS 0x0000000091700000, 0x0000000091700000| Untracked 
| 280|0x0000000091800000, 0x0000000091800000, 0x0000000091900000|  0%| F|  |TAMS 0x0000000091800000, 0x0000000091800000| Untracked 
| 281|0x0000000091900000, 0x0000000091900000, 0x0000000091a00000|  0%| F|  |TAMS 0x0000000091900000, 0x0000000091900000| Untracked 
| 282|0x0000000091a00000, 0x0000000091a00000, 0x0000000091b00000|  0%| F|  |TAMS 0x0000000091a00000, 0x0000000091a00000| Untracked 
| 283|0x0000000091b00000, 0x0000000091b00000, 0x0000000091c00000|  0%| F|  |TAMS 0x0000000091b00000, 0x0000000091b00000| Untracked 
| 284|0x0000000091c00000, 0x0000000091c00000, 0x0000000091d00000|  0%| F|  |TAMS 0x0000000091c00000, 0x0000000091c00000| Untracked 
| 285|0x0000000091d00000, 0x0000000091d00000, 0x0000000091e00000|  0%| F|  |TAMS 0x0000000091d00000, 0x0000000091d00000| Untracked 
| 286|0x0000000091e00000, 0x0000000091e00000, 0x0000000091f00000|  0%| F|  |TAMS 0x0000000091e00000, 0x0000000091e00000| Untracked 
| 287|0x0000000091f00000, 0x0000000091f00000, 0x0000000092000000|  0%| F|  |TAMS 0x0000000091f00000, 0x0000000091f00000| Untracked 
| 288|0x0000000092000000, 0x0000000092000000, 0x0000000092100000|  0%| F|  |TAMS 0x0000000092000000, 0x0000000092000000| Untracked 
| 289|0x0000000092100000, 0x0000000092100000, 0x0000000092200000|  0%| F|  |TAMS 0x0000000092100000, 0x0000000092100000| Untracked 
| 290|0x0000000092200000, 0x0000000092200000, 0x0000000092300000|  0%| F|  |TAMS 0x0000000092200000, 0x0000000092200000| Untracked 
| 291|0x0000000092300000, 0x0000000092300000, 0x0000000092400000|  0%| F|  |TAMS 0x0000000092300000, 0x0000000092300000| Untracked 
| 292|0x0000000092400000, 0x0000000092400000, 0x0000000092500000|  0%| F|  |TAMS 0x0000000092400000, 0x0000000092400000| Untracked 
| 293|0x0000000092500000, 0x0000000092500000, 0x0000000092600000|  0%| F|  |TAMS 0x0000000092500000, 0x0000000092500000| Untracked 
| 294|0x0000000092600000, 0x0000000092600000, 0x0000000092700000|  0%| F|  |TAMS 0x0000000092600000, 0x0000000092600000| Untracked 
| 295|0x0000000092700000, 0x0000000092700000, 0x0000000092800000|  0%| F|  |TAMS 0x0000000092700000, 0x0000000092700000| Untracked 
| 296|0x0000000092800000, 0x0000000092800000, 0x0000000092900000|  0%| F|  |TAMS 0x0000000092800000, 0x0000000092800000| Untracked 
| 297|0x0000000092900000, 0x0000000092900000, 0x0000000092a00000|  0%| F|  |TAMS 0x0000000092900000, 0x0000000092900000| Untracked 
| 298|0x0000000092a00000, 0x0000000092a00000, 0x0000000092b00000|  0%| F|  |TAMS 0x0000000092a00000, 0x0000000092a00000| Untracked 
| 299|0x0000000092b00000, 0x0000000092b00000, 0x0000000092c00000|  0%| F|  |TAMS 0x0000000092b00000, 0x0000000092b00000| Untracked 
| 300|0x0000000092c00000, 0x0000000092c00000, 0x0000000092d00000|  0%| F|  |TAMS 0x0000000092c00000, 0x0000000092c00000| Untracked 
| 301|0x0000000092d00000, 0x0000000092d00000, 0x0000000092e00000|  0%| F|  |TAMS 0x0000000092d00000, 0x0000000092d00000| Untracked 
| 302|0x0000000092e00000, 0x0000000092e00000, 0x0000000092f00000|  0%| F|  |TAMS 0x0000000092e00000, 0x0000000092e00000| Untracked 
| 303|0x0000000092f00000, 0x0000000092f00000, 0x0000000093000000|  0%| F|  |TAMS 0x0000000092f00000, 0x0000000092f00000| Untracked 
| 304|0x0000000093000000, 0x0000000093000000, 0x0000000093100000|  0%| F|  |TAMS 0x0000000093000000, 0x0000000093000000| Untracked 
| 305|0x0000000093100000, 0x0000000093100000, 0x0000000093200000|  0%| F|  |TAMS 0x0000000093100000, 0x0000000093100000| Untracked 
| 306|0x0000000093200000, 0x0000000093200000, 0x0000000093300000|  0%| F|  |TAMS 0x0000000093200000, 0x0000000093200000| Untracked 
| 307|0x0000000093300000, 0x0000000093300000, 0x0000000093400000|  0%| F|  |TAMS 0x0000000093300000, 0x0000000093300000| Untracked 
| 308|0x0000000093400000, 0x0000000093400000, 0x0000000093500000|  0%| F|  |TAMS 0x0000000093400000, 0x0000000093400000| Untracked 
| 309|0x0000000093500000, 0x0000000093500000, 0x0000000093600000|  0%| F|  |TAMS 0x0000000093500000, 0x0000000093500000| Untracked 
| 310|0x0000000093600000, 0x0000000093600000, 0x0000000093700000|  0%| F|  |TAMS 0x0000000093600000, 0x0000000093600000| Untracked 

Card table byte_map: [0x000001c17e8f0000,0x000001c17ecf0000] _byte_map_base: 0x000001c17e4f0000

Marking Bits (Prev, Next): (CMBitMap*) 0x000001c179f8d520, (CMBitMap*) 0x000001c179f8d4e8
 Prev Bits: [0x000001c111000000, 0x000001c113000000)
 Next Bits: [0x000001c10f000000, 0x000001c111000000)

Polling page: 0x000001c17da50000

Metaspace:

Usage:
  Non-class:     97.88 MB capacity,    96.12 MB ( 98%) used,     1.41 MB (  1%) free+waste,   351.75 KB ( <1%) overhead. 
      Class:     15.70 MB capacity,    14.58 MB ( 93%) used,   990.75 KB (  6%) free+waste,   159.94 KB ( <1%) overhead. 
       Both:    113.58 MB capacity,   110.70 MB ( 97%) used,     2.38 MB (  2%) free+waste,   511.69 KB ( <1%) overhead. 

Virtual space:
  Non-class space:       98.00 MB reserved,      97.93 MB (>99%) committed 
      Class space:        1.00 GB reserved,      15.82 MB (  2%) committed 
             Both:        1.10 GB reserved,     113.75 MB ( 10%) committed 

Chunk freelists:
   Non-Class:  49.00 KB
       Class:  17.00 KB
        Both:  66.00 KB

MaxMetaspaceSize: 17179869184.00 GB
CompressedClassSpaceSize: 1.00 GB

CodeHeap 'non-profiled nmethods': size=120000Kb used=9317Kb max_used=9317Kb free=110682Kb
 bounds [0x000001c107ad0000, 0x000001c1083f0000, 0x000001c10f000000]
CodeHeap 'profiled nmethods': size=120000Kb used=33170Kb max_used=33170Kb free=86829Kb
 bounds [0x000001c1005a0000, 0x000001c102610000, 0x000001c107ad0000]
CodeHeap 'non-nmethods': size=5760Kb used=2358Kb max_used=2432Kb free=3401Kb
 bounds [0x000001c100000000, 0x000001c100270000, 0x000001c1005a0000]
 total_blobs=15981 nmethods=14991 adapters=899
 compilation: enabled
              stopped_count=0, restarted_count=0
 full_count=0

Compilation events (20 events):
Event: 216.650 Thread 0x000001c11584d800 nmethod 15219 0x000001c1025fa710 code [0x000001c1025fa8e0, 0x000001c1025faae8]
Event: 216.650 Thread 0x000001c11584d800 15240       2       com.android.tools.r8.internal.e5::<init> (11 bytes)
Event: 216.650 Thread 0x000001c11584d800 nmethod 15240 0x000001c1025fac10 code [0x000001c1025fadc0, 0x000001c1025faef8]
Event: 216.650 Thread 0x000001c11584d800 15237       2       com.android.tools.r8.internal.d5::a (13 bytes)
Event: 216.650 Thread 0x000001c11584d800 nmethod 15237 0x000001c1025faf90 code [0x000001c1025fb1a0, 0x000001c1025fb7a8]
Event: 216.650 Thread 0x000001c11584d800 15189       2       com.android.tools.r8.internal.z8::<init> (45 bytes)
Event: 216.650 Thread 0x000001c11584d800 nmethod 15189 0x000001c1025fba90 code [0x000001c1025fbc40, 0x000001c1025fbd88]
Event: 216.650 Thread 0x000001c11584d800 14994       2       com.android.tools.r8.internal.N4::a (20 bytes)
Event: 216.650 Thread 0x000001c11584d800 nmethod 14994 0x000001c1025fbe90 code [0x000001c1025fc060, 0x000001c1025fc218]
Event: 216.650 Thread 0x000001c11584d800 15221       2       com.android.tools.r8.internal.NG::V (5 bytes)
Event: 216.650 Thread 0x000001c11584d800 nmethod 15221 0x000001c1025fc390 code [0x000001c1025fc540, 0x000001c1025fc678]
Event: 216.650 Thread 0x000001c11584d800 15095       2       com.android.tools.r8.internal.Le::a (195 bytes)
Event: 216.651 Thread 0x000001c11584d800 nmethod 15095 0x000001c1025fc710 code [0x000001c1025fc960, 0x000001c1025fce78]
Event: 216.651 Thread 0x000001c11584d800 15222       2       com.android.tools.r8.internal.tc::a (205 bytes)
Event: 216.652 Thread 0x000001c11584d800 nmethod 15222 0x000001c1025fd290 code [0x000001c1025fd5e0, 0x000001c1025fe218]
Event: 216.652 Thread 0x000001c11584d800 15254       2       com.android.tools.r8.internal.E7$b::a (151 bytes)
Event: 216.653 Thread 0x000001c11584d800 nmethod 15254 0x000001c1025fe990 code [0x000001c1025fed00, 0x000001c1025ff6c8]
Event: 216.653 Thread 0x000001c11584d800 15255       2       com.android.tools.r8.internal.Me::c (1174 bytes)
Event: 216.656 Thread 0x000001c11584d800 nmethod 15255 0x000001c1025ffd10 code [0x000001c1026003e0, 0x000001c102602f48]
Event: 216.656 Thread 0x000001c11584d800 15256   !   2       com.android.tools.r8.graph.i::a (1446 bytes)

GC Heap History (20 events):
Event: 215.747 GC heap after
{Heap after GC invocations=50 (full 0):
 garbage-first heap   total 189440K, used 145817K [0x0000000080000000, 0x0000000100000000)
  region size 1024K, 3 young (3072K), 3 survivors (3072K)
 Metaspace       used 107951K, capacity 110728K, committed 110848K, reserved 1144832K
  class space    used 14084K, capacity 15150K, committed 15180K, reserved 1048576K
}
Event: 215.764 GC heap before
{Heap before GC invocations=50 (full 0):
 garbage-first heap   total 189440K, used 161177K [0x0000000080000000, 0x0000000100000000)
  region size 1024K, 18 young (18432K), 3 survivors (3072K)
 Metaspace       used 108196K, capacity 111016K, committed 111232K, reserved 1144832K
  class space    used 14123K, capacity 15182K, committed 15308K, reserved 1048576K
}
Event: 215.769 GC heap after
{Heap after GC invocations=51 (full 0):
 garbage-first heap   total 189440K, used 149202K [0x0000000080000000, 0x0000000100000000)
  region size 1024K, 3 young (3072K), 3 survivors (3072K)
 Metaspace       used 108196K, capacity 111016K, committed 111232K, reserved 1144832K
  class space    used 14123K, capacity 15182K, committed 15308K, reserved 1048576K
}
Event: 215.783 GC heap before
{Heap before GC invocations=51 (full 0):
 garbage-first heap   total 189440K, used 162514K [0x0000000080000000, 0x0000000100000000)
  region size 1024K, 16 young (16384K), 3 survivors (3072K)
 Metaspace       used 108374K, capacity 111153K, committed 111488K, reserved 1144832K
  class space    used 14140K, capacity 15185K, committed 15308K, reserved 1048576K
}
Event: 215.786 GC heap after
{Heap after GC invocations=52 (full 0):
 garbage-first heap   total 189440K, used 151716K [0x0000000080000000, 0x0000000100000000)
  region size 1024K, 2 young (2048K), 2 survivors (2048K)
 Metaspace       used 108374K, capacity 111153K, committed 111488K, reserved 1144832K
  class space    used 14140K, capacity 15185K, committed 15308K, reserved 1048576K
}
Event: 215.810 GC heap before
{Heap before GC invocations=52 (full 0):
 garbage-first heap   total 189440K, used 161956K [0x0000000080000000, 0x0000000100000000)
  region size 1024K, 13 young (13312K), 2 survivors (2048K)
 Metaspace       used 108258K, capacity 110885K, committed 111488K, reserved 1144832K
  class space    used 14060K, capacity 15035K, committed 15308K, reserved 1048576K
}
Event: 215.813 GC heap after
{Heap after GC invocations=53 (full 0):
 garbage-first heap   total 189440K, used 154157K [0x0000000080000000, 0x0000000100000000)
  region size 1024K, 2 young (2048K), 2 survivors (2048K)
 Metaspace       used 108258K, capacity 110885K, committed 111488K, reserved 1144832K
  class space    used 14060K, capacity 15035K, committed 15308K, reserved 1048576K
}
Event: 215.840 GC heap before
{Heap before GC invocations=53 (full 0):
 garbage-first heap   total 189440K, used 163373K [0x0000000080000000, 0x0000000100000000)
  region size 1024K, 12 young (12288K), 2 survivors (2048K)
 Metaspace       used 108561K, capacity 111259K, committed 111744K, reserved 1146880K
  class space    used 14131K, capacity 15150K, committed 15308K, reserved 1048576K
}
Event: 215.844 GC heap after
{Heap after GC invocations=54 (full 0):
 garbage-first heap   total 189440K, used 156243K [0x0000000080000000, 0x0000000100000000)
  region size 1024K, 2 young (2048K), 2 survivors (2048K)
 Metaspace       used 108561K, capacity 111259K, committed 111744K, reserved 1146880K
  class space    used 14131K, capacity 15150K, committed 15308K, reserved 1048576K
}
Event: 215.936 GC heap before
{Heap before GC invocations=55 (full 0):
 garbage-first heap   total 189440K, used 164435K [0x0000000080000000, 0x0000000100000000)
  region size 1024K, 11 young (11264K), 2 survivors (2048K)
 Metaspace       used 110285K, capacity 113082K, committed 113280K, reserved 1146880K
  class space    used 14480K, capacity 15547K, committed 15564K, reserved 1048576K
}
Event: 215.940 GC heap after
{Heap after GC invocations=56 (full 0):
 garbage-first heap   total 189440K, used 156756K [0x0000000080000000, 0x0000000100000000)
  region size 1024K, 1 young (1024K), 1 survivors (1024K)
 Metaspace       used 110285K, capacity 113082K, committed 113280K, reserved 1146880K
  class space    used 14480K, capacity 15547K, committed 15564K, reserved 1048576K
}
Event: 215.993 GC heap before
{Heap before GC invocations=56 (full 0):
 garbage-first heap   total 189440K, used 164948K [0x0000000080000000, 0x0000000100000000)
  region size 1024K, 9 young (9216K), 1 survivors (1024K)
 Metaspace       used 111487K, capacity 114545K, committed 114688K, reserved 1148928K
  class space    used 14709K, capacity 15874K, committed 15948K, reserved 1048576K
}
Event: 216.000 GC heap after
{Heap after GC invocations=57 (full 0):
 garbage-first heap   total 318464K, used 156836K [0x0000000080000000, 0x0000000100000000)
  region size 1024K, 1 young (1024K), 1 survivors (1024K)
 Metaspace       used 111487K, capacity 114545K, committed 114688K, reserved 1148928K
  class space    used 14709K, capacity 15874K, committed 15948K, reserved 1048576K
}
Event: 216.243 GC heap before
{Heap before GC invocations=58 (full 0):
 garbage-first heap   total 318464K, used 214180K [0x0000000080000000, 0x0000000100000000)
  region size 1024K, 57 young (58368K), 1 survivors (1024K)
 Metaspace       used 112357K, capacity 115322K, committed 115584K, reserved 1148928K
  class space    used 14842K, capacity 15972K, committed 16076K, reserved 1048576K
}
Event: 216.247 GC heap after
{Heap after GC invocations=59 (full 0):
 garbage-first heap   total 318464K, used 158646K [0x0000000080000000, 0x0000000100000000)
  region size 1024K, 3 young (3072K), 3 survivors (3072K)
 Metaspace       used 112357K, capacity 115322K, committed 115584K, reserved 1148928K
  class space    used 14842K, capacity 15972K, committed 16076K, reserved 1048576K
}
Event: 216.363 GC heap before
{Heap before GC invocations=59 (full 0):
 garbage-first heap   total 318464K, used 221110K [0x0000000080000000, 0x0000000100000000)
  region size 1024K, 64 young (65536K), 3 survivors (3072K)
 Metaspace       used 112800K, capacity 115799K, committed 116096K, reserved 1148928K
  class space    used 14870K, capacity 16016K, committed 16076K, reserved 1048576K
}
Event: 216.368 GC heap after
{Heap after GC invocations=60 (full 0):
 garbage-first heap   total 318464K, used 158964K [0x0000000080000000, 0x0000000100000000)
  region size 1024K, 3 young (3072K), 3 survivors (3072K)
 Metaspace       used 112800K, capacity 115799K, committed 116096K, reserved 1148928K
  class space    used 14870K, capacity 16016K, committed 16076K, reserved 1048576K
}
Event: 216.540 GC heap before
{Heap before GC invocations=61 (full 0):
 garbage-first heap   total 318464K, used 227572K [0x0000000080000000, 0x0000000100000000)
  region size 1024K, 70 young (71680K), 3 survivors (3072K)
 Metaspace       used 113016K, capacity 115953K, committed 116096K, reserved 1148928K
  class space    used 14882K, capacity 16024K, committed 16076K, reserved 1048576K
}
Event: 216.544 GC heap after
{Heap after GC invocations=62 (full 0):
 garbage-first heap   total 318464K, used 158657K [0x0000000080000000, 0x0000000100000000)
  region size 1024K, 3 young (3072K), 3 survivors (3072K)
 Metaspace       used 113016K, capacity 115953K, committed 116096K, reserved 1148928K
  class space    used 14882K, capacity 16024K, committed 16076K, reserved 1048576K
}
Event: 216.657 GC heap before
{Heap before GC invocations=62 (full 0):
 garbage-first heap   total 318464K, used 234433K [0x0000000080000000, 0x0000000100000000)
  region size 1024K, 77 young (78848K), 3 survivors (3072K)
 Metaspace       used 113360K, capacity 116306K, committed 116480K, reserved 1148928K
  class space    used 14928K, capacity 16079K, committed 16204K, reserved 1048576K
}

Deoptimization events (20 events):
Event: 216.604 Thread 0x000001c1181cb000 DEOPT PACKING pc=0x000001c1025a43c6 sp=0x000000793c2f9b90
Event: 216.604 Thread 0x000001c1181cb000 DEOPT UNPACKING pc=0x000001c100026dde sp=0x000000793c2f9008 mode 0
Event: 216.611 Thread 0x000001c119470000 DEOPT PACKING pc=0x000001c1025a43c6 sp=0x000000793c5f9380
Event: 216.611 Thread 0x000001c119470000 DEOPT UNPACKING pc=0x000001c100026dde sp=0x000000793c5f87f8 mode 0
Event: 216.617 Thread 0x000001c119470000 DEOPT PACKING pc=0x000001c10252a28b sp=0x000000793c5f9280
Event: 216.617 Thread 0x000001c119470000 DEOPT UNPACKING pc=0x000001c100026dde sp=0x000000793c5f8a48 mode 0
Event: 216.635 Thread 0x000001c119470000 Uncommon trap: trap_request=0xffffff4d fr.pc=0x000001c1083e5bc0 relative=0x0000000000000220
Event: 216.635 Thread 0x000001c119470000 Uncommon trap: reason=unstable_if action=reinterpret pc=0x000001c1083e5bc0 method=com.android.tools.r8.graph.c0.a([C)I @ 44 c2
Event: 216.635 Thread 0x000001c119470000 DEOPT PACKING pc=0x000001c1083e5bc0 sp=0x000000793c5f9910
Event: 216.635 Thread 0x000001c119470000 DEOPT UNPACKING pc=0x000001c10002662f sp=0x000000793c5f9898 mode 2
Event: 216.642 Thread 0x000001c119470000 DEOPT PACKING pc=0x000001c1025e9546 sp=0x000000793c5f9390
Event: 216.642 Thread 0x000001c119470000 DEOPT UNPACKING pc=0x000001c100026dde sp=0x000000793c5f8808 mode 0
Event: 216.647 Thread 0x000001c1181c9000 DEOPT PACKING pc=0x000001c1025f300e sp=0x000000793bef9460
Event: 216.647 Thread 0x000001c1181c9000 DEOPT UNPACKING pc=0x000001c100026dde sp=0x000000793bef88d8 mode 0
Event: 216.651 Thread 0x000001c119474000 Uncommon trap: trap_request=0xffffffde fr.pc=0x000001c1083e8804 relative=0x0000000000000864
Event: 216.651 Thread 0x000001c119474000 Uncommon trap: reason=class_check action=maybe_recompile pc=0x000001c1083e8804 method=com.android.tools.r8.internal.Ij.hasNext()Z @ 27 c2
Event: 216.651 Thread 0x000001c119474000 DEOPT PACKING pc=0x000001c1083e8804 sp=0x000000793c4fa980
Event: 216.651 Thread 0x000001c119474000 DEOPT UNPACKING pc=0x000001c10002662f sp=0x000000793c4fa950 mode 2
Event: 216.655 Thread 0x000001c119471000 DEOPT PACKING pc=0x000001c1025f300e sp=0x000000793c3f9450
Event: 216.655 Thread 0x000001c119471000 DEOPT UNPACKING pc=0x000001c100026dde sp=0x000000793c3f88c8 mode 0

Classes redefined (0 events):
No events

Internal exceptions (20 events):
Event: 215.594 Thread 0x000001c119471000 Exception <a 'java/lang/NoSuchMethodError'{0x000000008b0836f0}: 'int java.lang.invoke.DirectMethodHandle$Holder.invokeVirtual(java.lang.Object, java.lang.Object, java.lang.Object, java.lang.Object)'> (0x000000008b0836f0) thrown at [./src/hotspot/share/interpreter/linkResolver.cpp, line 773]
Event: 215.626 Thread 0x000001c119474000 Exception <a 'java/lang/NoSuchMethodError'{0x000000008a3f8dd8}: 'void java.lang.invoke.DirectMethodHandle$Holder.invokeStatic(java.lang.Object, java.lang.Object, java.lang.Object, int)'> (0x000000008a3f8dd8) thrown at [./src/hotspot/share/interpreter/linkResolver.cpp, line 773]
Event: 215.626 Thread 0x000001c1181c8800 Exception <a 'java/lang/NoSuchMethodError'{0x000000008a201d88}: 'void java.lang.invoke.DirectMethodHandle$Holder.invokeStatic(java.lang.Object, java.lang.Object, java.lang.Object, int)'> (0x000000008a201d88) thrown at [./src/hotspot/share/interpreter/linkResolver.cpp, line 773]
Event: 215.627 Thread 0x000001c119470000 Exception <a 'java/lang/IncompatibleClassChangeError'{0x000000008a541fc8}: Found class java.lang.Object, but interface was expected> (0x000000008a541fc8) thrown at [./src/hotspot/share/interpreter/linkResolver.cpp, line 839]
Event: 215.667 Thread 0x000001c1181cb000 Exception <a 'java/lang/NoSuchMethodError'{0x000000008a549630}: 'int java.lang.invoke.DirectMethodHandle$Holder.invokeVirtual(java.lang.Object, java.lang.Object, java.lang.Object)'> (0x000000008a549630) thrown at [./src/hotspot/share/interpreter/linkResolver.cpp, line 773]
Event: 215.901 Thread 0x000001c119470000 Exception <a 'java/lang/NoSuchMethodError'{0x000000008b5db738}: 'java.lang.Object java.lang.invoke.DirectMethodHandle$Holder.invokeVirtual(java.lang.Object, java.lang.Object, int, java.lang.Object)'> (0x000000008b5db738) thrown at [./src/hotspot/share/interpreter/linkResolver.cpp, line 773]
Event: 215.901 Thread 0x000001c1181c9000 Exception <a 'java/lang/NoSuchMethodError'{0x000000008b80bcd0}: 'java.lang.Object java.lang.invoke.DirectMethodHandle$Holder.invokeVirtual(java.lang.Object, java.lang.Object, int, java.lang.Object)'> (0x000000008b80bcd0) thrown at [./src/hotspot/share/interpreter/linkResolver.cpp, line 773]
Event: 215.910 Thread 0x000001c119474000 Exception <a 'java/lang/IncompatibleClassChangeError'{0x000000008b338b90}: Found class java.lang.Object, but interface was expected> (0x000000008b338b90) thrown at [./src/hotspot/share/interpreter/linkResolver.cpp, line 839]
Event: 215.910 Thread 0x000001c119474000 Exception <a 'java/lang/IncompatibleClassChangeError'{0x000000008b35b608}: Found class java.lang.Object, but interface was expected> (0x000000008b35b608) thrown at [./src/hotspot/share/interpreter/linkResolver.cpp, line 839]
Event: 215.919 Thread 0x000001c119471000 Exception <a 'java/lang/NoSuchMethodError'{0x000000008b2f16e8}: 'void java.lang.invoke.DirectMethodHandle$Holder.invokeVirtual(java.lang.Object, java.lang.Object, int, java.lang.Object)'> (0x000000008b2f16e8) thrown at [./src/hotspot/share/interpreter/linkResolver.cpp, line 773]
Event: 215.963 Thread 0x000001c119471000 Exception <a 'java/lang/NoSuchMethodError'{0x000000008b6d1c40}: 'int java.lang.invoke.DirectMethodHandle$Holder.invokeSpecial(java.lang.Object, java.lang.Object, java.lang.Object, int, java.lang.Object)'> (0x000000008b6d1c40) thrown at [./src/hotspot/share/interpreter/linkResolver.cpp, line 773]
Event: 215.963 Thread 0x000001c119474000 Exception <a 'java/lang/NoSuchMethodError'{0x000000008b6b8388}: 'int java.lang.invoke.DirectMethodHandle$Holder.invokeSpecial(java.lang.Object, java.lang.Object, java.lang.Object, int, java.lang.Object)'> (0x000000008b6b8388) thrown at [./src/hotspot/share/interpreter/linkResolver.cpp, line 773]
Event: 215.964 Thread 0x000001c1181c9000 Exception <a 'java/lang/NoSuchMethodError'{0x000000008b698c70}: 'int java.lang.invoke.DirectMethodHandle$Holder.invokeSpecial(java.lang.Object, java.lang.Object, java.lang.Object, int, java.lang.Object)'> (0x000000008b698c70) thrown at [./src/hotspot/share/interpreter/linkResolver.cpp, line 773]
Event: 215.972 Thread 0x000001c119470000 Exception <a 'java/lang/NoSuchMethodError'{0x000000008b5e2960}: 'java.lang.Object java.lang.invoke.DirectMethodHandle$Holder.newInvokeSpecial(java.lang.Object, int)'> (0x000000008b5e2960) thrown at [./src/hotspot/share/interpreter/linkResolver.cpp, line 773]
Event: 216.025 Thread 0x000001c119474000 Exception <a 'java/lang/NoSuchMethodError'{0x000000009334d718}: 'java.lang.Object java.lang.invoke.DirectMethodHandle$Holder.invokeInterface(java.lang.Object, java.lang.Object, int)'> (0x000000009334d718) thrown at [./src/hotspot/share/interpreter/linkResolver.cpp, line 773]
Event: 216.173 Thread 0x000001c119470000 Exception <a 'java/lang/NoSuchMethodError'{0x000000009165b8f0}: 'int java.lang.invoke.DirectMethodHandle$Holder.invokeInterface(java.lang.Object, java.lang.Object, int)'> (0x000000009165b8f0) thrown at [./src/hotspot/share/interpreter/linkResolver.cpp, line 773]
Event: 216.520 Thread 0x000001c1181c8800 Implicit null exception at 0x000001c1083ce6a4 to 0x000001c1083cee14
Event: 216.639 Thread 0x000001c119474000 Exception <a 'java/lang/NoSuchMethodError'{0x00000000907bca10}: 'void java.lang.invoke.DirectMethodHandle$Holder.invokeSpecial(java.lang.Object, java.lang.Object, int, java.lang.Object, java.lang.Object, java.lang.Object, java.lang.Object)'> (0x00000000907bca10) thrown at [./src/hotspot/share/interpreter/linkResolver.cpp, line 773]
Event: 216.645 Thread 0x000001c119474000 Exception <a 'java/lang/NoSuchMethodError'{0x000000008f670c48}: 'java.lang.Object java.lang.invoke.Invokers$Holder.linkToTargetMethod(java.lang.Object, int, java.lang.Object, java.lang.Object, java.lang.Object, java.lang.Object)'> (0x000000008f670c48) thrown at [./src/hotspot/share/interpreter/linkResolver.cpp, line 773]
Event: 216.649 Thread 0x000001c119474000 Exception <a 'java/lang/NoSuchMethodError'{0x000000008f674f88}: 'void java.lang.invoke.DirectMethodHandle$Holder.invokeSpecial(java.lang.Object, java.lang.Object, java.lang.Object, java.lang.Object, java.lang.Object, java.lang.Object, java.lang.Object, java.lang.Object, java.lang.Object)'> (0x000000008f674f88) thrown at [./src/hotspot/share/interpreter/linkResolver.cpp, line 773]

Events (20 events):
Event: 216.648 loading class com/android/tools/r8/graph/e done
Event: 216.651 loading class com/android/tools/r8/synthesis/p
Event: 216.651 loading class com/android/tools/r8/synthesis/p done
Event: 216.651 loading class com/android/tools/r8/internal/uf$a
Event: 216.651 loading class com/android/tools/r8/internal/uf$a done
Event: 216.651 loading class com/android/tools/r8/graph/Z
Event: 216.651 loading class com/android/tools/r8/graph/Z done
Event: 216.651 loading class com/android/tools/r8/internal/uf$a
Event: 216.651 loading class com/android/tools/r8/internal/uf$a done
Event: 216.651 loading class com/android/tools/r8/internal/uf$a
Event: 216.651 loading class com/android/tools/r8/internal/uf$a done
Event: 216.652 loading class com/android/tools/r8/synthesis/w
Event: 216.652 loading class com/android/tools/r8/synthesis/w done
Event: 216.652 loading class com/android/tools/r8/graph/Z
Event: 216.652 loading class com/android/tools/r8/graph/Z done
Event: 216.652 loading class com/android/tools/r8/internal/uf$a
Event: 216.652 loading class com/android/tools/r8/internal/uf$a done
Event: 216.656 loading class com/android/tools/r8/internal/st
Event: 216.656 loading class com/android/tools/r8/internal/st done
Event: 216.656 Executing VM operation: G1CollectForAllocation


Dynamic libraries:
0x00007ff748140000 - 0x00007ff74814a000 	C:\Program Files\Android\Android Studio\jre\bin\java.exe
0x00007ffd5d3f0000 - 0x00007ffd5d5e5000 	C:\Windows\SYSTEM32\ntdll.dll
0x00007ffd5cb30000 - 0x00007ffd5cbee000 	C:\Windows\System32\KERNEL32.DLL
0x00007ffd5af30000 - 0x00007ffd5b1f8000 	C:\Windows\System32\KERNELBASE.dll
0x00007ffd5ab10000 - 0x00007ffd5ac10000 	C:\Windows\System32\ucrtbase.dll
0x00007ffd4a900000 - 0x00007ffd4a919000 	C:\Program Files\Android\Android Studio\jre\bin\jli.dll
0x00007ffd56670000 - 0x00007ffd56687000 	C:\Program Files\Android\Android Studio\jre\bin\VCRUNTIME140.dll
0x00007ffd5b450000 - 0x00007ffd5b5f0000 	C:\Windows\System32\USER32.dll
0x00007ffd460f0000 - 0x00007ffd4638a000 	C:\Windows\WinSxS\amd64_microsoft.windows.common-controls_6595b64144ccf1df_6.0.19041.1110_none_60b5254171f9507e\COMCTL32.dll
0x00007ffd5ac10000 - 0x00007ffd5ac32000 	C:\Windows\System32\win32u.dll
0x00007ffd5b5f0000 - 0x00007ffd5b68e000 	C:\Windows\System32\msvcrt.dll
0x00007ffd5ca60000 - 0x00007ffd5ca8b000 	C:\Windows\System32\GDI32.dll
0x00007ffd5ac40000 - 0x00007ffd5ad4b000 	C:\Windows\System32\gdi32full.dll
0x00007ffd5b320000 - 0x00007ffd5b3bd000 	C:\Windows\System32\msvcp_win.dll
0x00007ffd5ca90000 - 0x00007ffd5cac0000 	C:\Windows\System32\IMM32.DLL
0x00007ffd38d30000 - 0x00007ffd38dcd000 	C:\Program Files\Android\Android Studio\jre\bin\msvcp140.dll
0x00007ffd12b00000 - 0x00007ffd135d5000 	C:\Program Files\Android\Android Studio\jre\bin\server\jvm.dll
0x00007ffd5cdb0000 - 0x00007ffd5ce5e000 	C:\Windows\System32\ADVAPI32.dll
0x00007ffd5c270000 - 0x00007ffd5c30c000 	C:\Windows\System32\sechost.dll
0x00007ffd5cc10000 - 0x00007ffd5cd35000 	C:\Windows\System32\RPCRT4.dll
0x00007ffd5d0e0000 - 0x00007ffd5d0e8000 	C:\Windows\System32\PSAPI.DLL
0x00007ffd52030000 - 0x00007ffd5203a000 	C:\Windows\SYSTEM32\VERSION.dll
0x00007ffd4e9c0000 - 0x00007ffd4e9c9000 	C:\Windows\SYSTEM32\WSOCK32.dll
0x00007ffd51aa0000 - 0x00007ffd51ac7000 	C:\Windows\SYSTEM32\WINMM.dll
0x00007ffd5cd40000 - 0x00007ffd5cdab000 	C:\Windows\System32\WS2_32.dll
0x00007ffd58a40000 - 0x00007ffd58a52000 	C:\Windows\SYSTEM32\kernel.appcore.dll
0x00007ffd19be0000 - 0x00007ffd19bf1000 	C:\Program Files\Android\Android Studio\jre\bin\verify.dll
0x00007ffd4f9f0000 - 0x00007ffd4fbd4000 	C:\Windows\SYSTEM32\DBGHELP.DLL
0x00007ffd4f1a0000 - 0x00007ffd4f1cc000 	C:\Windows\SYSTEM32\dbgcore.DLL
0x00007ffd5b3c0000 - 0x00007ffd5b442000 	C:\Windows\System32\bcryptPrimitives.dll
0x00007ffd19bb0000 - 0x00007ffd19bd9000 	C:\Program Files\Android\Android Studio\jre\bin\java.dll
0x00007ffd2c1c0000 - 0x00007ffd2c1cb000 	C:\Program Files\Android\Android Studio\jre\bin\jimage.dll
0x00007ffd19b90000 - 0x00007ffd19ba8000 	C:\Program Files\Android\Android Studio\jre\bin\zip.dll
0x00007ffd5ba60000 - 0x00007ffd5c1a4000 	C:\Windows\System32\SHELL32.dll
0x00007ffd58c40000 - 0x00007ffd593d4000 	C:\Windows\SYSTEM32\windows.storage.dll
0x00007ffd5b6f0000 - 0x00007ffd5ba44000 	C:\Windows\System32\combase.dll
0x00007ffd5a4a0000 - 0x00007ffd5a4cc000 	C:\Windows\SYSTEM32\Wldp.dll
0x00007ffd5cf80000 - 0x00007ffd5d02d000 	C:\Windows\System32\SHCORE.dll
0x00007ffd5cad0000 - 0x00007ffd5cb25000 	C:\Windows\System32\shlwapi.dll
0x00007ffd5aa50000 - 0x00007ffd5aa6f000 	C:\Windows\SYSTEM32\profapi.dll
0x00007ffd19b70000 - 0x00007ffd19b8a000 	C:\Program Files\Android\Android Studio\jre\bin\net.dll
0x00007ffd53f10000 - 0x00007ffd54019000 	C:\Windows\SYSTEM32\WINHTTP.dll
0x00007ffd5a200000 - 0x00007ffd5a26a000 	C:\Windows\system32\mswsock.dll
0x00007ffd19b50000 - 0x00007ffd19b64000 	C:\Program Files\Android\Android Studio\jre\bin\nio.dll
0x00007ffd4a5e0000 - 0x00007ffd4a607000 	C:\Users\Hello World\.gradle\native\8bec1ad78214c89d9ad589b4d07fe93259594b29d510b10fafb7a158f7737e5d\windows-amd64\native-platform.dll
0x00007ffd41000000 - 0x00007ffd4113d000 	C:\Users\Hello World\.gradle\native\53dbd7edfb1c66fb8903c78663c9afc45aea4f116125fa6feffd364cf09443e8\windows-amd64\native-platform-file-events.dll
0x00007ffd19b40000 - 0x00007ffd19b4a000 	C:\Program Files\Android\Android Studio\jre\bin\management.dll
0x00007ffd19b30000 - 0x00007ffd19b3d000 	C:\Program Files\Android\Android Studio\jre\bin\management_ext.dll
0x00007ffd5a3f0000 - 0x00007ffd5a408000 	C:\Windows\SYSTEM32\CRYPTSP.dll
0x00007ffd59b80000 - 0x00007ffd59bb4000 	C:\Windows\system32\rsaenh.dll
0x00007ffd5ad50000 - 0x00007ffd5ad77000 	C:\Windows\System32\bcrypt.dll
0x00007ffd5a9d0000 - 0x00007ffd5a9fe000 	C:\Windows\SYSTEM32\USERENV.dll
0x00007ffd5a410000 - 0x00007ffd5a41c000 	C:\Windows\SYSTEM32\CRYPTBASE.dll
0x00007ffd59ef0000 - 0x00007ffd59f2b000 	C:\Windows\SYSTEM32\IPHLPAPI.DLL
0x00007ffd5ba50000 - 0x00007ffd5ba58000 	C:\Windows\System32\NSI.dll
0x00007ffd555b0000 - 0x00007ffd555c7000 	C:\Windows\SYSTEM32\dhcpcsvc6.DLL
0x00007ffd55590000 - 0x00007ffd555ad000 	C:\Windows\SYSTEM32\dhcpcsvc.DLL
0x00007ffd59f30000 - 0x00007ffd59ffa000 	C:\Windows\SYSTEM32\DNSAPI.dll
0x00007ffd1b640000 - 0x00007ffd1b667000 	C:\Program Files\Android\Android Studio\jre\bin\sunec.dll
0x00007ffd52bc0000 - 0x00007ffd52bca000 	C:\Windows\System32\rasadhlp.dll
0x00007ffd52280000 - 0x00007ffd522ff000 	C:\Windows\System32\fwpuclnt.dll
0x00007ffd4a690000 - 0x00007ffd4a6ae000 	C:\Users\Hello World\AppData\Local\Temp\native-platform17907105506041887264dir\native-platform.dll
0x00007ffd58190000 - 0x00007ffd58198000 	C:\Program Files\Android\Android Studio\jre\bin\rmi.dll

dbghelp: loaded successfully - version: 4.0.5 - missing functions: none
symbol engine: initialized successfully - sym options: 0x614 - pdb path: .;C:\Program Files\Android\Android Studio\jre\bin;C:\Windows\SYSTEM32;C:\Windows\WinSxS\amd64_microsoft.windows.common-controls_6595b64144ccf1df_6.0.19041.1110_none_60b5254171f9507e;C:\Program Files\Android\Android Studio\jre\bin\server;C:\Users\Hello World\.gradle\native\8bec1ad78214c89d9ad589b4d07fe93259594b29d510b10fafb7a158f7737e5d\windows-amd64;C:\Users\Hello World\.gradle\native\53dbd7edfb1c66fb8903c78663c9afc45aea4f116125fa6feffd364cf09443e8\windows-amd64;C:\Users\Hello World\AppData\Local\Temp\native-platform17907105506041887264dir

VM Arguments:
jvm_args: --add-opens=java.base/java.util=ALL-UNNAMED --add-opens=java.base/java.lang=ALL-UNNAMED --add-opens=java.base/java.lang.invoke=ALL-UNNAMED --add-opens=java.base/java.util=ALL-UNNAMED --add-opens=java.prefs/java.util.prefs=ALL-UNNAMED --add-opens=java.prefs/java.util.prefs=ALL-UNNAMED --add-opens=java.base/java.nio.charset=ALL-UNNAMED --add-opens=java.base/java.net=ALL-UNNAMED --add-opens=java.base/java.util.concurrent.atomic=ALL-UNNAMED -Xmx2048m -Dfile.encoding=UTF-8 -Duser.country=US -Duser.language=en -Duser.variant 
java_command: org.gradle.launcher.daemon.bootstrap.GradleDaemon 7.0.2
java_class_path (initial): C:\Users\Hello World\.gradle\wrapper\dists\gradle-7.0.2-bin\857tjihv64xamwrf0h14cai3r\gradle-7.0.2\lib\gradle-launcher-7.0.2.jar
Launcher Type: SUN_STANDARD

[Global flags]
     intx CICompilerCount                          = 4                                         {product} {ergonomic}
     uint ConcGCThreads                            = 2                                         {product} {ergonomic}
     uint G1ConcRefinementThreads                  = 8                                         {product} {ergonomic}
   size_t G1HeapRegionSize                         = 1048576                                   {product} {ergonomic}
    uintx GCDrainStackTargetSize                   = 64                                        {product} {ergonomic}
   size_t InitialHeapSize                          = 134217728                                 {product} {ergonomic}
   size_t MarkStackSize                            = 4194304                                   {product} {ergonomic}
   size_t MaxHeapSize                              = 2147483648                                {product} {command line}
   size_t MaxNewSize                               = 1287651328                                {product} {ergonomic}
   size_t MinHeapDeltaBytes                        = 1048576                                   {product} {ergonomic}
    uintx NonNMethodCodeHeapSize                   = 5836300                                {pd product} {ergonomic}
    uintx NonProfiledCodeHeapSize                  = 122910970                              {pd product} {ergonomic}
    uintx ProfiledCodeHeapSize                     = 122910970                              {pd product} {ergonomic}
    uintx ReservedCodeCacheSize                    = 251658240                              {pd product} {ergonomic}
     bool SegmentedCodeCache                       = true                                      {product} {ergonomic}
     bool UseCompressedClassPointers               = true                                 {lp64_product} {ergonomic}
     bool UseCompressedOops                        = true                                 {lp64_product} {ergonomic}
     bool UseG1GC                                  = true                                      {product} {ergonomic}
     bool UseLargePagesIndividualAllocation        = false                                  {pd product} {ergonomic}

Logging:
Log output configuration:
 #0: stdout all=warning uptime,level,tags
 #1: stderr all=off uptime,level,tags

Environment Variables:
PATH=C:\Windows\system32;C:\Windows;C:\Windows\System32\Wbem;C:\Windows\System32\WindowsPowerShell\v1.0\;C:\Windows\System32\OpenSSH\;C:\Users\Hello World\AppData\Local\Programs\Python\Python38\Scripts\;C:\Program Files (x86)\PuTTY\;C:\Users\Hello World\AppData\Local\Microsoft\WindowsApps;C:\Program Files\JetBrains\PyCharm Community Edition 2021.3.2\bin;;C:\Users\Hello World\AppData\Local\Programs\Python\Python38\Scripts\pip.exe;
USERNAME=Hello World
OS=Windows_NT
PROCESSOR_IDENTIFIER=AMD64 Family 25 Model 80 Stepping 0, AuthenticAMD



---------------  S Y S T E M  ---------------

OS: Windows 10 , 64 bit Build 19041 (10.0.19041.1566)
OS uptime: 0 days 22:30 hours
VMWare virtualization detected

CPU:total 8 (initial active 8) (4 cores per cpu, 1 threads per core) family 25 model 80 stepping 0 microcode 0x0, cmov, cx8, fxsr, mmx, sse, sse2, sse3, ssse3, sse4.1, sse4.2, popcnt, avx, avx2, aes, clmul, erms, mmxext, 3dnowpref, lzcnt, sse4a, tsc, tscinvbit, tscinv, bmi1, bmi2, adx,

Memory: 4k page, system-wide physical 8191M (748M free)
TotalPageFile size 15152M (AvailPageFile size 96M)
current process WorkingSet (physical memory assigned to process): 577M, peak: 577M
current process commit charge ("private bytes"): 771M, peak: 1020M

vm_info: OpenJDK 64-Bit Server VM (11.0.11+9-b60-7590822) for windows-amd64 JRE (11.0.11+9-b60-7590822), built on Jul 29 2021 21:43:44 by "builder" with MS VC++ 14.0 (VS2015)

END.
